[0.057s] Invoking command in '/home/hassen/turtlebot3_ws/build/dynamixel_sdk': CMAKE_PREFIX_PATH=${CMAKE_PREFIX_PATH}:/home/hassen/turtlebot3_ws/install/turtlebot3_teleop:/home/hassen/turtlebot3_ws/install/turtlebot3_example:/home/hassen/turtlebot3_ws/install/tb3_sim:/opt/ros/humble /usr/bin/cmake --build /home/hassen/turtlebot3_ws/build/dynamixel_sdk -- -j12 -l12
[0.604s] [100%] Built target dynamixel_sdk
[0.618s] Invoked command in '/home/hassen/turtlebot3_ws/build/dynamixel_sdk' returned '0': CMAKE_PREFIX_PATH=${CMAKE_PREFIX_PATH}:/home/hassen/turtlebot3_ws/install/turtlebot3_teleop:/home/hassen/turtlebot3_ws/install/turtlebot3_example:/home/hassen/turtlebot3_ws/install/tb3_sim:/opt/ros/humble /usr/bin/cmake --build /home/hassen/turtlebot3_ws/build/dynamixel_sdk -- -j12 -l12
[0.698s] Invoking command in '/home/hassen/turtlebot3_ws/build/dynamixel_sdk': CMAKE_PREFIX_PATH=${CMAKE_PREFIX_PATH}:/home/hassen/turtlebot3_ws/install/turtlebot3_teleop:/home/hassen/turtlebot3_ws/install/turtlebot3_example:/home/hassen/turtlebot3_ws/install/tb3_sim:/opt/ros/humble /usr/bin/cmake --install /home/hassen/turtlebot3_ws/build/dynamixel_sdk
[0.708s] -- Install configuration: ""
[0.709s] -- Execute custom install script
[0.711s] -- Up-to-date symlink: /home/hassen/turtlebot3_ws/install/dynamixel_sdk/include//dynamixel_sdk/dynamixel_sdk.h
[0.711s] -- Up-to-date symlink: /home/hassen/turtlebot3_ws/install/dynamixel_sdk/include//dynamixel_sdk/group_bulk_read.h
[0.711s] -- Up-to-date symlink: /home/hassen/turtlebot3_ws/install/dynamixel_sdk/include//dynamixel_sdk/group_bulk_write.h
[0.712s] -- Up-to-date symlink: /home/hassen/turtlebot3_ws/install/dynamixel_sdk/include//dynamixel_sdk/group_sync_read.h
[0.712s] -- Up-to-date symlink: /home/hassen/turtlebot3_ws/install/dynamixel_sdk/include//dynamixel_sdk/group_sync_write.h
[0.713s] -- Up-to-date symlink: /home/hassen/turtlebot3_ws/install/dynamixel_sdk/include//dynamixel_sdk/packet_handler.h
[0.713s] -- Up-to-date symlink: /home/hassen/turtlebot3_ws/install/dynamixel_sdk/include//dynamixel_sdk/port_handler.h
[0.713s] -- Up-to-date symlink: /home/hassen/turtlebot3_ws/install/dynamixel_sdk/include//dynamixel_sdk/port_handler_arduino.h
[0.714s] -- Up-to-date symlink: /home/hassen/turtlebot3_ws/install/dynamixel_sdk/include//dynamixel_sdk/port_handler_linux.h
[0.714s] -- Up-to-date symlink: /home/hassen/turtlebot3_ws/install/dynamixel_sdk/include//dynamixel_sdk/port_handler_mac.h
[0.715s] -- Up-to-date symlink: /home/hassen/turtlebot3_ws/install/dynamixel_sdk/include//dynamixel_sdk/port_handler_windows.h
[0.715s] -- Up-to-date symlink: /home/hassen/turtlebot3_ws/install/dynamixel_sdk/include//dynamixel_sdk/protocol1_packet_handler.h
[0.715s] -- Up-to-date symlink: /home/hassen/turtlebot3_ws/install/dynamixel_sdk/include//dynamixel_sdk/protocol2_packet_handler.h
[0.715s] -- Up-to-date symlink: /home/hassen/turtlebot3_ws/install/dynamixel_sdk/lib/libdynamixel_sdk.so
[0.716s] -- Up-to-date symlink: /home/hassen/turtlebot3_ws/install/dynamixel_sdk/share/dynamixel_sdk/environment/library_path.sh
[0.717s] -- Up-to-date symlink: /home/hassen/turtlebot3_ws/install/dynamixel_sdk/share/dynamixel_sdk/environment/library_path.dsv
[0.718s] -- Up-to-date symlink: /home/hassen/turtlebot3_ws/install/dynamixel_sdk/share/ament_index/resource_index/package_run_dependencies/dynamixel_sdk
[0.718s] -- Up-to-date symlink: /home/hassen/turtlebot3_ws/install/dynamixel_sdk/share/ament_index/resource_index/parent_prefix_path/dynamixel_sdk
[0.719s] -- Up-to-date symlink: /home/hassen/turtlebot3_ws/install/dynamixel_sdk/share/dynamixel_sdk/environment/ament_prefix_path.sh
[0.719s] -- Up-to-date symlink: /home/hassen/turtlebot3_ws/install/dynamixel_sdk/share/dynamixel_sdk/environment/ament_prefix_path.dsv
[0.719s] -- Up-to-date symlink: /home/hassen/turtlebot3_ws/install/dynamixel_sdk/share/dynamixel_sdk/environment/path.sh
[0.719s] -- Up-to-date symlink: /home/hassen/turtlebot3_ws/install/dynamixel_sdk/share/dynamixel_sdk/environment/path.dsv
[0.720s] -- Up-to-date symlink: /home/hassen/turtlebot3_ws/install/dynamixel_sdk/share/dynamixel_sdk/local_setup.bash
[0.720s] -- Up-to-date symlink: /home/hassen/turtlebot3_ws/install/dynamixel_sdk/share/dynamixel_sdk/local_setup.sh
[0.720s] -- Up-to-date symlink: /home/hassen/turtlebot3_ws/install/dynamixel_sdk/share/dynamixel_sdk/local_setup.zsh
[0.720s] -- Up-to-date symlink: /home/hassen/turtlebot3_ws/install/dynamixel_sdk/share/dynamixel_sdk/local_setup.dsv
[0.721s] -- Symlinking: /home/hassen/turtlebot3_ws/install/dynamixel_sdk/share/dynamixel_sdk/package.dsv
[0.735s] -- Up-to-date symlink: /home/hassen/turtlebot3_ws/install/dynamixel_sdk/share/ament_index/resource_index/packages/dynamixel_sdk
[0.735s] -- Up-to-date symlink: /home/hassen/turtlebot3_ws/install/dynamixel_sdk/share/dynamixel_sdk/cmake/ament_cmake_export_include_directories-extras.cmake
[0.735s] -- Up-to-date symlink: /home/hassen/turtlebot3_ws/install/dynamixel_sdk/share/dynamixel_sdk/cmake/ament_cmake_export_libraries-extras.cmake
[0.735s] -- Up-to-date symlink: /home/hassen/turtlebot3_ws/install/dynamixel_sdk/share/dynamixel_sdk/cmake/dynamixel_sdkConfig.cmake
[0.736s] -- Up-to-date symlink: /home/hassen/turtlebot3_ws/install/dynamixel_sdk/share/dynamixel_sdk/cmake/dynamixel_sdkConfig-version.cmake
[0.736s] -- Up-to-date symlink: /home/hassen/turtlebot3_ws/install/dynamixel_sdk/share/dynamixel_sdk/package.xml
[0.755s] Invoked command in '/home/hassen/turtlebot3_ws/build/dynamixel_sdk' returned '0': CMAKE_PREFIX_PATH=${CMAKE_PREFIX_PATH}:/home/hassen/turtlebot3_ws/install/turtlebot3_teleop:/home/hassen/turtlebot3_ws/install/turtlebot3_example:/home/hassen/turtlebot3_ws/install/tb3_sim:/opt/ros/humble /usr/bin/cmake --install /home/hassen/turtlebot3_ws/build/dynamixel_sdk
