[27.289s] Invoking command in '/home/hassen/turtlebot3_ws/src/turtlebot3/turtlebot3/turtlebot3_teleop': PYTHONPATH=/home/hassen/turtlebot3_ws/build/turtlebot3_teleop/prefix_override:/home/hassen/turtlebot3_ws/install/turtlebot3_teleop/lib/python3.10/site-packages:${PYTHONPATH} /usr/bin/python3 -W ignore:setup.py install is deprecated setup.py egg_info --egg-base ../../../../build/turtlebot3_teleop build --build-base /home/hassen/turtlebot3_ws/build/turtlebot3_teleop/build install --record /home/hassen/turtlebot3_ws/build/turtlebot3_teleop/install.log --single-version-externally-managed install_data
[27.330s] running egg_info
[27.330s] writing ../../../../build/turtlebot3_teleop/turtlebot3_teleop.egg-info/PKG-INFO
[28.347s] writing dependency_links to ../../../../build/turtlebot3_teleop/turtlebot3_teleop.egg-info/dependency_links.txt
[31.917s] writing entry points to ../../../../build/turtlebot3_teleop/turtlebot3_teleop.egg-info/entry_points.txt
[31.919s] writing requirements to ../../../../build/turtlebot3_teleop/turtlebot3_teleop.egg-info/requires.txt
[31.919s] writing top-level names to ../../../../build/turtlebot3_teleop/turtlebot3_teleop.egg-info/top_level.txt
[33.115s] reading manifest file '../../../../build/turtlebot3_teleop/turtlebot3_teleop.egg-info/SOURCES.txt'
[33.116s] writing manifest file '../../../../build/turtlebot3_teleop/turtlebot3_teleop.egg-info/SOURCES.txt'
[34.297s] running build
[34.298s] running build_py
[34.298s] running install
[34.298s] running install_lib
[34.300s] running install_data
[34.300s] running install_egg_info
[34.302s] removing '/home/hassen/turtlebot3_ws/install/turtlebot3_teleop/lib/python3.10/site-packages/turtlebot3_teleop-2.1.5-py3.10.egg-info' (and everything under it)
[34.302s] Copying ../../../../build/turtlebot3_teleop/turtlebot3_teleop.egg-info to /home/hassen/turtlebot3_ws/install/turtlebot3_teleop/lib/python3.10/site-packages/turtlebot3_teleop-2.1.5-py3.10.egg-info
[34.303s] running install_scripts
[34.319s] Installing teleop_keyboard script to /home/hassen/turtlebot3_ws/install/turtlebot3_teleop/lib/turtlebot3_teleop
[35.827s] writing list of installed files to '/home/hassen/turtlebot3_ws/build/turtlebot3_teleop/install.log'
[65.917s] Invoked command in '/home/hassen/turtlebot3_ws/src/turtlebot3/turtlebot3/turtlebot3_teleop' returned '0': PYTHONPATH=/home/hassen/turtlebot3_ws/build/turtlebot3_teleop/prefix_override:/home/hassen/turtlebot3_ws/install/turtlebot3_teleop/lib/python3.10/site-packages:${PYTHONPATH} /usr/bin/python3 -W ignore:setup.py install is deprecated setup.py egg_info --egg-base ../../../../build/turtlebot3_teleop build --build-base /home/hassen/turtlebot3_ws/build/turtlebot3_teleop/build install --record /home/hassen/turtlebot3_ws/build/turtlebot3_teleop/install.log --single-version-externally-managed install_data
