running develop
Removing /home/hassen/turtlebot3_ws/install/tb3_sim/lib/python3.10/site-packages/tb3-sim.egg-link (link to .)
running egg_info
writing ../../build/tb3_sim/tb3_sim.egg-info/PKG-INFO
writing dependency_links to ../../build/tb3_sim/tb3_sim.egg-info/dependency_links.txt
writing entry points to ../../build/tb3_sim/tb3_sim.egg-info/entry_points.txt
writing requirements to ../../build/tb3_sim/tb3_sim.egg-info/requires.txt
writing top-level names to ../../build/tb3_sim/tb3_sim.egg-info/top_level.txt
reading manifest file '../../build/tb3_sim/tb3_sim.egg-info/SOURCES.txt'
writing manifest file '../../build/tb3_sim/tb3_sim.egg-info/SOURCES.txt'
running build
running build_py
creating /home/hassen/turtlebot3_ws/build/tb3_sim/build
creating /home/hassen/turtlebot3_ws/build/tb3_sim/build/lib
creating /home/hassen/turtlebot3_ws/build/tb3_sim/build/lib/tb3_sim
copying tb3_sim/__init__.py -> /home/hassen/turtlebot3_ws/build/tb3_sim/build/lib/tb3_sim
copying tb3_sim/set_init_amcl_pose.py -> /home/hassen/turtlebot3_ws/build/tb3_sim/build/lib/tb3_sim
running install
running install_lib
creating /home/hassen/turtlebot3_ws/install/tb3_sim/lib/python3.10/site-packages/tb3_sim
copying /home/hassen/turtlebot3_ws/build/tb3_sim/build/lib/tb3_sim/__init__.py -> /home/hassen/turtlebot3_ws/install/tb3_sim/lib/python3.10/site-packages/tb3_sim
copying /home/hassen/turtlebot3_ws/build/tb3_sim/build/lib/tb3_sim/set_init_amcl_pose.py -> /home/hassen/turtlebot3_ws/install/tb3_sim/lib/python3.10/site-packages/tb3_sim
byte-compiling /home/hassen/turtlebot3_ws/install/tb3_sim/lib/python3.10/site-packages/tb3_sim/__init__.py to __init__.cpython-310.pyc
byte-compiling /home/hassen/turtlebot3_ws/install/tb3_sim/lib/python3.10/site-packages/tb3_sim/set_init_amcl_pose.py to set_init_amcl_pose.cpython-310.pyc
running install_data
copying resource/tb3_sim -> /home/hassen/turtlebot3_ws/install/tb3_sim/share/ament_index/resource_index/packages
copying package.xml -> /home/hassen/turtlebot3_ws/install/tb3_sim/share/tb3_sim
copying launch/turtlebot3_world.launch.py -> /home/hassen/turtlebot3_ws/install/tb3_sim/share/tb3_sim
copying launch/nav2.launch.py -> /home/hassen/turtlebot3_ws/install/tb3_sim/share/tb3_sim
copying config/sim_house_locations.yaml -> /home/hassen/turtlebot3_ws/install/tb3_sim/share/tb3_sim/config/
copying maps/map.yaml -> /home/hassen/turtlebot3_ws/install/tb3_sim/share/tb3_sim/maps/
copying maps/map.pgm -> /home/hassen/turtlebot3_ws/install/tb3_sim/share/tb3_sim/maps/
running install_egg_info
Copying ../../build/tb3_sim/tb3_sim.egg-info to /home/hassen/turtlebot3_ws/install/tb3_sim/lib/python3.10/site-packages/tb3_sim-0.0.0-py3.10.egg-info
running install_scripts
Installing amcl_init_pose_publisher script to /home/hassen/turtlebot3_ws/install/tb3_sim/lib/tb3_sim
writing list of installed files to '/home/hassen/turtlebot3_ws/build/tb3_sim/install.log'
