[1.116s] Invoking command in '/home/hassen/turtlebot3_ws/build/tb3_sim': PYTHONPATH=/home/hassen/turtlebot3_ws/build/tb3_sim/prefix_override:/home/hassen/turtlebot3_ws/install/tb3_sim/lib/python3.10/site-packages:${PYTHONPATH} /usr/bin/python3 -W ignore:setup.py install is deprecated setup.py develop --uninstall --editable --build-directory /home/hassen/turtlebot3_ws/build/tb3_sim/build
[1.341s] running develop
[1.343s] /usr/lib/python3/dist-packages/setuptools/command/easy_install.py:158: EasyInstallDeprecationWarning: easy_install command is deprecated. Use build and pip and other standards-based tools.
[1.343s]   warnings.warn(
[1.505s] Removing /home/hassen/turtlebot3_ws/install/tb3_sim/lib/python3.10/site-packages/tb3-sim.egg-link (link to .)
[1.533s] Invoked command in '/home/hassen/turtlebot3_ws/build/tb3_sim' returned '0': PYTHONPATH=/home/hassen/turtlebot3_ws/build/tb3_sim/prefix_override:/home/hassen/turtlebot3_ws/install/tb3_sim/lib/python3.10/site-packages:${PYTHONPATH} /usr/bin/python3 -W ignore:setup.py install is deprecated setup.py develop --uninstall --editable --build-directory /home/hassen/turtlebot3_ws/build/tb3_sim/build
[1.535s] Invoking command in '/home/hassen/turtlebot3_ws/src/tb3_sim': PYTHONPATH=/home/hassen/turtlebot3_ws/build/tb3_sim/prefix_override:/home/hassen/turtlebot3_ws/install/tb3_sim/lib/python3.10/site-packages:${PYTHONPATH} /usr/bin/python3 -W ignore:setup.py install is deprecated setup.py egg_info --egg-base ../../build/tb3_sim build --build-base /home/hassen/turtlebot3_ws/build/tb3_sim/build install --record /home/hassen/turtlebot3_ws/build/tb3_sim/install.log --single-version-externally-managed install_data --force
[1.796s] running egg_info
[1.796s] writing ../../build/tb3_sim/tb3_sim.egg-info/PKG-INFO
[1.797s] writing dependency_links to ../../build/tb3_sim/tb3_sim.egg-info/dependency_links.txt
[1.797s] writing entry points to ../../build/tb3_sim/tb3_sim.egg-info/entry_points.txt
[1.797s] writing requirements to ../../build/tb3_sim/tb3_sim.egg-info/requires.txt
[1.797s] writing top-level names to ../../build/tb3_sim/tb3_sim.egg-info/top_level.txt
[1.799s] reading manifest file '../../build/tb3_sim/tb3_sim.egg-info/SOURCES.txt'
[1.800s] writing manifest file '../../build/tb3_sim/tb3_sim.egg-info/SOURCES.txt'
[1.800s] running build
[1.801s] running build_py
[1.801s] creating /home/hassen/turtlebot3_ws/build/tb3_sim/build
[1.801s] creating /home/hassen/turtlebot3_ws/build/tb3_sim/build/lib
[1.801s] creating /home/hassen/turtlebot3_ws/build/tb3_sim/build/lib/tb3_sim
[1.801s] copying tb3_sim/__init__.py -> /home/hassen/turtlebot3_ws/build/tb3_sim/build/lib/tb3_sim
[1.801s] copying tb3_sim/set_init_amcl_pose.py -> /home/hassen/turtlebot3_ws/build/tb3_sim/build/lib/tb3_sim
[1.801s] running install
[1.802s] running install_lib
[1.802s] creating /home/hassen/turtlebot3_ws/install/tb3_sim/lib/python3.10/site-packages/tb3_sim
[1.802s] copying /home/hassen/turtlebot3_ws/build/tb3_sim/build/lib/tb3_sim/__init__.py -> /home/hassen/turtlebot3_ws/install/tb3_sim/lib/python3.10/site-packages/tb3_sim
[1.802s] copying /home/hassen/turtlebot3_ws/build/tb3_sim/build/lib/tb3_sim/set_init_amcl_pose.py -> /home/hassen/turtlebot3_ws/install/tb3_sim/lib/python3.10/site-packages/tb3_sim
[1.803s] byte-compiling /home/hassen/turtlebot3_ws/install/tb3_sim/lib/python3.10/site-packages/tb3_sim/__init__.py to __init__.cpython-310.pyc
[1.803s] byte-compiling /home/hassen/turtlebot3_ws/install/tb3_sim/lib/python3.10/site-packages/tb3_sim/set_init_amcl_pose.py to set_init_amcl_pose.cpython-310.pyc
[1.804s] running install_data
[1.804s] copying resource/tb3_sim -> /home/hassen/turtlebot3_ws/install/tb3_sim/share/ament_index/resource_index/packages
[1.804s] copying package.xml -> /home/hassen/turtlebot3_ws/install/tb3_sim/share/tb3_sim
[1.804s] copying launch/turtlebot3_world.launch.py -> /home/hassen/turtlebot3_ws/install/tb3_sim/share/tb3_sim
[1.806s] copying launch/nav2.launch.py -> /home/hassen/turtlebot3_ws/install/tb3_sim/share/tb3_sim
[1.807s] copying config/sim_house_locations.yaml -> /home/hassen/turtlebot3_ws/install/tb3_sim/share/tb3_sim/config/
[1.808s] copying maps/map.yaml -> /home/hassen/turtlebot3_ws/install/tb3_sim/share/tb3_sim/maps/
[1.809s] copying maps/map.pgm -> /home/hassen/turtlebot3_ws/install/tb3_sim/share/tb3_sim/maps/
[1.811s] running install_egg_info
[1.813s] Copying ../../build/tb3_sim/tb3_sim.egg-info to /home/hassen/turtlebot3_ws/install/tb3_sim/lib/python3.10/site-packages/tb3_sim-0.0.0-py3.10.egg-info
[1.815s] running install_scripts
[1.836s] Installing amcl_init_pose_publisher script to /home/hassen/turtlebot3_ws/install/tb3_sim/lib/tb3_sim
[1.837s] writing list of installed files to '/home/hassen/turtlebot3_ws/build/tb3_sim/install.log'
[1.861s] Invoked command in '/home/hassen/turtlebot3_ws/src/tb3_sim' returned '0': PYTHONPATH=/home/hassen/turtlebot3_ws/build/tb3_sim/prefix_override:/home/hassen/turtlebot3_ws/install/tb3_sim/lib/python3.10/site-packages:${PYTHONPATH} /usr/bin/python3 -W ignore:setup.py install is deprecated setup.py egg_info --egg-base ../../build/tb3_sim build --build-base /home/hassen/turtlebot3_ws/build/tb3_sim/build install --record /home/hassen/turtlebot3_ws/build/tb3_sim/install.log --single-version-externally-managed install_data --force
