[0.012s] Invoking command in '/home/hassen/turtlebot3_ws/build/turtlebot3_simulations': AMENT_PREFIX_PATH=/home/hassen/turtlebot3_ws/install/turtlebot3_fake_node:/home/hassen/turtlebot3_ws/install/turtlebot3_msgs:/home/hassen/turtlebot3_ws/install/turtlebot3_gazebo:${AMENT_PREFIX_PATH} CMAKE_PREFIX_PATH=/home/hassen/turtlebot3_ws/install/turtlebot3_fake_node:/home/hassen/turtlebot3_ws/install/turtlebot3_msgs:/home/hassen/turtlebot3_ws/install/turtlebot3_gazebo:/opt/ros/humble LD_LIBRARY_PATH=/home/hassen/turtlebot3_ws/install/turtlebot3_msgs/lib:${LD_LIBRARY_PATH} PYTHONPATH=/home/hassen/turtlebot3_ws/install/turtlebot3_msgs/local/lib/python3.10/dist-packages:${PYTHONPATH} /usr/bin/cmake --build /home/hassen/turtlebot3_ws/build/turtlebot3_simulations -- -j12 -l12
[0.050s] Invoked command in '/home/hassen/turtlebot3_ws/build/turtlebot3_simulations' returned '0': AMENT_PREFIX_PATH=/home/hassen/turtlebot3_ws/install/turtlebot3_fake_node:/home/hassen/turtlebot3_ws/install/turtlebot3_msgs:/home/hassen/turtlebot3_ws/install/turtlebot3_gazebo:${AMENT_PREFIX_PATH} CMAKE_PREFIX_PATH=/home/hassen/turtlebot3_ws/install/turtlebot3_fake_node:/home/hassen/turtlebot3_ws/install/turtlebot3_msgs:/home/hassen/turtlebot3_ws/install/turtlebot3_gazebo:/opt/ros/humble LD_LIBRARY_PATH=/home/hassen/turtlebot3_ws/install/turtlebot3_msgs/lib:${LD_LIBRARY_PATH} PYTHONPATH=/home/hassen/turtlebot3_ws/install/turtlebot3_msgs/local/lib/python3.10/dist-packages:${PYTHONPATH} /usr/bin/cmake --build /home/hassen/turtlebot3_ws/build/turtlebot3_simulations -- -j12 -l12
[0.072s] Invoking command in '/home/hassen/turtlebot3_ws/build/turtlebot3_simulations': AMENT_PREFIX_PATH=/home/hassen/turtlebot3_ws/install/turtlebot3_fake_node:/home/hassen/turtlebot3_ws/install/turtlebot3_msgs:/home/hassen/turtlebot3_ws/install/turtlebot3_gazebo:${AMENT_PREFIX_PATH} CMAKE_PREFIX_PATH=/home/hassen/turtlebot3_ws/install/turtlebot3_fake_node:/home/hassen/turtlebot3_ws/install/turtlebot3_msgs:/home/hassen/turtlebot3_ws/install/turtlebot3_gazebo:/opt/ros/humble LD_LIBRARY_PATH=/home/hassen/turtlebot3_ws/install/turtlebot3_msgs/lib:${LD_LIBRARY_PATH} PYTHONPATH=/home/hassen/turtlebot3_ws/install/turtlebot3_msgs/local/lib/python3.10/dist-packages:${PYTHONPATH} /usr/bin/cmake --install /home/hassen/turtlebot3_ws/build/turtlebot3_simulations
[0.079s] -- Install configuration: ""
[0.079s] -- Execute custom install script
[0.080s] -- Up-to-date symlink: /home/hassen/turtlebot3_ws/install/turtlebot3_simulations/share/ament_index/resource_index/package_run_dependencies/turtlebot3_simulations
[0.080s] -- Up-to-date symlink: /home/hassen/turtlebot3_ws/install/turtlebot3_simulations/share/ament_index/resource_index/parent_prefix_path/turtlebot3_simulations
[0.081s] -- Up-to-date symlink: /home/hassen/turtlebot3_ws/install/turtlebot3_simulations/share/turtlebot3_simulations/environment/ament_prefix_path.sh
[0.081s] -- Up-to-date symlink: /home/hassen/turtlebot3_ws/install/turtlebot3_simulations/share/turtlebot3_simulations/environment/ament_prefix_path.dsv
[0.082s] -- Up-to-date symlink: /home/hassen/turtlebot3_ws/install/turtlebot3_simulations/share/turtlebot3_simulations/environment/path.sh
[0.082s] -- Up-to-date symlink: /home/hassen/turtlebot3_ws/install/turtlebot3_simulations/share/turtlebot3_simulations/environment/path.dsv
[0.082s] -- Up-to-date symlink: /home/hassen/turtlebot3_ws/install/turtlebot3_simulations/share/turtlebot3_simulations/local_setup.bash
[0.082s] -- Up-to-date symlink: /home/hassen/turtlebot3_ws/install/turtlebot3_simulations/share/turtlebot3_simulations/local_setup.sh
[0.082s] -- Up-to-date symlink: /home/hassen/turtlebot3_ws/install/turtlebot3_simulations/share/turtlebot3_simulations/local_setup.zsh
[0.082s] -- Up-to-date symlink: /home/hassen/turtlebot3_ws/install/turtlebot3_simulations/share/turtlebot3_simulations/local_setup.dsv
[0.082s] -- Symlinking: /home/hassen/turtlebot3_ws/install/turtlebot3_simulations/share/turtlebot3_simulations/package.dsv
[0.091s] -- Up-to-date symlink: /home/hassen/turtlebot3_ws/install/turtlebot3_simulations/share/ament_index/resource_index/packages/turtlebot3_simulations
[0.092s] -- Up-to-date symlink: /home/hassen/turtlebot3_ws/install/turtlebot3_simulations/share/turtlebot3_simulations/cmake/turtlebot3_simulationsConfig.cmake
[0.092s] -- Up-to-date symlink: /home/hassen/turtlebot3_ws/install/turtlebot3_simulations/share/turtlebot3_simulations/cmake/turtlebot3_simulationsConfig-version.cmake
[0.092s] -- Up-to-date symlink: /home/hassen/turtlebot3_ws/install/turtlebot3_simulations/share/turtlebot3_simulations/package.xml
[0.095s] Invoked command in '/home/hassen/turtlebot3_ws/build/turtlebot3_simulations' returned '0': AMENT_PREFIX_PATH=/home/hassen/turtlebot3_ws/install/turtlebot3_fake_node:/home/hassen/turtlebot3_ws/install/turtlebot3_msgs:/home/hassen/turtlebot3_ws/install/turtlebot3_gazebo:${AMENT_PREFIX_PATH} CMAKE_PREFIX_PATH=/home/hassen/turtlebot3_ws/install/turtlebot3_fake_node:/home/hassen/turtlebot3_ws/install/turtlebot3_msgs:/home/hassen/turtlebot3_ws/install/turtlebot3_gazebo:/opt/ros/humble LD_LIBRARY_PATH=/home/hassen/turtlebot3_ws/install/turtlebot3_msgs/lib:${LD_LIBRARY_PATH} PYTHONPATH=/home/hassen/turtlebot3_ws/install/turtlebot3_msgs/local/lib/python3.10/dist-packages:${PYTHONPATH} /usr/bin/cmake --install /home/hassen/turtlebot3_ws/build/turtlebot3_simulations
