[0.920s] Invoking command in '/home/hassen/turtlebot3_ws/build/turtlebot3_example': AMENT_PREFIX_PATH=/home/hassen/turtlebot3_ws/install/turtlebot3_msgs:${AMENT_PREFIX_PATH} CMAKE_PREFIX_PATH=/home/hassen/turtlebot3_ws/install/turtlebot3_msgs LD_LIBRARY_PATH=/home/hassen/turtlebot3_ws/install/turtlebot3_msgs/lib:${LD_LIBRARY_PATH} PYTHONPATH=/home/hassen/turtlebot3_ws/build/turtlebot3_example/prefix_override:/home/hassen/turtlebot3_ws/install/turtlebot3_example/lib/python3.10/site-packages:/home/hassen/turtlebot3_ws/install/turtlebot3_msgs/local/lib/python3.10/dist-packages:${PYTHONPATH} /usr/bin/python3 -W ignore:setup.py install is deprecated setup.py develop --editable --build-directory /home/hassen/turtlebot3_ws/build/turtlebot3_example/build --no-deps symlink_data
[1.239s] running develop
[1.239s] /usr/lib/python3/dist-packages/setuptools/command/easy_install.py:158: EasyInstallDeprecationWarning: easy_install command is deprecated. Use build and pip and other standards-based tools.
[1.239s]   warnings.warn(
[1.453s] running egg_info
[1.453s] creating turtlebot3_example.egg-info
[1.453s] writing turtlebot3_example.egg-info/PKG-INFO
[1.453s] writing dependency_links to turtlebot3_example.egg-info/dependency_links.txt
[1.454s] writing entry points to turtlebot3_example.egg-info/entry_points.txt
[1.454s] writing requirements to turtlebot3_example.egg-info/requires.txt
[1.454s] writing top-level names to turtlebot3_example.egg-info/top_level.txt
[1.454s] writing manifest file 'turtlebot3_example.egg-info/SOURCES.txt'
[1.457s] reading manifest file 'turtlebot3_example.egg-info/SOURCES.txt'
[1.457s] writing manifest file 'turtlebot3_example.egg-info/SOURCES.txt'
[1.459s] running build_ext
[1.459s] Creating /home/hassen/turtlebot3_ws/install/turtlebot3_example/lib/python3.10/site-packages/turtlebot3-example.egg-link (link to .)
[1.460s] Installing turtlebot3_obstacle_detection script to /home/hassen/turtlebot3_ws/install/turtlebot3_example/lib/turtlebot3_example
[1.460s] Installing turtlebot3_patrol_client script to /home/hassen/turtlebot3_ws/install/turtlebot3_example/lib/turtlebot3_example
[1.460s] Installing turtlebot3_patrol_server script to /home/hassen/turtlebot3_ws/install/turtlebot3_example/lib/turtlebot3_example
[1.460s] Installing turtlebot3_position_control script to /home/hassen/turtlebot3_ws/install/turtlebot3_example/lib/turtlebot3_example
[1.460s] 
[1.461s] Installed /home/hassen/turtlebot3_ws/build/turtlebot3_example
[1.461s] running symlink_data
[1.461s] creating /home/hassen/turtlebot3_ws/install/turtlebot3_example/share/ament_index
[1.461s] creating /home/hassen/turtlebot3_ws/install/turtlebot3_example/share/ament_index/resource_index
[1.461s] creating /home/hassen/turtlebot3_ws/install/turtlebot3_example/share/ament_index/resource_index/packages
[1.461s] symbolically linking /home/hassen/turtlebot3_ws/build/turtlebot3_example/resource/turtlebot3_example -> /home/hassen/turtlebot3_ws/install/turtlebot3_example/share/ament_index/resource_index/packages
[1.461s] symbolically linking /home/hassen/turtlebot3_ws/build/turtlebot3_example/package.xml -> /home/hassen/turtlebot3_ws/install/turtlebot3_example/share/turtlebot3_example
[1.503s] Invoked command in '/home/hassen/turtlebot3_ws/build/turtlebot3_example' returned '0': AMENT_PREFIX_PATH=/home/hassen/turtlebot3_ws/install/turtlebot3_msgs:${AMENT_PREFIX_PATH} CMAKE_PREFIX_PATH=/home/hassen/turtlebot3_ws/install/turtlebot3_msgs LD_LIBRARY_PATH=/home/hassen/turtlebot3_ws/install/turtlebot3_msgs/lib:${LD_LIBRARY_PATH} PYTHONPATH=/home/hassen/turtlebot3_ws/build/turtlebot3_example/prefix_override:/home/hassen/turtlebot3_ws/install/turtlebot3_example/lib/python3.10/site-packages:/home/hassen/turtlebot3_ws/install/turtlebot3_msgs/local/lib/python3.10/dist-packages:${PYTHONPATH} /usr/bin/python3 -W ignore:setup.py install is deprecated setup.py develop --editable --build-directory /home/hassen/turtlebot3_ws/build/turtlebot3_example/build --no-deps symlink_data
