[0.518s] Invoking command in '/home/hassen/turtlebot3_ws/build/turtlebot3_example': CMAKE_PREFIX_PATH=/home/hassen/turtlebot3_ws/install/turtlebot3_msgs:/home/hassen/turtlebot3_ws/install/turtlebot3:/home/hassen/turtlebot3_ws/install/turtlebot3_simulations:/home/hassen/turtlebot3_ws/install/turtlebot3_bringup:/home/hassen/turtlebot3_ws/install/turtlebot3_node:/home/hassen/turtlebot3_ws/install/turtlebot3_navigation2:/home/hassen/turtlebot3_ws/install/turtlebot3_fake_node:/home/hassen/turtlebot3_ws/install/turtlebot3_gazebo:/home/hassen/turtlebot3_ws/install/turtlebot3_description:/home/hassen/turtlebot3_ws/install/turtlebot3_cartographer:/home/hassen/turtlebot3_ws/install/tb3_autonomy:/home/hassen/turtlebot3_ws/install/hls_lfcd_lds_driver:/home/hassen/turtlebot3_ws/install/dynamixel_sdk_examples:/home/hassen/turtlebot3_ws/install/dynamixel_sdk_custom_interfaces:/home/hassen/turtlebot3_ws/install/dynamixel_sdk LD_LIBRARY_PATH=/home/hassen/turtlebot3_ws/install/turtlebot3_msgs/lib:/home/hassen/turtlebot3_ws/install/dynamixel_sdk_custom_interfaces/lib:/home/hassen/turtlebot3_ws/install/dynamixel_sdk/lib:/usr/lib/x86_64-linux-gnu/gazebo-11/plugins:/opt/ros/humble/opt/rviz_ogre_vendor/lib:/opt/ros/humble/lib/x86_64-linux-gnu:/opt/ros/humble/lib:/usr/share/gazebo/../../lib/x86_64-linux-gnu/gazebo-11/plugins PYTHONPATH=/home/hassen/turtlebot3_ws/build/turtlebot3_example/prefix_override:/home/hassen/turtlebot3_ws/install/turtlebot3_example/lib/python3.10/site-packages:${PYTHONPATH} /usr/bin/python3 -W ignore:setup.py install is deprecated setup.py develop --uninstall --editable --build-directory /home/hassen/turtlebot3_ws/build/turtlebot3_example/build
[0.728s] running develop
[0.728s] /usr/lib/python3/dist-packages/setuptools/command/easy_install.py:158: EasyInstallDeprecationWarning: easy_install command is deprecated. Use build and pip and other standards-based tools.
[0.728s]   warnings.warn(
[0.868s] Removing /home/hassen/turtlebot3_ws/install/turtlebot3_example/lib/python3.10/site-packages/turtlebot3-example.egg-link (link to .)
[0.886s] Invoked command in '/home/hassen/turtlebot3_ws/build/turtlebot3_example' returned '0': CMAKE_PREFIX_PATH=/home/hassen/turtlebot3_ws/install/turtlebot3_msgs:/home/hassen/turtlebot3_ws/install/turtlebot3:/home/hassen/turtlebot3_ws/install/turtlebot3_simulations:/home/hassen/turtlebot3_ws/install/turtlebot3_bringup:/home/hassen/turtlebot3_ws/install/turtlebot3_node:/home/hassen/turtlebot3_ws/install/turtlebot3_navigation2:/home/hassen/turtlebot3_ws/install/turtlebot3_fake_node:/home/hassen/turtlebot3_ws/install/turtlebot3_gazebo:/home/hassen/turtlebot3_ws/install/turtlebot3_description:/home/hassen/turtlebot3_ws/install/turtlebot3_cartographer:/home/hassen/turtlebot3_ws/install/tb3_autonomy:/home/hassen/turtlebot3_ws/install/hls_lfcd_lds_driver:/home/hassen/turtlebot3_ws/install/dynamixel_sdk_examples:/home/hassen/turtlebot3_ws/install/dynamixel_sdk_custom_interfaces:/home/hassen/turtlebot3_ws/install/dynamixel_sdk LD_LIBRARY_PATH=/home/hassen/turtlebot3_ws/install/turtlebot3_msgs/lib:/home/hassen/turtlebot3_ws/install/dynamixel_sdk_custom_interfaces/lib:/home/hassen/turtlebot3_ws/install/dynamixel_sdk/lib:/usr/lib/x86_64-linux-gnu/gazebo-11/plugins:/opt/ros/humble/opt/rviz_ogre_vendor/lib:/opt/ros/humble/lib/x86_64-linux-gnu:/opt/ros/humble/lib:/usr/share/gazebo/../../lib/x86_64-linux-gnu/gazebo-11/plugins PYTHONPATH=/home/hassen/turtlebot3_ws/build/turtlebot3_example/prefix_override:/home/hassen/turtlebot3_ws/install/turtlebot3_example/lib/python3.10/site-packages:${PYTHONPATH} /usr/bin/python3 -W ignore:setup.py install is deprecated setup.py develop --uninstall --editable --build-directory /home/hassen/turtlebot3_ws/build/turtlebot3_example/build
[0.888s] Invoking command in '/home/hassen/turtlebot3_ws/src/turtlebot3/turtlebot3/turtlebot3_example': CMAKE_PREFIX_PATH=/home/hassen/turtlebot3_ws/install/turtlebot3_msgs:/home/hassen/turtlebot3_ws/install/turtlebot3:/home/hassen/turtlebot3_ws/install/turtlebot3_simulations:/home/hassen/turtlebot3_ws/install/turtlebot3_bringup:/home/hassen/turtlebot3_ws/install/turtlebot3_node:/home/hassen/turtlebot3_ws/install/turtlebot3_navigation2:/home/hassen/turtlebot3_ws/install/turtlebot3_fake_node:/home/hassen/turtlebot3_ws/install/turtlebot3_gazebo:/home/hassen/turtlebot3_ws/install/turtlebot3_description:/home/hassen/turtlebot3_ws/install/turtlebot3_cartographer:/home/hassen/turtlebot3_ws/install/tb3_autonomy:/home/hassen/turtlebot3_ws/install/hls_lfcd_lds_driver:/home/hassen/turtlebot3_ws/install/dynamixel_sdk_examples:/home/hassen/turtlebot3_ws/install/dynamixel_sdk_custom_interfaces:/home/hassen/turtlebot3_ws/install/dynamixel_sdk LD_LIBRARY_PATH=/home/hassen/turtlebot3_ws/install/turtlebot3_msgs/lib:/home/hassen/turtlebot3_ws/install/dynamixel_sdk_custom_interfaces/lib:/home/hassen/turtlebot3_ws/install/dynamixel_sdk/lib:/usr/lib/x86_64-linux-gnu/gazebo-11/plugins:/opt/ros/humble/opt/rviz_ogre_vendor/lib:/opt/ros/humble/lib/x86_64-linux-gnu:/opt/ros/humble/lib:/usr/share/gazebo/../../lib/x86_64-linux-gnu/gazebo-11/plugins PYTHONPATH=/home/hassen/turtlebot3_ws/build/turtlebot3_example/prefix_override:/home/hassen/turtlebot3_ws/install/turtlebot3_example/lib/python3.10/site-packages:${PYTHONPATH} /usr/bin/python3 -W ignore:setup.py install is deprecated setup.py egg_info --egg-base ../../../../build/turtlebot3_example build --build-base /home/hassen/turtlebot3_ws/build/turtlebot3_example/build install --record /home/hassen/turtlebot3_ws/build/turtlebot3_example/install.log --single-version-externally-managed install_data --force
[1.088s] running egg_info
[1.088s] writing ../../../../build/turtlebot3_example/turtlebot3_example.egg-info/PKG-INFO
[1.088s] writing dependency_links to ../../../../build/turtlebot3_example/turtlebot3_example.egg-info/dependency_links.txt
[1.088s] writing entry points to ../../../../build/turtlebot3_example/turtlebot3_example.egg-info/entry_points.txt
[1.088s] writing requirements to ../../../../build/turtlebot3_example/turtlebot3_example.egg-info/requires.txt
[1.089s] writing top-level names to ../../../../build/turtlebot3_example/turtlebot3_example.egg-info/top_level.txt
[1.090s] reading manifest file '../../../../build/turtlebot3_example/turtlebot3_example.egg-info/SOURCES.txt'
[1.091s] writing manifest file '../../../../build/turtlebot3_example/turtlebot3_example.egg-info/SOURCES.txt'
[1.091s] running build
[1.091s] running build_py
[1.091s] creating /home/hassen/turtlebot3_ws/build/turtlebot3_example/build
[1.092s] creating /home/hassen/turtlebot3_ws/build/turtlebot3_example/build/lib
[1.092s] creating /home/hassen/turtlebot3_ws/build/turtlebot3_example/build/lib/turtlebot3_example
[1.092s] copying turtlebot3_example/__init__.py -> /home/hassen/turtlebot3_ws/build/turtlebot3_example/build/lib/turtlebot3_example
[1.092s] creating /home/hassen/turtlebot3_ws/build/turtlebot3_example/build/lib/turtlebot3_example/turtlebot3_position_control
[1.092s] copying turtlebot3_example/turtlebot3_position_control/turtlebot3_position_control.py -> /home/hassen/turtlebot3_ws/build/turtlebot3_example/build/lib/turtlebot3_example/turtlebot3_position_control
[1.092s] copying turtlebot3_example/turtlebot3_position_control/main.py -> /home/hassen/turtlebot3_ws/build/turtlebot3_example/build/lib/turtlebot3_example/turtlebot3_position_control
[1.092s] copying turtlebot3_example/turtlebot3_position_control/__init__.py -> /home/hassen/turtlebot3_ws/build/turtlebot3_example/build/lib/turtlebot3_example/turtlebot3_position_control
[1.092s] copying turtlebot3_example/turtlebot3_position_control/turtlebot3_path.py -> /home/hassen/turtlebot3_ws/build/turtlebot3_example/build/lib/turtlebot3_example/turtlebot3_position_control
[1.092s] creating /home/hassen/turtlebot3_ws/build/turtlebot3_example/build/lib/turtlebot3_example/turtlebot3_patrol_client
[1.092s] copying turtlebot3_example/turtlebot3_patrol_client/main.py -> /home/hassen/turtlebot3_ws/build/turtlebot3_example/build/lib/turtlebot3_example/turtlebot3_patrol_client
[1.093s] copying turtlebot3_example/turtlebot3_patrol_client/__init__.py -> /home/hassen/turtlebot3_ws/build/turtlebot3_example/build/lib/turtlebot3_example/turtlebot3_patrol_client
[1.093s] copying turtlebot3_example/turtlebot3_patrol_client/turtlebot3_patrol_client.py -> /home/hassen/turtlebot3_ws/build/turtlebot3_example/build/lib/turtlebot3_example/turtlebot3_patrol_client
[1.093s] creating /home/hassen/turtlebot3_ws/build/turtlebot3_example/build/lib/turtlebot3_example/turtlebot3_patrol_server
[1.093s] copying turtlebot3_example/turtlebot3_patrol_server/turtlebot3_patrol_server.py -> /home/hassen/turtlebot3_ws/build/turtlebot3_example/build/lib/turtlebot3_example/turtlebot3_patrol_server
[1.093s] copying turtlebot3_example/turtlebot3_patrol_server/main.py -> /home/hassen/turtlebot3_ws/build/turtlebot3_example/build/lib/turtlebot3_example/turtlebot3_patrol_server
[1.094s] copying turtlebot3_example/turtlebot3_patrol_server/__init__.py -> /home/hassen/turtlebot3_ws/build/turtlebot3_example/build/lib/turtlebot3_example/turtlebot3_patrol_server
[1.094s] copying turtlebot3_example/turtlebot3_patrol_server/turtlebot3_path.py -> /home/hassen/turtlebot3_ws/build/turtlebot3_example/build/lib/turtlebot3_example/turtlebot3_patrol_server
[1.094s] creating /home/hassen/turtlebot3_ws/build/turtlebot3_example/build/lib/turtlebot3_example/turtlebot3_obstacle_detection
[1.094s] copying turtlebot3_example/turtlebot3_obstacle_detection/main.py -> /home/hassen/turtlebot3_ws/build/turtlebot3_example/build/lib/turtlebot3_example/turtlebot3_obstacle_detection
[1.094s] copying turtlebot3_example/turtlebot3_obstacle_detection/__init__.py -> /home/hassen/turtlebot3_ws/build/turtlebot3_example/build/lib/turtlebot3_example/turtlebot3_obstacle_detection
[1.094s] copying turtlebot3_example/turtlebot3_obstacle_detection/turtlebot3_obstacle_detection.py -> /home/hassen/turtlebot3_ws/build/turtlebot3_example/build/lib/turtlebot3_example/turtlebot3_obstacle_detection
[1.095s] running install
[1.095s] running install_lib
[1.095s] creating /home/hassen/turtlebot3_ws/install/turtlebot3_example/lib/python3.10/site-packages/turtlebot3_example
[1.096s] creating /home/hassen/turtlebot3_ws/install/turtlebot3_example/lib/python3.10/site-packages/turtlebot3_example/turtlebot3_position_control
[1.096s] copying /home/hassen/turtlebot3_ws/build/turtlebot3_example/build/lib/turtlebot3_example/turtlebot3_position_control/turtlebot3_position_control.py -> /home/hassen/turtlebot3_ws/install/turtlebot3_example/lib/python3.10/site-packages/turtlebot3_example/turtlebot3_position_control
[1.096s] copying /home/hassen/turtlebot3_ws/build/turtlebot3_example/build/lib/turtlebot3_example/turtlebot3_position_control/main.py -> /home/hassen/turtlebot3_ws/install/turtlebot3_example/lib/python3.10/site-packages/turtlebot3_example/turtlebot3_position_control
[1.096s] copying /home/hassen/turtlebot3_ws/build/turtlebot3_example/build/lib/turtlebot3_example/turtlebot3_position_control/__init__.py -> /home/hassen/turtlebot3_ws/install/turtlebot3_example/lib/python3.10/site-packages/turtlebot3_example/turtlebot3_position_control
[1.096s] copying /home/hassen/turtlebot3_ws/build/turtlebot3_example/build/lib/turtlebot3_example/turtlebot3_position_control/turtlebot3_path.py -> /home/hassen/turtlebot3_ws/install/turtlebot3_example/lib/python3.10/site-packages/turtlebot3_example/turtlebot3_position_control
[1.096s] copying /home/hassen/turtlebot3_ws/build/turtlebot3_example/build/lib/turtlebot3_example/__init__.py -> /home/hassen/turtlebot3_ws/install/turtlebot3_example/lib/python3.10/site-packages/turtlebot3_example
[1.096s] creating /home/hassen/turtlebot3_ws/install/turtlebot3_example/lib/python3.10/site-packages/turtlebot3_example/turtlebot3_patrol_client
[1.096s] copying /home/hassen/turtlebot3_ws/build/turtlebot3_example/build/lib/turtlebot3_example/turtlebot3_patrol_client/main.py -> /home/hassen/turtlebot3_ws/install/turtlebot3_example/lib/python3.10/site-packages/turtlebot3_example/turtlebot3_patrol_client
[1.097s] copying /home/hassen/turtlebot3_ws/build/turtlebot3_example/build/lib/turtlebot3_example/turtlebot3_patrol_client/__init__.py -> /home/hassen/turtlebot3_ws/install/turtlebot3_example/lib/python3.10/site-packages/turtlebot3_example/turtlebot3_patrol_client
[1.097s] copying /home/hassen/turtlebot3_ws/build/turtlebot3_example/build/lib/turtlebot3_example/turtlebot3_patrol_client/turtlebot3_patrol_client.py -> /home/hassen/turtlebot3_ws/install/turtlebot3_example/lib/python3.10/site-packages/turtlebot3_example/turtlebot3_patrol_client
[1.097s] creating /home/hassen/turtlebot3_ws/install/turtlebot3_example/lib/python3.10/site-packages/turtlebot3_example/turtlebot3_patrol_server
[1.097s] copying /home/hassen/turtlebot3_ws/build/turtlebot3_example/build/lib/turtlebot3_example/turtlebot3_patrol_server/turtlebot3_patrol_server.py -> /home/hassen/turtlebot3_ws/install/turtlebot3_example/lib/python3.10/site-packages/turtlebot3_example/turtlebot3_patrol_server
[1.097s] copying /home/hassen/turtlebot3_ws/build/turtlebot3_example/build/lib/turtlebot3_example/turtlebot3_patrol_server/main.py -> /home/hassen/turtlebot3_ws/install/turtlebot3_example/lib/python3.10/site-packages/turtlebot3_example/turtlebot3_patrol_server
[1.097s] copying /home/hassen/turtlebot3_ws/build/turtlebot3_example/build/lib/turtlebot3_example/turtlebot3_patrol_server/__init__.py -> /home/hassen/turtlebot3_ws/install/turtlebot3_example/lib/python3.10/site-packages/turtlebot3_example/turtlebot3_patrol_server
[1.097s] copying /home/hassen/turtlebot3_ws/build/turtlebot3_example/build/lib/turtlebot3_example/turtlebot3_patrol_server/turtlebot3_path.py -> /home/hassen/turtlebot3_ws/install/turtlebot3_example/lib/python3.10/site-packages/turtlebot3_example/turtlebot3_patrol_server
[1.097s] creating /home/hassen/turtlebot3_ws/install/turtlebot3_example/lib/python3.10/site-packages/turtlebot3_example/turtlebot3_obstacle_detection
[1.097s] copying /home/hassen/turtlebot3_ws/build/turtlebot3_example/build/lib/turtlebot3_example/turtlebot3_obstacle_detection/main.py -> /home/hassen/turtlebot3_ws/install/turtlebot3_example/lib/python3.10/site-packages/turtlebot3_example/turtlebot3_obstacle_detection
[1.097s] copying /home/hassen/turtlebot3_ws/build/turtlebot3_example/build/lib/turtlebot3_example/turtlebot3_obstacle_detection/__init__.py -> /home/hassen/turtlebot3_ws/install/turtlebot3_example/lib/python3.10/site-packages/turtlebot3_example/turtlebot3_obstacle_detection
[1.098s] copying /home/hassen/turtlebot3_ws/build/turtlebot3_example/build/lib/turtlebot3_example/turtlebot3_obstacle_detection/turtlebot3_obstacle_detection.py -> /home/hassen/turtlebot3_ws/install/turtlebot3_example/lib/python3.10/site-packages/turtlebot3_example/turtlebot3_obstacle_detection
[1.098s] byte-compiling /home/hassen/turtlebot3_ws/install/turtlebot3_example/lib/python3.10/site-packages/turtlebot3_example/turtlebot3_position_control/turtlebot3_position_control.py to turtlebot3_position_control.cpython-310.pyc
[1.098s] byte-compiling /home/hassen/turtlebot3_ws/install/turtlebot3_example/lib/python3.10/site-packages/turtlebot3_example/turtlebot3_position_control/main.py to main.cpython-310.pyc
[1.099s] byte-compiling /home/hassen/turtlebot3_ws/install/turtlebot3_example/lib/python3.10/site-packages/turtlebot3_example/turtlebot3_position_control/__init__.py to __init__.cpython-310.pyc
[1.099s] byte-compiling /home/hassen/turtlebot3_ws/install/turtlebot3_example/lib/python3.10/site-packages/turtlebot3_example/turtlebot3_position_control/turtlebot3_path.py to turtlebot3_path.cpython-310.pyc
[1.099s] byte-compiling /home/hassen/turtlebot3_ws/install/turtlebot3_example/lib/python3.10/site-packages/turtlebot3_example/__init__.py to __init__.cpython-310.pyc
[1.099s] byte-compiling /home/hassen/turtlebot3_ws/install/turtlebot3_example/lib/python3.10/site-packages/turtlebot3_example/turtlebot3_patrol_client/main.py to main.cpython-310.pyc
[1.099s] byte-compiling /home/hassen/turtlebot3_ws/install/turtlebot3_example/lib/python3.10/site-packages/turtlebot3_example/turtlebot3_patrol_client/__init__.py to __init__.cpython-310.pyc
[1.100s] byte-compiling /home/hassen/turtlebot3_ws/install/turtlebot3_example/lib/python3.10/site-packages/turtlebot3_example/turtlebot3_patrol_client/turtlebot3_patrol_client.py to turtlebot3_patrol_client.cpython-310.pyc
[1.100s] byte-compiling /home/hassen/turtlebot3_ws/install/turtlebot3_example/lib/python3.10/site-packages/turtlebot3_example/turtlebot3_patrol_server/turtlebot3_patrol_server.py to turtlebot3_patrol_server.cpython-310.pyc
[1.100s] byte-compiling /home/hassen/turtlebot3_ws/install/turtlebot3_example/lib/python3.10/site-packages/turtlebot3_example/turtlebot3_patrol_server/main.py to main.cpython-310.pyc
[1.101s] byte-compiling /home/hassen/turtlebot3_ws/install/turtlebot3_example/lib/python3.10/site-packages/turtlebot3_example/turtlebot3_patrol_server/__init__.py to __init__.cpython-310.pyc
[1.101s] byte-compiling /home/hassen/turtlebot3_ws/install/turtlebot3_example/lib/python3.10/site-packages/turtlebot3_example/turtlebot3_patrol_server/turtlebot3_path.py to turtlebot3_path.cpython-310.pyc
[1.101s] byte-compiling /home/hassen/turtlebot3_ws/install/turtlebot3_example/lib/python3.10/site-packages/turtlebot3_example/turtlebot3_obstacle_detection/main.py to main.cpython-310.pyc
[1.101s] byte-compiling /home/hassen/turtlebot3_ws/install/turtlebot3_example/lib/python3.10/site-packages/turtlebot3_example/turtlebot3_obstacle_detection/__init__.py to __init__.cpython-310.pyc
[1.101s] byte-compiling /home/hassen/turtlebot3_ws/install/turtlebot3_example/lib/python3.10/site-packages/turtlebot3_example/turtlebot3_obstacle_detection/turtlebot3_obstacle_detection.py to turtlebot3_obstacle_detection.cpython-310.pyc
[1.102s] running install_data
[1.102s] copying resource/turtlebot3_example -> /home/hassen/turtlebot3_ws/install/turtlebot3_example/share/ament_index/resource_index/packages
[1.102s] copying package.xml -> /home/hassen/turtlebot3_ws/install/turtlebot3_example/share/turtlebot3_example
[1.102s] running install_egg_info
[1.104s] Copying ../../../../build/turtlebot3_example/turtlebot3_example.egg-info to /home/hassen/turtlebot3_ws/install/turtlebot3_example/lib/python3.10/site-packages/turtlebot3_example-2.1.5-py3.10.egg-info
[1.104s] running install_scripts
[1.120s] Installing turtlebot3_obstacle_detection script to /home/hassen/turtlebot3_ws/install/turtlebot3_example/lib/turtlebot3_example
[1.120s] Installing turtlebot3_patrol_client script to /home/hassen/turtlebot3_ws/install/turtlebot3_example/lib/turtlebot3_example
[1.120s] Installing turtlebot3_patrol_server script to /home/hassen/turtlebot3_ws/install/turtlebot3_example/lib/turtlebot3_example
[1.120s] Installing turtlebot3_position_control script to /home/hassen/turtlebot3_ws/install/turtlebot3_example/lib/turtlebot3_example
[1.120s] writing list of installed files to '/home/hassen/turtlebot3_ws/build/turtlebot3_example/install.log'
[1.136s] Invoked command in '/home/hassen/turtlebot3_ws/src/turtlebot3/turtlebot3/turtlebot3_example' returned '0': CMAKE_PREFIX_PATH=/home/hassen/turtlebot3_ws/install/turtlebot3_msgs:/home/hassen/turtlebot3_ws/install/turtlebot3:/home/hassen/turtlebot3_ws/install/turtlebot3_simulations:/home/hassen/turtlebot3_ws/install/turtlebot3_bringup:/home/hassen/turtlebot3_ws/install/turtlebot3_node:/home/hassen/turtlebot3_ws/install/turtlebot3_navigation2:/home/hassen/turtlebot3_ws/install/turtlebot3_fake_node:/home/hassen/turtlebot3_ws/install/turtlebot3_gazebo:/home/hassen/turtlebot3_ws/install/turtlebot3_description:/home/hassen/turtlebot3_ws/install/turtlebot3_cartographer:/home/hassen/turtlebot3_ws/install/tb3_autonomy:/home/hassen/turtlebot3_ws/install/hls_lfcd_lds_driver:/home/hassen/turtlebot3_ws/install/dynamixel_sdk_examples:/home/hassen/turtlebot3_ws/install/dynamixel_sdk_custom_interfaces:/home/hassen/turtlebot3_ws/install/dynamixel_sdk LD_LIBRARY_PATH=/home/hassen/turtlebot3_ws/install/turtlebot3_msgs/lib:/home/hassen/turtlebot3_ws/install/dynamixel_sdk_custom_interfaces/lib:/home/hassen/turtlebot3_ws/install/dynamixel_sdk/lib:/usr/lib/x86_64-linux-gnu/gazebo-11/plugins:/opt/ros/humble/opt/rviz_ogre_vendor/lib:/opt/ros/humble/lib/x86_64-linux-gnu:/opt/ros/humble/lib:/usr/share/gazebo/../../lib/x86_64-linux-gnu/gazebo-11/plugins PYTHONPATH=/home/hassen/turtlebot3_ws/build/turtlebot3_example/prefix_override:/home/hassen/turtlebot3_ws/install/turtlebot3_example/lib/python3.10/site-packages:${PYTHONPATH} /usr/bin/python3 -W ignore:setup.py install is deprecated setup.py egg_info --egg-base ../../../../build/turtlebot3_example build --build-base /home/hassen/turtlebot3_ws/build/turtlebot3_example/build install --record /home/hassen/turtlebot3_ws/build/turtlebot3_example/install.log --single-version-externally-managed install_data --force
