[0.224s] Invoking command in '/home/hassen/turtlebot3_ws/build/turtlebot3_fake_node': CMAKE_PREFIX_PATH=/home/hassen/turtlebot3_ws/install/turtlebot3_msgs:/home/hassen/turtlebot3_ws/install/turtlebot3:/home/hassen/turtlebot3_ws/install/turtlebot3_simulations:/home/hassen/turtlebot3_ws/install/turtlebot3_bringup:/home/hassen/turtlebot3_ws/install/turtlebot3_node:/home/hassen/turtlebot3_ws/install/turtlebot3_navigation2:/home/hassen/turtlebot3_ws/install/turtlebot3_fake_node:/home/hassen/turtlebot3_ws/install/turtlebot3_gazebo:/home/hassen/turtlebot3_ws/install/turtlebot3_description:/home/hassen/turtlebot3_ws/install/turtlebot3_cartographer:/home/hassen/turtlebot3_ws/install/tb3_autonomy:/home/hassen/turtlebot3_ws/install/hls_lfcd_lds_driver:/home/hassen/turtlebot3_ws/install/dynamixel_sdk_examples:/home/hassen/turtlebot3_ws/install/dynamixel_sdk_custom_interfaces:/home/hassen/turtlebot3_ws/install/dynamixel_sdk:/home/hassen/turtlebot3_ws/install/turtlebot3_teleop:/home/hassen/turtlebot3_ws/install/turtlebot3_example:/home/hassen/turtlebot3_ws/install/tb3_sim:/opt/ros/humble LD_LIBRARY_PATH=/home/hassen/turtlebot3_ws/install/turtlebot3_msgs/lib:/home/hassen/turtlebot3_ws/install/dynamixel_sdk_custom_interfaces/lib:/home/hassen/turtlebot3_ws/install/dynamixel_sdk/lib:/usr/lib/x86_64-linux-gnu/gazebo-11/plugins:/opt/ros/humble/opt/rviz_ogre_vendor/lib:/opt/ros/humble/lib/x86_64-linux-gnu:/opt/ros/humble/lib:/usr/share/gazebo/../../lib/x86_64-linux-gnu/gazebo-11/plugins /usr/bin/cmake /home/hassen/turtlebot3_ws/src/turtlebot3/turtlebot3_simulations/turtlebot3_fake_node -DCMAKE_INSTALL_PREFIX=/home/hassen/turtlebot3_ws/install/turtlebot3_fake_node
[0.240s] -- Found ament_cmake: 1.3.8 (/opt/ros/humble/share/ament_cmake/cmake)
[0.342s] -- Override CMake install command with custom implementation using symlinks instead of copying resources
[0.348s] -- Found geometry_msgs: 4.2.3 (/opt/ros/humble/share/geometry_msgs/cmake)
[0.373s] -- Found rosidl_generator_c: 3.1.5 (/opt/ros/humble/share/rosidl_generator_c/cmake)
[0.375s] -- Found rosidl_adapter: 3.1.5 (/opt/ros/humble/share/rosidl_adapter/cmake)
[0.380s] -- Found rosidl_generator_cpp: 3.1.5 (/opt/ros/humble/share/rosidl_generator_cpp/cmake)
[0.390s] -- Using all available rosidl_typesupport_c: rosidl_typesupport_fastrtps_c;rosidl_typesupport_introspection_c
[0.404s] -- Using all available rosidl_typesupport_cpp: rosidl_typesupport_fastrtps_cpp;rosidl_typesupport_introspection_cpp
[0.503s] -- Found nav_msgs: 4.2.3 (/opt/ros/humble/share/nav_msgs/cmake)
[0.575s] -- Found rclcpp: 16.0.8 (/opt/ros/humble/share/rclcpp/cmake)
[0.617s] -- Found rmw_implementation_cmake: 6.1.1 (/opt/ros/humble/share/rmw_implementation_cmake/cmake)
[0.618s] -- Found rmw_fastrtps_cpp: 6.2.6 (/opt/ros/humble/share/rmw_fastrtps_cpp/cmake)
[0.757s] -- Using RMW implementation 'rmw_fastrtps_cpp' as default
[0.868s] -- Found sensor_msgs: 4.2.3 (/opt/ros/humble/share/sensor_msgs/cmake)
[0.940s] -- Found tf2: 0.25.6 (/opt/ros/humble/share/tf2/cmake)
[0.947s] -- Found tf2_msgs: 0.25.6 (/opt/ros/humble/share/tf2_msgs/cmake)
[1.072s] -- Found turtlebot3_msgs: 2.2.3 (/home/hassen/turtlebot3_ws/install/turtlebot3_msgs/share/turtlebot3_msgs/cmake)
[1.202s] -- Configuring done
[1.217s] -- Generating done
[1.218s] -- Build files have been written to: /home/hassen/turtlebot3_ws/build/turtlebot3_fake_node
[1.225s] Invoked command in '/home/hassen/turtlebot3_ws/build/turtlebot3_fake_node' returned '0': CMAKE_PREFIX_PATH=/home/hassen/turtlebot3_ws/install/turtlebot3_msgs:/home/hassen/turtlebot3_ws/install/turtlebot3:/home/hassen/turtlebot3_ws/install/turtlebot3_simulations:/home/hassen/turtlebot3_ws/install/turtlebot3_bringup:/home/hassen/turtlebot3_ws/install/turtlebot3_node:/home/hassen/turtlebot3_ws/install/turtlebot3_navigation2:/home/hassen/turtlebot3_ws/install/turtlebot3_fake_node:/home/hassen/turtlebot3_ws/install/turtlebot3_gazebo:/home/hassen/turtlebot3_ws/install/turtlebot3_description:/home/hassen/turtlebot3_ws/install/turtlebot3_cartographer:/home/hassen/turtlebot3_ws/install/tb3_autonomy:/home/hassen/turtlebot3_ws/install/hls_lfcd_lds_driver:/home/hassen/turtlebot3_ws/install/dynamixel_sdk_examples:/home/hassen/turtlebot3_ws/install/dynamixel_sdk_custom_interfaces:/home/hassen/turtlebot3_ws/install/dynamixel_sdk:/home/hassen/turtlebot3_ws/install/turtlebot3_teleop:/home/hassen/turtlebot3_ws/install/turtlebot3_example:/home/hassen/turtlebot3_ws/install/tb3_sim:/opt/ros/humble LD_LIBRARY_PATH=/home/hassen/turtlebot3_ws/install/turtlebot3_msgs/lib:/home/hassen/turtlebot3_ws/install/dynamixel_sdk_custom_interfaces/lib:/home/hassen/turtlebot3_ws/install/dynamixel_sdk/lib:/usr/lib/x86_64-linux-gnu/gazebo-11/plugins:/opt/ros/humble/opt/rviz_ogre_vendor/lib:/opt/ros/humble/lib/x86_64-linux-gnu:/opt/ros/humble/lib:/usr/share/gazebo/../../lib/x86_64-linux-gnu/gazebo-11/plugins /usr/bin/cmake /home/hassen/turtlebot3_ws/src/turtlebot3/turtlebot3_simulations/turtlebot3_fake_node -DCMAKE_INSTALL_PREFIX=/home/hassen/turtlebot3_ws/install/turtlebot3_fake_node
[1.227s] Invoking command in '/home/hassen/turtlebot3_ws/build/turtlebot3_fake_node': CMAKE_PREFIX_PATH=/home/hassen/turtlebot3_ws/install/turtlebot3_msgs:/home/hassen/turtlebot3_ws/install/turtlebot3:/home/hassen/turtlebot3_ws/install/turtlebot3_simulations:/home/hassen/turtlebot3_ws/install/turtlebot3_bringup:/home/hassen/turtlebot3_ws/install/turtlebot3_node:/home/hassen/turtlebot3_ws/install/turtlebot3_navigation2:/home/hassen/turtlebot3_ws/install/turtlebot3_fake_node:/home/hassen/turtlebot3_ws/install/turtlebot3_gazebo:/home/hassen/turtlebot3_ws/install/turtlebot3_description:/home/hassen/turtlebot3_ws/install/turtlebot3_cartographer:/home/hassen/turtlebot3_ws/install/tb3_autonomy:/home/hassen/turtlebot3_ws/install/hls_lfcd_lds_driver:/home/hassen/turtlebot3_ws/install/dynamixel_sdk_examples:/home/hassen/turtlebot3_ws/install/dynamixel_sdk_custom_interfaces:/home/hassen/turtlebot3_ws/install/dynamixel_sdk:/home/hassen/turtlebot3_ws/install/turtlebot3_teleop:/home/hassen/turtlebot3_ws/install/turtlebot3_example:/home/hassen/turtlebot3_ws/install/tb3_sim:/opt/ros/humble LD_LIBRARY_PATH=/home/hassen/turtlebot3_ws/install/turtlebot3_msgs/lib:/home/hassen/turtlebot3_ws/install/dynamixel_sdk_custom_interfaces/lib:/home/hassen/turtlebot3_ws/install/dynamixel_sdk/lib:/usr/lib/x86_64-linux-gnu/gazebo-11/plugins:/opt/ros/humble/opt/rviz_ogre_vendor/lib:/opt/ros/humble/lib/x86_64-linux-gnu:/opt/ros/humble/lib:/usr/share/gazebo/../../lib/x86_64-linux-gnu/gazebo-11/plugins /usr/bin/cmake --build /home/hassen/turtlebot3_ws/build/turtlebot3_fake_node -- -j12 -l12
[1.268s] [35m[1mConsolidate compiler generated dependencies of target turtlebot3_fake_node[0m
[1.289s] [100%] Built target turtlebot3_fake_node
[1.300s] Invoked command in '/home/hassen/turtlebot3_ws/build/turtlebot3_fake_node' returned '0': CMAKE_PREFIX_PATH=/home/hassen/turtlebot3_ws/install/turtlebot3_msgs:/home/hassen/turtlebot3_ws/install/turtlebot3:/home/hassen/turtlebot3_ws/install/turtlebot3_simulations:/home/hassen/turtlebot3_ws/install/turtlebot3_bringup:/home/hassen/turtlebot3_ws/install/turtlebot3_node:/home/hassen/turtlebot3_ws/install/turtlebot3_navigation2:/home/hassen/turtlebot3_ws/install/turtlebot3_fake_node:/home/hassen/turtlebot3_ws/install/turtlebot3_gazebo:/home/hassen/turtlebot3_ws/install/turtlebot3_description:/home/hassen/turtlebot3_ws/install/turtlebot3_cartographer:/home/hassen/turtlebot3_ws/install/tb3_autonomy:/home/hassen/turtlebot3_ws/install/hls_lfcd_lds_driver:/home/hassen/turtlebot3_ws/install/dynamixel_sdk_examples:/home/hassen/turtlebot3_ws/install/dynamixel_sdk_custom_interfaces:/home/hassen/turtlebot3_ws/install/dynamixel_sdk:/home/hassen/turtlebot3_ws/install/turtlebot3_teleop:/home/hassen/turtlebot3_ws/install/turtlebot3_example:/home/hassen/turtlebot3_ws/install/tb3_sim:/opt/ros/humble LD_LIBRARY_PATH=/home/hassen/turtlebot3_ws/install/turtlebot3_msgs/lib:/home/hassen/turtlebot3_ws/install/dynamixel_sdk_custom_interfaces/lib:/home/hassen/turtlebot3_ws/install/dynamixel_sdk/lib:/usr/lib/x86_64-linux-gnu/gazebo-11/plugins:/opt/ros/humble/opt/rviz_ogre_vendor/lib:/opt/ros/humble/lib/x86_64-linux-gnu:/opt/ros/humble/lib:/usr/share/gazebo/../../lib/x86_64-linux-gnu/gazebo-11/plugins /usr/bin/cmake --build /home/hassen/turtlebot3_ws/build/turtlebot3_fake_node -- -j12 -l12
[1.328s] Invoking command in '/home/hassen/turtlebot3_ws/build/turtlebot3_fake_node': CMAKE_PREFIX_PATH=/home/hassen/turtlebot3_ws/install/turtlebot3_msgs:/home/hassen/turtlebot3_ws/install/turtlebot3:/home/hassen/turtlebot3_ws/install/turtlebot3_simulations:/home/hassen/turtlebot3_ws/install/turtlebot3_bringup:/home/hassen/turtlebot3_ws/install/turtlebot3_node:/home/hassen/turtlebot3_ws/install/turtlebot3_navigation2:/home/hassen/turtlebot3_ws/install/turtlebot3_fake_node:/home/hassen/turtlebot3_ws/install/turtlebot3_gazebo:/home/hassen/turtlebot3_ws/install/turtlebot3_description:/home/hassen/turtlebot3_ws/install/turtlebot3_cartographer:/home/hassen/turtlebot3_ws/install/tb3_autonomy:/home/hassen/turtlebot3_ws/install/hls_lfcd_lds_driver:/home/hassen/turtlebot3_ws/install/dynamixel_sdk_examples:/home/hassen/turtlebot3_ws/install/dynamixel_sdk_custom_interfaces:/home/hassen/turtlebot3_ws/install/dynamixel_sdk:/home/hassen/turtlebot3_ws/install/turtlebot3_teleop:/home/hassen/turtlebot3_ws/install/turtlebot3_example:/home/hassen/turtlebot3_ws/install/tb3_sim:/opt/ros/humble LD_LIBRARY_PATH=/home/hassen/turtlebot3_ws/install/turtlebot3_msgs/lib:/home/hassen/turtlebot3_ws/install/dynamixel_sdk_custom_interfaces/lib:/home/hassen/turtlebot3_ws/install/dynamixel_sdk/lib:/usr/lib/x86_64-linux-gnu/gazebo-11/plugins:/opt/ros/humble/opt/rviz_ogre_vendor/lib:/opt/ros/humble/lib/x86_64-linux-gnu:/opt/ros/humble/lib:/usr/share/gazebo/../../lib/x86_64-linux-gnu/gazebo-11/plugins /usr/bin/cmake --install /home/hassen/turtlebot3_ws/build/turtlebot3_fake_node
[1.335s] -- Install configuration: ""
[1.335s] -- Execute custom install script
[1.336s] -- Up-to-date symlink: /home/hassen/turtlebot3_ws/install/turtlebot3_fake_node/lib/turtlebot3_fake_node/turtlebot3_fake_node
[1.336s] -- Up-to-date symlink: /home/hassen/turtlebot3_ws/install/turtlebot3_fake_node/share/turtlebot3_fake_node/launch/rviz2.launch.py
[1.337s] -- Up-to-date symlink: /home/hassen/turtlebot3_ws/install/turtlebot3_fake_node/share/turtlebot3_fake_node/launch/turtlebot3_fake_node.launch.py
[1.337s] -- Up-to-date symlink: /home/hassen/turtlebot3_ws/install/turtlebot3_fake_node/share/turtlebot3_fake_node/param/burger.yaml
[1.337s] -- Up-to-date symlink: /home/hassen/turtlebot3_ws/install/turtlebot3_fake_node/share/turtlebot3_fake_node/param/waffle.yaml
[1.338s] -- Up-to-date symlink: /home/hassen/turtlebot3_ws/install/turtlebot3_fake_node/share/turtlebot3_fake_node/param/waffle_pi.yaml
[1.338s] -- Up-to-date symlink: /home/hassen/turtlebot3_ws/install/turtlebot3_fake_node/include//turtlebot3_fake_node/turtlebot3_fake_node.hpp
[1.339s] -- Up-to-date symlink: /home/hassen/turtlebot3_ws/install/turtlebot3_fake_node/share/ament_index/resource_index/package_run_dependencies/turtlebot3_fake_node
[1.339s] -- Up-to-date symlink: /home/hassen/turtlebot3_ws/install/turtlebot3_fake_node/share/ament_index/resource_index/parent_prefix_path/turtlebot3_fake_node
[1.339s] -- Up-to-date symlink: /home/hassen/turtlebot3_ws/install/turtlebot3_fake_node/share/turtlebot3_fake_node/environment/ament_prefix_path.sh
[1.339s] -- Up-to-date symlink: /home/hassen/turtlebot3_ws/install/turtlebot3_fake_node/share/turtlebot3_fake_node/environment/ament_prefix_path.dsv
[1.339s] -- Up-to-date symlink: /home/hassen/turtlebot3_ws/install/turtlebot3_fake_node/share/turtlebot3_fake_node/environment/path.sh
[1.340s] -- Up-to-date symlink: /home/hassen/turtlebot3_ws/install/turtlebot3_fake_node/share/turtlebot3_fake_node/environment/path.dsv
[1.340s] -- Up-to-date symlink: /home/hassen/turtlebot3_ws/install/turtlebot3_fake_node/share/turtlebot3_fake_node/local_setup.bash
[1.340s] -- Up-to-date symlink: /home/hassen/turtlebot3_ws/install/turtlebot3_fake_node/share/turtlebot3_fake_node/local_setup.sh
[1.340s] -- Up-to-date symlink: /home/hassen/turtlebot3_ws/install/turtlebot3_fake_node/share/turtlebot3_fake_node/local_setup.zsh
[1.341s] -- Up-to-date symlink: /home/hassen/turtlebot3_ws/install/turtlebot3_fake_node/share/turtlebot3_fake_node/local_setup.dsv
[1.341s] -- Symlinking: /home/hassen/turtlebot3_ws/install/turtlebot3_fake_node/share/turtlebot3_fake_node/package.dsv
[1.350s] -- Up-to-date symlink: /home/hassen/turtlebot3_ws/install/turtlebot3_fake_node/share/ament_index/resource_index/packages/turtlebot3_fake_node
[1.351s] -- Up-to-date symlink: /home/hassen/turtlebot3_ws/install/turtlebot3_fake_node/share/turtlebot3_fake_node/cmake/ament_cmake_export_include_directories-extras.cmake
[1.351s] -- Up-to-date symlink: /home/hassen/turtlebot3_ws/install/turtlebot3_fake_node/share/turtlebot3_fake_node/cmake/ament_cmake_export_dependencies-extras.cmake
[1.351s] -- Up-to-date symlink: /home/hassen/turtlebot3_ws/install/turtlebot3_fake_node/share/turtlebot3_fake_node/cmake/turtlebot3_fake_nodeConfig.cmake
[1.351s] -- Up-to-date symlink: /home/hassen/turtlebot3_ws/install/turtlebot3_fake_node/share/turtlebot3_fake_node/cmake/turtlebot3_fake_nodeConfig-version.cmake
[1.351s] -- Up-to-date symlink: /home/hassen/turtlebot3_ws/install/turtlebot3_fake_node/share/turtlebot3_fake_node/package.xml
[1.354s] Invoked command in '/home/hassen/turtlebot3_ws/build/turtlebot3_fake_node' returned '0': CMAKE_PREFIX_PATH=/home/hassen/turtlebot3_ws/install/turtlebot3_msgs:/home/hassen/turtlebot3_ws/install/turtlebot3:/home/hassen/turtlebot3_ws/install/turtlebot3_simulations:/home/hassen/turtlebot3_ws/install/turtlebot3_bringup:/home/hassen/turtlebot3_ws/install/turtlebot3_node:/home/hassen/turtlebot3_ws/install/turtlebot3_navigation2:/home/hassen/turtlebot3_ws/install/turtlebot3_fake_node:/home/hassen/turtlebot3_ws/install/turtlebot3_gazebo:/home/hassen/turtlebot3_ws/install/turtlebot3_description:/home/hassen/turtlebot3_ws/install/turtlebot3_cartographer:/home/hassen/turtlebot3_ws/install/tb3_autonomy:/home/hassen/turtlebot3_ws/install/hls_lfcd_lds_driver:/home/hassen/turtlebot3_ws/install/dynamixel_sdk_examples:/home/hassen/turtlebot3_ws/install/dynamixel_sdk_custom_interfaces:/home/hassen/turtlebot3_ws/install/dynamixel_sdk:/home/hassen/turtlebot3_ws/install/turtlebot3_teleop:/home/hassen/turtlebot3_ws/install/turtlebot3_example:/home/hassen/turtlebot3_ws/install/tb3_sim:/opt/ros/humble LD_LIBRARY_PATH=/home/hassen/turtlebot3_ws/install/turtlebot3_msgs/lib:/home/hassen/turtlebot3_ws/install/dynamixel_sdk_custom_interfaces/lib:/home/hassen/turtlebot3_ws/install/dynamixel_sdk/lib:/usr/lib/x86_64-linux-gnu/gazebo-11/plugins:/opt/ros/humble/opt/rviz_ogre_vendor/lib:/opt/ros/humble/lib/x86_64-linux-gnu:/opt/ros/humble/lib:/usr/share/gazebo/../../lib/x86_64-linux-gnu/gazebo-11/plugins /usr/bin/cmake --install /home/hassen/turtlebot3_ws/build/turtlebot3_fake_node
