[1.056s] Invoking command in '/home/hassen/turtlebot3_ws/src/turtlebot3/turtlebot3/turtlebot3_teleop': PYTHONPATH=/home/hassen/turtlebot3_ws/build/turtlebot3_teleop/prefix_override:/home/hassen/turtlebot3_ws/install/turtlebot3_teleop/lib/python3.10/site-packages:${PYTHONPATH} /usr/bin/python3 -W ignore:setup.py install is deprecated setup.py egg_info --egg-base ../../../../build/turtlebot3_teleop build --build-base /home/hassen/turtlebot3_ws/build/turtlebot3_teleop/build install --record /home/hassen/turtlebot3_ws/build/turtlebot3_teleop/install.log --single-version-externally-managed install_data
[1.280s] running egg_info
[1.281s] writing ../../../../build/turtlebot3_teleop/turtlebot3_teleop.egg-info/PKG-INFO
[1.288s] writing dependency_links to ../../../../build/turtlebot3_teleop/turtlebot3_teleop.egg-info/dependency_links.txt
[1.288s] writing entry points to ../../../../build/turtlebot3_teleop/turtlebot3_teleop.egg-info/entry_points.txt
[1.289s] writing requirements to ../../../../build/turtlebot3_teleop/turtlebot3_teleop.egg-info/requires.txt
[1.289s] writing top-level names to ../../../../build/turtlebot3_teleop/turtlebot3_teleop.egg-info/top_level.txt
[1.290s] reading manifest file '../../../../build/turtlebot3_teleop/turtlebot3_teleop.egg-info/SOURCES.txt'
[1.298s] writing manifest file '../../../../build/turtlebot3_teleop/turtlebot3_teleop.egg-info/SOURCES.txt'
[1.298s] running build
[1.298s] running build_py
[1.305s] running install
[1.305s] running install_lib
[1.307s] running install_data
[1.307s] running install_egg_info
[1.308s] removing '/home/hassen/turtlebot3_ws/install/turtlebot3_teleop/lib/python3.10/site-packages/turtlebot3_teleop-2.1.5-py3.10.egg-info' (and everything under it)
[1.308s] Copying ../../../../build/turtlebot3_teleop/turtlebot3_teleop.egg-info to /home/hassen/turtlebot3_ws/install/turtlebot3_teleop/lib/python3.10/site-packages/turtlebot3_teleop-2.1.5-py3.10.egg-info
[1.314s] running install_scripts
[1.331s] Installing teleop_keyboard script to /home/hassen/turtlebot3_ws/install/turtlebot3_teleop/lib/turtlebot3_teleop
[1.332s] writing list of installed files to '/home/hassen/turtlebot3_ws/build/turtlebot3_teleop/install.log'
[1.357s] Invoked command in '/home/hassen/turtlebot3_ws/src/turtlebot3/turtlebot3/turtlebot3_teleop' returned '0': PYTHONPATH=/home/hassen/turtlebot3_ws/build/turtlebot3_teleop/prefix_override:/home/hassen/turtlebot3_ws/install/turtlebot3_teleop/lib/python3.10/site-packages:${PYTHONPATH} /usr/bin/python3 -W ignore:setup.py install is deprecated setup.py egg_info --egg-base ../../../../build/turtlebot3_teleop build --build-base /home/hassen/turtlebot3_ws/build/turtlebot3_teleop/build install --record /home/hassen/turtlebot3_ws/build/turtlebot3_teleop/install.log --single-version-externally-managed install_data
