[0.028s] Invoking command in '/home/hassen/turtlebot3_ws/build/yolov8_msgs': CMAKE_PREFIX_PATH=${CMAKE_PREFIX_PATH}:/home/hassen/turtlebot3_ws/install/turtlebot3_teleop:/home/hassen/turtlebot3_ws/install/turtlebot3_example:/home/hassen/turtlebot3_ws/install/tb3_sim:/opt/ros/humble /usr/bin/cmake --build /home/hassen/turtlebot3_ws/build/yolov8_msgs -- -j12 -l12
[0.092s] [  2%] Built target yolov8_msgs__cpp
[0.093s] [ 12%] Built target yolov8_msgs__rosidl_generator_c
[0.117s] [ 12%] Built target ament_cmake_python_copy_yolov8_msgs
[0.136s] [ 30%] Built target yolov8_msgs__rosidl_typesupport_fastrtps_c
[0.137s] [ 33%] Built target yolov8_msgs__rosidl_typesupport_fastrtps_cpp
[0.137s] [ 43%] Built target yolov8_msgs__rosidl_typesupport_introspection_cpp
[0.137s] [ 53%] Built target yolov8_msgs__rosidl_typesupport_cpp
[0.137s] [ 64%] Built target yolov8_msgs__rosidl_typesupport_introspection_c
[0.138s] [ 74%] Built target yolov8_msgs__rosidl_typesupport_c
[0.167s] [ 74%] Built target yolov8_msgs
[0.196s] [ 76%] Built target yolov8_msgs__py
[0.222s] [ 84%] Built target yolov8_msgs__rosidl_generator_py
[0.250s] [ 89%] Built target yolov8_msgs__rosidl_typesupport_fastrtps_c__pyext
[0.251s] [ 94%] Built target yolov8_msgs__rosidl_typesupport_introspection_c__pyext
[0.258s] [100%] Built target yolov8_msgs__rosidl_typesupport_c__pyext
[0.367s] running egg_info
[0.368s] writing yolov8_msgs.egg-info/PKG-INFO
[0.368s] writing dependency_links to yolov8_msgs.egg-info/dependency_links.txt
[0.368s] writing top-level names to yolov8_msgs.egg-info/top_level.txt
[0.370s] reading manifest file 'yolov8_msgs.egg-info/SOURCES.txt'
[0.370s] writing manifest file 'yolov8_msgs.egg-info/SOURCES.txt'
[0.394s] [100%] Built target ament_cmake_python_build_yolov8_msgs_egg
[0.619s] Invoked command in '/home/hassen/turtlebot3_ws/build/yolov8_msgs' returned '0': CMAKE_PREFIX_PATH=${CMAKE_PREFIX_PATH}:/home/hassen/turtlebot3_ws/install/turtlebot3_teleop:/home/hassen/turtlebot3_ws/install/turtlebot3_example:/home/hassen/turtlebot3_ws/install/tb3_sim:/opt/ros/humble /usr/bin/cmake --build /home/hassen/turtlebot3_ws/build/yolov8_msgs -- -j12 -l12
[0.722s] Invoking command in '/home/hassen/turtlebot3_ws/build/yolov8_msgs': CMAKE_PREFIX_PATH=${CMAKE_PREFIX_PATH}:/home/hassen/turtlebot3_ws/install/turtlebot3_teleop:/home/hassen/turtlebot3_ws/install/turtlebot3_example:/home/hassen/turtlebot3_ws/install/tb3_sim:/opt/ros/humble /usr/bin/cmake --install /home/hassen/turtlebot3_ws/build/yolov8_msgs
[0.730s] -- Install configuration: ""
[0.730s] -- Up-to-date: /home/hassen/turtlebot3_ws/install/yolov8_msgs/share/ament_index/resource_index/rosidl_interfaces/yolov8_msgs
[0.730s] -- Up-to-date: /home/hassen/turtlebot3_ws/install/yolov8_msgs/include/yolov8_msgs/yolov8_msgs
[0.730s] -- Up-to-date: /home/hassen/turtlebot3_ws/install/yolov8_msgs/include/yolov8_msgs/yolov8_msgs/msg
[0.730s] -- Up-to-date: /home/hassen/turtlebot3_ws/install/yolov8_msgs/include/yolov8_msgs/yolov8_msgs/msg/rosidl_generator_c__visibility_control.h
[0.730s] -- Up-to-date: /home/hassen/turtlebot3_ws/install/yolov8_msgs/include/yolov8_msgs/yolov8_msgs/msg/yolov8_inference.h
[0.731s] -- Up-to-date: /home/hassen/turtlebot3_ws/install/yolov8_msgs/include/yolov8_msgs/yolov8_msgs/msg/inference_result.h
[0.731s] -- Up-to-date: /home/hassen/turtlebot3_ws/install/yolov8_msgs/include/yolov8_msgs/yolov8_msgs/msg/detail
[0.731s] -- Up-to-date: /home/hassen/turtlebot3_ws/install/yolov8_msgs/include/yolov8_msgs/yolov8_msgs/msg/detail/yolov8_inference__type_support.h
[0.731s] -- Up-to-date: /home/hassen/turtlebot3_ws/install/yolov8_msgs/include/yolov8_msgs/yolov8_msgs/msg/detail/yolov8_inference__struct.h
[0.731s] -- Up-to-date: /home/hassen/turtlebot3_ws/install/yolov8_msgs/include/yolov8_msgs/yolov8_msgs/msg/detail/inference_result__struct.h
[0.731s] -- Up-to-date: /home/hassen/turtlebot3_ws/install/yolov8_msgs/include/yolov8_msgs/yolov8_msgs/msg/detail/inference_result__functions.c
[0.731s] -- Up-to-date: /home/hassen/turtlebot3_ws/install/yolov8_msgs/include/yolov8_msgs/yolov8_msgs/msg/detail/inference_result__functions.h
[0.732s] -- Up-to-date: /home/hassen/turtlebot3_ws/install/yolov8_msgs/include/yolov8_msgs/yolov8_msgs/msg/detail/yolov8_inference__functions.c
[0.732s] -- Up-to-date: /home/hassen/turtlebot3_ws/install/yolov8_msgs/include/yolov8_msgs/yolov8_msgs/msg/detail/yolov8_inference__functions.h
[0.732s] -- Up-to-date: /home/hassen/turtlebot3_ws/install/yolov8_msgs/include/yolov8_msgs/yolov8_msgs/msg/detail/inference_result__type_support.h
[0.732s] -- Up-to-date: /home/hassen/turtlebot3_ws/install/yolov8_msgs/share/yolov8_msgs/environment/library_path.sh
[0.734s] -- Up-to-date: /home/hassen/turtlebot3_ws/install/yolov8_msgs/share/yolov8_msgs/environment/library_path.dsv
[0.734s] -- Up-to-date: /home/hassen/turtlebot3_ws/install/yolov8_msgs/lib/libyolov8_msgs__rosidl_generator_c.so
[0.735s] -- Up-to-date: /home/hassen/turtlebot3_ws/install/yolov8_msgs/include/yolov8_msgs/yolov8_msgs
[0.735s] -- Up-to-date: /home/hassen/turtlebot3_ws/install/yolov8_msgs/include/yolov8_msgs/yolov8_msgs/msg
[0.736s] -- Up-to-date: /home/hassen/turtlebot3_ws/install/yolov8_msgs/include/yolov8_msgs/yolov8_msgs/msg/rosidl_typesupport_fastrtps_c__visibility_control.h
[0.736s] -- Up-to-date: /home/hassen/turtlebot3_ws/install/yolov8_msgs/include/yolov8_msgs/yolov8_msgs/msg/detail
[0.736s] -- Up-to-date: /home/hassen/turtlebot3_ws/install/yolov8_msgs/include/yolov8_msgs/yolov8_msgs/msg/detail/inference_result__rosidl_typesupport_fastrtps_c.h
[0.736s] -- Up-to-date: /home/hassen/turtlebot3_ws/install/yolov8_msgs/include/yolov8_msgs/yolov8_msgs/msg/detail/yolov8_inference__rosidl_typesupport_fastrtps_c.h
[0.736s] -- Up-to-date: /home/hassen/turtlebot3_ws/install/yolov8_msgs/lib/libyolov8_msgs__rosidl_typesupport_fastrtps_c.so
[0.736s] -- Up-to-date: /home/hassen/turtlebot3_ws/install/yolov8_msgs/include/yolov8_msgs/yolov8_msgs
[0.736s] -- Up-to-date: /home/hassen/turtlebot3_ws/install/yolov8_msgs/include/yolov8_msgs/yolov8_msgs/msg
[0.737s] -- Up-to-date: /home/hassen/turtlebot3_ws/install/yolov8_msgs/include/yolov8_msgs/yolov8_msgs/msg/inference_result.hpp
[0.737s] -- Up-to-date: /home/hassen/turtlebot3_ws/install/yolov8_msgs/include/yolov8_msgs/yolov8_msgs/msg/yolov8_inference.hpp
[0.737s] -- Up-to-date: /home/hassen/turtlebot3_ws/install/yolov8_msgs/include/yolov8_msgs/yolov8_msgs/msg/detail
[0.737s] -- Up-to-date: /home/hassen/turtlebot3_ws/install/yolov8_msgs/include/yolov8_msgs/yolov8_msgs/msg/detail/yolov8_inference__traits.hpp
[0.737s] -- Up-to-date: /home/hassen/turtlebot3_ws/install/yolov8_msgs/include/yolov8_msgs/yolov8_msgs/msg/detail/inference_result__struct.hpp
[0.737s] -- Up-to-date: /home/hassen/turtlebot3_ws/install/yolov8_msgs/include/yolov8_msgs/yolov8_msgs/msg/detail/inference_result__traits.hpp
[0.737s] -- Up-to-date: /home/hassen/turtlebot3_ws/install/yolov8_msgs/include/yolov8_msgs/yolov8_msgs/msg/detail/yolov8_inference__struct.hpp
[0.737s] -- Up-to-date: /home/hassen/turtlebot3_ws/install/yolov8_msgs/include/yolov8_msgs/yolov8_msgs/msg/detail/inference_result__builder.hpp
[0.738s] -- Up-to-date: /home/hassen/turtlebot3_ws/install/yolov8_msgs/include/yolov8_msgs/yolov8_msgs/msg/detail/yolov8_inference__builder.hpp
[0.738s] -- Up-to-date: /home/hassen/turtlebot3_ws/install/yolov8_msgs/include/yolov8_msgs/yolov8_msgs
[0.738s] -- Up-to-date: /home/hassen/turtlebot3_ws/install/yolov8_msgs/include/yolov8_msgs/yolov8_msgs/msg
[0.738s] -- Up-to-date: /home/hassen/turtlebot3_ws/install/yolov8_msgs/include/yolov8_msgs/yolov8_msgs/msg/rosidl_typesupport_fastrtps_cpp__visibility_control.h
[0.739s] -- Up-to-date: /home/hassen/turtlebot3_ws/install/yolov8_msgs/include/yolov8_msgs/yolov8_msgs/msg/detail
[0.739s] -- Up-to-date: /home/hassen/turtlebot3_ws/install/yolov8_msgs/include/yolov8_msgs/yolov8_msgs/msg/detail/yolov8_inference__rosidl_typesupport_fastrtps_cpp.hpp
[0.739s] -- Up-to-date: /home/hassen/turtlebot3_ws/install/yolov8_msgs/include/yolov8_msgs/yolov8_msgs/msg/detail/dds_fastrtps
[0.739s] -- Up-to-date: /home/hassen/turtlebot3_ws/install/yolov8_msgs/include/yolov8_msgs/yolov8_msgs/msg/detail/inference_result__rosidl_typesupport_fastrtps_cpp.hpp
[0.739s] -- Up-to-date: /home/hassen/turtlebot3_ws/install/yolov8_msgs/lib/libyolov8_msgs__rosidl_typesupport_fastrtps_cpp.so
[0.740s] -- Up-to-date: /home/hassen/turtlebot3_ws/install/yolov8_msgs/include/yolov8_msgs/yolov8_msgs
[0.740s] -- Up-to-date: /home/hassen/turtlebot3_ws/install/yolov8_msgs/include/yolov8_msgs/yolov8_msgs/msg
[0.741s] -- Up-to-date: /home/hassen/turtlebot3_ws/install/yolov8_msgs/include/yolov8_msgs/yolov8_msgs/msg/rosidl_typesupport_introspection_c__visibility_control.h
[0.741s] -- Up-to-date: /home/hassen/turtlebot3_ws/install/yolov8_msgs/include/yolov8_msgs/yolov8_msgs/msg/detail
[0.741s] -- Up-to-date: /home/hassen/turtlebot3_ws/install/yolov8_msgs/include/yolov8_msgs/yolov8_msgs/msg/detail/inference_result__type_support.c
[0.741s] -- Up-to-date: /home/hassen/turtlebot3_ws/install/yolov8_msgs/include/yolov8_msgs/yolov8_msgs/msg/detail/yolov8_inference__type_support.c
[0.742s] -- Up-to-date: /home/hassen/turtlebot3_ws/install/yolov8_msgs/include/yolov8_msgs/yolov8_msgs/msg/detail/inference_result__rosidl_typesupport_introspection_c.h
[0.742s] -- Up-to-date: /home/hassen/turtlebot3_ws/install/yolov8_msgs/include/yolov8_msgs/yolov8_msgs/msg/detail/yolov8_inference__rosidl_typesupport_introspection_c.h
[0.743s] -- Up-to-date: /home/hassen/turtlebot3_ws/install/yolov8_msgs/lib/libyolov8_msgs__rosidl_typesupport_introspection_c.so
[0.743s] -- Up-to-date: /home/hassen/turtlebot3_ws/install/yolov8_msgs/lib/libyolov8_msgs__rosidl_typesupport_c.so
[0.743s] -- Up-to-date: /home/hassen/turtlebot3_ws/install/yolov8_msgs/include/yolov8_msgs/yolov8_msgs
[0.744s] -- Up-to-date: /home/hassen/turtlebot3_ws/install/yolov8_msgs/include/yolov8_msgs/yolov8_msgs/msg
[0.744s] -- Up-to-date: /home/hassen/turtlebot3_ws/install/yolov8_msgs/include/yolov8_msgs/yolov8_msgs/msg/detail
[0.744s] -- Up-to-date: /home/hassen/turtlebot3_ws/install/yolov8_msgs/include/yolov8_msgs/yolov8_msgs/msg/detail/inference_result__type_support.cpp
[0.744s] -- Up-to-date: /home/hassen/turtlebot3_ws/install/yolov8_msgs/include/yolov8_msgs/yolov8_msgs/msg/detail/yolov8_inference__type_support.cpp
[0.745s] -- Up-to-date: /home/hassen/turtlebot3_ws/install/yolov8_msgs/include/yolov8_msgs/yolov8_msgs/msg/detail/inference_result__rosidl_typesupport_introspection_cpp.hpp
[0.745s] -- Up-to-date: /home/hassen/turtlebot3_ws/install/yolov8_msgs/include/yolov8_msgs/yolov8_msgs/msg/detail/yolov8_inference__rosidl_typesupport_introspection_cpp.hpp
[0.745s] -- Up-to-date: /home/hassen/turtlebot3_ws/install/yolov8_msgs/lib/libyolov8_msgs__rosidl_typesupport_introspection_cpp.so
[0.746s] -- Up-to-date: /home/hassen/turtlebot3_ws/install/yolov8_msgs/lib/libyolov8_msgs__rosidl_typesupport_cpp.so
[0.746s] -- Up-to-date: /home/hassen/turtlebot3_ws/install/yolov8_msgs/share/yolov8_msgs/environment/pythonpath.sh
[0.746s] -- Up-to-date: /home/hassen/turtlebot3_ws/install/yolov8_msgs/share/yolov8_msgs/environment/pythonpath.dsv
[0.747s] -- Up-to-date: /home/hassen/turtlebot3_ws/install/yolov8_msgs/local/lib/python3.10/dist-packages/yolov8_msgs-0.0.0-py3.10.egg-info
[0.747s] -- Installing: /home/hassen/turtlebot3_ws/install/yolov8_msgs/local/lib/python3.10/dist-packages/yolov8_msgs-0.0.0-py3.10.egg-info/dependency_links.txt
[0.748s] -- Installing: /home/hassen/turtlebot3_ws/install/yolov8_msgs/local/lib/python3.10/dist-packages/yolov8_msgs-0.0.0-py3.10.egg-info/PKG-INFO
[0.748s] -- Installing: /home/hassen/turtlebot3_ws/install/yolov8_msgs/local/lib/python3.10/dist-packages/yolov8_msgs-0.0.0-py3.10.egg-info/top_level.txt
[0.748s] -- Installing: /home/hassen/turtlebot3_ws/install/yolov8_msgs/local/lib/python3.10/dist-packages/yolov8_msgs-0.0.0-py3.10.egg-info/SOURCES.txt
[0.748s] -- Up-to-date: /home/hassen/turtlebot3_ws/install/yolov8_msgs/local/lib/python3.10/dist-packages/yolov8_msgs
[0.748s] -- Up-to-date: /home/hassen/turtlebot3_ws/install/yolov8_msgs/local/lib/python3.10/dist-packages/yolov8_msgs/yolov8_msgs_s__rosidl_typesupport_c.cpython-310-x86_64-linux-gnu.so
[0.748s] -- Up-to-date: /home/hassen/turtlebot3_ws/install/yolov8_msgs/local/lib/python3.10/dist-packages/yolov8_msgs/msg
[0.748s] -- Up-to-date: /home/hassen/turtlebot3_ws/install/yolov8_msgs/local/lib/python3.10/dist-packages/yolov8_msgs/msg/_inference_result_s.c
[0.749s] -- Up-to-date: /home/hassen/turtlebot3_ws/install/yolov8_msgs/local/lib/python3.10/dist-packages/yolov8_msgs/msg/__init__.py
[0.749s] -- Up-to-date: /home/hassen/turtlebot3_ws/install/yolov8_msgs/local/lib/python3.10/dist-packages/yolov8_msgs/msg/_yolov8_inference_s.c
[0.749s] -- Up-to-date: /home/hassen/turtlebot3_ws/install/yolov8_msgs/local/lib/python3.10/dist-packages/yolov8_msgs/msg/_inference_result.py
[0.749s] -- Up-to-date: /home/hassen/turtlebot3_ws/install/yolov8_msgs/local/lib/python3.10/dist-packages/yolov8_msgs/msg/_yolov8_inference.py
[0.750s] -- Up-to-date: /home/hassen/turtlebot3_ws/install/yolov8_msgs/local/lib/python3.10/dist-packages/yolov8_msgs/_yolov8_msgs_s.ep.rosidl_typesupport_introspection_c.c
[0.750s] -- Up-to-date: /home/hassen/turtlebot3_ws/install/yolov8_msgs/local/lib/python3.10/dist-packages/yolov8_msgs/_yolov8_msgs_s.ep.rosidl_typesupport_c.c
[0.750s] -- Up-to-date: /home/hassen/turtlebot3_ws/install/yolov8_msgs/local/lib/python3.10/dist-packages/yolov8_msgs/__init__.py
[0.750s] -- Up-to-date: /home/hassen/turtlebot3_ws/install/yolov8_msgs/local/lib/python3.10/dist-packages/yolov8_msgs/yolov8_msgs_s__rosidl_typesupport_introspection_c.cpython-310-x86_64-linux-gnu.so
[0.750s] -- Up-to-date: /home/hassen/turtlebot3_ws/install/yolov8_msgs/local/lib/python3.10/dist-packages/yolov8_msgs/libyolov8_msgs__rosidl_generator_py.so
[0.750s] -- Up-to-date: /home/hassen/turtlebot3_ws/install/yolov8_msgs/local/lib/python3.10/dist-packages/yolov8_msgs/yolov8_msgs_s__rosidl_typesupport_fastrtps_c.cpython-310-x86_64-linux-gnu.so
[0.750s] -- Up-to-date: /home/hassen/turtlebot3_ws/install/yolov8_msgs/local/lib/python3.10/dist-packages/yolov8_msgs/_yolov8_msgs_s.ep.rosidl_typesupport_fastrtps_c.c
[0.765s] Listing '/home/hassen/turtlebot3_ws/install/yolov8_msgs/local/lib/python3.10/dist-packages/yolov8_msgs'...
[0.765s] Listing '/home/hassen/turtlebot3_ws/install/yolov8_msgs/local/lib/python3.10/dist-packages/yolov8_msgs/msg'...
[0.768s] -- Up-to-date: /home/hassen/turtlebot3_ws/install/yolov8_msgs/local/lib/python3.10/dist-packages/yolov8_msgs/yolov8_msgs_s__rosidl_typesupport_fastrtps_c.cpython-310-x86_64-linux-gnu.so
[0.768s] -- Up-to-date: /home/hassen/turtlebot3_ws/install/yolov8_msgs/local/lib/python3.10/dist-packages/yolov8_msgs/yolov8_msgs_s__rosidl_typesupport_introspection_c.cpython-310-x86_64-linux-gnu.so
[0.768s] -- Up-to-date: /home/hassen/turtlebot3_ws/install/yolov8_msgs/local/lib/python3.10/dist-packages/yolov8_msgs/yolov8_msgs_s__rosidl_typesupport_c.cpython-310-x86_64-linux-gnu.so
[0.769s] -- Up-to-date: /home/hassen/turtlebot3_ws/install/yolov8_msgs/lib/libyolov8_msgs__rosidl_generator_py.so
[0.769s] -- Up-to-date: /home/hassen/turtlebot3_ws/install/yolov8_msgs/share/yolov8_msgs/msg/InferenceResult.idl
[0.769s] -- Up-to-date: /home/hassen/turtlebot3_ws/install/yolov8_msgs/share/yolov8_msgs/msg/Yolov8Inference.idl
[0.769s] -- Up-to-date: /home/hassen/turtlebot3_ws/install/yolov8_msgs/share/yolov8_msgs/msg/InferenceResult.msg
[0.770s] -- Up-to-date: /home/hassen/turtlebot3_ws/install/yolov8_msgs/share/yolov8_msgs/msg/Yolov8Inference.msg
[0.770s] -- Up-to-date: /home/hassen/turtlebot3_ws/install/yolov8_msgs/share/ament_index/resource_index/package_run_dependencies/yolov8_msgs
[0.770s] -- Up-to-date: /home/hassen/turtlebot3_ws/install/yolov8_msgs/share/ament_index/resource_index/parent_prefix_path/yolov8_msgs
[0.770s] -- Up-to-date: /home/hassen/turtlebot3_ws/install/yolov8_msgs/share/yolov8_msgs/environment/ament_prefix_path.sh
[0.770s] -- Up-to-date: /home/hassen/turtlebot3_ws/install/yolov8_msgs/share/yolov8_msgs/environment/ament_prefix_path.dsv
[0.770s] -- Up-to-date: /home/hassen/turtlebot3_ws/install/yolov8_msgs/share/yolov8_msgs/environment/path.sh
[0.771s] -- Up-to-date: /home/hassen/turtlebot3_ws/install/yolov8_msgs/share/yolov8_msgs/environment/path.dsv
[0.771s] -- Up-to-date: /home/hassen/turtlebot3_ws/install/yolov8_msgs/share/yolov8_msgs/local_setup.bash
[0.771s] -- Up-to-date: /home/hassen/turtlebot3_ws/install/yolov8_msgs/share/yolov8_msgs/local_setup.sh
[0.771s] -- Up-to-date: /home/hassen/turtlebot3_ws/install/yolov8_msgs/share/yolov8_msgs/local_setup.zsh
[0.771s] -- Up-to-date: /home/hassen/turtlebot3_ws/install/yolov8_msgs/share/yolov8_msgs/local_setup.dsv
[0.771s] -- Installing: /home/hassen/turtlebot3_ws/install/yolov8_msgs/share/yolov8_msgs/package.dsv
[0.772s] -- Up-to-date: /home/hassen/turtlebot3_ws/install/yolov8_msgs/share/ament_index/resource_index/packages/yolov8_msgs
[0.772s] -- Up-to-date: /home/hassen/turtlebot3_ws/install/yolov8_msgs/share/yolov8_msgs/cmake/export_yolov8_msgs__rosidl_generator_cExport.cmake
[0.772s] -- Up-to-date: /home/hassen/turtlebot3_ws/install/yolov8_msgs/share/yolov8_msgs/cmake/export_yolov8_msgs__rosidl_generator_cExport-noconfig.cmake
[0.772s] -- Up-to-date: /home/hassen/turtlebot3_ws/install/yolov8_msgs/share/yolov8_msgs/cmake/export_yolov8_msgs__rosidl_typesupport_fastrtps_cExport.cmake
[0.772s] -- Up-to-date: /home/hassen/turtlebot3_ws/install/yolov8_msgs/share/yolov8_msgs/cmake/export_yolov8_msgs__rosidl_typesupport_fastrtps_cExport-noconfig.cmake
[0.772s] -- Up-to-date: /home/hassen/turtlebot3_ws/install/yolov8_msgs/share/yolov8_msgs/cmake/export_yolov8_msgs__rosidl_generator_cppExport.cmake
[0.772s] -- Up-to-date: /home/hassen/turtlebot3_ws/install/yolov8_msgs/share/yolov8_msgs/cmake/export_yolov8_msgs__rosidl_typesupport_fastrtps_cppExport.cmake
[0.772s] -- Up-to-date: /home/hassen/turtlebot3_ws/install/yolov8_msgs/share/yolov8_msgs/cmake/export_yolov8_msgs__rosidl_typesupport_fastrtps_cppExport-noconfig.cmake
[0.772s] -- Up-to-date: /home/hassen/turtlebot3_ws/install/yolov8_msgs/share/yolov8_msgs/cmake/yolov8_msgs__rosidl_typesupport_introspection_cExport.cmake
[0.772s] -- Up-to-date: /home/hassen/turtlebot3_ws/install/yolov8_msgs/share/yolov8_msgs/cmake/yolov8_msgs__rosidl_typesupport_introspection_cExport-noconfig.cmake
[0.773s] -- Up-to-date: /home/hassen/turtlebot3_ws/install/yolov8_msgs/share/yolov8_msgs/cmake/yolov8_msgs__rosidl_typesupport_cExport.cmake
[0.773s] -- Up-to-date: /home/hassen/turtlebot3_ws/install/yolov8_msgs/share/yolov8_msgs/cmake/yolov8_msgs__rosidl_typesupport_cExport-noconfig.cmake
[0.773s] -- Up-to-date: /home/hassen/turtlebot3_ws/install/yolov8_msgs/share/yolov8_msgs/cmake/yolov8_msgs__rosidl_typesupport_introspection_cppExport.cmake
[0.773s] -- Up-to-date: /home/hassen/turtlebot3_ws/install/yolov8_msgs/share/yolov8_msgs/cmake/yolov8_msgs__rosidl_typesupport_introspection_cppExport-noconfig.cmake
[0.773s] -- Up-to-date: /home/hassen/turtlebot3_ws/install/yolov8_msgs/share/yolov8_msgs/cmake/yolov8_msgs__rosidl_typesupport_cppExport.cmake
[0.773s] -- Up-to-date: /home/hassen/turtlebot3_ws/install/yolov8_msgs/share/yolov8_msgs/cmake/yolov8_msgs__rosidl_typesupport_cppExport-noconfig.cmake
[0.773s] -- Up-to-date: /home/hassen/turtlebot3_ws/install/yolov8_msgs/share/yolov8_msgs/cmake/export_yolov8_msgs__rosidl_generator_pyExport.cmake
[0.773s] -- Up-to-date: /home/hassen/turtlebot3_ws/install/yolov8_msgs/share/yolov8_msgs/cmake/export_yolov8_msgs__rosidl_generator_pyExport-noconfig.cmake
[0.773s] -- Up-to-date: /home/hassen/turtlebot3_ws/install/yolov8_msgs/share/yolov8_msgs/cmake/rosidl_cmake-extras.cmake
[0.773s] -- Up-to-date: /home/hassen/turtlebot3_ws/install/yolov8_msgs/share/yolov8_msgs/cmake/ament_cmake_export_dependencies-extras.cmake
[0.774s] -- Up-to-date: /home/hassen/turtlebot3_ws/install/yolov8_msgs/share/yolov8_msgs/cmake/ament_cmake_export_include_directories-extras.cmake
[0.775s] -- Up-to-date: /home/hassen/turtlebot3_ws/install/yolov8_msgs/share/yolov8_msgs/cmake/ament_cmake_export_libraries-extras.cmake
[0.775s] -- Up-to-date: /home/hassen/turtlebot3_ws/install/yolov8_msgs/share/yolov8_msgs/cmake/ament_cmake_export_targets-extras.cmake
[0.775s] -- Up-to-date: /home/hassen/turtlebot3_ws/install/yolov8_msgs/share/yolov8_msgs/cmake/rosidl_cmake_export_typesupport_targets-extras.cmake
[0.775s] -- Up-to-date: /home/hassen/turtlebot3_ws/install/yolov8_msgs/share/yolov8_msgs/cmake/rosidl_cmake_export_typesupport_libraries-extras.cmake
[0.775s] -- Up-to-date: /home/hassen/turtlebot3_ws/install/yolov8_msgs/share/yolov8_msgs/cmake/yolov8_msgsConfig.cmake
[0.776s] -- Up-to-date: /home/hassen/turtlebot3_ws/install/yolov8_msgs/share/yolov8_msgs/cmake/yolov8_msgsConfig-version.cmake
[0.776s] -- Up-to-date: /home/hassen/turtlebot3_ws/install/yolov8_msgs/share/yolov8_msgs/package.xml
[0.776s] Invoked command in '/home/hassen/turtlebot3_ws/build/yolov8_msgs' returned '0': CMAKE_PREFIX_PATH=${CMAKE_PREFIX_PATH}:/home/hassen/turtlebot3_ws/install/turtlebot3_teleop:/home/hassen/turtlebot3_ws/install/turtlebot3_example:/home/hassen/turtlebot3_ws/install/tb3_sim:/opt/ros/humble /usr/bin/cmake --install /home/hassen/turtlebot3_ws/build/yolov8_msgs
