[0.882s] Invoking command in '/home/hassen/turtlebot3_ws/build/turtlebot3_teleop': PYTHONPATH=/home/hassen/turtlebot3_ws/build/turtlebot3_teleop/prefix_override:/home/hassen/turtlebot3_ws/install/turtlebot3_teleop/lib/python3.10/site-packages:${PYTHONPATH} /usr/bin/python3 -W ignore:setup.py install is deprecated setup.py develop --editable --build-directory /home/hassen/turtlebot3_ws/build/turtlebot3_teleop/build --no-deps symlink_data
[1.183s] running develop
[1.184s] /usr/lib/python3/dist-packages/setuptools/command/easy_install.py:158: EasyInstallDeprecationWarning: easy_install command is deprecated. Use build and pip and other standards-based tools.
[1.184s]   warnings.warn(
[1.329s] running egg_info
[1.329s] creating turtlebot3_teleop.egg-info
[1.329s] writing turtlebot3_teleop.egg-info/PKG-INFO
[1.330s] writing dependency_links to turtlebot3_teleop.egg-info/dependency_links.txt
[1.330s] writing entry points to turtlebot3_teleop.egg-info/entry_points.txt
[1.330s] writing requirements to turtlebot3_teleop.egg-info/requires.txt
[1.330s] writing top-level names to turtlebot3_teleop.egg-info/top_level.txt
[1.330s] writing manifest file 'turtlebot3_teleop.egg-info/SOURCES.txt'
[1.331s] reading manifest file 'turtlebot3_teleop.egg-info/SOURCES.txt'
[1.332s] writing manifest file 'turtlebot3_teleop.egg-info/SOURCES.txt'
[1.333s] running build_ext
[1.333s] Creating /home/hassen/turtlebot3_ws/install/turtlebot3_teleop/lib/python3.10/site-packages/turtlebot3-teleop.egg-link (link to .)
[1.333s] Installing teleop_keyboard script to /home/hassen/turtlebot3_ws/install/turtlebot3_teleop/lib/turtlebot3_teleop
[1.333s] 
[1.333s] Installed /home/hassen/turtlebot3_ws/build/turtlebot3_teleop
[1.334s] running symlink_data
[1.334s] creating /home/hassen/turtlebot3_ws/install/turtlebot3_teleop/share/ament_index
[1.334s] creating /home/hassen/turtlebot3_ws/install/turtlebot3_teleop/share/ament_index/resource_index
[1.334s] creating /home/hassen/turtlebot3_ws/install/turtlebot3_teleop/share/ament_index/resource_index/packages
[1.334s] symbolically linking /home/hassen/turtlebot3_ws/build/turtlebot3_teleop/resource/turtlebot3_teleop -> /home/hassen/turtlebot3_ws/install/turtlebot3_teleop/share/ament_index/resource_index/packages
[1.334s] symbolically linking /home/hassen/turtlebot3_ws/build/turtlebot3_teleop/package.xml -> /home/hassen/turtlebot3_ws/install/turtlebot3_teleop/share/turtlebot3_teleop
