[0.878s] Invoking command in '/home/hassen/turtlebot3_ws/build/tb3_sim': PYTHONPATH=/home/hassen/turtlebot3_ws/build/tb3_sim/prefix_override:/home/hassen/turtlebot3_ws/install/tb3_sim/lib/python3.10/site-packages:${PYTHONPATH} /usr/bin/python3 -W ignore:setup.py install is deprecated setup.py develop --editable --build-directory /home/hassen/turtlebot3_ws/build/tb3_sim/build --no-deps symlink_data
[1.198s] running develop
[1.199s] /usr/lib/python3/dist-packages/setuptools/command/easy_install.py:158: EasyInstallDeprecationWarning: easy_install command is deprecated. Use build and pip and other standards-based tools.
[1.199s]   warnings.warn(
[1.359s] running egg_info
[1.359s] creating tb3_sim.egg-info
[1.359s] writing tb3_sim.egg-info/PKG-INFO
[1.360s] writing dependency_links to tb3_sim.egg-info/dependency_links.txt
[1.360s] writing entry points to tb3_sim.egg-info/entry_points.txt
[1.360s] writing requirements to tb3_sim.egg-info/requires.txt
[1.360s] writing top-level names to tb3_sim.egg-info/top_level.txt
[1.360s] writing manifest file 'tb3_sim.egg-info/SOURCES.txt'
[1.361s] reading manifest file 'tb3_sim.egg-info/SOURCES.txt'
[1.362s] writing manifest file 'tb3_sim.egg-info/SOURCES.txt'
[1.363s] running build_ext
[1.363s] Creating /home/hassen/turtlebot3_ws/install/tb3_sim/lib/python3.10/site-packages/tb3-sim.egg-link (link to .)
[1.364s] Installing amcl_init_pose_publisher script to /home/hassen/turtlebot3_ws/install/tb3_sim/lib/tb3_sim
[1.364s] 
[1.364s] Installed /home/hassen/turtlebot3_ws/build/tb3_sim
[1.364s] running symlink_data
[1.364s] creating /home/hassen/turtlebot3_ws/install/tb3_sim/share/ament_index
[1.364s] creating /home/hassen/turtlebot3_ws/install/tb3_sim/share/ament_index/resource_index
[1.364s] creating /home/hassen/turtlebot3_ws/install/tb3_sim/share/ament_index/resource_index/packages
[1.365s] symbolically linking /home/hassen/turtlebot3_ws/build/tb3_sim/resource/tb3_sim -> /home/hassen/turtlebot3_ws/install/tb3_sim/share/ament_index/resource_index/packages
[1.365s] symbolically linking /home/hassen/turtlebot3_ws/build/tb3_sim/package.xml -> /home/hassen/turtlebot3_ws/install/tb3_sim/share/tb3_sim
[1.365s] symbolically linking /home/hassen/turtlebot3_ws/build/tb3_sim/launch/turtlebot3_world.launch.py -> /home/hassen/turtlebot3_ws/install/tb3_sim/share/tb3_sim
[1.365s] symbolically linking /home/hassen/turtlebot3_ws/build/tb3_sim/launch/nav2.launch.py -> /home/hassen/turtlebot3_ws/install/tb3_sim/share/tb3_sim
[1.365s] creating /home/hassen/turtlebot3_ws/install/tb3_sim/share/tb3_sim/config
[1.365s] symbolically linking /home/hassen/turtlebot3_ws/build/tb3_sim/config/sim_house_locations.yaml -> /home/hassen/turtlebot3_ws/install/tb3_sim/share/tb3_sim/config/
[1.365s] creating /home/hassen/turtlebot3_ws/install/tb3_sim/share/tb3_sim/maps
[1.365s] symbolically linking /home/hassen/turtlebot3_ws/build/tb3_sim/maps/map.yaml -> /home/hassen/turtlebot3_ws/install/tb3_sim/share/tb3_sim/maps/
[1.365s] symbolically linking /home/hassen/turtlebot3_ws/build/tb3_sim/maps/map.pgm -> /home/hassen/turtlebot3_ws/install/tb3_sim/share/tb3_sim/maps/
