[0.032s] Invoking command in '/home/hassen/turtlebot3_ws/build/hls_lfcd_lds_driver': CMAKE_PREFIX_PATH=/opt/ros/humble /usr/bin/cmake /home/hassen/turtlebot3_ws/src/utils/hls_lfcd_lds_driver -DAMENT_CMAKE_SYMLINK_INSTALL=1 -DCMAKE_INSTALL_PREFIX=/home/hassen/turtlebot3_ws/install/hls_lfcd_lds_driver
[0.340s] -- The C compiler identification is GNU 11.4.0
[0.473s] -- The CXX compiler identification is GNU 11.4.0
[0.494s] -- Detecting C compiler ABI info
[0.592s] -- Detecting C compiler ABI info - done
[0.602s] -- Check for working C compiler: /usr/bin/cc - skipped
[0.603s] -- Detecting C compile features
[0.603s] -- Detecting C compile features - done
[0.606s] -- Detecting CXX compiler ABI info
[0.706s] -- Detecting CXX compiler ABI info - done
[0.716s] -- Check for working CXX compiler: /usr/bin/c++ - skipped
[0.717s] -- Detecting CXX compile features
[0.717s] -- Detecting CXX compile features - done
[0.720s] -- Found ament_cmake: 1.3.8 (/opt/ros/humble/share/ament_cmake/cmake)
[0.885s] -- Found Python3: /usr/bin/python3 (found version "3.10.12") found components: Interpreter 
[0.958s] -- Override CMake install command with custom implementation using symlinks instead of copying resources
[0.989s] -- Found rclcpp: 16.0.8 (/opt/ros/humble/share/rclcpp/cmake)
[1.045s] -- Found rosidl_generator_c: 3.1.5 (/opt/ros/humble/share/rosidl_generator_c/cmake)
[1.051s] -- Found rosidl_adapter: 3.1.5 (/opt/ros/humble/share/rosidl_adapter/cmake)
[1.062s] -- Found rosidl_generator_cpp: 3.1.5 (/opt/ros/humble/share/rosidl_generator_cpp/cmake)
[1.080s] -- Using all available rosidl_typesupport_c: rosidl_typesupport_fastrtps_c;rosidl_typesupport_introspection_c
[1.106s] -- Using all available rosidl_typesupport_cpp: rosidl_typesupport_fastrtps_cpp;rosidl_typesupport_introspection_cpp
[1.199s] -- Found rmw_implementation_cmake: 6.1.1 (/opt/ros/humble/share/rmw_implementation_cmake/cmake)
[1.202s] -- Found rmw_fastrtps_cpp: 6.2.6 (/opt/ros/humble/share/rmw_fastrtps_cpp/cmake)
[1.309s] -- Found OpenSSL: /usr/lib/x86_64-linux-gnu/libcrypto.so (found version "3.0.2")  
[1.338s] -- Found FastRTPS: /opt/ros/humble/include  
[1.388s] -- Using RMW implementation 'rmw_fastrtps_cpp' as default
[1.396s] -- Looking for pthread.h
[1.462s] -- Looking for pthread.h - found
[1.462s] -- Performing Test CMAKE_HAVE_LIBC_PTHREAD
[1.527s] -- Performing Test CMAKE_HAVE_LIBC_PTHREAD - Success
[1.528s] -- Found Threads: TRUE  
[1.678s] -- Found sensor_msgs: 4.2.3 (/opt/ros/humble/share/sensor_msgs/cmake)
[1.820s] -- Found Boost: /usr/lib/x86_64-linux-gnu/cmake/Boost-1.74.0/BoostConfig.cmake (found version "1.74.0") found components: system 
[1.884s] -- Configuring done
[1.893s] -- Generating done
[1.894s] -- Build files have been written to: /home/hassen/turtlebot3_ws/build/hls_lfcd_lds_driver
