[0.776s] Invoking command in '/home/hassen/turtlebot3_ws/build/yolobot_recognition': CMAKE_PREFIX_PATH=${CMAKE_PREFIX_PATH}:/home/hassen/turtlebot3_ws/install/turtlebot3_teleop:/home/hassen/turtlebot3_ws/install/turtlebot3_example:/home/hassen/turtlebot3_ws/install/tb3_sim:/opt/ros/humble /usr/bin/cmake --build /home/hassen/turtlebot3_ws/build/yolobot_recognition -- -j12 -l12
[1.161s] Invoked command in '/home/hassen/turtlebot3_ws/build/yolobot_recognition' returned '0': CMAKE_PREFIX_PATH=${CMAKE_PREFIX_PATH}:/home/hassen/turtlebot3_ws/install/turtlebot3_teleop:/home/hassen/turtlebot3_ws/install/turtlebot3_example:/home/hassen/turtlebot3_ws/install/tb3_sim:/opt/ros/humble /usr/bin/cmake --build /home/hassen/turtlebot3_ws/build/yolobot_recognition -- -j12 -l12
[1.163s] Invoking command in '/home/hassen/turtlebot3_ws/build/yolobot_recognition': CMAKE_PREFIX_PATH=${CMAKE_PREFIX_PATH}:/home/hassen/turtlebot3_ws/install/turtlebot3_teleop:/home/hassen/turtlebot3_ws/install/turtlebot3_example:/home/hassen/turtlebot3_ws/install/tb3_sim:/opt/ros/humble /usr/bin/cmake --install /home/hassen/turtlebot3_ws/build/yolobot_recognition
[1.163s] -- Install configuration: ""
[1.163s] -- Up-to-date: /home/hassen/turtlebot3_ws/install/yolobot_recognition/share/yolobot_recognition//scripts
[1.163s] -- Up-to-date: /home/hassen/turtlebot3_ws/install/yolobot_recognition/share/yolobot_recognition//scripts/.gitattributes
[1.163s] -- Up-to-date: /home/hassen/turtlebot3_ws/install/yolobot_recognition/share/yolobot_recognition//scripts/yolov8n.pt
[1.164s] -- Up-to-date: /home/hassen/turtlebot3_ws/install/yolobot_recognition/share/yolobot_recognition//scripts/.dockerignore
[1.164s] -- Up-to-date: /home/hassen/turtlebot3_ws/install/yolobot_recognition/share/yolobot_recognition//scripts/yolov8_ros2_pt.py
[1.164s] -- Up-to-date: /home/hassen/turtlebot3_ws/install/yolobot_recognition/share/yolobot_recognition//scripts/.gitignore
[1.164s] -- Up-to-date: /home/hassen/turtlebot3_ws/install/yolobot_recognition/share/yolobot_recognition//scripts/yolov8_ros2_subscriber.py
[1.164s] -- Up-to-date: /home/hassen/turtlebot3_ws/install/yolobot_recognition/share/yolobot_recognition//launch
[1.164s] -- Up-to-date: /home/hassen/turtlebot3_ws/install/yolobot_recognition/share/yolobot_recognition//launch/launch_yolov8.launch.py
[1.164s] -- Up-to-date: /home/hassen/turtlebot3_ws/install/yolobot_recognition/lib/yolobot_recognition/yolov8_ros2_pt.py
[1.164s] -- Up-to-date: /home/hassen/turtlebot3_ws/install/yolobot_recognition/lib/yolobot_recognition/yolov8_ros2_subscriber.py
[1.164s] -- Up-to-date: /home/hassen/turtlebot3_ws/install/yolobot_recognition/lib/yolobot_recognition/launch_yolov8.launch.py
[1.164s] -- Up-to-date: /home/hassen/turtlebot3_ws/install/yolobot_recognition/share/ament_index/resource_index/package_run_dependencies/yolobot_recognition
[1.165s] -- Up-to-date: /home/hassen/turtlebot3_ws/install/yolobot_recognition/share/ament_index/resource_index/parent_prefix_path/yolobot_recognition
[1.165s] -- Up-to-date: /home/hassen/turtlebot3_ws/install/yolobot_recognition/share/yolobot_recognition/environment/ament_prefix_path.sh
[1.165s] -- Up-to-date: /home/hassen/turtlebot3_ws/install/yolobot_recognition/share/yolobot_recognition/environment/ament_prefix_path.dsv
[1.165s] -- Up-to-date: /home/hassen/turtlebot3_ws/install/yolobot_recognition/share/yolobot_recognition/environment/path.sh
[1.165s] -- Up-to-date: /home/hassen/turtlebot3_ws/install/yolobot_recognition/share/yolobot_recognition/environment/path.dsv
[1.165s] -- Up-to-date: /home/hassen/turtlebot3_ws/install/yolobot_recognition/share/yolobot_recognition/local_setup.bash
[1.165s] -- Up-to-date: /home/hassen/turtlebot3_ws/install/yolobot_recognition/share/yolobot_recognition/local_setup.sh
[1.165s] -- Up-to-date: /home/hassen/turtlebot3_ws/install/yolobot_recognition/share/yolobot_recognition/local_setup.zsh
[1.165s] -- Up-to-date: /home/hassen/turtlebot3_ws/install/yolobot_recognition/share/yolobot_recognition/local_setup.dsv
[1.165s] -- Installing: /home/hassen/turtlebot3_ws/install/yolobot_recognition/share/yolobot_recognition/package.dsv
[1.166s] -- Up-to-date: /home/hassen/turtlebot3_ws/install/yolobot_recognition/share/ament_index/resource_index/packages/yolobot_recognition
[1.166s] -- Up-to-date: /home/hassen/turtlebot3_ws/install/yolobot_recognition/share/yolobot_recognition/cmake/yolobot_recognitionConfig.cmake
[1.166s] -- Up-to-date: /home/hassen/turtlebot3_ws/install/yolobot_recognition/share/yolobot_recognition/cmake/yolobot_recognitionConfig-version.cmake
[1.166s] -- Up-to-date: /home/hassen/turtlebot3_ws/install/yolobot_recognition/share/yolobot_recognition/package.xml
[1.950s] Invoked command in '/home/hassen/turtlebot3_ws/build/yolobot_recognition' returned '0': CMAKE_PREFIX_PATH=${CMAKE_PREFIX_PATH}:/home/hassen/turtlebot3_ws/install/turtlebot3_teleop:/home/hassen/turtlebot3_ws/install/turtlebot3_example:/home/hassen/turtlebot3_ws/install/tb3_sim:/opt/ros/humble /usr/bin/cmake --install /home/hassen/turtlebot3_ws/build/yolobot_recognition
