[65.915s] Invoking command in '/home/hassen/turtlebot3_ws/src/tb3_sim': PYTHONPATH=/home/hassen/turtlebot3_ws/build/tb3_sim/prefix_override:/home/hassen/turtlebot3_ws/install/tb3_sim/lib/python3.10/site-packages:${PYTHONPATH} /usr/bin/python3 -W ignore:setup.py install is deprecated setup.py egg_info --egg-base ../../build/tb3_sim build --build-base /home/hassen/turtlebot3_ws/build/tb3_sim/build install --record /home/hassen/turtlebot3_ws/build/tb3_sim/install.log --single-version-externally-managed install_data
[66.171s] running egg_info
[66.171s] writing ../../build/tb3_sim/tb3_sim.egg-info/PKG-INFO
[66.172s] writing dependency_links to ../../build/tb3_sim/tb3_sim.egg-info/dependency_links.txt
[66.172s] writing entry points to ../../build/tb3_sim/tb3_sim.egg-info/entry_points.txt
[66.172s] writing requirements to ../../build/tb3_sim/tb3_sim.egg-info/requires.txt
[66.172s] writing top-level names to ../../build/tb3_sim/tb3_sim.egg-info/top_level.txt
[66.173s] reading manifest file '../../build/tb3_sim/tb3_sim.egg-info/SOURCES.txt'
[66.173s] writing manifest file '../../build/tb3_sim/tb3_sim.egg-info/SOURCES.txt'
[66.173s] running build
[66.174s] running build_py
[66.174s] running install
[66.174s] running install_lib
[66.175s] running install_data
[66.175s] running install_egg_info
[66.176s] removing '/home/hassen/turtlebot3_ws/install/tb3_sim/lib/python3.10/site-packages/tb3_sim-0.0.0-py3.10.egg-info' (and everything under it)
[66.177s] Copying ../../build/tb3_sim/tb3_sim.egg-info to /home/hassen/turtlebot3_ws/install/tb3_sim/lib/python3.10/site-packages/tb3_sim-0.0.0-py3.10.egg-info
[66.178s] running install_scripts
[66.196s] Installing amcl_init_pose_publisher script to /home/hassen/turtlebot3_ws/install/tb3_sim/lib/tb3_sim
[66.196s] writing list of installed files to '/home/hassen/turtlebot3_ws/build/tb3_sim/install.log'
[66.428s] Invoked command in '/home/hassen/turtlebot3_ws/src/tb3_sim' returned '0': PYTHONPATH=/home/hassen/turtlebot3_ws/build/tb3_sim/prefix_override:/home/hassen/turtlebot3_ws/install/tb3_sim/lib/python3.10/site-packages:${PYTHONPATH} /usr/bin/python3 -W ignore:setup.py install is deprecated setup.py egg_info --egg-base ../../build/tb3_sim build --build-base /home/hassen/turtlebot3_ws/build/tb3_sim/build install --record /home/hassen/turtlebot3_ws/build/tb3_sim/install.log --single-version-externally-managed install_data
