[0.235s] DEBUG:colcon:Command line arguments: ['/home/hassen/.local/bin/colcon', 'list', '-p', '--base-paths', '/home/hassen/turtlebot3_ws']
[0.235s] DEBUG:colcon:Parsed command line arguments: Namespace(log_base=None, log_level=None, verb_name='list', build_base='build', ignore_user_meta=False, metas=['./colcon.meta'], base_paths=['/home/hassen/turtlebot3_ws'], packages_ignore=None, packages_ignore_regex=None, paths=None, packages_up_to=None, packages_up_to_regex=None, packages_above=None, packages_above_and_dependencies=None, packages_above_depth=None, packages_select_by_dep=None, packages_skip_by_dep=None, packages_skip_up_to=None, packages_select_build_failed=False, packages_skip_build_finished=False, packages_select_test_failures=False, packages_skip_test_passed=False, packages_select=None, packages_skip=None, packages_select_regex=None, packages_skip_regex=None, packages_start=None, packages_end=None, allow_overriding=[], topological_order=False, names_only=False, paths_only=True, topological_graph=False, topological_graph_dot=False, topological_graph_density=False, topological_graph_legend=False, topological_graph_dot_cluster=False, topological_graph_dot_include_skipped=False, verb_parser=<colcon_defaults.argument_parser.defaults.DefaultArgumentsDecorator object at 0x75b6ae415090>, verb_extension=<colcon_package_information.verb.list.ListVerb object at 0x75b6ae4143d0>, main=<bound method ListVerb.main of <colcon_package_information.verb.list.ListVerb object at 0x75b6ae4143d0>>)
[0.382s] Level 1:colcon.colcon_core.package_discovery:discover_packages(colcon_meta) check parameters
[0.382s] Level 1:colcon.colcon_core.package_discovery:discover_packages(recursive) check parameters
[0.382s] Level 1:colcon.colcon_core.package_discovery:discover_packages(ignore) check parameters
[0.382s] Level 1:colcon.colcon_core.package_discovery:discover_packages(path) check parameters
[0.382s] Level 1:colcon.colcon_core.package_discovery:discover_packages(recursive) discover
[0.382s] INFO:colcon.colcon_core.package_discovery:Crawling recursively for packages in '/home/hassen/turtlebot3_ws'
[0.382s] Level 1:colcon.colcon_core.package_identification:_identify(/home/hassen/turtlebot3_ws) by extensions ['ignore', 'ignore_ament_install']
[0.383s] Level 1:colcon.colcon_core.package_identification:_identify(/home/hassen/turtlebot3_ws) by extension 'ignore'
[0.383s] Level 1:colcon.colcon_core.package_identification:_identify(/home/hassen/turtlebot3_ws) by extension 'ignore_ament_install'
[0.383s] Level 1:colcon.colcon_core.package_identification:_identify(/home/hassen/turtlebot3_ws) by extensions ['colcon_pkg']
[0.383s] Level 1:colcon.colcon_core.package_identification:_identify(/home/hassen/turtlebot3_ws) by extension 'colcon_pkg'
[0.383s] Level 1:colcon.colcon_core.package_identification:_identify(/home/hassen/turtlebot3_ws) by extensions ['colcon_meta']
[0.383s] Level 1:colcon.colcon_core.package_identification:_identify(/home/hassen/turtlebot3_ws) by extension 'colcon_meta'
[0.383s] Level 1:colcon.colcon_core.package_identification:_identify(/home/hassen/turtlebot3_ws) by extensions ['ros']
[0.383s] Level 1:colcon.colcon_core.package_identification:_identify(/home/hassen/turtlebot3_ws) by extension 'ros'
[0.391s] Level 1:colcon.colcon_core.package_identification:_identify(/home/hassen/turtlebot3_ws) by extensions ['cmake', 'python']
[0.391s] Level 1:colcon.colcon_core.package_identification:_identify(/home/hassen/turtlebot3_ws) by extension 'cmake'
[0.391s] Level 1:colcon.colcon_core.package_identification:_identify(/home/hassen/turtlebot3_ws) by extension 'python'
[0.391s] Level 1:colcon.colcon_core.package_identification:_identify(/home/hassen/turtlebot3_ws) by extensions ['python_setup_py']
[0.391s] Level 1:colcon.colcon_core.package_identification:_identify(/home/hassen/turtlebot3_ws) by extension 'python_setup_py'
[0.391s] Level 1:colcon.colcon_core.package_identification:_identify(/home/hassen/turtlebot3_ws/build) by extensions ['ignore', 'ignore_ament_install']
[0.391s] Level 1:colcon.colcon_core.package_identification:_identify(/home/hassen/turtlebot3_ws/build) by extension 'ignore'
[0.392s] Level 1:colcon.colcon_core.package_identification:_identify(/home/hassen/turtlebot3_ws/build) ignored
[0.392s] Level 1:colcon.colcon_core.package_identification:_identify(/home/hassen/turtlebot3_ws/install) by extensions ['ignore', 'ignore_ament_install']
[0.392s] Level 1:colcon.colcon_core.package_identification:_identify(/home/hassen/turtlebot3_ws/install) by extension 'ignore'
[0.392s] Level 1:colcon.colcon_core.package_identification:_identify(/home/hassen/turtlebot3_ws/install) ignored
[0.392s] Level 1:colcon.colcon_core.package_identification:_identify(/home/hassen/turtlebot3_ws/log) by extensions ['ignore', 'ignore_ament_install']
[0.392s] Level 1:colcon.colcon_core.package_identification:_identify(/home/hassen/turtlebot3_ws/log) by extension 'ignore'
[0.392s] Level 1:colcon.colcon_core.package_identification:_identify(/home/hassen/turtlebot3_ws/log) ignored
[0.392s] Level 1:colcon.colcon_core.package_identification:_identify(/home/hassen/turtlebot3_ws/src) by extensions ['ignore', 'ignore_ament_install']
[0.392s] Level 1:colcon.colcon_core.package_identification:_identify(/home/hassen/turtlebot3_ws/src) by extension 'ignore'
[0.392s] Level 1:colcon.colcon_core.package_identification:_identify(/home/hassen/turtlebot3_ws/src) by extension 'ignore_ament_install'
[0.392s] Level 1:colcon.colcon_core.package_identification:_identify(/home/hassen/turtlebot3_ws/src) by extensions ['colcon_pkg']
[0.392s] Level 1:colcon.colcon_core.package_identification:_identify(/home/hassen/turtlebot3_ws/src) by extension 'colcon_pkg'
[0.392s] Level 1:colcon.colcon_core.package_identification:_identify(/home/hassen/turtlebot3_ws/src) by extensions ['colcon_meta']
[0.392s] Level 1:colcon.colcon_core.package_identification:_identify(/home/hassen/turtlebot3_ws/src) by extension 'colcon_meta'
[0.392s] Level 1:colcon.colcon_core.package_identification:_identify(/home/hassen/turtlebot3_ws/src) by extensions ['ros']
[0.392s] Level 1:colcon.colcon_core.package_identification:_identify(/home/hassen/turtlebot3_ws/src) by extension 'ros'
[0.392s] Level 1:colcon.colcon_core.package_identification:_identify(/home/hassen/turtlebot3_ws/src) by extensions ['cmake', 'python']
[0.392s] Level 1:colcon.colcon_core.package_identification:_identify(/home/hassen/turtlebot3_ws/src) by extension 'cmake'
[0.392s] Level 1:colcon.colcon_core.package_identification:_identify(/home/hassen/turtlebot3_ws/src) by extension 'python'
[0.392s] Level 1:colcon.colcon_core.package_identification:_identify(/home/hassen/turtlebot3_ws/src) by extensions ['python_setup_py']
[0.393s] Level 1:colcon.colcon_core.package_identification:_identify(/home/hassen/turtlebot3_ws/src) by extension 'python_setup_py'
[0.393s] Level 1:colcon.colcon_core.package_identification:_identify(/home/hassen/turtlebot3_ws/src/images) by extensions ['ignore', 'ignore_ament_install']
[0.393s] Level 1:colcon.colcon_core.package_identification:_identify(/home/hassen/turtlebot3_ws/src/images) by extension 'ignore'
[0.393s] Level 1:colcon.colcon_core.package_identification:_identify(/home/hassen/turtlebot3_ws/src/images) by extension 'ignore_ament_install'
[0.393s] Level 1:colcon.colcon_core.package_identification:_identify(/home/hassen/turtlebot3_ws/src/images) by extensions ['colcon_pkg']
[0.393s] Level 1:colcon.colcon_core.package_identification:_identify(/home/hassen/turtlebot3_ws/src/images) by extension 'colcon_pkg'
[0.393s] Level 1:colcon.colcon_core.package_identification:_identify(/home/hassen/turtlebot3_ws/src/images) by extensions ['colcon_meta']
[0.393s] Level 1:colcon.colcon_core.package_identification:_identify(/home/hassen/turtlebot3_ws/src/images) by extension 'colcon_meta'
[0.393s] Level 1:colcon.colcon_core.package_identification:_identify(/home/hassen/turtlebot3_ws/src/images) by extensions ['ros']
[0.393s] Level 1:colcon.colcon_core.package_identification:_identify(/home/hassen/turtlebot3_ws/src/images) by extension 'ros'
[0.393s] Level 1:colcon.colcon_core.package_identification:_identify(/home/hassen/turtlebot3_ws/src/images) by extensions ['cmake', 'python']
[0.393s] Level 1:colcon.colcon_core.package_identification:_identify(/home/hassen/turtlebot3_ws/src/images) by extension 'cmake'
[0.393s] Level 1:colcon.colcon_core.package_identification:_identify(/home/hassen/turtlebot3_ws/src/images) by extension 'python'
[0.393s] Level 1:colcon.colcon_core.package_identification:_identify(/home/hassen/turtlebot3_ws/src/images) by extensions ['python_setup_py']
[0.393s] Level 1:colcon.colcon_core.package_identification:_identify(/home/hassen/turtlebot3_ws/src/images) by extension 'python_setup_py'
[0.393s] Level 1:colcon.colcon_core.package_identification:_identify(/home/hassen/turtlebot3_ws/src/tb3_autonomy) by extensions ['ignore', 'ignore_ament_install']
[0.393s] Level 1:colcon.colcon_core.package_identification:_identify(/home/hassen/turtlebot3_ws/src/tb3_autonomy) by extension 'ignore'
[0.393s] Level 1:colcon.colcon_core.package_identification:_identify(/home/hassen/turtlebot3_ws/src/tb3_autonomy) by extension 'ignore_ament_install'
[0.393s] Level 1:colcon.colcon_core.package_identification:_identify(/home/hassen/turtlebot3_ws/src/tb3_autonomy) by extensions ['colcon_pkg']
[0.393s] Level 1:colcon.colcon_core.package_identification:_identify(/home/hassen/turtlebot3_ws/src/tb3_autonomy) by extension 'colcon_pkg'
[0.393s] Level 1:colcon.colcon_core.package_identification:_identify(/home/hassen/turtlebot3_ws/src/tb3_autonomy) by extensions ['colcon_meta']
[0.393s] Level 1:colcon.colcon_core.package_identification:_identify(/home/hassen/turtlebot3_ws/src/tb3_autonomy) by extension 'colcon_meta'
[0.393s] Level 1:colcon.colcon_core.package_identification:_identify(/home/hassen/turtlebot3_ws/src/tb3_autonomy) by extensions ['ros']
[0.394s] Level 1:colcon.colcon_core.package_identification:_identify(/home/hassen/turtlebot3_ws/src/tb3_autonomy) by extension 'ros'
[0.396s] DEBUG:colcon.colcon_core.package_identification:Package '/home/hassen/turtlebot3_ws/src/tb3_autonomy' with type 'ros.ament_cmake' and name 'tb3_autonomy'
[0.396s] Level 1:colcon.colcon_core.package_identification:_identify(/home/hassen/turtlebot3_ws/src/tb3_sim) by extensions ['ignore', 'ignore_ament_install']
[0.396s] Level 1:colcon.colcon_core.package_identification:_identify(/home/hassen/turtlebot3_ws/src/tb3_sim) by extension 'ignore'
[0.396s] Level 1:colcon.colcon_core.package_identification:_identify(/home/hassen/turtlebot3_ws/src/tb3_sim) by extension 'ignore_ament_install'
[0.396s] Level 1:colcon.colcon_core.package_identification:_identify(/home/hassen/turtlebot3_ws/src/tb3_sim) by extensions ['colcon_pkg']
[0.396s] Level 1:colcon.colcon_core.package_identification:_identify(/home/hassen/turtlebot3_ws/src/tb3_sim) by extension 'colcon_pkg'
[0.396s] Level 1:colcon.colcon_core.package_identification:_identify(/home/hassen/turtlebot3_ws/src/tb3_sim) by extensions ['colcon_meta']
[0.396s] Level 1:colcon.colcon_core.package_identification:_identify(/home/hassen/turtlebot3_ws/src/tb3_sim) by extension 'colcon_meta'
[0.396s] Level 1:colcon.colcon_core.package_identification:_identify(/home/hassen/turtlebot3_ws/src/tb3_sim) by extensions ['ros']
[0.396s] Level 1:colcon.colcon_core.package_identification:_identify(/home/hassen/turtlebot3_ws/src/tb3_sim) by extension 'ros'
[0.397s] DEBUG:colcon.colcon_core.package_identification:Package '/home/hassen/turtlebot3_ws/src/tb3_sim' with type 'ros.ament_python' and name 'tb3_sim'
[0.397s] Level 1:colcon.colcon_core.package_identification:_identify(/home/hassen/turtlebot3_ws/src/turtlebot3) by extensions ['ignore', 'ignore_ament_install']
[0.397s] Level 1:colcon.colcon_core.package_identification:_identify(/home/hassen/turtlebot3_ws/src/turtlebot3) by extension 'ignore'
[0.397s] Level 1:colcon.colcon_core.package_identification:_identify(/home/hassen/turtlebot3_ws/src/turtlebot3) by extension 'ignore_ament_install'
[0.397s] Level 1:colcon.colcon_core.package_identification:_identify(/home/hassen/turtlebot3_ws/src/turtlebot3) by extensions ['colcon_pkg']
[0.397s] Level 1:colcon.colcon_core.package_identification:_identify(/home/hassen/turtlebot3_ws/src/turtlebot3) by extension 'colcon_pkg'
[0.397s] Level 1:colcon.colcon_core.package_identification:_identify(/home/hassen/turtlebot3_ws/src/turtlebot3) by extensions ['colcon_meta']
[0.397s] Level 1:colcon.colcon_core.package_identification:_identify(/home/hassen/turtlebot3_ws/src/turtlebot3) by extension 'colcon_meta'
[0.397s] Level 1:colcon.colcon_core.package_identification:_identify(/home/hassen/turtlebot3_ws/src/turtlebot3) by extensions ['ros']
[0.397s] Level 1:colcon.colcon_core.package_identification:_identify(/home/hassen/turtlebot3_ws/src/turtlebot3) by extension 'ros'
[0.397s] Level 1:colcon.colcon_core.package_identification:_identify(/home/hassen/turtlebot3_ws/src/turtlebot3) by extensions ['cmake', 'python']
[0.397s] Level 1:colcon.colcon_core.package_identification:_identify(/home/hassen/turtlebot3_ws/src/turtlebot3) by extension 'cmake'
[0.397s] Level 1:colcon.colcon_core.package_identification:_identify(/home/hassen/turtlebot3_ws/src/turtlebot3) by extension 'python'
[0.398s] Level 1:colcon.colcon_core.package_identification:_identify(/home/hassen/turtlebot3_ws/src/turtlebot3) by extensions ['python_setup_py']
[0.398s] Level 1:colcon.colcon_core.package_identification:_identify(/home/hassen/turtlebot3_ws/src/turtlebot3) by extension 'python_setup_py'
[0.398s] Level 1:colcon.colcon_core.package_identification:_identify(/home/hassen/turtlebot3_ws/src/turtlebot3/turtlebot3) by extensions ['ignore', 'ignore_ament_install']
[0.398s] Level 1:colcon.colcon_core.package_identification:_identify(/home/hassen/turtlebot3_ws/src/turtlebot3/turtlebot3) by extension 'ignore'
[0.398s] Level 1:colcon.colcon_core.package_identification:_identify(/home/hassen/turtlebot3_ws/src/turtlebot3/turtlebot3) by extension 'ignore_ament_install'
[0.398s] Level 1:colcon.colcon_core.package_identification:_identify(/home/hassen/turtlebot3_ws/src/turtlebot3/turtlebot3) by extensions ['colcon_pkg']
[0.398s] Level 1:colcon.colcon_core.package_identification:_identify(/home/hassen/turtlebot3_ws/src/turtlebot3/turtlebot3) by extension 'colcon_pkg'
[0.398s] Level 1:colcon.colcon_core.package_identification:_identify(/home/hassen/turtlebot3_ws/src/turtlebot3/turtlebot3) by extensions ['colcon_meta']
[0.398s] Level 1:colcon.colcon_core.package_identification:_identify(/home/hassen/turtlebot3_ws/src/turtlebot3/turtlebot3) by extension 'colcon_meta'
[0.398s] Level 1:colcon.colcon_core.package_identification:_identify(/home/hassen/turtlebot3_ws/src/turtlebot3/turtlebot3) by extensions ['ros']
[0.398s] Level 1:colcon.colcon_core.package_identification:_identify(/home/hassen/turtlebot3_ws/src/turtlebot3/turtlebot3) by extension 'ros'
[0.398s] Level 1:colcon.colcon_core.package_identification:_identify(/home/hassen/turtlebot3_ws/src/turtlebot3/turtlebot3) by extensions ['cmake', 'python']
[0.398s] Level 1:colcon.colcon_core.package_identification:_identify(/home/hassen/turtlebot3_ws/src/turtlebot3/turtlebot3) by extension 'cmake'
[0.398s] Level 1:colcon.colcon_core.package_identification:_identify(/home/hassen/turtlebot3_ws/src/turtlebot3/turtlebot3) by extension 'python'
[0.398s] Level 1:colcon.colcon_core.package_identification:_identify(/home/hassen/turtlebot3_ws/src/turtlebot3/turtlebot3) by extensions ['python_setup_py']
[0.398s] Level 1:colcon.colcon_core.package_identification:_identify(/home/hassen/turtlebot3_ws/src/turtlebot3/turtlebot3) by extension 'python_setup_py'
[0.399s] Level 1:colcon.colcon_core.package_identification:_identify(/home/hassen/turtlebot3_ws/src/turtlebot3/turtlebot3/turtlebot3) by extensions ['ignore', 'ignore_ament_install']
[0.399s] Level 1:colcon.colcon_core.package_identification:_identify(/home/hassen/turtlebot3_ws/src/turtlebot3/turtlebot3/turtlebot3) by extension 'ignore'
[0.399s] Level 1:colcon.colcon_core.package_identification:_identify(/home/hassen/turtlebot3_ws/src/turtlebot3/turtlebot3/turtlebot3) by extension 'ignore_ament_install'
[0.399s] Level 1:colcon.colcon_core.package_identification:_identify(/home/hassen/turtlebot3_ws/src/turtlebot3/turtlebot3/turtlebot3) by extensions ['colcon_pkg']
[0.399s] Level 1:colcon.colcon_core.package_identification:_identify(/home/hassen/turtlebot3_ws/src/turtlebot3/turtlebot3/turtlebot3) by extension 'colcon_pkg'
[0.399s] Level 1:colcon.colcon_core.package_identification:_identify(/home/hassen/turtlebot3_ws/src/turtlebot3/turtlebot3/turtlebot3) by extensions ['colcon_meta']
[0.399s] Level 1:colcon.colcon_core.package_identification:_identify(/home/hassen/turtlebot3_ws/src/turtlebot3/turtlebot3/turtlebot3) by extension 'colcon_meta'
[0.399s] Level 1:colcon.colcon_core.package_identification:_identify(/home/hassen/turtlebot3_ws/src/turtlebot3/turtlebot3/turtlebot3) by extensions ['ros']
[0.399s] Level 1:colcon.colcon_core.package_identification:_identify(/home/hassen/turtlebot3_ws/src/turtlebot3/turtlebot3/turtlebot3) by extension 'ros'
[0.399s] DEBUG:colcon.colcon_core.package_identification:Package '/home/hassen/turtlebot3_ws/src/turtlebot3/turtlebot3/turtlebot3' with type 'ros.ament_cmake' and name 'turtlebot3'
[0.399s] Level 1:colcon.colcon_core.package_identification:_identify(/home/hassen/turtlebot3_ws/src/turtlebot3/turtlebot3/turtlebot3_bringup) by extensions ['ignore', 'ignore_ament_install']
[0.400s] Level 1:colcon.colcon_core.package_identification:_identify(/home/hassen/turtlebot3_ws/src/turtlebot3/turtlebot3/turtlebot3_bringup) by extension 'ignore'
[0.400s] Level 1:colcon.colcon_core.package_identification:_identify(/home/hassen/turtlebot3_ws/src/turtlebot3/turtlebot3/turtlebot3_bringup) by extension 'ignore_ament_install'
[0.400s] Level 1:colcon.colcon_core.package_identification:_identify(/home/hassen/turtlebot3_ws/src/turtlebot3/turtlebot3/turtlebot3_bringup) by extensions ['colcon_pkg']
[0.400s] Level 1:colcon.colcon_core.package_identification:_identify(/home/hassen/turtlebot3_ws/src/turtlebot3/turtlebot3/turtlebot3_bringup) by extension 'colcon_pkg'
[0.400s] Level 1:colcon.colcon_core.package_identification:_identify(/home/hassen/turtlebot3_ws/src/turtlebot3/turtlebot3/turtlebot3_bringup) by extensions ['colcon_meta']
[0.400s] Level 1:colcon.colcon_core.package_identification:_identify(/home/hassen/turtlebot3_ws/src/turtlebot3/turtlebot3/turtlebot3_bringup) by extension 'colcon_meta'
[0.400s] Level 1:colcon.colcon_core.package_identification:_identify(/home/hassen/turtlebot3_ws/src/turtlebot3/turtlebot3/turtlebot3_bringup) by extensions ['ros']
[0.400s] Level 1:colcon.colcon_core.package_identification:_identify(/home/hassen/turtlebot3_ws/src/turtlebot3/turtlebot3/turtlebot3_bringup) by extension 'ros'
[0.400s] DEBUG:colcon.colcon_core.package_identification:Package '/home/hassen/turtlebot3_ws/src/turtlebot3/turtlebot3/turtlebot3_bringup' with type 'ros.ament_cmake' and name 'turtlebot3_bringup'
[0.400s] Level 1:colcon.colcon_core.package_identification:_identify(/home/hassen/turtlebot3_ws/src/turtlebot3/turtlebot3/turtlebot3_cartographer) by extensions ['ignore', 'ignore_ament_install']
[0.400s] Level 1:colcon.colcon_core.package_identification:_identify(/home/hassen/turtlebot3_ws/src/turtlebot3/turtlebot3/turtlebot3_cartographer) by extension 'ignore'
[0.400s] Level 1:colcon.colcon_core.package_identification:_identify(/home/hassen/turtlebot3_ws/src/turtlebot3/turtlebot3/turtlebot3_cartographer) by extension 'ignore_ament_install'
[0.400s] Level 1:colcon.colcon_core.package_identification:_identify(/home/hassen/turtlebot3_ws/src/turtlebot3/turtlebot3/turtlebot3_cartographer) by extensions ['colcon_pkg']
[0.400s] Level 1:colcon.colcon_core.package_identification:_identify(/home/hassen/turtlebot3_ws/src/turtlebot3/turtlebot3/turtlebot3_cartographer) by extension 'colcon_pkg'
[0.401s] Level 1:colcon.colcon_core.package_identification:_identify(/home/hassen/turtlebot3_ws/src/turtlebot3/turtlebot3/turtlebot3_cartographer) by extensions ['colcon_meta']
[0.401s] Level 1:colcon.colcon_core.package_identification:_identify(/home/hassen/turtlebot3_ws/src/turtlebot3/turtlebot3/turtlebot3_cartographer) by extension 'colcon_meta'
[0.401s] Level 1:colcon.colcon_core.package_identification:_identify(/home/hassen/turtlebot3_ws/src/turtlebot3/turtlebot3/turtlebot3_cartographer) by extensions ['ros']
[0.401s] Level 1:colcon.colcon_core.package_identification:_identify(/home/hassen/turtlebot3_ws/src/turtlebot3/turtlebot3/turtlebot3_cartographer) by extension 'ros'
[0.401s] DEBUG:colcon.colcon_core.package_identification:Package '/home/hassen/turtlebot3_ws/src/turtlebot3/turtlebot3/turtlebot3_cartographer' with type 'ros.ament_cmake' and name 'turtlebot3_cartographer'
[0.401s] Level 1:colcon.colcon_core.package_identification:_identify(/home/hassen/turtlebot3_ws/src/turtlebot3/turtlebot3/turtlebot3_description) by extensions ['ignore', 'ignore_ament_install']
[0.401s] Level 1:colcon.colcon_core.package_identification:_identify(/home/hassen/turtlebot3_ws/src/turtlebot3/turtlebot3/turtlebot3_description) by extension 'ignore'
[0.401s] Level 1:colcon.colcon_core.package_identification:_identify(/home/hassen/turtlebot3_ws/src/turtlebot3/turtlebot3/turtlebot3_description) by extension 'ignore_ament_install'
[0.401s] Level 1:colcon.colcon_core.package_identification:_identify(/home/hassen/turtlebot3_ws/src/turtlebot3/turtlebot3/turtlebot3_description) by extensions ['colcon_pkg']
[0.401s] Level 1:colcon.colcon_core.package_identification:_identify(/home/hassen/turtlebot3_ws/src/turtlebot3/turtlebot3/turtlebot3_description) by extension 'colcon_pkg'
[0.401s] Level 1:colcon.colcon_core.package_identification:_identify(/home/hassen/turtlebot3_ws/src/turtlebot3/turtlebot3/turtlebot3_description) by extensions ['colcon_meta']
[0.401s] Level 1:colcon.colcon_core.package_identification:_identify(/home/hassen/turtlebot3_ws/src/turtlebot3/turtlebot3/turtlebot3_description) by extension 'colcon_meta'
[0.401s] Level 1:colcon.colcon_core.package_identification:_identify(/home/hassen/turtlebot3_ws/src/turtlebot3/turtlebot3/turtlebot3_description) by extensions ['ros']
[0.401s] Level 1:colcon.colcon_core.package_identification:_identify(/home/hassen/turtlebot3_ws/src/turtlebot3/turtlebot3/turtlebot3_description) by extension 'ros'
[0.402s] DEBUG:colcon.colcon_core.package_identification:Package '/home/hassen/turtlebot3_ws/src/turtlebot3/turtlebot3/turtlebot3_description' with type 'ros.ament_cmake' and name 'turtlebot3_description'
[0.402s] Level 1:colcon.colcon_core.package_identification:_identify(/home/hassen/turtlebot3_ws/src/turtlebot3/turtlebot3/turtlebot3_example) by extensions ['ignore', 'ignore_ament_install']
[0.402s] Level 1:colcon.colcon_core.package_identification:_identify(/home/hassen/turtlebot3_ws/src/turtlebot3/turtlebot3/turtlebot3_example) by extension 'ignore'
[0.402s] Level 1:colcon.colcon_core.package_identification:_identify(/home/hassen/turtlebot3_ws/src/turtlebot3/turtlebot3/turtlebot3_example) by extension 'ignore_ament_install'
[0.402s] Level 1:colcon.colcon_core.package_identification:_identify(/home/hassen/turtlebot3_ws/src/turtlebot3/turtlebot3/turtlebot3_example) by extensions ['colcon_pkg']
[0.402s] Level 1:colcon.colcon_core.package_identification:_identify(/home/hassen/turtlebot3_ws/src/turtlebot3/turtlebot3/turtlebot3_example) by extension 'colcon_pkg'
[0.402s] Level 1:colcon.colcon_core.package_identification:_identify(/home/hassen/turtlebot3_ws/src/turtlebot3/turtlebot3/turtlebot3_example) by extensions ['colcon_meta']
[0.402s] Level 1:colcon.colcon_core.package_identification:_identify(/home/hassen/turtlebot3_ws/src/turtlebot3/turtlebot3/turtlebot3_example) by extension 'colcon_meta'
[0.402s] Level 1:colcon.colcon_core.package_identification:_identify(/home/hassen/turtlebot3_ws/src/turtlebot3/turtlebot3/turtlebot3_example) by extensions ['ros']
[0.402s] Level 1:colcon.colcon_core.package_identification:_identify(/home/hassen/turtlebot3_ws/src/turtlebot3/turtlebot3/turtlebot3_example) by extension 'ros'
[0.403s] DEBUG:colcon.colcon_core.package_identification:Package '/home/hassen/turtlebot3_ws/src/turtlebot3/turtlebot3/turtlebot3_example' with type 'ros.ament_python' and name 'turtlebot3_example'
[0.403s] Level 1:colcon.colcon_core.package_identification:_identify(/home/hassen/turtlebot3_ws/src/turtlebot3/turtlebot3/turtlebot3_navigation2) by extensions ['ignore', 'ignore_ament_install']
[0.403s] Level 1:colcon.colcon_core.package_identification:_identify(/home/hassen/turtlebot3_ws/src/turtlebot3/turtlebot3/turtlebot3_navigation2) by extension 'ignore'
[0.403s] Level 1:colcon.colcon_core.package_identification:_identify(/home/hassen/turtlebot3_ws/src/turtlebot3/turtlebot3/turtlebot3_navigation2) by extension 'ignore_ament_install'
[0.403s] Level 1:colcon.colcon_core.package_identification:_identify(/home/hassen/turtlebot3_ws/src/turtlebot3/turtlebot3/turtlebot3_navigation2) by extensions ['colcon_pkg']
[0.403s] Level 1:colcon.colcon_core.package_identification:_identify(/home/hassen/turtlebot3_ws/src/turtlebot3/turtlebot3/turtlebot3_navigation2) by extension 'colcon_pkg'
[0.403s] Level 1:colcon.colcon_core.package_identification:_identify(/home/hassen/turtlebot3_ws/src/turtlebot3/turtlebot3/turtlebot3_navigation2) by extensions ['colcon_meta']
[0.403s] Level 1:colcon.colcon_core.package_identification:_identify(/home/hassen/turtlebot3_ws/src/turtlebot3/turtlebot3/turtlebot3_navigation2) by extension 'colcon_meta'
[0.403s] Level 1:colcon.colcon_core.package_identification:_identify(/home/hassen/turtlebot3_ws/src/turtlebot3/turtlebot3/turtlebot3_navigation2) by extensions ['ros']
[0.403s] Level 1:colcon.colcon_core.package_identification:_identify(/home/hassen/turtlebot3_ws/src/turtlebot3/turtlebot3/turtlebot3_navigation2) by extension 'ros'
[0.404s] DEBUG:colcon.colcon_core.package_identification:Package '/home/hassen/turtlebot3_ws/src/turtlebot3/turtlebot3/turtlebot3_navigation2' with type 'ros.ament_cmake' and name 'turtlebot3_navigation2'
[0.404s] Level 1:colcon.colcon_core.package_identification:_identify(/home/hassen/turtlebot3_ws/src/turtlebot3/turtlebot3/turtlebot3_node) by extensions ['ignore', 'ignore_ament_install']
[0.404s] Level 1:colcon.colcon_core.package_identification:_identify(/home/hassen/turtlebot3_ws/src/turtlebot3/turtlebot3/turtlebot3_node) by extension 'ignore'
[0.404s] Level 1:colcon.colcon_core.package_identification:_identify(/home/hassen/turtlebot3_ws/src/turtlebot3/turtlebot3/turtlebot3_node) by extension 'ignore_ament_install'
[0.404s] Level 1:colcon.colcon_core.package_identification:_identify(/home/hassen/turtlebot3_ws/src/turtlebot3/turtlebot3/turtlebot3_node) by extensions ['colcon_pkg']
[0.404s] Level 1:colcon.colcon_core.package_identification:_identify(/home/hassen/turtlebot3_ws/src/turtlebot3/turtlebot3/turtlebot3_node) by extension 'colcon_pkg'
[0.404s] Level 1:colcon.colcon_core.package_identification:_identify(/home/hassen/turtlebot3_ws/src/turtlebot3/turtlebot3/turtlebot3_node) by extensions ['colcon_meta']
[0.404s] Level 1:colcon.colcon_core.package_identification:_identify(/home/hassen/turtlebot3_ws/src/turtlebot3/turtlebot3/turtlebot3_node) by extension 'colcon_meta'
[0.404s] Level 1:colcon.colcon_core.package_identification:_identify(/home/hassen/turtlebot3_ws/src/turtlebot3/turtlebot3/turtlebot3_node) by extensions ['ros']
[0.404s] Level 1:colcon.colcon_core.package_identification:_identify(/home/hassen/turtlebot3_ws/src/turtlebot3/turtlebot3/turtlebot3_node) by extension 'ros'
[0.405s] DEBUG:colcon.colcon_core.package_identification:Package '/home/hassen/turtlebot3_ws/src/turtlebot3/turtlebot3/turtlebot3_node' with type 'ros.ament_cmake' and name 'turtlebot3_node'
[0.405s] Level 1:colcon.colcon_core.package_identification:_identify(/home/hassen/turtlebot3_ws/src/turtlebot3/turtlebot3/turtlebot3_teleop) by extensions ['ignore', 'ignore_ament_install']
[0.405s] Level 1:colcon.colcon_core.package_identification:_identify(/home/hassen/turtlebot3_ws/src/turtlebot3/turtlebot3/turtlebot3_teleop) by extension 'ignore'
[0.405s] Level 1:colcon.colcon_core.package_identification:_identify(/home/hassen/turtlebot3_ws/src/turtlebot3/turtlebot3/turtlebot3_teleop) by extension 'ignore_ament_install'
[0.405s] Level 1:colcon.colcon_core.package_identification:_identify(/home/hassen/turtlebot3_ws/src/turtlebot3/turtlebot3/turtlebot3_teleop) by extensions ['colcon_pkg']
[0.405s] Level 1:colcon.colcon_core.package_identification:_identify(/home/hassen/turtlebot3_ws/src/turtlebot3/turtlebot3/turtlebot3_teleop) by extension 'colcon_pkg'
[0.405s] Level 1:colcon.colcon_core.package_identification:_identify(/home/hassen/turtlebot3_ws/src/turtlebot3/turtlebot3/turtlebot3_teleop) by extensions ['colcon_meta']
[0.405s] Level 1:colcon.colcon_core.package_identification:_identify(/home/hassen/turtlebot3_ws/src/turtlebot3/turtlebot3/turtlebot3_teleop) by extension 'colcon_meta'
[0.405s] Level 1:colcon.colcon_core.package_identification:_identify(/home/hassen/turtlebot3_ws/src/turtlebot3/turtlebot3/turtlebot3_teleop) by extensions ['ros']
[0.406s] Level 1:colcon.colcon_core.package_identification:_identify(/home/hassen/turtlebot3_ws/src/turtlebot3/turtlebot3/turtlebot3_teleop) by extension 'ros'
[0.406s] DEBUG:colcon.colcon_core.package_identification:Package '/home/hassen/turtlebot3_ws/src/turtlebot3/turtlebot3/turtlebot3_teleop' with type 'ros.ament_python' and name 'turtlebot3_teleop'
[0.406s] Level 1:colcon.colcon_core.package_identification:_identify(/home/hassen/turtlebot3_ws/src/turtlebot3/turtlebot3_msgs) by extensions ['ignore', 'ignore_ament_install']
[0.406s] Level 1:colcon.colcon_core.package_identification:_identify(/home/hassen/turtlebot3_ws/src/turtlebot3/turtlebot3_msgs) by extension 'ignore'
[0.406s] Level 1:colcon.colcon_core.package_identification:_identify(/home/hassen/turtlebot3_ws/src/turtlebot3/turtlebot3_msgs) by extension 'ignore_ament_install'
[0.406s] Level 1:colcon.colcon_core.package_identification:_identify(/home/hassen/turtlebot3_ws/src/turtlebot3/turtlebot3_msgs) by extensions ['colcon_pkg']
[0.406s] Level 1:colcon.colcon_core.package_identification:_identify(/home/hassen/turtlebot3_ws/src/turtlebot3/turtlebot3_msgs) by extension 'colcon_pkg'
[0.406s] Level 1:colcon.colcon_core.package_identification:_identify(/home/hassen/turtlebot3_ws/src/turtlebot3/turtlebot3_msgs) by extensions ['colcon_meta']
[0.406s] Level 1:colcon.colcon_core.package_identification:_identify(/home/hassen/turtlebot3_ws/src/turtlebot3/turtlebot3_msgs) by extension 'colcon_meta'
[0.406s] Level 1:colcon.colcon_core.package_identification:_identify(/home/hassen/turtlebot3_ws/src/turtlebot3/turtlebot3_msgs) by extensions ['ros']
[0.406s] Level 1:colcon.colcon_core.package_identification:_identify(/home/hassen/turtlebot3_ws/src/turtlebot3/turtlebot3_msgs) by extension 'ros'
[0.407s] DEBUG:colcon.colcon_core.package_identification:Package '/home/hassen/turtlebot3_ws/src/turtlebot3/turtlebot3_msgs' with type 'ros.ament_cmake' and name 'turtlebot3_msgs'
[0.407s] Level 1:colcon.colcon_core.package_identification:_identify(/home/hassen/turtlebot3_ws/src/turtlebot3/turtlebot3_simulations) by extensions ['ignore', 'ignore_ament_install']
[0.407s] Level 1:colcon.colcon_core.package_identification:_identify(/home/hassen/turtlebot3_ws/src/turtlebot3/turtlebot3_simulations) by extension 'ignore'
[0.407s] Level 1:colcon.colcon_core.package_identification:_identify(/home/hassen/turtlebot3_ws/src/turtlebot3/turtlebot3_simulations) by extension 'ignore_ament_install'
[0.407s] Level 1:colcon.colcon_core.package_identification:_identify(/home/hassen/turtlebot3_ws/src/turtlebot3/turtlebot3_simulations) by extensions ['colcon_pkg']
[0.407s] Level 1:colcon.colcon_core.package_identification:_identify(/home/hassen/turtlebot3_ws/src/turtlebot3/turtlebot3_simulations) by extension 'colcon_pkg'
[0.407s] Level 1:colcon.colcon_core.package_identification:_identify(/home/hassen/turtlebot3_ws/src/turtlebot3/turtlebot3_simulations) by extensions ['colcon_meta']
[0.407s] Level 1:colcon.colcon_core.package_identification:_identify(/home/hassen/turtlebot3_ws/src/turtlebot3/turtlebot3_simulations) by extension 'colcon_meta'
[0.407s] Level 1:colcon.colcon_core.package_identification:_identify(/home/hassen/turtlebot3_ws/src/turtlebot3/turtlebot3_simulations) by extensions ['ros']
[0.407s] Level 1:colcon.colcon_core.package_identification:_identify(/home/hassen/turtlebot3_ws/src/turtlebot3/turtlebot3_simulations) by extension 'ros'
[0.407s] Level 1:colcon.colcon_core.package_identification:_identify(/home/hassen/turtlebot3_ws/src/turtlebot3/turtlebot3_simulations) by extensions ['cmake', 'python']
[0.407s] Level 1:colcon.colcon_core.package_identification:_identify(/home/hassen/turtlebot3_ws/src/turtlebot3/turtlebot3_simulations) by extension 'cmake'
[0.407s] Level 1:colcon.colcon_core.package_identification:_identify(/home/hassen/turtlebot3_ws/src/turtlebot3/turtlebot3_simulations) by extension 'python'
[0.407s] Level 1:colcon.colcon_core.package_identification:_identify(/home/hassen/turtlebot3_ws/src/turtlebot3/turtlebot3_simulations) by extensions ['python_setup_py']
[0.407s] Level 1:colcon.colcon_core.package_identification:_identify(/home/hassen/turtlebot3_ws/src/turtlebot3/turtlebot3_simulations) by extension 'python_setup_py'
[0.407s] Level 1:colcon.colcon_core.package_identification:_identify(/home/hassen/turtlebot3_ws/src/turtlebot3/turtlebot3_simulations/turtlebot3_fake_node) by extensions ['ignore', 'ignore_ament_install']
[0.408s] Level 1:colcon.colcon_core.package_identification:_identify(/home/hassen/turtlebot3_ws/src/turtlebot3/turtlebot3_simulations/turtlebot3_fake_node) by extension 'ignore'
[0.408s] Level 1:colcon.colcon_core.package_identification:_identify(/home/hassen/turtlebot3_ws/src/turtlebot3/turtlebot3_simulations/turtlebot3_fake_node) by extension 'ignore_ament_install'
[0.408s] Level 1:colcon.colcon_core.package_identification:_identify(/home/hassen/turtlebot3_ws/src/turtlebot3/turtlebot3_simulations/turtlebot3_fake_node) by extensions ['colcon_pkg']
[0.408s] Level 1:colcon.colcon_core.package_identification:_identify(/home/hassen/turtlebot3_ws/src/turtlebot3/turtlebot3_simulations/turtlebot3_fake_node) by extension 'colcon_pkg'
[0.408s] Level 1:colcon.colcon_core.package_identification:_identify(/home/hassen/turtlebot3_ws/src/turtlebot3/turtlebot3_simulations/turtlebot3_fake_node) by extensions ['colcon_meta']
[0.408s] Level 1:colcon.colcon_core.package_identification:_identify(/home/hassen/turtlebot3_ws/src/turtlebot3/turtlebot3_simulations/turtlebot3_fake_node) by extension 'colcon_meta'
[0.408s] Level 1:colcon.colcon_core.package_identification:_identify(/home/hassen/turtlebot3_ws/src/turtlebot3/turtlebot3_simulations/turtlebot3_fake_node) by extensions ['ros']
[0.408s] Level 1:colcon.colcon_core.package_identification:_identify(/home/hassen/turtlebot3_ws/src/turtlebot3/turtlebot3_simulations/turtlebot3_fake_node) by extension 'ros'
[0.409s] DEBUG:colcon.colcon_core.package_identification:Package '/home/hassen/turtlebot3_ws/src/turtlebot3/turtlebot3_simulations/turtlebot3_fake_node' with type 'ros.ament_cmake' and name 'turtlebot3_fake_node'
[0.409s] Level 1:colcon.colcon_core.package_identification:_identify(/home/hassen/turtlebot3_ws/src/turtlebot3/turtlebot3_simulations/turtlebot3_gazebo) by extensions ['ignore', 'ignore_ament_install']
[0.409s] Level 1:colcon.colcon_core.package_identification:_identify(/home/hassen/turtlebot3_ws/src/turtlebot3/turtlebot3_simulations/turtlebot3_gazebo) by extension 'ignore'
[0.409s] Level 1:colcon.colcon_core.package_identification:_identify(/home/hassen/turtlebot3_ws/src/turtlebot3/turtlebot3_simulations/turtlebot3_gazebo) by extension 'ignore_ament_install'
[0.409s] Level 1:colcon.colcon_core.package_identification:_identify(/home/hassen/turtlebot3_ws/src/turtlebot3/turtlebot3_simulations/turtlebot3_gazebo) by extensions ['colcon_pkg']
[0.409s] Level 1:colcon.colcon_core.package_identification:_identify(/home/hassen/turtlebot3_ws/src/turtlebot3/turtlebot3_simulations/turtlebot3_gazebo) by extension 'colcon_pkg'
[0.409s] Level 1:colcon.colcon_core.package_identification:_identify(/home/hassen/turtlebot3_ws/src/turtlebot3/turtlebot3_simulations/turtlebot3_gazebo) by extensions ['colcon_meta']
[0.409s] Level 1:colcon.colcon_core.package_identification:_identify(/home/hassen/turtlebot3_ws/src/turtlebot3/turtlebot3_simulations/turtlebot3_gazebo) by extension 'colcon_meta'
[0.409s] Level 1:colcon.colcon_core.package_identification:_identify(/home/hassen/turtlebot3_ws/src/turtlebot3/turtlebot3_simulations/turtlebot3_gazebo) by extensions ['ros']
[0.409s] Level 1:colcon.colcon_core.package_identification:_identify(/home/hassen/turtlebot3_ws/src/turtlebot3/turtlebot3_simulations/turtlebot3_gazebo) by extension 'ros'
[0.410s] DEBUG:colcon.colcon_core.package_identification:Package '/home/hassen/turtlebot3_ws/src/turtlebot3/turtlebot3_simulations/turtlebot3_gazebo' with type 'ros.ament_cmake' and name 'turtlebot3_gazebo'
[0.410s] Level 1:colcon.colcon_core.package_identification:_identify(/home/hassen/turtlebot3_ws/src/turtlebot3/turtlebot3_simulations/turtlebot3_simulations) by extensions ['ignore', 'ignore_ament_install']
[0.410s] Level 1:colcon.colcon_core.package_identification:_identify(/home/hassen/turtlebot3_ws/src/turtlebot3/turtlebot3_simulations/turtlebot3_simulations) by extension 'ignore'
[0.410s] Level 1:colcon.colcon_core.package_identification:_identify(/home/hassen/turtlebot3_ws/src/turtlebot3/turtlebot3_simulations/turtlebot3_simulations) by extension 'ignore_ament_install'
[0.410s] Level 1:colcon.colcon_core.package_identification:_identify(/home/hassen/turtlebot3_ws/src/turtlebot3/turtlebot3_simulations/turtlebot3_simulations) by extensions ['colcon_pkg']
[0.410s] Level 1:colcon.colcon_core.package_identification:_identify(/home/hassen/turtlebot3_ws/src/turtlebot3/turtlebot3_simulations/turtlebot3_simulations) by extension 'colcon_pkg'
[0.410s] Level 1:colcon.colcon_core.package_identification:_identify(/home/hassen/turtlebot3_ws/src/turtlebot3/turtlebot3_simulations/turtlebot3_simulations) by extensions ['colcon_meta']
[0.410s] Level 1:colcon.colcon_core.package_identification:_identify(/home/hassen/turtlebot3_ws/src/turtlebot3/turtlebot3_simulations/turtlebot3_simulations) by extension 'colcon_meta'
[0.410s] Level 1:colcon.colcon_core.package_identification:_identify(/home/hassen/turtlebot3_ws/src/turtlebot3/turtlebot3_simulations/turtlebot3_simulations) by extensions ['ros']
[0.410s] Level 1:colcon.colcon_core.package_identification:_identify(/home/hassen/turtlebot3_ws/src/turtlebot3/turtlebot3_simulations/turtlebot3_simulations) by extension 'ros'
[0.410s] DEBUG:colcon.colcon_core.package_identification:Package '/home/hassen/turtlebot3_ws/src/turtlebot3/turtlebot3_simulations/turtlebot3_simulations' with type 'ros.ament_cmake' and name 'turtlebot3_simulations'
[0.411s] Level 1:colcon.colcon_core.package_identification:_identify(/home/hassen/turtlebot3_ws/src/utils) by extensions ['ignore', 'ignore_ament_install']
[0.411s] Level 1:colcon.colcon_core.package_identification:_identify(/home/hassen/turtlebot3_ws/src/utils) by extension 'ignore'
[0.411s] Level 1:colcon.colcon_core.package_identification:_identify(/home/hassen/turtlebot3_ws/src/utils) by extension 'ignore_ament_install'
[0.411s] Level 1:colcon.colcon_core.package_identification:_identify(/home/hassen/turtlebot3_ws/src/utils) by extensions ['colcon_pkg']
[0.411s] Level 1:colcon.colcon_core.package_identification:_identify(/home/hassen/turtlebot3_ws/src/utils) by extension 'colcon_pkg'
[0.411s] Level 1:colcon.colcon_core.package_identification:_identify(/home/hassen/turtlebot3_ws/src/utils) by extensions ['colcon_meta']
[0.411s] Level 1:colcon.colcon_core.package_identification:_identify(/home/hassen/turtlebot3_ws/src/utils) by extension 'colcon_meta'
[0.411s] Level 1:colcon.colcon_core.package_identification:_identify(/home/hassen/turtlebot3_ws/src/utils) by extensions ['ros']
[0.411s] Level 1:colcon.colcon_core.package_identification:_identify(/home/hassen/turtlebot3_ws/src/utils) by extension 'ros'
[0.411s] Level 1:colcon.colcon_core.package_identification:_identify(/home/hassen/turtlebot3_ws/src/utils) by extensions ['cmake', 'python']
[0.411s] Level 1:colcon.colcon_core.package_identification:_identify(/home/hassen/turtlebot3_ws/src/utils) by extension 'cmake'
[0.411s] Level 1:colcon.colcon_core.package_identification:_identify(/home/hassen/turtlebot3_ws/src/utils) by extension 'python'
[0.411s] Level 1:colcon.colcon_core.package_identification:_identify(/home/hassen/turtlebot3_ws/src/utils) by extensions ['python_setup_py']
[0.411s] Level 1:colcon.colcon_core.package_identification:_identify(/home/hassen/turtlebot3_ws/src/utils) by extension 'python_setup_py'
[0.411s] Level 1:colcon.colcon_core.package_identification:_identify(/home/hassen/turtlebot3_ws/src/utils/DynamixelSDK) by extensions ['ignore', 'ignore_ament_install']
[0.411s] Level 1:colcon.colcon_core.package_identification:_identify(/home/hassen/turtlebot3_ws/src/utils/DynamixelSDK) by extension 'ignore'
[0.411s] Level 1:colcon.colcon_core.package_identification:_identify(/home/hassen/turtlebot3_ws/src/utils/DynamixelSDK) by extension 'ignore_ament_install'
[0.411s] Level 1:colcon.colcon_core.package_identification:_identify(/home/hassen/turtlebot3_ws/src/utils/DynamixelSDK) by extensions ['colcon_pkg']
[0.411s] Level 1:colcon.colcon_core.package_identification:_identify(/home/hassen/turtlebot3_ws/src/utils/DynamixelSDK) by extension 'colcon_pkg'
[0.411s] Level 1:colcon.colcon_core.package_identification:_identify(/home/hassen/turtlebot3_ws/src/utils/DynamixelSDK) by extensions ['colcon_meta']
[0.411s] Level 1:colcon.colcon_core.package_identification:_identify(/home/hassen/turtlebot3_ws/src/utils/DynamixelSDK) by extension 'colcon_meta'
[0.411s] Level 1:colcon.colcon_core.package_identification:_identify(/home/hassen/turtlebot3_ws/src/utils/DynamixelSDK) by extensions ['ros']
[0.411s] Level 1:colcon.colcon_core.package_identification:_identify(/home/hassen/turtlebot3_ws/src/utils/DynamixelSDK) by extension 'ros'
[0.412s] Level 1:colcon.colcon_core.package_identification:_identify(/home/hassen/turtlebot3_ws/src/utils/DynamixelSDK) by extensions ['cmake', 'python']
[0.412s] Level 1:colcon.colcon_core.package_identification:_identify(/home/hassen/turtlebot3_ws/src/utils/DynamixelSDK) by extension 'cmake'
[0.412s] Level 1:colcon.colcon_core.package_identification:_identify(/home/hassen/turtlebot3_ws/src/utils/DynamixelSDK) by extension 'python'
[0.412s] Level 1:colcon.colcon_core.package_identification:_identify(/home/hassen/turtlebot3_ws/src/utils/DynamixelSDK) by extensions ['python_setup_py']
[0.412s] Level 1:colcon.colcon_core.package_identification:_identify(/home/hassen/turtlebot3_ws/src/utils/DynamixelSDK) by extension 'python_setup_py'
[0.412s] Level 1:colcon.colcon_core.package_identification:_identify(/home/hassen/turtlebot3_ws/src/utils/DynamixelSDK/dynamixel_sdk) by extensions ['ignore', 'ignore_ament_install']
[0.412s] Level 1:colcon.colcon_core.package_identification:_identify(/home/hassen/turtlebot3_ws/src/utils/DynamixelSDK/dynamixel_sdk) by extension 'ignore'
[0.412s] Level 1:colcon.colcon_core.package_identification:_identify(/home/hassen/turtlebot3_ws/src/utils/DynamixelSDK/dynamixel_sdk) by extension 'ignore_ament_install'
[0.412s] Level 1:colcon.colcon_core.package_identification:_identify(/home/hassen/turtlebot3_ws/src/utils/DynamixelSDK/dynamixel_sdk) by extensions ['colcon_pkg']
[0.412s] Level 1:colcon.colcon_core.package_identification:_identify(/home/hassen/turtlebot3_ws/src/utils/DynamixelSDK/dynamixel_sdk) by extension 'colcon_pkg'
[0.412s] Level 1:colcon.colcon_core.package_identification:_identify(/home/hassen/turtlebot3_ws/src/utils/DynamixelSDK/dynamixel_sdk) by extensions ['colcon_meta']
[0.412s] Level 1:colcon.colcon_core.package_identification:_identify(/home/hassen/turtlebot3_ws/src/utils/DynamixelSDK/dynamixel_sdk) by extension 'colcon_meta'
[0.412s] Level 1:colcon.colcon_core.package_identification:_identify(/home/hassen/turtlebot3_ws/src/utils/DynamixelSDK/dynamixel_sdk) by extensions ['ros']
[0.412s] Level 1:colcon.colcon_core.package_identification:_identify(/home/hassen/turtlebot3_ws/src/utils/DynamixelSDK/dynamixel_sdk) by extension 'ros'
[0.412s] DEBUG:colcon.colcon_core.package_identification:Package '/home/hassen/turtlebot3_ws/src/utils/DynamixelSDK/dynamixel_sdk' with type 'ros.ament_cmake' and name 'dynamixel_sdk'
[0.413s] Level 1:colcon.colcon_core.package_identification:_identify(/home/hassen/turtlebot3_ws/src/utils/DynamixelSDK/dynamixel_sdk_custom_interfaces) by extensions ['ignore', 'ignore_ament_install']
[0.413s] Level 1:colcon.colcon_core.package_identification:_identify(/home/hassen/turtlebot3_ws/src/utils/DynamixelSDK/dynamixel_sdk_custom_interfaces) by extension 'ignore'
[0.413s] Level 1:colcon.colcon_core.package_identification:_identify(/home/hassen/turtlebot3_ws/src/utils/DynamixelSDK/dynamixel_sdk_custom_interfaces) by extension 'ignore_ament_install'
[0.413s] Level 1:colcon.colcon_core.package_identification:_identify(/home/hassen/turtlebot3_ws/src/utils/DynamixelSDK/dynamixel_sdk_custom_interfaces) by extensions ['colcon_pkg']
[0.413s] Level 1:colcon.colcon_core.package_identification:_identify(/home/hassen/turtlebot3_ws/src/utils/DynamixelSDK/dynamixel_sdk_custom_interfaces) by extension 'colcon_pkg'
[0.413s] Level 1:colcon.colcon_core.package_identification:_identify(/home/hassen/turtlebot3_ws/src/utils/DynamixelSDK/dynamixel_sdk_custom_interfaces) by extensions ['colcon_meta']
[0.413s] Level 1:colcon.colcon_core.package_identification:_identify(/home/hassen/turtlebot3_ws/src/utils/DynamixelSDK/dynamixel_sdk_custom_interfaces) by extension 'colcon_meta'
[0.413s] Level 1:colcon.colcon_core.package_identification:_identify(/home/hassen/turtlebot3_ws/src/utils/DynamixelSDK/dynamixel_sdk_custom_interfaces) by extensions ['ros']
[0.413s] Level 1:colcon.colcon_core.package_identification:_identify(/home/hassen/turtlebot3_ws/src/utils/DynamixelSDK/dynamixel_sdk_custom_interfaces) by extension 'ros'
[0.413s] DEBUG:colcon.colcon_core.package_identification:Package '/home/hassen/turtlebot3_ws/src/utils/DynamixelSDK/dynamixel_sdk_custom_interfaces' with type 'ros.ament_cmake' and name 'dynamixel_sdk_custom_interfaces'
[0.413s] Level 1:colcon.colcon_core.package_identification:_identify(/home/hassen/turtlebot3_ws/src/utils/DynamixelSDK/dynamixel_sdk_examples) by extensions ['ignore', 'ignore_ament_install']
[0.414s] Level 1:colcon.colcon_core.package_identification:_identify(/home/hassen/turtlebot3_ws/src/utils/DynamixelSDK/dynamixel_sdk_examples) by extension 'ignore'
[0.414s] Level 1:colcon.colcon_core.package_identification:_identify(/home/hassen/turtlebot3_ws/src/utils/DynamixelSDK/dynamixel_sdk_examples) by extension 'ignore_ament_install'
[0.414s] Level 1:colcon.colcon_core.package_identification:_identify(/home/hassen/turtlebot3_ws/src/utils/DynamixelSDK/dynamixel_sdk_examples) by extensions ['colcon_pkg']
[0.414s] Level 1:colcon.colcon_core.package_identification:_identify(/home/hassen/turtlebot3_ws/src/utils/DynamixelSDK/dynamixel_sdk_examples) by extension 'colcon_pkg'
[0.414s] Level 1:colcon.colcon_core.package_identification:_identify(/home/hassen/turtlebot3_ws/src/utils/DynamixelSDK/dynamixel_sdk_examples) by extensions ['colcon_meta']
[0.414s] Level 1:colcon.colcon_core.package_identification:_identify(/home/hassen/turtlebot3_ws/src/utils/DynamixelSDK/dynamixel_sdk_examples) by extension 'colcon_meta'
[0.414s] Level 1:colcon.colcon_core.package_identification:_identify(/home/hassen/turtlebot3_ws/src/utils/DynamixelSDK/dynamixel_sdk_examples) by extensions ['ros']
[0.414s] Level 1:colcon.colcon_core.package_identification:_identify(/home/hassen/turtlebot3_ws/src/utils/DynamixelSDK/dynamixel_sdk_examples) by extension 'ros'
[0.414s] DEBUG:colcon.colcon_core.package_identification:Package '/home/hassen/turtlebot3_ws/src/utils/DynamixelSDK/dynamixel_sdk_examples' with type 'ros.ament_cmake' and name 'dynamixel_sdk_examples'
[0.414s] Level 1:colcon.colcon_core.package_identification:_identify(/home/hassen/turtlebot3_ws/src/utils/hls_lfcd_lds_driver) by extensions ['ignore', 'ignore_ament_install']
[0.414s] Level 1:colcon.colcon_core.package_identification:_identify(/home/hassen/turtlebot3_ws/src/utils/hls_lfcd_lds_driver) by extension 'ignore'
[0.414s] Level 1:colcon.colcon_core.package_identification:_identify(/home/hassen/turtlebot3_ws/src/utils/hls_lfcd_lds_driver) by extension 'ignore_ament_install'
[0.415s] Level 1:colcon.colcon_core.package_identification:_identify(/home/hassen/turtlebot3_ws/src/utils/hls_lfcd_lds_driver) by extensions ['colcon_pkg']
[0.415s] Level 1:colcon.colcon_core.package_identification:_identify(/home/hassen/turtlebot3_ws/src/utils/hls_lfcd_lds_driver) by extension 'colcon_pkg'
[0.415s] Level 1:colcon.colcon_core.package_identification:_identify(/home/hassen/turtlebot3_ws/src/utils/hls_lfcd_lds_driver) by extensions ['colcon_meta']
[0.415s] Level 1:colcon.colcon_core.package_identification:_identify(/home/hassen/turtlebot3_ws/src/utils/hls_lfcd_lds_driver) by extension 'colcon_meta'
[0.415s] Level 1:colcon.colcon_core.package_identification:_identify(/home/hassen/turtlebot3_ws/src/utils/hls_lfcd_lds_driver) by extensions ['ros']
[0.415s] Level 1:colcon.colcon_core.package_identification:_identify(/home/hassen/turtlebot3_ws/src/utils/hls_lfcd_lds_driver) by extension 'ros'
[0.415s] DEBUG:colcon.colcon_core.package_identification:Package '/home/hassen/turtlebot3_ws/src/utils/hls_lfcd_lds_driver' with type 'ros.ament_cmake' and name 'hls_lfcd_lds_driver'
[0.416s] Level 1:colcon.colcon_core.package_identification:_identify(/home/hassen/turtlebot3_ws/~) by extensions ['ignore', 'ignore_ament_install']
[0.416s] Level 1:colcon.colcon_core.package_identification:_identify(/home/hassen/turtlebot3_ws/~) by extension 'ignore'
[0.416s] Level 1:colcon.colcon_core.package_identification:_identify(/home/hassen/turtlebot3_ws/~) by extension 'ignore_ament_install'
[0.416s] Level 1:colcon.colcon_core.package_identification:_identify(/home/hassen/turtlebot3_ws/~) by extensions ['colcon_pkg']
[0.416s] Level 1:colcon.colcon_core.package_identification:_identify(/home/hassen/turtlebot3_ws/~) by extension 'colcon_pkg'
[0.416s] Level 1:colcon.colcon_core.package_identification:_identify(/home/hassen/turtlebot3_ws/~) by extensions ['colcon_meta']
[0.416s] Level 1:colcon.colcon_core.package_identification:_identify(/home/hassen/turtlebot3_ws/~) by extension 'colcon_meta'
[0.416s] Level 1:colcon.colcon_core.package_identification:_identify(/home/hassen/turtlebot3_ws/~) by extensions ['ros']
[0.416s] Level 1:colcon.colcon_core.package_identification:_identify(/home/hassen/turtlebot3_ws/~) by extension 'ros'
[0.416s] Level 1:colcon.colcon_core.package_identification:_identify(/home/hassen/turtlebot3_ws/~) by extensions ['cmake', 'python']
[0.416s] Level 1:colcon.colcon_core.package_identification:_identify(/home/hassen/turtlebot3_ws/~) by extension 'cmake'
[0.417s] Level 1:colcon.colcon_core.package_identification:_identify(/home/hassen/turtlebot3_ws/~) by extension 'python'
[0.417s] Level 1:colcon.colcon_core.package_identification:_identify(/home/hassen/turtlebot3_ws/~) by extensions ['python_setup_py']
[0.417s] Level 1:colcon.colcon_core.package_identification:_identify(/home/hassen/turtlebot3_ws/~) by extension 'python_setup_py'
[0.417s] Level 1:colcon.colcon_core.package_identification:_identify(/home/hassen/turtlebot3_ws/~/yolobot) by extensions ['ignore', 'ignore_ament_install']
[0.417s] Level 1:colcon.colcon_core.package_identification:_identify(/home/hassen/turtlebot3_ws/~/yolobot) by extension 'ignore'
[0.417s] Level 1:colcon.colcon_core.package_identification:_identify(/home/hassen/turtlebot3_ws/~/yolobot) by extension 'ignore_ament_install'
[0.417s] Level 1:colcon.colcon_core.package_identification:_identify(/home/hassen/turtlebot3_ws/~/yolobot) by extensions ['colcon_pkg']
[0.417s] Level 1:colcon.colcon_core.package_identification:_identify(/home/hassen/turtlebot3_ws/~/yolobot) by extension 'colcon_pkg'
[0.417s] Level 1:colcon.colcon_core.package_identification:_identify(/home/hassen/turtlebot3_ws/~/yolobot) by extensions ['colcon_meta']
[0.417s] Level 1:colcon.colcon_core.package_identification:_identify(/home/hassen/turtlebot3_ws/~/yolobot) by extension 'colcon_meta'
[0.417s] Level 1:colcon.colcon_core.package_identification:_identify(/home/hassen/turtlebot3_ws/~/yolobot) by extensions ['ros']
[0.417s] Level 1:colcon.colcon_core.package_identification:_identify(/home/hassen/turtlebot3_ws/~/yolobot) by extension 'ros'
[0.418s] Level 1:colcon.colcon_core.package_identification:_identify(/home/hassen/turtlebot3_ws/~/yolobot) by extensions ['cmake', 'python']
[0.418s] Level 1:colcon.colcon_core.package_identification:_identify(/home/hassen/turtlebot3_ws/~/yolobot) by extension 'cmake'
[0.418s] Level 1:colcon.colcon_core.package_identification:_identify(/home/hassen/turtlebot3_ws/~/yolobot) by extension 'python'
[0.418s] Level 1:colcon.colcon_core.package_identification:_identify(/home/hassen/turtlebot3_ws/~/yolobot) by extensions ['python_setup_py']
[0.418s] Level 1:colcon.colcon_core.package_identification:_identify(/home/hassen/turtlebot3_ws/~/yolobot) by extension 'python_setup_py'
[0.418s] Level 1:colcon.colcon_core.package_identification:_identify(/home/hassen/turtlebot3_ws/~/yolobot/src) by extensions ['ignore', 'ignore_ament_install']
[0.418s] Level 1:colcon.colcon_core.package_identification:_identify(/home/hassen/turtlebot3_ws/~/yolobot/src) by extension 'ignore'
[0.418s] Level 1:colcon.colcon_core.package_identification:_identify(/home/hassen/turtlebot3_ws/~/yolobot/src) by extension 'ignore_ament_install'
[0.418s] Level 1:colcon.colcon_core.package_identification:_identify(/home/hassen/turtlebot3_ws/~/yolobot/src) by extensions ['colcon_pkg']
[0.418s] Level 1:colcon.colcon_core.package_identification:_identify(/home/hassen/turtlebot3_ws/~/yolobot/src) by extension 'colcon_pkg'
[0.418s] Level 1:colcon.colcon_core.package_identification:_identify(/home/hassen/turtlebot3_ws/~/yolobot/src) by extensions ['colcon_meta']
[0.418s] Level 1:colcon.colcon_core.package_identification:_identify(/home/hassen/turtlebot3_ws/~/yolobot/src) by extension 'colcon_meta'
[0.418s] Level 1:colcon.colcon_core.package_identification:_identify(/home/hassen/turtlebot3_ws/~/yolobot/src) by extensions ['ros']
[0.418s] Level 1:colcon.colcon_core.package_identification:_identify(/home/hassen/turtlebot3_ws/~/yolobot/src) by extension 'ros'
[0.418s] Level 1:colcon.colcon_core.package_identification:_identify(/home/hassen/turtlebot3_ws/~/yolobot/src) by extensions ['cmake', 'python']
[0.418s] Level 1:colcon.colcon_core.package_identification:_identify(/home/hassen/turtlebot3_ws/~/yolobot/src) by extension 'cmake'
[0.419s] Level 1:colcon.colcon_core.package_identification:_identify(/home/hassen/turtlebot3_ws/~/yolobot/src) by extension 'python'
[0.419s] Level 1:colcon.colcon_core.package_identification:_identify(/home/hassen/turtlebot3_ws/~/yolobot/src) by extensions ['python_setup_py']
[0.419s] Level 1:colcon.colcon_core.package_identification:_identify(/home/hassen/turtlebot3_ws/~/yolobot/src) by extension 'python_setup_py'
[0.419s] Level 1:colcon.colcon_core.package_identification:_identify(/home/hassen/turtlebot3_ws/~/yolobot/src/yolobot_recognition) by extensions ['ignore', 'ignore_ament_install']
[0.419s] Level 1:colcon.colcon_core.package_identification:_identify(/home/hassen/turtlebot3_ws/~/yolobot/src/yolobot_recognition) by extension 'ignore'
[0.419s] Level 1:colcon.colcon_core.package_identification:_identify(/home/hassen/turtlebot3_ws/~/yolobot/src/yolobot_recognition) by extension 'ignore_ament_install'
[0.419s] Level 1:colcon.colcon_core.package_identification:_identify(/home/hassen/turtlebot3_ws/~/yolobot/src/yolobot_recognition) by extensions ['colcon_pkg']
[0.419s] Level 1:colcon.colcon_core.package_identification:_identify(/home/hassen/turtlebot3_ws/~/yolobot/src/yolobot_recognition) by extension 'colcon_pkg'
[0.419s] Level 1:colcon.colcon_core.package_identification:_identify(/home/hassen/turtlebot3_ws/~/yolobot/src/yolobot_recognition) by extensions ['colcon_meta']
[0.419s] Level 1:colcon.colcon_core.package_identification:_identify(/home/hassen/turtlebot3_ws/~/yolobot/src/yolobot_recognition) by extension 'colcon_meta'
[0.419s] Level 1:colcon.colcon_core.package_identification:_identify(/home/hassen/turtlebot3_ws/~/yolobot/src/yolobot_recognition) by extensions ['ros']
[0.419s] Level 1:colcon.colcon_core.package_identification:_identify(/home/hassen/turtlebot3_ws/~/yolobot/src/yolobot_recognition) by extension 'ros'
[0.419s] Level 1:colcon.colcon_core.package_identification:_identify(/home/hassen/turtlebot3_ws/~/yolobot/src/yolobot_recognition) by extensions ['cmake', 'python']
[0.419s] Level 1:colcon.colcon_core.package_identification:_identify(/home/hassen/turtlebot3_ws/~/yolobot/src/yolobot_recognition) by extension 'cmake'
[0.419s] Level 1:colcon.colcon_core.package_identification:_identify(/home/hassen/turtlebot3_ws/~/yolobot/src/yolobot_recognition) by extension 'python'
[0.419s] Level 1:colcon.colcon_core.package_identification:_identify(/home/hassen/turtlebot3_ws/~/yolobot/src/yolobot_recognition) by extensions ['python_setup_py']
[0.419s] Level 1:colcon.colcon_core.package_identification:_identify(/home/hassen/turtlebot3_ws/~/yolobot/src/yolobot_recognition) by extension 'python_setup_py'
[0.420s] Level 1:colcon.colcon_core.package_identification:_identify(/home/hassen/turtlebot3_ws/~/yolobot/src/yolobot_recognition/scripts) by extensions ['ignore', 'ignore_ament_install']
[0.420s] Level 1:colcon.colcon_core.package_identification:_identify(/home/hassen/turtlebot3_ws/~/yolobot/src/yolobot_recognition/scripts) by extension 'ignore'
[0.420s] Level 1:colcon.colcon_core.package_identification:_identify(/home/hassen/turtlebot3_ws/~/yolobot/src/yolobot_recognition/scripts) by extension 'ignore_ament_install'
[0.420s] Level 1:colcon.colcon_core.package_identification:_identify(/home/hassen/turtlebot3_ws/~/yolobot/src/yolobot_recognition/scripts) by extensions ['colcon_pkg']
[0.420s] Level 1:colcon.colcon_core.package_identification:_identify(/home/hassen/turtlebot3_ws/~/yolobot/src/yolobot_recognition/scripts) by extension 'colcon_pkg'
[0.420s] Level 1:colcon.colcon_core.package_identification:_identify(/home/hassen/turtlebot3_ws/~/yolobot/src/yolobot_recognition/scripts) by extensions ['colcon_meta']
[0.420s] Level 1:colcon.colcon_core.package_identification:_identify(/home/hassen/turtlebot3_ws/~/yolobot/src/yolobot_recognition/scripts) by extension 'colcon_meta'
[0.420s] Level 1:colcon.colcon_core.package_identification:_identify(/home/hassen/turtlebot3_ws/~/yolobot/src/yolobot_recognition/scripts) by extensions ['ros']
[0.420s] Level 1:colcon.colcon_core.package_identification:_identify(/home/hassen/turtlebot3_ws/~/yolobot/src/yolobot_recognition/scripts) by extension 'ros'
[0.420s] Level 1:colcon.colcon_core.package_identification:_identify(/home/hassen/turtlebot3_ws/~/yolobot/src/yolobot_recognition/scripts) by extensions ['cmake', 'python']
[0.420s] Level 1:colcon.colcon_core.package_identification:_identify(/home/hassen/turtlebot3_ws/~/yolobot/src/yolobot_recognition/scripts) by extension 'cmake'
[0.420s] Level 1:colcon.colcon_core.package_identification:_identify(/home/hassen/turtlebot3_ws/~/yolobot/src/yolobot_recognition/scripts) by extension 'python'
[0.420s] Level 1:colcon.colcon_core.package_identification:_identify(/home/hassen/turtlebot3_ws/~/yolobot/src/yolobot_recognition/scripts) by extensions ['python_setup_py']
[0.420s] Level 1:colcon.colcon_core.package_identification:_identify(/home/hassen/turtlebot3_ws/~/yolobot/src/yolobot_recognition/scripts) by extension 'python_setup_py'
[0.420s] Level 1:colcon.colcon_core.package_discovery:discover_packages(recursive) using defaults
