[0.065s] Invoking command in '/home/hassen/turtlebot3_ws/build/yolov8_msgs': CMAKE_PREFIX_PATH=${CMAKE_PREFIX_PATH}:/home/hassen/turtlebot3_ws/install/turtlebot3_teleop:/home/hassen/turtlebot3_ws/install/turtlebot3_example:/home/hassen/turtlebot3_ws/install/tb3_sim:/opt/ros/humble /usr/bin/cmake --build /home/hassen/turtlebot3_ws/build/yolov8_msgs -- -j12 -l12
[0.124s] [35m[1mConsolidate compiler generated dependencies of target yolov8_msgs__rosidl_generator_c[0m
[0.138s] [  2%] Built target yolov8_msgs__cpp
[0.149s] [ 12%] Built target yolov8_msgs__rosidl_generator_c
[0.155s] [ 12%] Built target ament_cmake_python_copy_yolov8_msgs
[0.155s] [35m[1mConsolidate compiler generated dependencies of target yolov8_msgs__rosidl_typesupport_cpp[0m
[0.155s] [35m[1mConsolidate compiler generated dependencies of target yolov8_msgs__rosidl_typesupport_fastrtps_cpp[0m
[0.156s] [35m[1mConsolidate compiler generated dependencies of target yolov8_msgs__rosidl_typesupport_introspection_cpp[0m
[0.168s] [35m[1mConsolidate compiler generated dependencies of target yolov8_msgs__rosidl_typesupport_introspection_c[0m
[0.169s] [35m[1mConsolidate compiler generated dependencies of target yolov8_msgs__rosidl_typesupport_fastrtps_c[0m
[0.176s] [35m[1mConsolidate compiler generated dependencies of target yolov8_msgs__rosidl_typesupport_c[0m
[0.179s] [ 33%] Built target yolov8_msgs__rosidl_typesupport_fastrtps_cpp
[0.179s] [ 30%] Built target yolov8_msgs__rosidl_typesupport_cpp
[0.190s] [ 43%] Built target yolov8_msgs__rosidl_typesupport_introspection_c
[0.190s] [ 53%] Built target yolov8_msgs__rosidl_typesupport_introspection_cpp
[0.194s] [ 64%] Built target yolov8_msgs__rosidl_typesupport_c
[0.194s] [ 74%] Built target yolov8_msgs__rosidl_typesupport_fastrtps_c
[0.226s] [ 74%] Built target yolov8_msgs
[0.255s] [ 76%] Built target yolov8_msgs__py
[0.272s] [35m[1mConsolidate compiler generated dependencies of target yolov8_msgs__rosidl_generator_py[0m
[0.297s] [ 84%] Built target yolov8_msgs__rosidl_generator_py
[0.314s] [35m[1mConsolidate compiler generated dependencies of target yolov8_msgs__rosidl_typesupport_introspection_c__pyext[0m
[0.316s] [35m[1mConsolidate compiler generated dependencies of target yolov8_msgs__rosidl_typesupport_c__pyext[0m
[0.320s] [35m[1mConsolidate compiler generated dependencies of target yolov8_msgs__rosidl_typesupport_fastrtps_c__pyext[0m
[0.338s] [ 89%] Built target yolov8_msgs__rosidl_typesupport_introspection_c__pyext
[0.340s] [ 94%] Built target yolov8_msgs__rosidl_typesupport_c__pyext
[0.348s] [100%] Built target yolov8_msgs__rosidl_typesupport_fastrtps_c__pyext
[0.443s] running egg_info
[0.444s] writing yolov8_msgs.egg-info/PKG-INFO
[0.444s] writing dependency_links to yolov8_msgs.egg-info/dependency_links.txt
[0.444s] writing top-level names to yolov8_msgs.egg-info/top_level.txt
[0.445s] reading manifest file 'yolov8_msgs.egg-info/SOURCES.txt'
[0.447s] writing manifest file 'yolov8_msgs.egg-info/SOURCES.txt'
[0.476s] [100%] Built target ament_cmake_python_build_yolov8_msgs_egg
[0.768s] Invoked command in '/home/hassen/turtlebot3_ws/build/yolov8_msgs' returned '0': CMAKE_PREFIX_PATH=${CMAKE_PREFIX_PATH}:/home/hassen/turtlebot3_ws/install/turtlebot3_teleop:/home/hassen/turtlebot3_ws/install/turtlebot3_example:/home/hassen/turtlebot3_ws/install/tb3_sim:/opt/ros/humble /usr/bin/cmake --build /home/hassen/turtlebot3_ws/build/yolov8_msgs -- -j12 -l12
[0.866s] Invoking command in '/home/hassen/turtlebot3_ws/build/yolov8_msgs': CMAKE_PREFIX_PATH=${CMAKE_PREFIX_PATH}:/home/hassen/turtlebot3_ws/install/turtlebot3_teleop:/home/hassen/turtlebot3_ws/install/turtlebot3_example:/home/hassen/turtlebot3_ws/install/tb3_sim:/opt/ros/humble /usr/bin/cmake --install /home/hassen/turtlebot3_ws/build/yolov8_msgs
[0.874s] -- Install configuration: ""
[0.875s] -- Up-to-date: /home/hassen/turtlebot3_ws/install/yolov8_msgs/share/ament_index/resource_index/rosidl_interfaces/yolov8_msgs
[0.875s] -- Up-to-date: /home/hassen/turtlebot3_ws/install/yolov8_msgs/include/yolov8_msgs/yolov8_msgs
[0.875s] -- Up-to-date: /home/hassen/turtlebot3_ws/install/yolov8_msgs/include/yolov8_msgs/yolov8_msgs/msg
[0.875s] -- Up-to-date: /home/hassen/turtlebot3_ws/install/yolov8_msgs/include/yolov8_msgs/yolov8_msgs/msg/rosidl_generator_c__visibility_control.h
[0.875s] -- Up-to-date: /home/hassen/turtlebot3_ws/install/yolov8_msgs/include/yolov8_msgs/yolov8_msgs/msg/yolov8_inference.h
[0.875s] -- Up-to-date: /home/hassen/turtlebot3_ws/install/yolov8_msgs/include/yolov8_msgs/yolov8_msgs/msg/inference_result.h
[0.875s] -- Up-to-date: /home/hassen/turtlebot3_ws/install/yolov8_msgs/include/yolov8_msgs/yolov8_msgs/msg/detail
[0.875s] -- Up-to-date: /home/hassen/turtlebot3_ws/install/yolov8_msgs/include/yolov8_msgs/yolov8_msgs/msg/detail/yolov8_inference__type_support.h
[0.876s] -- Up-to-date: /home/hassen/turtlebot3_ws/install/yolov8_msgs/include/yolov8_msgs/yolov8_msgs/msg/detail/yolov8_inference__struct.h
[0.876s] -- Up-to-date: /home/hassen/turtlebot3_ws/install/yolov8_msgs/include/yolov8_msgs/yolov8_msgs/msg/detail/inference_result__struct.h
[0.877s] -- Up-to-date: /home/hassen/turtlebot3_ws/install/yolov8_msgs/include/yolov8_msgs/yolov8_msgs/msg/detail/inference_result__functions.c
[0.877s] -- Up-to-date: /home/hassen/turtlebot3_ws/install/yolov8_msgs/include/yolov8_msgs/yolov8_msgs/msg/detail/inference_result__functions.h
[0.877s] -- Up-to-date: /home/hassen/turtlebot3_ws/install/yolov8_msgs/include/yolov8_msgs/yolov8_msgs/msg/detail/yolov8_inference__functions.c
[0.878s] -- Up-to-date: /home/hassen/turtlebot3_ws/install/yolov8_msgs/include/yolov8_msgs/yolov8_msgs/msg/detail/yolov8_inference__functions.h
[0.878s] -- Up-to-date: /home/hassen/turtlebot3_ws/install/yolov8_msgs/include/yolov8_msgs/yolov8_msgs/msg/detail/inference_result__type_support.h
[0.878s] -- Up-to-date: /home/hassen/turtlebot3_ws/install/yolov8_msgs/share/yolov8_msgs/environment/library_path.sh
[0.878s] -- Up-to-date: /home/hassen/turtlebot3_ws/install/yolov8_msgs/share/yolov8_msgs/environment/library_path.dsv
[0.878s] -- Up-to-date: /home/hassen/turtlebot3_ws/install/yolov8_msgs/lib/libyolov8_msgs__rosidl_generator_c.so
[0.878s] -- Up-to-date: /home/hassen/turtlebot3_ws/install/yolov8_msgs/include/yolov8_msgs/yolov8_msgs
[0.878s] -- Up-to-date: /home/hassen/turtlebot3_ws/install/yolov8_msgs/include/yolov8_msgs/yolov8_msgs/msg
[0.878s] -- Up-to-date: /home/hassen/turtlebot3_ws/install/yolov8_msgs/include/yolov8_msgs/yolov8_msgs/msg/rosidl_typesupport_fastrtps_c__visibility_control.h
[0.879s] -- Up-to-date: /home/hassen/turtlebot3_ws/install/yolov8_msgs/include/yolov8_msgs/yolov8_msgs/msg/detail
[0.879s] -- Up-to-date: /home/hassen/turtlebot3_ws/install/yolov8_msgs/include/yolov8_msgs/yolov8_msgs/msg/detail/inference_result__rosidl_typesupport_fastrtps_c.h
[0.879s] -- Up-to-date: /home/hassen/turtlebot3_ws/install/yolov8_msgs/include/yolov8_msgs/yolov8_msgs/msg/detail/yolov8_inference__rosidl_typesupport_fastrtps_c.h
[0.879s] -- Up-to-date: /home/hassen/turtlebot3_ws/install/yolov8_msgs/lib/libyolov8_msgs__rosidl_typesupport_fastrtps_c.so
[0.879s] -- Up-to-date: /home/hassen/turtlebot3_ws/install/yolov8_msgs/include/yolov8_msgs/yolov8_msgs
[0.880s] -- Up-to-date: /home/hassen/turtlebot3_ws/install/yolov8_msgs/include/yolov8_msgs/yolov8_msgs/msg
[0.880s] -- Up-to-date: /home/hassen/turtlebot3_ws/install/yolov8_msgs/include/yolov8_msgs/yolov8_msgs/msg/inference_result.hpp
[0.880s] -- Up-to-date: /home/hassen/turtlebot3_ws/install/yolov8_msgs/include/yolov8_msgs/yolov8_msgs/msg/yolov8_inference.hpp
[0.880s] -- Up-to-date: /home/hassen/turtlebot3_ws/install/yolov8_msgs/include/yolov8_msgs/yolov8_msgs/msg/detail
[0.880s] -- Up-to-date: /home/hassen/turtlebot3_ws/install/yolov8_msgs/include/yolov8_msgs/yolov8_msgs/msg/detail/yolov8_inference__traits.hpp
[0.880s] -- Up-to-date: /home/hassen/turtlebot3_ws/install/yolov8_msgs/include/yolov8_msgs/yolov8_msgs/msg/detail/inference_result__struct.hpp
[0.880s] -- Up-to-date: /home/hassen/turtlebot3_ws/install/yolov8_msgs/include/yolov8_msgs/yolov8_msgs/msg/detail/inference_result__traits.hpp
[0.880s] -- Up-to-date: /home/hassen/turtlebot3_ws/install/yolov8_msgs/include/yolov8_msgs/yolov8_msgs/msg/detail/yolov8_inference__struct.hpp
[0.881s] -- Up-to-date: /home/hassen/turtlebot3_ws/install/yolov8_msgs/include/yolov8_msgs/yolov8_msgs/msg/detail/inference_result__builder.hpp
[0.881s] -- Up-to-date: /home/hassen/turtlebot3_ws/install/yolov8_msgs/include/yolov8_msgs/yolov8_msgs/msg/detail/yolov8_inference__builder.hpp
[0.881s] -- Up-to-date: /home/hassen/turtlebot3_ws/install/yolov8_msgs/include/yolov8_msgs/yolov8_msgs
[0.881s] -- Up-to-date: /home/hassen/turtlebot3_ws/install/yolov8_msgs/include/yolov8_msgs/yolov8_msgs/msg
[0.881s] -- Up-to-date: /home/hassen/turtlebot3_ws/install/yolov8_msgs/include/yolov8_msgs/yolov8_msgs/msg/rosidl_typesupport_fastrtps_cpp__visibility_control.h
[0.881s] -- Up-to-date: /home/hassen/turtlebot3_ws/install/yolov8_msgs/include/yolov8_msgs/yolov8_msgs/msg/detail
[0.881s] -- Up-to-date: /home/hassen/turtlebot3_ws/install/yolov8_msgs/include/yolov8_msgs/yolov8_msgs/msg/detail/yolov8_inference__rosidl_typesupport_fastrtps_cpp.hpp
[0.881s] -- Up-to-date: /home/hassen/turtlebot3_ws/install/yolov8_msgs/include/yolov8_msgs/yolov8_msgs/msg/detail/dds_fastrtps
[0.881s] -- Up-to-date: /home/hassen/turtlebot3_ws/install/yolov8_msgs/include/yolov8_msgs/yolov8_msgs/msg/detail/inference_result__rosidl_typesupport_fastrtps_cpp.hpp
[0.881s] -- Up-to-date: /home/hassen/turtlebot3_ws/install/yolov8_msgs/lib/libyolov8_msgs__rosidl_typesupport_fastrtps_cpp.so
[0.881s] -- Up-to-date: /home/hassen/turtlebot3_ws/install/yolov8_msgs/include/yolov8_msgs/yolov8_msgs
[0.881s] -- Up-to-date: /home/hassen/turtlebot3_ws/install/yolov8_msgs/include/yolov8_msgs/yolov8_msgs/msg
[0.881s] -- Up-to-date: /home/hassen/turtlebot3_ws/install/yolov8_msgs/include/yolov8_msgs/yolov8_msgs/msg/rosidl_typesupport_introspection_c__visibility_control.h
[0.881s] -- Up-to-date: /home/hassen/turtlebot3_ws/install/yolov8_msgs/include/yolov8_msgs/yolov8_msgs/msg/detail
[0.882s] -- Up-to-date: /home/hassen/turtlebot3_ws/install/yolov8_msgs/include/yolov8_msgs/yolov8_msgs/msg/detail/inference_result__type_support.c
[0.882s] -- Up-to-date: /home/hassen/turtlebot3_ws/install/yolov8_msgs/include/yolov8_msgs/yolov8_msgs/msg/detail/yolov8_inference__type_support.c
[0.882s] -- Up-to-date: /home/hassen/turtlebot3_ws/install/yolov8_msgs/include/yolov8_msgs/yolov8_msgs/msg/detail/inference_result__rosidl_typesupport_introspection_c.h
[0.882s] -- Up-to-date: /home/hassen/turtlebot3_ws/install/yolov8_msgs/include/yolov8_msgs/yolov8_msgs/msg/detail/yolov8_inference__rosidl_typesupport_introspection_c.h
[0.882s] -- Up-to-date: /home/hassen/turtlebot3_ws/install/yolov8_msgs/lib/libyolov8_msgs__rosidl_typesupport_introspection_c.so
[0.882s] -- Up-to-date: /home/hassen/turtlebot3_ws/install/yolov8_msgs/lib/libyolov8_msgs__rosidl_typesupport_c.so
[0.882s] -- Up-to-date: /home/hassen/turtlebot3_ws/install/yolov8_msgs/include/yolov8_msgs/yolov8_msgs
[0.882s] -- Up-to-date: /home/hassen/turtlebot3_ws/install/yolov8_msgs/include/yolov8_msgs/yolov8_msgs/msg
[0.882s] -- Up-to-date: /home/hassen/turtlebot3_ws/install/yolov8_msgs/include/yolov8_msgs/yolov8_msgs/msg/detail
[0.882s] -- Up-to-date: /home/hassen/turtlebot3_ws/install/yolov8_msgs/include/yolov8_msgs/yolov8_msgs/msg/detail/inference_result__type_support.cpp
[0.883s] -- Up-to-date: /home/hassen/turtlebot3_ws/install/yolov8_msgs/include/yolov8_msgs/yolov8_msgs/msg/detail/yolov8_inference__type_support.cpp
[0.884s] -- Up-to-date: /home/hassen/turtlebot3_ws/install/yolov8_msgs/include/yolov8_msgs/yolov8_msgs/msg/detail/inference_result__rosidl_typesupport_introspection_cpp.hpp
[0.884s] -- Up-to-date: /home/hassen/turtlebot3_ws/install/yolov8_msgs/include/yolov8_msgs/yolov8_msgs/msg/detail/yolov8_inference__rosidl_typesupport_introspection_cpp.hpp
[0.884s] -- Up-to-date: /home/hassen/turtlebot3_ws/install/yolov8_msgs/lib/libyolov8_msgs__rosidl_typesupport_introspection_cpp.so
[0.884s] -- Up-to-date: /home/hassen/turtlebot3_ws/install/yolov8_msgs/lib/libyolov8_msgs__rosidl_typesupport_cpp.so
[0.884s] -- Up-to-date: /home/hassen/turtlebot3_ws/install/yolov8_msgs/share/yolov8_msgs/environment/pythonpath.sh
[0.884s] -- Up-to-date: /home/hassen/turtlebot3_ws/install/yolov8_msgs/share/yolov8_msgs/environment/pythonpath.dsv
[0.885s] -- Up-to-date: /home/hassen/turtlebot3_ws/install/yolov8_msgs/local/lib/python3.10/dist-packages/yolov8_msgs-0.0.0-py3.10.egg-info
[0.885s] -- Installing: /home/hassen/turtlebot3_ws/install/yolov8_msgs/local/lib/python3.10/dist-packages/yolov8_msgs-0.0.0-py3.10.egg-info/dependency_links.txt
[0.885s] -- Installing: /home/hassen/turtlebot3_ws/install/yolov8_msgs/local/lib/python3.10/dist-packages/yolov8_msgs-0.0.0-py3.10.egg-info/PKG-INFO
[0.886s] -- Installing: /home/hassen/turtlebot3_ws/install/yolov8_msgs/local/lib/python3.10/dist-packages/yolov8_msgs-0.0.0-py3.10.egg-info/top_level.txt
[0.886s] -- Installing: /home/hassen/turtlebot3_ws/install/yolov8_msgs/local/lib/python3.10/dist-packages/yolov8_msgs-0.0.0-py3.10.egg-info/SOURCES.txt
[0.886s] -- Up-to-date: /home/hassen/turtlebot3_ws/install/yolov8_msgs/local/lib/python3.10/dist-packages/yolov8_msgs
[0.886s] -- Up-to-date: /home/hassen/turtlebot3_ws/install/yolov8_msgs/local/lib/python3.10/dist-packages/yolov8_msgs/yolov8_msgs_s__rosidl_typesupport_c.cpython-310-x86_64-linux-gnu.so
[0.886s] -- Up-to-date: /home/hassen/turtlebot3_ws/install/yolov8_msgs/local/lib/python3.10/dist-packages/yolov8_msgs/msg
[0.886s] -- Up-to-date: /home/hassen/turtlebot3_ws/install/yolov8_msgs/local/lib/python3.10/dist-packages/yolov8_msgs/msg/_inference_result_s.c
[0.886s] -- Up-to-date: /home/hassen/turtlebot3_ws/install/yolov8_msgs/local/lib/python3.10/dist-packages/yolov8_msgs/msg/__init__.py
[0.887s] -- Up-to-date: /home/hassen/turtlebot3_ws/install/yolov8_msgs/local/lib/python3.10/dist-packages/yolov8_msgs/msg/_yolov8_inference_s.c
[0.887s] -- Up-to-date: /home/hassen/turtlebot3_ws/install/yolov8_msgs/local/lib/python3.10/dist-packages/yolov8_msgs/msg/_inference_result.py
[0.887s] -- Up-to-date: /home/hassen/turtlebot3_ws/install/yolov8_msgs/local/lib/python3.10/dist-packages/yolov8_msgs/msg/_yolov8_inference.py
[0.887s] -- Up-to-date: /home/hassen/turtlebot3_ws/install/yolov8_msgs/local/lib/python3.10/dist-packages/yolov8_msgs/_yolov8_msgs_s.ep.rosidl_typesupport_introspection_c.c
[0.887s] -- Up-to-date: /home/hassen/turtlebot3_ws/install/yolov8_msgs/local/lib/python3.10/dist-packages/yolov8_msgs/_yolov8_msgs_s.ep.rosidl_typesupport_c.c
[0.887s] -- Up-to-date: /home/hassen/turtlebot3_ws/install/yolov8_msgs/local/lib/python3.10/dist-packages/yolov8_msgs/__init__.py
[0.887s] -- Up-to-date: /home/hassen/turtlebot3_ws/install/yolov8_msgs/local/lib/python3.10/dist-packages/yolov8_msgs/yolov8_msgs_s__rosidl_typesupport_introspection_c.cpython-310-x86_64-linux-gnu.so
[0.887s] -- Up-to-date: /home/hassen/turtlebot3_ws/install/yolov8_msgs/local/lib/python3.10/dist-packages/yolov8_msgs/libyolov8_msgs__rosidl_generator_py.so
[0.888s] -- Up-to-date: /home/hassen/turtlebot3_ws/install/yolov8_msgs/local/lib/python3.10/dist-packages/yolov8_msgs/yolov8_msgs_s__rosidl_typesupport_fastrtps_c.cpython-310-x86_64-linux-gnu.so
[0.888s] -- Up-to-date: /home/hassen/turtlebot3_ws/install/yolov8_msgs/local/lib/python3.10/dist-packages/yolov8_msgs/_yolov8_msgs_s.ep.rosidl_typesupport_fastrtps_c.c
[0.909s] Listing '/home/hassen/turtlebot3_ws/install/yolov8_msgs/local/lib/python3.10/dist-packages/yolov8_msgs'...
[0.909s] Listing '/home/hassen/turtlebot3_ws/install/yolov8_msgs/local/lib/python3.10/dist-packages/yolov8_msgs/msg'...
[0.913s] -- Up-to-date: /home/hassen/turtlebot3_ws/install/yolov8_msgs/local/lib/python3.10/dist-packages/yolov8_msgs/yolov8_msgs_s__rosidl_typesupport_fastrtps_c.cpython-310-x86_64-linux-gnu.so
[0.914s] -- Up-to-date: /home/hassen/turtlebot3_ws/install/yolov8_msgs/local/lib/python3.10/dist-packages/yolov8_msgs/yolov8_msgs_s__rosidl_typesupport_introspection_c.cpython-310-x86_64-linux-gnu.so
[0.914s] -- Up-to-date: /home/hassen/turtlebot3_ws/install/yolov8_msgs/local/lib/python3.10/dist-packages/yolov8_msgs/yolov8_msgs_s__rosidl_typesupport_c.cpython-310-x86_64-linux-gnu.so
[0.914s] -- Up-to-date: /home/hassen/turtlebot3_ws/install/yolov8_msgs/lib/libyolov8_msgs__rosidl_generator_py.so
[0.915s] -- Up-to-date: /home/hassen/turtlebot3_ws/install/yolov8_msgs/share/yolov8_msgs/msg/InferenceResult.idl
[0.915s] -- Up-to-date: /home/hassen/turtlebot3_ws/install/yolov8_msgs/share/yolov8_msgs/msg/Yolov8Inference.idl
[0.915s] -- Up-to-date: /home/hassen/turtlebot3_ws/install/yolov8_msgs/share/yolov8_msgs/msg/InferenceResult.msg
[0.916s] -- Up-to-date: /home/hassen/turtlebot3_ws/install/yolov8_msgs/share/yolov8_msgs/msg/Yolov8Inference.msg
[0.916s] -- Up-to-date: /home/hassen/turtlebot3_ws/install/yolov8_msgs/share/ament_index/resource_index/package_run_dependencies/yolov8_msgs
[0.916s] -- Up-to-date: /home/hassen/turtlebot3_ws/install/yolov8_msgs/share/ament_index/resource_index/parent_prefix_path/yolov8_msgs
[0.916s] -- Up-to-date: /home/hassen/turtlebot3_ws/install/yolov8_msgs/share/yolov8_msgs/environment/ament_prefix_path.sh
[0.916s] -- Up-to-date: /home/hassen/turtlebot3_ws/install/yolov8_msgs/share/yolov8_msgs/environment/ament_prefix_path.dsv
[0.916s] -- Up-to-date: /home/hassen/turtlebot3_ws/install/yolov8_msgs/share/yolov8_msgs/environment/path.sh
[0.916s] -- Up-to-date: /home/hassen/turtlebot3_ws/install/yolov8_msgs/share/yolov8_msgs/environment/path.dsv
[0.917s] -- Up-to-date: /home/hassen/turtlebot3_ws/install/yolov8_msgs/share/yolov8_msgs/local_setup.bash
[0.917s] -- Up-to-date: /home/hassen/turtlebot3_ws/install/yolov8_msgs/share/yolov8_msgs/local_setup.sh
[0.918s] -- Up-to-date: /home/hassen/turtlebot3_ws/install/yolov8_msgs/share/yolov8_msgs/local_setup.zsh
[0.918s] -- Up-to-date: /home/hassen/turtlebot3_ws/install/yolov8_msgs/share/yolov8_msgs/local_setup.dsv
[0.918s] -- Installing: /home/hassen/turtlebot3_ws/install/yolov8_msgs/share/yolov8_msgs/package.dsv
[0.918s] -- Up-to-date: /home/hassen/turtlebot3_ws/install/yolov8_msgs/share/ament_index/resource_index/packages/yolov8_msgs
[0.918s] -- Up-to-date: /home/hassen/turtlebot3_ws/install/yolov8_msgs/share/yolov8_msgs/cmake/export_yolov8_msgs__rosidl_generator_cExport.cmake
[0.918s] -- Up-to-date: /home/hassen/turtlebot3_ws/install/yolov8_msgs/share/yolov8_msgs/cmake/export_yolov8_msgs__rosidl_generator_cExport-noconfig.cmake
[0.918s] -- Up-to-date: /home/hassen/turtlebot3_ws/install/yolov8_msgs/share/yolov8_msgs/cmake/export_yolov8_msgs__rosidl_typesupport_fastrtps_cExport.cmake
[0.918s] -- Up-to-date: /home/hassen/turtlebot3_ws/install/yolov8_msgs/share/yolov8_msgs/cmake/export_yolov8_msgs__rosidl_typesupport_fastrtps_cExport-noconfig.cmake
[0.919s] -- Up-to-date: /home/hassen/turtlebot3_ws/install/yolov8_msgs/share/yolov8_msgs/cmake/export_yolov8_msgs__rosidl_generator_cppExport.cmake
[0.919s] -- Up-to-date: /home/hassen/turtlebot3_ws/install/yolov8_msgs/share/yolov8_msgs/cmake/export_yolov8_msgs__rosidl_typesupport_fastrtps_cppExport.cmake
[0.919s] -- Up-to-date: /home/hassen/turtlebot3_ws/install/yolov8_msgs/share/yolov8_msgs/cmake/export_yolov8_msgs__rosidl_typesupport_fastrtps_cppExport-noconfig.cmake
[0.919s] -- Up-to-date: /home/hassen/turtlebot3_ws/install/yolov8_msgs/share/yolov8_msgs/cmake/yolov8_msgs__rosidl_typesupport_introspection_cExport.cmake
[0.919s] -- Up-to-date: /home/hassen/turtlebot3_ws/install/yolov8_msgs/share/yolov8_msgs/cmake/yolov8_msgs__rosidl_typesupport_introspection_cExport-noconfig.cmake
[0.919s] -- Up-to-date: /home/hassen/turtlebot3_ws/install/yolov8_msgs/share/yolov8_msgs/cmake/yolov8_msgs__rosidl_typesupport_cExport.cmake
[0.919s] -- Up-to-date: /home/hassen/turtlebot3_ws/install/yolov8_msgs/share/yolov8_msgs/cmake/yolov8_msgs__rosidl_typesupport_cExport-noconfig.cmake
[0.919s] -- Up-to-date: /home/hassen/turtlebot3_ws/install/yolov8_msgs/share/yolov8_msgs/cmake/yolov8_msgs__rosidl_typesupport_introspection_cppExport.cmake
[0.920s] -- Up-to-date: /home/hassen/turtlebot3_ws/install/yolov8_msgs/share/yolov8_msgs/cmake/yolov8_msgs__rosidl_typesupport_introspection_cppExport-noconfig.cmake
[0.920s] -- Up-to-date: /home/hassen/turtlebot3_ws/install/yolov8_msgs/share/yolov8_msgs/cmake/yolov8_msgs__rosidl_typesupport_cppExport.cmake
[0.920s] -- Up-to-date: /home/hassen/turtlebot3_ws/install/yolov8_msgs/share/yolov8_msgs/cmake/yolov8_msgs__rosidl_typesupport_cppExport-noconfig.cmake
[0.920s] -- Up-to-date: /home/hassen/turtlebot3_ws/install/yolov8_msgs/share/yolov8_msgs/cmake/export_yolov8_msgs__rosidl_generator_pyExport.cmake
[0.920s] -- Up-to-date: /home/hassen/turtlebot3_ws/install/yolov8_msgs/share/yolov8_msgs/cmake/export_yolov8_msgs__rosidl_generator_pyExport-noconfig.cmake
[0.921s] -- Up-to-date: /home/hassen/turtlebot3_ws/install/yolov8_msgs/share/yolov8_msgs/cmake/rosidl_cmake-extras.cmake
[0.921s] -- Up-to-date: /home/hassen/turtlebot3_ws/install/yolov8_msgs/share/yolov8_msgs/cmake/ament_cmake_export_dependencies-extras.cmake
[0.921s] -- Up-to-date: /home/hassen/turtlebot3_ws/install/yolov8_msgs/share/yolov8_msgs/cmake/ament_cmake_export_include_directories-extras.cmake
[0.921s] -- Up-to-date: /home/hassen/turtlebot3_ws/install/yolov8_msgs/share/yolov8_msgs/cmake/ament_cmake_export_libraries-extras.cmake
[0.921s] -- Up-to-date: /home/hassen/turtlebot3_ws/install/yolov8_msgs/share/yolov8_msgs/cmake/ament_cmake_export_targets-extras.cmake
[0.921s] -- Up-to-date: /home/hassen/turtlebot3_ws/install/yolov8_msgs/share/yolov8_msgs/cmake/rosidl_cmake_export_typesupport_targets-extras.cmake
[0.921s] -- Up-to-date: /home/hassen/turtlebot3_ws/install/yolov8_msgs/share/yolov8_msgs/cmake/rosidl_cmake_export_typesupport_libraries-extras.cmake
[0.921s] -- Up-to-date: /home/hassen/turtlebot3_ws/install/yolov8_msgs/share/yolov8_msgs/cmake/yolov8_msgsConfig.cmake
[0.921s] -- Up-to-date: /home/hassen/turtlebot3_ws/install/yolov8_msgs/share/yolov8_msgs/cmake/yolov8_msgsConfig-version.cmake
[0.922s] -- Up-to-date: /home/hassen/turtlebot3_ws/install/yolov8_msgs/share/yolov8_msgs/package.xml
[0.927s] Invoked command in '/home/hassen/turtlebot3_ws/build/yolov8_msgs' returned '0': CMAKE_PREFIX_PATH=${CMAKE_PREFIX_PATH}:/home/hassen/turtlebot3_ws/install/turtlebot3_teleop:/home/hassen/turtlebot3_ws/install/turtlebot3_example:/home/hassen/turtlebot3_ws/install/tb3_sim:/opt/ros/humble /usr/bin/cmake --install /home/hassen/turtlebot3_ws/build/yolov8_msgs
