[0.033s] Invoking command in '/home/hassen/turtlebot3_ws/build/turtlebot3_description': CMAKE_PREFIX_PATH=/opt/ros/humble /usr/bin/cmake --build /home/hassen/turtlebot3_ws/build/turtlebot3_description -- -j12 -l12
[0.572s] Invoked command in '/home/hassen/turtlebot3_ws/build/turtlebot3_description' returned '0': CMAKE_PREFIX_PATH=/opt/ros/humble /usr/bin/cmake --build /home/hassen/turtlebot3_ws/build/turtlebot3_description -- -j12 -l12
[0.614s] Invoking command in '/home/hassen/turtlebot3_ws/build/turtlebot3_description': CMAKE_PREFIX_PATH=/opt/ros/humble /usr/bin/cmake --install /home/hassen/turtlebot3_ws/build/turtlebot3_description
[0.623s] -- Install configuration: ""
[0.624s] -- Execute custom install script
[0.625s] -- Up-to-date symlink: /home/hassen/turtlebot3_ws/install/turtlebot3_description/share/turtlebot3_description/meshes/bases/burger_base.stl
[0.626s] -- Up-to-date symlink: /home/hassen/turtlebot3_ws/install/turtlebot3_description/share/turtlebot3_description/meshes/bases/waffle_base.stl
[0.626s] -- Up-to-date symlink: /home/hassen/turtlebot3_ws/install/turtlebot3_description/share/turtlebot3_description/meshes/bases/waffle_pi_base.stl
[0.626s] -- Up-to-date symlink: /home/hassen/turtlebot3_ws/install/turtlebot3_description/share/turtlebot3_description/meshes/sensors/astra.dae
[0.627s] -- Up-to-date symlink: /home/hassen/turtlebot3_ws/install/turtlebot3_description/share/turtlebot3_description/meshes/sensors/astra.jpg
[0.627s] -- Up-to-date symlink: /home/hassen/turtlebot3_ws/install/turtlebot3_description/share/turtlebot3_description/meshes/sensors/lds.stl
[0.627s] -- Up-to-date symlink: /home/hassen/turtlebot3_ws/install/turtlebot3_description/share/turtlebot3_description/meshes/sensors/r200.dae
[0.627s] -- Up-to-date symlink: /home/hassen/turtlebot3_ws/install/turtlebot3_description/share/turtlebot3_description/meshes/sensors/r200.jpg
[0.627s] -- Up-to-date symlink: /home/hassen/turtlebot3_ws/install/turtlebot3_description/share/turtlebot3_description/meshes/wheels/left_tire.stl
[0.627s] -- Up-to-date symlink: /home/hassen/turtlebot3_ws/install/turtlebot3_description/share/turtlebot3_description/meshes/wheels/right_tire.stl
[0.628s] -- Up-to-date symlink: /home/hassen/turtlebot3_ws/install/turtlebot3_description/share/turtlebot3_description/rviz/model.rviz
[0.628s] -- Up-to-date symlink: /home/hassen/turtlebot3_ws/install/turtlebot3_description/share/turtlebot3_description/urdf/common_properties.urdf
[0.628s] -- Up-to-date symlink: /home/hassen/turtlebot3_ws/install/turtlebot3_description/share/turtlebot3_description/urdf/turtlebot3_burger.urdf
[0.628s] -- Up-to-date symlink: /home/hassen/turtlebot3_ws/install/turtlebot3_description/share/turtlebot3_description/urdf/turtlebot3_waffle.urdf
[0.628s] -- Up-to-date symlink: /home/hassen/turtlebot3_ws/install/turtlebot3_description/share/turtlebot3_description/urdf/turtlebot3_waffle_pi.urdf
[0.629s] -- Up-to-date symlink: /home/hassen/turtlebot3_ws/install/turtlebot3_description/share/ament_index/resource_index/package_run_dependencies/turtlebot3_description
[0.629s] -- Up-to-date symlink: /home/hassen/turtlebot3_ws/install/turtlebot3_description/share/ament_index/resource_index/parent_prefix_path/turtlebot3_description
[0.629s] -- Up-to-date symlink: /home/hassen/turtlebot3_ws/install/turtlebot3_description/share/turtlebot3_description/environment/ament_prefix_path.sh
[0.629s] -- Up-to-date symlink: /home/hassen/turtlebot3_ws/install/turtlebot3_description/share/turtlebot3_description/environment/ament_prefix_path.dsv
[0.630s] -- Up-to-date symlink: /home/hassen/turtlebot3_ws/install/turtlebot3_description/share/turtlebot3_description/environment/path.sh
[0.630s] -- Up-to-date symlink: /home/hassen/turtlebot3_ws/install/turtlebot3_description/share/turtlebot3_description/environment/path.dsv
[0.632s] -- Up-to-date symlink: /home/hassen/turtlebot3_ws/install/turtlebot3_description/share/turtlebot3_description/local_setup.bash
[0.632s] -- Up-to-date symlink: /home/hassen/turtlebot3_ws/install/turtlebot3_description/share/turtlebot3_description/local_setup.sh
[0.633s] -- Up-to-date symlink: /home/hassen/turtlebot3_ws/install/turtlebot3_description/share/turtlebot3_description/local_setup.zsh
[0.633s] -- Up-to-date symlink: /home/hassen/turtlebot3_ws/install/turtlebot3_description/share/turtlebot3_description/local_setup.dsv
[0.633s] -- Symlinking: /home/hassen/turtlebot3_ws/install/turtlebot3_description/share/turtlebot3_description/package.dsv
[0.642s] -- Up-to-date symlink: /home/hassen/turtlebot3_ws/install/turtlebot3_description/share/ament_index/resource_index/packages/turtlebot3_description
[0.642s] -- Up-to-date symlink: /home/hassen/turtlebot3_ws/install/turtlebot3_description/share/turtlebot3_description/cmake/turtlebot3_descriptionConfig.cmake
[0.642s] -- Up-to-date symlink: /home/hassen/turtlebot3_ws/install/turtlebot3_description/share/turtlebot3_description/cmake/turtlebot3_descriptionConfig-version.cmake
[0.642s] -- Up-to-date symlink: /home/hassen/turtlebot3_ws/install/turtlebot3_description/share/turtlebot3_description/package.xml
[0.675s] Invoked command in '/home/hassen/turtlebot3_ws/build/turtlebot3_description' returned '0': CMAKE_PREFIX_PATH=/opt/ros/humble /usr/bin/cmake --install /home/hassen/turtlebot3_ws/build/turtlebot3_description
