[0.031s] Invoking command in '/home/hassen/turtlebot3_ws/build/turtlebot3_gazebo': CMAKE_PREFIX_PATH=/opt/ros/humble /usr/bin/cmake /home/hassen/turtlebot3_ws/src/turtlebot3/turtlebot3_simulations/turtlebot3_gazebo -DAMENT_CMAKE_SYMLINK_INSTALL=1 -DCMAKE_INSTALL_PREFIX=/home/hassen/turtlebot3_ws/install/turtlebot3_gazebo
[1.203s] -- Found ament_cmake: 1.3.8 (/opt/ros/humble/share/ament_cmake/cmake)
[1.204s] -- Override CMake install command with custom implementation using symlinks instead of copying resources
[1.214s] [31mCMake Error at CMakeLists.txt:23 (find_package):
[1.214s]   By not providing "Findgazebo.cmake" in CMAKE_MODULE_PATH this project has
[1.214s]   asked CMake to find a package configuration file provided by "gazebo", but
[1.214s]   CMake did not find one.
[1.214s] 
[1.214s]   Could not find a package configuration file provided by "gazebo" with any
[1.214s]   of the following names:
[1.214s] 
[1.214s]     gazeboConfig.cmake
[1.214s]     gazebo-config.cmake
[1.214s] 
[1.214s]   Add the installation prefix of "gazebo" to CMAKE_PREFIX_PATH or set
[1.215s]   "gazebo_DIR" to a directory containing one of the above files.  If "gazebo"
[1.215s]   provides a separate development package or SDK, be sure it has been
[1.215s]   installed.
[1.215s] 
[1.215s] [0m
[1.215s] -- Configuring incomplete, errors occurred!
[1.215s] See also "/home/hassen/turtlebot3_ws/build/turtlebot3_gazebo/CMakeFiles/CMakeOutput.log".
[1.479s] Invoked command in '/home/hassen/turtlebot3_ws/build/turtlebot3_gazebo' returned '1': CMAKE_PREFIX_PATH=/opt/ros/humble /usr/bin/cmake /home/hassen/turtlebot3_ws/src/turtlebot3/turtlebot3_simulations/turtlebot3_gazebo -DAMENT_CMAKE_SYMLINK_INSTALL=1 -DCMAKE_INSTALL_PREFIX=/home/hassen/turtlebot3_ws/install/turtlebot3_gazebo
