[0.050s] Invoking command in '/home/hassen/turtlebot3_ws/build/turtlebot3_navigation2': CMAKE_PREFIX_PATH=${CMAKE_PREFIX_PATH}:/home/hassen/turtlebot3_ws/install/turtlebot3_teleop:/home/hassen/turtlebot3_ws/install/turtlebot3_example:/home/hassen/turtlebot3_ws/install/tb3_sim:/opt/ros/humble /usr/bin/cmake --build /home/hassen/turtlebot3_ws/build/turtlebot3_navigation2 -- -j12 -l12
[0.585s] Invoked command in '/home/hassen/turtlebot3_ws/build/turtlebot3_navigation2' returned '0': CMAKE_PREFIX_PATH=${CMAKE_PREFIX_PATH}:/home/hassen/turtlebot3_ws/install/turtlebot3_teleop:/home/hassen/turtlebot3_ws/install/turtlebot3_example:/home/hassen/turtlebot3_ws/install/tb3_sim:/opt/ros/humble /usr/bin/cmake --build /home/hassen/turtlebot3_ws/build/turtlebot3_navigation2 -- -j12 -l12
[0.630s] Invoking command in '/home/hassen/turtlebot3_ws/build/turtlebot3_navigation2': CMAKE_PREFIX_PATH=${CMAKE_PREFIX_PATH}:/home/hassen/turtlebot3_ws/install/turtlebot3_teleop:/home/hassen/turtlebot3_ws/install/turtlebot3_example:/home/hassen/turtlebot3_ws/install/tb3_sim:/opt/ros/humble /usr/bin/cmake --install /home/hassen/turtlebot3_ws/build/turtlebot3_navigation2
[0.649s] -- Install configuration: ""
[0.651s] -- Execute custom install script
[0.651s] -- Up-to-date symlink: /home/hassen/turtlebot3_ws/install/turtlebot3_navigation2/share/turtlebot3_navigation2/launch/navigation2.launch.py
[0.651s] -- Up-to-date symlink: /home/hassen/turtlebot3_ws/install/turtlebot3_navigation2/share/turtlebot3_navigation2/map/map.pgm
[0.651s] -- Up-to-date symlink: /home/hassen/turtlebot3_ws/install/turtlebot3_navigation2/share/turtlebot3_navigation2/map/map.yaml
[0.652s] -- Up-to-date symlink: /home/hassen/turtlebot3_ws/install/turtlebot3_navigation2/share/turtlebot3_navigation2/param/burger.yaml
[0.652s] -- Up-to-date symlink: /home/hassen/turtlebot3_ws/install/turtlebot3_navigation2/share/turtlebot3_navigation2/param/waffle.yaml
[0.652s] -- Up-to-date symlink: /home/hassen/turtlebot3_ws/install/turtlebot3_navigation2/share/turtlebot3_navigation2/param/waffle_pi.yaml
[0.652s] -- Up-to-date symlink: /home/hassen/turtlebot3_ws/install/turtlebot3_navigation2/share/turtlebot3_navigation2/rviz/tb3_navigation2.rviz
[0.652s] -- Up-to-date symlink: /home/hassen/turtlebot3_ws/install/turtlebot3_navigation2/share/ament_index/resource_index/package_run_dependencies/turtlebot3_navigation2
[0.652s] -- Up-to-date symlink: /home/hassen/turtlebot3_ws/install/turtlebot3_navigation2/share/ament_index/resource_index/parent_prefix_path/turtlebot3_navigation2
[0.652s] -- Up-to-date symlink: /home/hassen/turtlebot3_ws/install/turtlebot3_navigation2/share/turtlebot3_navigation2/environment/ament_prefix_path.sh
[0.652s] -- Up-to-date symlink: /home/hassen/turtlebot3_ws/install/turtlebot3_navigation2/share/turtlebot3_navigation2/environment/ament_prefix_path.dsv
[0.652s] -- Up-to-date symlink: /home/hassen/turtlebot3_ws/install/turtlebot3_navigation2/share/turtlebot3_navigation2/environment/path.sh
[0.652s] -- Up-to-date symlink: /home/hassen/turtlebot3_ws/install/turtlebot3_navigation2/share/turtlebot3_navigation2/environment/path.dsv
[0.652s] -- Up-to-date symlink: /home/hassen/turtlebot3_ws/install/turtlebot3_navigation2/share/turtlebot3_navigation2/local_setup.bash
[0.652s] -- Up-to-date symlink: /home/hassen/turtlebot3_ws/install/turtlebot3_navigation2/share/turtlebot3_navigation2/local_setup.sh
[0.652s] -- Up-to-date symlink: /home/hassen/turtlebot3_ws/install/turtlebot3_navigation2/share/turtlebot3_navigation2/local_setup.zsh
[0.652s] -- Up-to-date symlink: /home/hassen/turtlebot3_ws/install/turtlebot3_navigation2/share/turtlebot3_navigation2/local_setup.dsv
[0.653s] -- Symlinking: /home/hassen/turtlebot3_ws/install/turtlebot3_navigation2/share/turtlebot3_navigation2/package.dsv
[0.669s] -- Up-to-date symlink: /home/hassen/turtlebot3_ws/install/turtlebot3_navigation2/share/ament_index/resource_index/packages/turtlebot3_navigation2
[0.669s] -- Up-to-date symlink: /home/hassen/turtlebot3_ws/install/turtlebot3_navigation2/share/turtlebot3_navigation2/cmake/turtlebot3_navigation2Config.cmake
[0.670s] -- Up-to-date symlink: /home/hassen/turtlebot3_ws/install/turtlebot3_navigation2/share/turtlebot3_navigation2/cmake/turtlebot3_navigation2Config-version.cmake
[0.670s] -- Up-to-date symlink: /home/hassen/turtlebot3_ws/install/turtlebot3_navigation2/share/turtlebot3_navigation2/package.xml
[0.691s] Invoked command in '/home/hassen/turtlebot3_ws/build/turtlebot3_navigation2' returned '0': CMAKE_PREFIX_PATH=${CMAKE_PREFIX_PATH}:/home/hassen/turtlebot3_ws/install/turtlebot3_teleop:/home/hassen/turtlebot3_ws/install/turtlebot3_example:/home/hassen/turtlebot3_ws/install/tb3_sim:/opt/ros/humble /usr/bin/cmake --install /home/hassen/turtlebot3_ws/build/turtlebot3_navigation2
