[1.017s] Invoking command in '/home/hassen/turtlebot3_ws/src/tb3_sim': PYTHONPATH=/home/hassen/turtlebot3_ws/build/tb3_sim/prefix_override:/home/hassen/turtlebot3_ws/install/tb3_sim/lib/python3.10/site-packages:${PYTHONPATH} /usr/bin/python3 -W ignore:setup.py install is deprecated setup.py egg_info --egg-base ../../build/tb3_sim build --build-base /home/hassen/turtlebot3_ws/build/tb3_sim/build install --record /home/hassen/turtlebot3_ws/build/tb3_sim/install.log --single-version-externally-managed install_data
[1.245s] running egg_info
[1.245s] writing ../../build/tb3_sim/tb3_sim.egg-info/PKG-INFO
[1.246s] writing dependency_links to ../../build/tb3_sim/tb3_sim.egg-info/dependency_links.txt
[1.246s] writing entry points to ../../build/tb3_sim/tb3_sim.egg-info/entry_points.txt
[1.246s] writing requirements to ../../build/tb3_sim/tb3_sim.egg-info/requires.txt
[1.246s] writing top-level names to ../../build/tb3_sim/tb3_sim.egg-info/top_level.txt
[1.248s] reading manifest file '../../build/tb3_sim/tb3_sim.egg-info/SOURCES.txt'
[1.248s] writing manifest file '../../build/tb3_sim/tb3_sim.egg-info/SOURCES.txt'
[1.248s] running build
[1.248s] running build_py
[1.249s] running install
[1.249s] running install_lib
[1.250s] running install_data
[1.251s] running install_egg_info
[1.252s] removing '/home/hassen/turtlebot3_ws/install/tb3_sim/lib/python3.10/site-packages/tb3_sim-0.0.0-py3.10.egg-info' (and everything under it)
[1.252s] Copying ../../build/tb3_sim/tb3_sim.egg-info to /home/hassen/turtlebot3_ws/install/tb3_sim/lib/python3.10/site-packages/tb3_sim-0.0.0-py3.10.egg-info
[1.253s] running install_scripts
[1.273s] Installing amcl_init_pose_publisher script to /home/hassen/turtlebot3_ws/install/tb3_sim/lib/tb3_sim
[1.273s] writing list of installed files to '/home/hassen/turtlebot3_ws/build/tb3_sim/install.log'
[1.450s] Invoked command in '/home/hassen/turtlebot3_ws/src/tb3_sim' returned '0': PYTHONPATH=/home/hassen/turtlebot3_ws/build/tb3_sim/prefix_override:/home/hassen/turtlebot3_ws/install/tb3_sim/lib/python3.10/site-packages:${PYTHONPATH} /usr/bin/python3 -W ignore:setup.py install is deprecated setup.py egg_info --egg-base ../../build/tb3_sim build --build-base /home/hassen/turtlebot3_ws/build/tb3_sim/build install --record /home/hassen/turtlebot3_ws/build/tb3_sim/install.log --single-version-externally-managed install_data
