[0.013s] Invoking command in '/home/hassen/turtlebot3_ws/build/turtlebot3_simulations': AMENT_PREFIX_PATH=/home/hassen/turtlebot3_ws/install/turtlebot3_fake_node:/home/hassen/turtlebot3_ws/install/turtlebot3_msgs:/home/hassen/turtlebot3_ws/install/turtlebot3_gazebo:${AMENT_PREFIX_PATH} CMAKE_PREFIX_PATH=/home/hassen/turtlebot3_ws/install/turtlebot3_fake_node:/home/hassen/turtlebot3_ws/install/turtlebot3_msgs:/home/hassen/turtlebot3_ws/install/turtlebot3_gazebo:/opt/ros/humble LD_LIBRARY_PATH=/home/hassen/turtlebot3_ws/install/turtlebot3_msgs/lib:${LD_LIBRARY_PATH} PYTHONPATH=/home/hassen/turtlebot3_ws/install/turtlebot3_msgs/local/lib/python3.10/dist-packages:${PYTHONPATH} /usr/bin/cmake /home/hassen/turtlebot3_ws/src/turtlebot3/turtlebot3_simulations/turtlebot3_simulations -DAMENT_CMAKE_SYMLINK_INSTALL=1 -DCMAKE_INSTALL_PREFIX=/home/hassen/turtlebot3_ws/install/turtlebot3_simulations
[0.089s] -- The C compiler identification is GNU 11.4.0
[0.147s] -- The CXX compiler identification is GNU 11.4.0
[0.163s] -- Detecting C compiler ABI info
[0.226s] -- Detecting C compiler ABI info - done
[0.232s] -- Check for working C compiler: /usr/bin/cc - skipped
[0.234s] -- Detecting C compile features
[0.234s] -- Detecting C compile features - done
[0.239s] -- Detecting CXX compiler ABI info
[0.309s] -- Detecting CXX compiler ABI info - done
[0.316s] -- Check for working CXX compiler: /usr/bin/c++ - skipped
[0.316s] -- Detecting CXX compile features
[0.316s] -- Detecting CXX compile features - done
[0.320s] -- Found ament_cmake: 1.3.8 (/opt/ros/humble/share/ament_cmake/cmake)
[0.456s] -- Found Python3: /usr/bin/python3 (found version "3.10.12") found components: Interpreter 
[0.506s] -- Override CMake install command with custom implementation using symlinks instead of copying resources
[0.624s] -- Configuring done
[0.628s] -- Generating done
[0.629s] -- Build files have been written to: /home/hassen/turtlebot3_ws/build/turtlebot3_simulations
[0.634s] Invoked command in '/home/hassen/turtlebot3_ws/build/turtlebot3_simulations' returned '0': AMENT_PREFIX_PATH=/home/hassen/turtlebot3_ws/install/turtlebot3_fake_node:/home/hassen/turtlebot3_ws/install/turtlebot3_msgs:/home/hassen/turtlebot3_ws/install/turtlebot3_gazebo:${AMENT_PREFIX_PATH} CMAKE_PREFIX_PATH=/home/hassen/turtlebot3_ws/install/turtlebot3_fake_node:/home/hassen/turtlebot3_ws/install/turtlebot3_msgs:/home/hassen/turtlebot3_ws/install/turtlebot3_gazebo:/opt/ros/humble LD_LIBRARY_PATH=/home/hassen/turtlebot3_ws/install/turtlebot3_msgs/lib:${LD_LIBRARY_PATH} PYTHONPATH=/home/hassen/turtlebot3_ws/install/turtlebot3_msgs/local/lib/python3.10/dist-packages:${PYTHONPATH} /usr/bin/cmake /home/hassen/turtlebot3_ws/src/turtlebot3/turtlebot3_simulations/turtlebot3_simulations -DAMENT_CMAKE_SYMLINK_INSTALL=1 -DCMAKE_INSTALL_PREFIX=/home/hassen/turtlebot3_ws/install/turtlebot3_simulations
[0.636s] Invoking command in '/home/hassen/turtlebot3_ws/build/turtlebot3_simulations': AMENT_PREFIX_PATH=/home/hassen/turtlebot3_ws/install/turtlebot3_fake_node:/home/hassen/turtlebot3_ws/install/turtlebot3_msgs:/home/hassen/turtlebot3_ws/install/turtlebot3_gazebo:${AMENT_PREFIX_PATH} CMAKE_PREFIX_PATH=/home/hassen/turtlebot3_ws/install/turtlebot3_fake_node:/home/hassen/turtlebot3_ws/install/turtlebot3_msgs:/home/hassen/turtlebot3_ws/install/turtlebot3_gazebo:/opt/ros/humble LD_LIBRARY_PATH=/home/hassen/turtlebot3_ws/install/turtlebot3_msgs/lib:${LD_LIBRARY_PATH} PYTHONPATH=/home/hassen/turtlebot3_ws/install/turtlebot3_msgs/local/lib/python3.10/dist-packages:${PYTHONPATH} /usr/bin/cmake --build /home/hassen/turtlebot3_ws/build/turtlebot3_simulations -- -j12 -l12
[0.675s] Invoked command in '/home/hassen/turtlebot3_ws/build/turtlebot3_simulations' returned '0': AMENT_PREFIX_PATH=/home/hassen/turtlebot3_ws/install/turtlebot3_fake_node:/home/hassen/turtlebot3_ws/install/turtlebot3_msgs:/home/hassen/turtlebot3_ws/install/turtlebot3_gazebo:${AMENT_PREFIX_PATH} CMAKE_PREFIX_PATH=/home/hassen/turtlebot3_ws/install/turtlebot3_fake_node:/home/hassen/turtlebot3_ws/install/turtlebot3_msgs:/home/hassen/turtlebot3_ws/install/turtlebot3_gazebo:/opt/ros/humble LD_LIBRARY_PATH=/home/hassen/turtlebot3_ws/install/turtlebot3_msgs/lib:${LD_LIBRARY_PATH} PYTHONPATH=/home/hassen/turtlebot3_ws/install/turtlebot3_msgs/local/lib/python3.10/dist-packages:${PYTHONPATH} /usr/bin/cmake --build /home/hassen/turtlebot3_ws/build/turtlebot3_simulations -- -j12 -l12
[0.695s] Invoking command in '/home/hassen/turtlebot3_ws/build/turtlebot3_simulations': AMENT_PREFIX_PATH=/home/hassen/turtlebot3_ws/install/turtlebot3_fake_node:/home/hassen/turtlebot3_ws/install/turtlebot3_msgs:/home/hassen/turtlebot3_ws/install/turtlebot3_gazebo:${AMENT_PREFIX_PATH} CMAKE_PREFIX_PATH=/home/hassen/turtlebot3_ws/install/turtlebot3_fake_node:/home/hassen/turtlebot3_ws/install/turtlebot3_msgs:/home/hassen/turtlebot3_ws/install/turtlebot3_gazebo:/opt/ros/humble LD_LIBRARY_PATH=/home/hassen/turtlebot3_ws/install/turtlebot3_msgs/lib:${LD_LIBRARY_PATH} PYTHONPATH=/home/hassen/turtlebot3_ws/install/turtlebot3_msgs/local/lib/python3.10/dist-packages:${PYTHONPATH} /usr/bin/cmake --install /home/hassen/turtlebot3_ws/build/turtlebot3_simulations
[0.701s] -- Install configuration: ""
[0.702s] -- Execute custom install script
[0.702s] -- Symlinking: /home/hassen/turtlebot3_ws/install/turtlebot3_simulations/share/ament_index/resource_index/package_run_dependencies/turtlebot3_simulations
[0.710s] -- Symlinking: /home/hassen/turtlebot3_ws/install/turtlebot3_simulations/share/ament_index/resource_index/parent_prefix_path/turtlebot3_simulations
[0.718s] -- Symlinking: /home/hassen/turtlebot3_ws/install/turtlebot3_simulations/share/turtlebot3_simulations/environment/ament_prefix_path.sh
[0.726s] -- Symlinking: /home/hassen/turtlebot3_ws/install/turtlebot3_simulations/share/turtlebot3_simulations/environment/ament_prefix_path.dsv
[0.734s] -- Symlinking: /home/hassen/turtlebot3_ws/install/turtlebot3_simulations/share/turtlebot3_simulations/environment/path.sh
[0.742s] -- Symlinking: /home/hassen/turtlebot3_ws/install/turtlebot3_simulations/share/turtlebot3_simulations/environment/path.dsv
[0.749s] -- Symlinking: /home/hassen/turtlebot3_ws/install/turtlebot3_simulations/share/turtlebot3_simulations/local_setup.bash
[0.758s] -- Symlinking: /home/hassen/turtlebot3_ws/install/turtlebot3_simulations/share/turtlebot3_simulations/local_setup.sh
[0.765s] -- Symlinking: /home/hassen/turtlebot3_ws/install/turtlebot3_simulations/share/turtlebot3_simulations/local_setup.zsh
[0.774s] -- Symlinking: /home/hassen/turtlebot3_ws/install/turtlebot3_simulations/share/turtlebot3_simulations/local_setup.dsv
[0.781s] -- Symlinking: /home/hassen/turtlebot3_ws/install/turtlebot3_simulations/share/turtlebot3_simulations/package.dsv
[0.790s] -- Symlinking: /home/hassen/turtlebot3_ws/install/turtlebot3_simulations/share/ament_index/resource_index/packages/turtlebot3_simulations
[0.797s] -- Symlinking: /home/hassen/turtlebot3_ws/install/turtlebot3_simulations/share/turtlebot3_simulations/cmake/turtlebot3_simulationsConfig.cmake
[0.806s] -- Symlinking: /home/hassen/turtlebot3_ws/install/turtlebot3_simulations/share/turtlebot3_simulations/cmake/turtlebot3_simulationsConfig-version.cmake
[0.813s] -- Symlinking: /home/hassen/turtlebot3_ws/install/turtlebot3_simulations/share/turtlebot3_simulations/package.xml
[0.824s] Invoked command in '/home/hassen/turtlebot3_ws/build/turtlebot3_simulations' returned '0': AMENT_PREFIX_PATH=/home/hassen/turtlebot3_ws/install/turtlebot3_fake_node:/home/hassen/turtlebot3_ws/install/turtlebot3_msgs:/home/hassen/turtlebot3_ws/install/turtlebot3_gazebo:${AMENT_PREFIX_PATH} CMAKE_PREFIX_PATH=/home/hassen/turtlebot3_ws/install/turtlebot3_fake_node:/home/hassen/turtlebot3_ws/install/turtlebot3_msgs:/home/hassen/turtlebot3_ws/install/turtlebot3_gazebo:/opt/ros/humble LD_LIBRARY_PATH=/home/hassen/turtlebot3_ws/install/turtlebot3_msgs/lib:${LD_LIBRARY_PATH} PYTHONPATH=/home/hassen/turtlebot3_ws/install/turtlebot3_msgs/local/lib/python3.10/dist-packages:${PYTHONPATH} /usr/bin/cmake --install /home/hassen/turtlebot3_ws/build/turtlebot3_simulations
