[1.127s] Invoking command in '/home/hassen/turtlebot3_ws/build/turtlebot3_teleop': PYTHONPATH=/home/hassen/turtlebot3_ws/build/turtlebot3_teleop/prefix_override:/home/hassen/turtlebot3_ws/install/turtlebot3_teleop/lib/python3.10/site-packages:${PYTHONPATH} /usr/bin/python3 -W ignore:setup.py install is deprecated setup.py develop --uninstall --editable --build-directory /home/hassen/turtlebot3_ws/build/turtlebot3_teleop/build
[1.394s] running develop
[1.394s] /usr/lib/python3/dist-packages/setuptools/command/easy_install.py:158: EasyInstallDeprecationWarning: easy_install command is deprecated. Use build and pip and other standards-based tools.
[1.394s]   warnings.warn(
[1.568s] Removing /home/hassen/turtlebot3_ws/install/turtlebot3_teleop/lib/python3.10/site-packages/turtlebot3-teleop.egg-link (link to .)
[1.592s] Invoked command in '/home/hassen/turtlebot3_ws/build/turtlebot3_teleop' returned '0': PYTHONPATH=/home/hassen/turtlebot3_ws/build/turtlebot3_teleop/prefix_override:/home/hassen/turtlebot3_ws/install/turtlebot3_teleop/lib/python3.10/site-packages:${PYTHONPATH} /usr/bin/python3 -W ignore:setup.py install is deprecated setup.py develop --uninstall --editable --build-directory /home/hassen/turtlebot3_ws/build/turtlebot3_teleop/build
[1.594s] Invoking command in '/home/hassen/turtlebot3_ws/src/turtlebot3/turtlebot3/turtlebot3_teleop': PYTHONPATH=/home/hassen/turtlebot3_ws/build/turtlebot3_teleop/prefix_override:/home/hassen/turtlebot3_ws/install/turtlebot3_teleop/lib/python3.10/site-packages:${PYTHONPATH} /usr/bin/python3 -W ignore:setup.py install is deprecated setup.py egg_info --egg-base ../../../../build/turtlebot3_teleop build --build-base /home/hassen/turtlebot3_ws/build/turtlebot3_teleop/build install --record /home/hassen/turtlebot3_ws/build/turtlebot3_teleop/install.log --single-version-externally-managed install_data --force
[1.880s] running egg_info
[1.881s] writing ../../../../build/turtlebot3_teleop/turtlebot3_teleop.egg-info/PKG-INFO
[1.881s] writing dependency_links to ../../../../build/turtlebot3_teleop/turtlebot3_teleop.egg-info/dependency_links.txt
[1.881s] writing entry points to ../../../../build/turtlebot3_teleop/turtlebot3_teleop.egg-info/entry_points.txt
[1.881s] writing requirements to ../../../../build/turtlebot3_teleop/turtlebot3_teleop.egg-info/requires.txt
[1.882s] writing top-level names to ../../../../build/turtlebot3_teleop/turtlebot3_teleop.egg-info/top_level.txt
[1.883s] reading manifest file '../../../../build/turtlebot3_teleop/turtlebot3_teleop.egg-info/SOURCES.txt'
[1.885s] writing manifest file '../../../../build/turtlebot3_teleop/turtlebot3_teleop.egg-info/SOURCES.txt'
[1.885s] running build
[1.885s] running build_py
[1.885s] creating /home/hassen/turtlebot3_ws/build/turtlebot3_teleop/build
[1.885s] creating /home/hassen/turtlebot3_ws/build/turtlebot3_teleop/build/lib
[1.885s] creating /home/hassen/turtlebot3_ws/build/turtlebot3_teleop/build/lib/turtlebot3_teleop
[1.885s] copying turtlebot3_teleop/__init__.py -> /home/hassen/turtlebot3_ws/build/turtlebot3_teleop/build/lib/turtlebot3_teleop
[1.885s] creating /home/hassen/turtlebot3_ws/build/turtlebot3_teleop/build/lib/turtlebot3_teleop/script
[1.885s] copying turtlebot3_teleop/script/teleop_keyboard.py -> /home/hassen/turtlebot3_ws/build/turtlebot3_teleop/build/lib/turtlebot3_teleop/script
[1.886s] copying turtlebot3_teleop/script/__init__.py -> /home/hassen/turtlebot3_ws/build/turtlebot3_teleop/build/lib/turtlebot3_teleop/script
[1.887s] running install
[1.888s] running install_lib
[1.888s] creating /home/hassen/turtlebot3_ws/install/turtlebot3_teleop/lib/python3.10/site-packages/turtlebot3_teleop
[1.888s] creating /home/hassen/turtlebot3_ws/install/turtlebot3_teleop/lib/python3.10/site-packages/turtlebot3_teleop/script
[1.888s] copying /home/hassen/turtlebot3_ws/build/turtlebot3_teleop/build/lib/turtlebot3_teleop/script/teleop_keyboard.py -> /home/hassen/turtlebot3_ws/install/turtlebot3_teleop/lib/python3.10/site-packages/turtlebot3_teleop/script
[1.888s] copying /home/hassen/turtlebot3_ws/build/turtlebot3_teleop/build/lib/turtlebot3_teleop/script/__init__.py -> /home/hassen/turtlebot3_ws/install/turtlebot3_teleop/lib/python3.10/site-packages/turtlebot3_teleop/script
[1.888s] copying /home/hassen/turtlebot3_ws/build/turtlebot3_teleop/build/lib/turtlebot3_teleop/__init__.py -> /home/hassen/turtlebot3_ws/install/turtlebot3_teleop/lib/python3.10/site-packages/turtlebot3_teleop
[1.888s] byte-compiling /home/hassen/turtlebot3_ws/install/turtlebot3_teleop/lib/python3.10/site-packages/turtlebot3_teleop/script/teleop_keyboard.py to teleop_keyboard.cpython-310.pyc
[1.890s] byte-compiling /home/hassen/turtlebot3_ws/install/turtlebot3_teleop/lib/python3.10/site-packages/turtlebot3_teleop/script/__init__.py to __init__.cpython-310.pyc
[1.890s] byte-compiling /home/hassen/turtlebot3_ws/install/turtlebot3_teleop/lib/python3.10/site-packages/turtlebot3_teleop/__init__.py to __init__.cpython-310.pyc
[1.890s] running install_data
[1.891s] copying resource/turtlebot3_teleop -> /home/hassen/turtlebot3_ws/install/turtlebot3_teleop/share/ament_index/resource_index/packages
[1.891s] copying package.xml -> /home/hassen/turtlebot3_ws/install/turtlebot3_teleop/share/turtlebot3_teleop
[1.891s] running install_egg_info
[1.894s] Copying ../../../../build/turtlebot3_teleop/turtlebot3_teleop.egg-info to /home/hassen/turtlebot3_ws/install/turtlebot3_teleop/lib/python3.10/site-packages/turtlebot3_teleop-2.1.5-py3.10.egg-info
[1.895s] running install_scripts
[1.919s] Installing teleop_keyboard script to /home/hassen/turtlebot3_ws/install/turtlebot3_teleop/lib/turtlebot3_teleop
[1.919s] writing list of installed files to '/home/hassen/turtlebot3_ws/build/turtlebot3_teleop/install.log'
[1.944s] Invoked command in '/home/hassen/turtlebot3_ws/src/turtlebot3/turtlebot3/turtlebot3_teleop' returned '0': PYTHONPATH=/home/hassen/turtlebot3_ws/build/turtlebot3_teleop/prefix_override:/home/hassen/turtlebot3_ws/install/turtlebot3_teleop/lib/python3.10/site-packages:${PYTHONPATH} /usr/bin/python3 -W ignore:setup.py install is deprecated setup.py egg_info --egg-base ../../../../build/turtlebot3_teleop build --build-base /home/hassen/turtlebot3_ws/build/turtlebot3_teleop/build install --record /home/hassen/turtlebot3_ws/build/turtlebot3_teleop/install.log --single-version-externally-managed install_data --force
