[1.190s] Invoking command in '/home/hassen/turtlebot3_ws/build/tb3_autonomy': CMAKE_PREFIX_PATH=/opt/ros/humble /usr/bin/cmake /home/hassen/turtlebot3_ws/src/tb3_autonomy -DAMENT_CMAKE_SYMLINK_INSTALL=1 -DCMAKE_INSTALL_PREFIX=/home/hassen/turtlebot3_ws/install/tb3_autonomy
[1.443s] -- Found ament_cmake: 1.3.8 (/opt/ros/humble/share/ament_cmake/cmake)
[1.443s] -- Override CMake install command with custom implementation using symlinks instead of copying resources
[1.443s] -- Found rclcpp: 16.0.8 (/opt/ros/humble/share/rclcpp/cmake)
[1.443s] -- Found rosidl_generator_c: 3.1.5 (/opt/ros/humble/share/rosidl_generator_c/cmake)
[1.443s] -- Found rosidl_adapter: 3.1.5 (/opt/ros/humble/share/rosidl_adapter/cmake)
[1.443s] -- Found rosidl_generator_cpp: 3.1.5 (/opt/ros/humble/share/rosidl_generator_cpp/cmake)
[1.443s] -- Using all available rosidl_typesupport_c: rosidl_typesupport_fastrtps_c;rosidl_typesupport_introspection_c
[1.443s] -- Using all available rosidl_typesupport_cpp: rosidl_typesupport_fastrtps_cpp;rosidl_typesupport_introspection_cpp
[1.518s] -- Found rmw_implementation_cmake: 6.1.1 (/opt/ros/humble/share/rmw_implementation_cmake/cmake)
[1.518s] -- Found rmw_fastrtps_cpp: 6.2.6 (/opt/ros/humble/share/rmw_fastrtps_cpp/cmake)
[1.713s] -- Using RMW implementation 'rmw_fastrtps_cpp' as default
[1.920s] -- Found rclcpp_action: 16.0.8 (/opt/ros/humble/share/rclcpp_action/cmake)
[2.328s] [31mCMake Error at CMakeLists.txt:13 (find_package):
[2.328s]   By not providing "Findnav2_msgs.cmake" in CMAKE_MODULE_PATH this project
[2.330s]   has asked CMake to find a package configuration file provided by
[2.330s]   "nav2_msgs", but CMake did not find one.
[2.330s] 
[2.330s]   Could not find a package configuration file provided by "nav2_msgs" with
[2.330s]   any of the following names:
[2.330s] 
[2.330s]     nav2_msgsConfig.cmake
[2.330s]     nav2_msgs-config.cmake
[2.330s] 
[2.330s]   Add the installation prefix of "nav2_msgs" to CMAKE_PREFIX_PATH or set
[2.330s]   "nav2_msgs_DIR" to a directory containing one of the above files.  If
[2.330s]   "nav2_msgs" provides a separate development package or SDK, be sure it has
[2.331s]   been installed.
[2.331s] 
[2.331s] [0m
[2.331s] -- Configuring incomplete, errors occurred!
[2.331s] See also "/home/hassen/turtlebot3_ws/build/tb3_autonomy/CMakeFiles/CMakeOutput.log".
