[0.308s] Invoking command in '/home/hassen/turtlebot3_ws/build/tb3_autonomy': CMAKE_PREFIX_PATH=/opt/ros/humble /usr/bin/cmake --build /home/hassen/turtlebot3_ws/build/tb3_autonomy -- -j12 -l12
[0.381s] [35m[1mConsolidate compiler generated dependencies of target autonomy_node[0m
[0.423s] [100%] Built target autonomy_node
[0.538s] Invoked command in '/home/hassen/turtlebot3_ws/build/tb3_autonomy' returned '0': CMAKE_PREFIX_PATH=/opt/ros/humble /usr/bin/cmake --build /home/hassen/turtlebot3_ws/build/tb3_autonomy -- -j12 -l12
[0.574s] Invoking command in '/home/hassen/turtlebot3_ws/build/tb3_autonomy': CMAKE_PREFIX_PATH=/opt/ros/humble /usr/bin/cmake --install /home/hassen/turtlebot3_ws/build/tb3_autonomy
[0.588s] -- Install configuration: ""
[0.588s] -- Execute custom install script
[0.590s] -- Up-to-date symlink: /home/hassen/turtlebot3_ws/install/tb3_autonomy/share/tb3_autonomy/bt_xml/tree.xml
[0.592s] -- Up-to-date symlink: /home/hassen/turtlebot3_ws/install/tb3_autonomy/share/tb3_autonomy/launch/autonomy.launch.py
[0.592s] -- Up-to-date symlink: /home/hassen/turtlebot3_ws/install/tb3_autonomy/lib/tb3_autonomy/autonomy_node
[0.593s] -- Up-to-date symlink: /home/hassen/turtlebot3_ws/install/tb3_autonomy/share/ament_index/resource_index/package_run_dependencies/tb3_autonomy
[0.594s] -- Up-to-date symlink: /home/hassen/turtlebot3_ws/install/tb3_autonomy/share/ament_index/resource_index/parent_prefix_path/tb3_autonomy
[0.595s] -- Up-to-date symlink: /home/hassen/turtlebot3_ws/install/tb3_autonomy/share/tb3_autonomy/environment/ament_prefix_path.sh
[0.596s] -- Up-to-date symlink: /home/hassen/turtlebot3_ws/install/tb3_autonomy/share/tb3_autonomy/environment/ament_prefix_path.dsv
[0.596s] -- Up-to-date symlink: /home/hassen/turtlebot3_ws/install/tb3_autonomy/share/tb3_autonomy/environment/path.sh
[0.597s] -- Up-to-date symlink: /home/hassen/turtlebot3_ws/install/tb3_autonomy/share/tb3_autonomy/environment/path.dsv
[0.597s] -- Up-to-date symlink: /home/hassen/turtlebot3_ws/install/tb3_autonomy/share/tb3_autonomy/local_setup.bash
[0.597s] -- Up-to-date symlink: /home/hassen/turtlebot3_ws/install/tb3_autonomy/share/tb3_autonomy/local_setup.sh
[0.598s] -- Up-to-date symlink: /home/hassen/turtlebot3_ws/install/tb3_autonomy/share/tb3_autonomy/local_setup.zsh
[0.598s] -- Up-to-date symlink: /home/hassen/turtlebot3_ws/install/tb3_autonomy/share/tb3_autonomy/local_setup.dsv
[0.598s] -- Symlinking: /home/hassen/turtlebot3_ws/install/tb3_autonomy/share/tb3_autonomy/package.dsv
[0.610s] -- Up-to-date symlink: /home/hassen/turtlebot3_ws/install/tb3_autonomy/share/ament_index/resource_index/packages/tb3_autonomy
[0.611s] -- Up-to-date symlink: /home/hassen/turtlebot3_ws/install/tb3_autonomy/share/tb3_autonomy/cmake/tb3_autonomyConfig.cmake
[0.611s] -- Up-to-date symlink: /home/hassen/turtlebot3_ws/install/tb3_autonomy/share/tb3_autonomy/cmake/tb3_autonomyConfig-version.cmake
[0.611s] -- Up-to-date symlink: /home/hassen/turtlebot3_ws/install/tb3_autonomy/share/tb3_autonomy/package.xml
[0.653s] Invoked command in '/home/hassen/turtlebot3_ws/build/tb3_autonomy' returned '0': CMAKE_PREFIX_PATH=/opt/ros/humble /usr/bin/cmake --install /home/hassen/turtlebot3_ws/build/tb3_autonomy
