[0.053s] Invoking command in '/home/hassen/turtlebot3_ws/build/turtlebot3_description': CMAKE_PREFIX_PATH=${CMAKE_PREFIX_PATH}:/home/hassen/turtlebot3_ws/install/turtlebot3_teleop:/home/hassen/turtlebot3_ws/install/turtlebot3_example:/home/hassen/turtlebot3_ws/install/tb3_sim:/opt/ros/humble /usr/bin/cmake --build /home/hassen/turtlebot3_ws/build/turtlebot3_description -- -j12 -l12
[11.572s] Invoked command in '/home/hassen/turtlebot3_ws/build/turtlebot3_description' returned '0': CMAKE_PREFIX_PATH=${CMAKE_PREFIX_PATH}:/home/hassen/turtlebot3_ws/install/turtlebot3_teleop:/home/hassen/turtlebot3_ws/install/turtlebot3_example:/home/hassen/turtlebot3_ws/install/tb3_sim:/opt/ros/humble /usr/bin/cmake --build /home/hassen/turtlebot3_ws/build/turtlebot3_description -- -j12 -l12
[27.305s] Invoking command in '/home/hassen/turtlebot3_ws/build/turtlebot3_description': CMAKE_PREFIX_PATH=${CMAKE_PREFIX_PATH}:/home/hassen/turtlebot3_ws/install/turtlebot3_teleop:/home/hassen/turtlebot3_ws/install/turtlebot3_example:/home/hassen/turtlebot3_ws/install/tb3_sim:/opt/ros/humble /usr/bin/cmake --install /home/hassen/turtlebot3_ws/build/turtlebot3_description
[27.311s] -- Install configuration: ""
[27.312s] -- Execute custom install script
[27.328s] -- Up-to-date symlink: /home/hassen/turtlebot3_ws/install/turtlebot3_description/share/turtlebot3_description/meshes/bases/burger_base.stl
[27.329s] -- Up-to-date symlink: /home/hassen/turtlebot3_ws/install/turtlebot3_description/share/turtlebot3_description/meshes/bases/waffle_base.stl
[27.329s] -- Up-to-date symlink: /home/hassen/turtlebot3_ws/install/turtlebot3_description/share/turtlebot3_description/meshes/bases/waffle_pi_base.stl
[27.329s] -- Up-to-date symlink: /home/hassen/turtlebot3_ws/install/turtlebot3_description/share/turtlebot3_description/meshes/sensors/astra.dae
[27.329s] -- Up-to-date symlink: /home/hassen/turtlebot3_ws/install/turtlebot3_description/share/turtlebot3_description/meshes/sensors/astra.jpg
[27.329s] -- Up-to-date symlink: /home/hassen/turtlebot3_ws/install/turtlebot3_description/share/turtlebot3_description/meshes/sensors/lds.stl
[27.330s] -- Up-to-date symlink: /home/hassen/turtlebot3_ws/install/turtlebot3_description/share/turtlebot3_description/meshes/sensors/r200.dae
[27.330s] -- Up-to-date symlink: /home/hassen/turtlebot3_ws/install/turtlebot3_description/share/turtlebot3_description/meshes/sensors/r200.jpg
[27.330s] -- Up-to-date symlink: /home/hassen/turtlebot3_ws/install/turtlebot3_description/share/turtlebot3_description/meshes/wheels/left_tire.stl
[27.330s] -- Up-to-date symlink: /home/hassen/turtlebot3_ws/install/turtlebot3_description/share/turtlebot3_description/meshes/wheels/right_tire.stl
[27.330s] -- Up-to-date symlink: /home/hassen/turtlebot3_ws/install/turtlebot3_description/share/turtlebot3_description/rviz/model.rviz
[27.330s] -- Up-to-date symlink: /home/hassen/turtlebot3_ws/install/turtlebot3_description/share/turtlebot3_description/urdf/common_properties.urdf
[27.331s] -- Up-to-date symlink: /home/hassen/turtlebot3_ws/install/turtlebot3_description/share/turtlebot3_description/urdf/turtlebot3_burger.urdf
[27.331s] -- Up-to-date symlink: /home/hassen/turtlebot3_ws/install/turtlebot3_description/share/turtlebot3_description/urdf/turtlebot3_waffle.urdf
[27.331s] -- Up-to-date symlink: /home/hassen/turtlebot3_ws/install/turtlebot3_description/share/turtlebot3_description/urdf/turtlebot3_waffle_pi.urdf
[27.332s] -- Up-to-date symlink: /home/hassen/turtlebot3_ws/install/turtlebot3_description/share/ament_index/resource_index/package_run_dependencies/turtlebot3_description
[27.332s] -- Up-to-date symlink: /home/hassen/turtlebot3_ws/install/turtlebot3_description/share/ament_index/resource_index/parent_prefix_path/turtlebot3_description
[27.332s] -- Up-to-date symlink: /home/hassen/turtlebot3_ws/install/turtlebot3_description/share/turtlebot3_description/environment/ament_prefix_path.sh
[27.332s] -- Up-to-date symlink: /home/hassen/turtlebot3_ws/install/turtlebot3_description/share/turtlebot3_description/environment/ament_prefix_path.dsv
[27.332s] -- Up-to-date symlink: /home/hassen/turtlebot3_ws/install/turtlebot3_description/share/turtlebot3_description/environment/path.sh
[27.332s] -- Up-to-date symlink: /home/hassen/turtlebot3_ws/install/turtlebot3_description/share/turtlebot3_description/environment/path.dsv
[27.333s] -- Up-to-date symlink: /home/hassen/turtlebot3_ws/install/turtlebot3_description/share/turtlebot3_description/local_setup.bash
[27.333s] -- Up-to-date symlink: /home/hassen/turtlebot3_ws/install/turtlebot3_description/share/turtlebot3_description/local_setup.sh
[27.333s] -- Up-to-date symlink: /home/hassen/turtlebot3_ws/install/turtlebot3_description/share/turtlebot3_description/local_setup.zsh
[27.336s] -- Up-to-date symlink: /home/hassen/turtlebot3_ws/install/turtlebot3_description/share/turtlebot3_description/local_setup.dsv
[27.336s] -- Symlinking: /home/hassen/turtlebot3_ws/install/turtlebot3_description/share/turtlebot3_description/package.dsv
[27.346s] -- Up-to-date symlink: /home/hassen/turtlebot3_ws/install/turtlebot3_description/share/ament_index/resource_index/packages/turtlebot3_description
[27.346s] -- Up-to-date symlink: /home/hassen/turtlebot3_ws/install/turtlebot3_description/share/turtlebot3_description/cmake/turtlebot3_descriptionConfig.cmake
[27.347s] -- Up-to-date symlink: /home/hassen/turtlebot3_ws/install/turtlebot3_description/share/turtlebot3_description/cmake/turtlebot3_descriptionConfig-version.cmake
[27.347s] -- Up-to-date symlink: /home/hassen/turtlebot3_ws/install/turtlebot3_description/share/turtlebot3_description/package.xml
[65.903s] Invoked command in '/home/hassen/turtlebot3_ws/build/turtlebot3_description' returned '0': CMAKE_PREFIX_PATH=${CMAKE_PREFIX_PATH}:/home/hassen/turtlebot3_ws/install/turtlebot3_teleop:/home/hassen/turtlebot3_ws/install/turtlebot3_example:/home/hassen/turtlebot3_ws/install/tb3_sim:/opt/ros/humble /usr/bin/cmake --install /home/hassen/turtlebot3_ws/build/turtlebot3_description
