[11.535s] Invoking command in '/home/hassen/turtlebot3_ws/build/yolobot_control': CMAKE_PREFIX_PATH=${CMAKE_PREFIX_PATH}:/home/hassen/turtlebot3_ws/install/turtlebot3_teleop:/home/hassen/turtlebot3_ws/install/turtlebot3_example:/home/hassen/turtlebot3_ws/install/tb3_sim:/opt/ros/humble /usr/bin/cmake /home/hassen/turtlebot3_ws/src/yolobot_control -DCMAKE_INSTALL_PREFIX=/home/hassen/turtlebot3_ws/install/yolobot_control
[27.282s] -- The C compiler identification is GNU 11.4.0
[31.936s] -- The CXX compiler identification is GNU 11.4.0
[31.946s] -- Detecting C compiler ABI info
[34.328s] -- Detecting C compiler ABI info - done
[34.334s] -- Check for working C compiler: /usr/bin/cc - skipped
[34.334s] -- Detecting C compile features
[34.334s] -- Detecting C compile features - done
[34.337s] -- Detecting CXX compiler ABI info
[38.932s] -- Detecting CXX compiler ABI info - done
[38.939s] -- Check for working CXX compiler: /usr/bin/c++ - skipped
[38.939s] -- Detecting CXX compile features
[38.940s] -- Detecting CXX compile features - done
[38.945s] -- Found ament_cmake: 1.3.8 (/opt/ros/humble/share/ament_cmake/cmake)
[39.091s] -- Found Python3: /usr/bin/python3 (found version "3.10.12") found components: Interpreter 
[39.229s] -- Found ament_lint_auto: 0.12.10 (/opt/ros/humble/share/ament_lint_auto/cmake)
[39.322s] -- Added test 'copyright' to check source files copyright and LICENSE
[39.325s] -- Added test 'flake8' to check Python code syntax and style conventions
[39.325s] -- Added test 'lint_cmake' to check CMake code style
[39.326s] -- Added test 'pep257' to check Python code against some of the docstring style conventions in PEP 257
[39.328s] -- Added test 'xmllint' to check XML markup files
[39.330s] -- Configuring done
[39.333s] -- Generating done
[39.725s] -- Build files have been written to: /home/hassen/turtlebot3_ws/build/yolobot_control
[65.911s] Invoked command in '/home/hassen/turtlebot3_ws/build/yolobot_control' returned '0': CMAKE_PREFIX_PATH=${CMAKE_PREFIX_PATH}:/home/hassen/turtlebot3_ws/install/turtlebot3_teleop:/home/hassen/turtlebot3_ws/install/turtlebot3_example:/home/hassen/turtlebot3_ws/install/tb3_sim:/opt/ros/humble /usr/bin/cmake /home/hassen/turtlebot3_ws/src/yolobot_control -DCMAKE_INSTALL_PREFIX=/home/hassen/turtlebot3_ws/install/yolobot_control
[65.911s] Invoking command in '/home/hassen/turtlebot3_ws/build/yolobot_control': CMAKE_PREFIX_PATH=${CMAKE_PREFIX_PATH}:/home/hassen/turtlebot3_ws/install/turtlebot3_teleop:/home/hassen/turtlebot3_ws/install/turtlebot3_example:/home/hassen/turtlebot3_ws/install/tb3_sim:/opt/ros/humble /usr/bin/cmake --build /home/hassen/turtlebot3_ws/build/yolobot_control -- -j12 -l12
[65.982s] Invoked command in '/home/hassen/turtlebot3_ws/build/yolobot_control' returned '0': CMAKE_PREFIX_PATH=${CMAKE_PREFIX_PATH}:/home/hassen/turtlebot3_ws/install/turtlebot3_teleop:/home/hassen/turtlebot3_ws/install/turtlebot3_example:/home/hassen/turtlebot3_ws/install/tb3_sim:/opt/ros/humble /usr/bin/cmake --build /home/hassen/turtlebot3_ws/build/yolobot_control -- -j12 -l12
[66.011s] Invoking command in '/home/hassen/turtlebot3_ws/build/yolobot_control': CMAKE_PREFIX_PATH=${CMAKE_PREFIX_PATH}:/home/hassen/turtlebot3_ws/install/turtlebot3_teleop:/home/hassen/turtlebot3_ws/install/turtlebot3_example:/home/hassen/turtlebot3_ws/install/tb3_sim:/opt/ros/humble /usr/bin/cmake --install /home/hassen/turtlebot3_ws/build/yolobot_control
[66.022s] -- Install configuration: ""
[66.022s] -- Installing: /home/hassen/turtlebot3_ws/install/yolobot_control/share/yolobot_control//scripts
[66.022s] -- Installing: /home/hassen/turtlebot3_ws/install/yolobot_control/share/yolobot_control//scripts/robot_control.py
[66.023s] -- Installing: /home/hassen/turtlebot3_ws/install/yolobot_control/share/yolobot_control//launch
[66.023s] -- Installing: /home/hassen/turtlebot3_ws/install/yolobot_control/share/yolobot_control//launch/yolobot_control.launch.py
[66.023s] -- Installing: /home/hassen/turtlebot3_ws/install/yolobot_control/lib/yolobot_control/robot_control.py
[66.023s] -- Installing: /home/hassen/turtlebot3_ws/install/yolobot_control/lib/yolobot_control/yolobot_control.launch.py
[66.023s] -- Installing: /home/hassen/turtlebot3_ws/install/yolobot_control/share/ament_index/resource_index/package_run_dependencies/yolobot_control
[66.024s] -- Installing: /home/hassen/turtlebot3_ws/install/yolobot_control/share/ament_index/resource_index/parent_prefix_path/yolobot_control
[66.024s] -- Installing: /home/hassen/turtlebot3_ws/install/yolobot_control/share/yolobot_control/environment/ament_prefix_path.sh
[66.024s] -- Installing: /home/hassen/turtlebot3_ws/install/yolobot_control/share/yolobot_control/environment/ament_prefix_path.dsv
[66.024s] -- Installing: /home/hassen/turtlebot3_ws/install/yolobot_control/share/yolobot_control/environment/path.sh
[66.024s] -- Installing: /home/hassen/turtlebot3_ws/install/yolobot_control/share/yolobot_control/environment/path.dsv
[66.025s] -- Installing: /home/hassen/turtlebot3_ws/install/yolobot_control/share/yolobot_control/local_setup.bash
[66.025s] -- Installing: /home/hassen/turtlebot3_ws/install/yolobot_control/share/yolobot_control/local_setup.sh
[66.025s] -- Installing: /home/hassen/turtlebot3_ws/install/yolobot_control/share/yolobot_control/local_setup.zsh
[66.025s] -- Installing: /home/hassen/turtlebot3_ws/install/yolobot_control/share/yolobot_control/local_setup.dsv
[66.026s] -- Installing: /home/hassen/turtlebot3_ws/install/yolobot_control/share/yolobot_control/package.dsv
[66.026s] -- Installing: /home/hassen/turtlebot3_ws/install/yolobot_control/share/ament_index/resource_index/packages/yolobot_control
[66.026s] -- Installing: /home/hassen/turtlebot3_ws/install/yolobot_control/share/yolobot_control/cmake/yolobot_controlConfig.cmake
[66.026s] -- Installing: /home/hassen/turtlebot3_ws/install/yolobot_control/share/yolobot_control/cmake/yolobot_controlConfig-version.cmake
[66.026s] -- Installing: /home/hassen/turtlebot3_ws/install/yolobot_control/share/yolobot_control/package.xml
[66.029s] Invoked command in '/home/hassen/turtlebot3_ws/build/yolobot_control' returned '0': CMAKE_PREFIX_PATH=${CMAKE_PREFIX_PATH}:/home/hassen/turtlebot3_ws/install/turtlebot3_teleop:/home/hassen/turtlebot3_ws/install/turtlebot3_example:/home/hassen/turtlebot3_ws/install/tb3_sim:/opt/ros/humble /usr/bin/cmake --install /home/hassen/turtlebot3_ws/build/yolobot_control
