[0.057s] Invoking command in '/home/hassen/turtlebot3_ws/build/yolobot_description': CMAKE_PREFIX_PATH=${CMAKE_PREFIX_PATH}:/home/hassen/turtlebot3_ws/install/turtlebot3_teleop:/home/hassen/turtlebot3_ws/install/turtlebot3_example:/home/hassen/turtlebot3_ws/install/tb3_sim:/opt/ros/humble /usr/bin/cmake --build /home/hassen/turtlebot3_ws/build/yolobot_description -- -j12 -l12
[0.126s] Invoked command in '/home/hassen/turtlebot3_ws/build/yolobot_description' returned '0': CMAKE_PREFIX_PATH=${CMAKE_PREFIX_PATH}:/home/hassen/turtlebot3_ws/install/turtlebot3_teleop:/home/hassen/turtlebot3_ws/install/turtlebot3_example:/home/hassen/turtlebot3_ws/install/tb3_sim:/opt/ros/humble /usr/bin/cmake --build /home/hassen/turtlebot3_ws/build/yolobot_description -- -j12 -l12
[0.174s] Invoking command in '/home/hassen/turtlebot3_ws/build/yolobot_description': CMAKE_PREFIX_PATH=${CMAKE_PREFIX_PATH}:/home/hassen/turtlebot3_ws/install/turtlebot3_teleop:/home/hassen/turtlebot3_ws/install/turtlebot3_example:/home/hassen/turtlebot3_ws/install/tb3_sim:/opt/ros/humble /usr/bin/cmake --install /home/hassen/turtlebot3_ws/build/yolobot_description
[0.189s] -- Install configuration: ""
[0.189s] -- Up-to-date: /home/hassen/turtlebot3_ws/install/yolobot_description/share/yolobot_description//launch
[0.189s] -- Up-to-date: /home/hassen/turtlebot3_ws/install/yolobot_description/share/yolobot_description//launch/spawn_yolobot.py
[0.190s] -- Up-to-date: /home/hassen/turtlebot3_ws/install/yolobot_description/share/yolobot_description//launch/spawn_yolobot_launch.launch.py
[0.190s] -- Up-to-date: /home/hassen/turtlebot3_ws/install/yolobot_description/share/yolobot_description//robot
[0.190s] -- Up-to-date: /home/hassen/turtlebot3_ws/install/yolobot_description/share/yolobot_description//robot/yolobot.urdf
[0.190s] -- Up-to-date: /home/hassen/turtlebot3_ws/install/yolobot_description/lib/yolobot_description/spawn_yolobot.py
[0.191s] -- Up-to-date: /home/hassen/turtlebot3_ws/install/yolobot_description/share/ament_index/resource_index/package_run_dependencies/yolobot_description
[0.191s] -- Up-to-date: /home/hassen/turtlebot3_ws/install/yolobot_description/share/ament_index/resource_index/parent_prefix_path/yolobot_description
[0.191s] -- Up-to-date: /home/hassen/turtlebot3_ws/install/yolobot_description/share/yolobot_description/environment/ament_prefix_path.sh
[0.191s] -- Up-to-date: /home/hassen/turtlebot3_ws/install/yolobot_description/share/yolobot_description/environment/ament_prefix_path.dsv
[0.191s] -- Up-to-date: /home/hassen/turtlebot3_ws/install/yolobot_description/share/yolobot_description/environment/path.sh
[0.191s] -- Up-to-date: /home/hassen/turtlebot3_ws/install/yolobot_description/share/yolobot_description/environment/path.dsv
[0.191s] -- Up-to-date: /home/hassen/turtlebot3_ws/install/yolobot_description/share/yolobot_description/local_setup.bash
[0.192s] -- Up-to-date: /home/hassen/turtlebot3_ws/install/yolobot_description/share/yolobot_description/local_setup.sh
[0.192s] -- Up-to-date: /home/hassen/turtlebot3_ws/install/yolobot_description/share/yolobot_description/local_setup.zsh
[0.192s] -- Up-to-date: /home/hassen/turtlebot3_ws/install/yolobot_description/share/yolobot_description/local_setup.dsv
[0.192s] -- Installing: /home/hassen/turtlebot3_ws/install/yolobot_description/share/yolobot_description/package.dsv
[0.192s] -- Up-to-date: /home/hassen/turtlebot3_ws/install/yolobot_description/share/ament_index/resource_index/packages/yolobot_description
[0.192s] -- Up-to-date: /home/hassen/turtlebot3_ws/install/yolobot_description/share/yolobot_description/cmake/yolobot_descriptionConfig.cmake
[0.193s] -- Up-to-date: /home/hassen/turtlebot3_ws/install/yolobot_description/share/yolobot_description/cmake/yolobot_descriptionConfig-version.cmake
[0.193s] -- Up-to-date: /home/hassen/turtlebot3_ws/install/yolobot_description/share/yolobot_description/package.xml
[0.204s] Invoked command in '/home/hassen/turtlebot3_ws/build/yolobot_description' returned '0': CMAKE_PREFIX_PATH=${CMAKE_PREFIX_PATH}:/home/hassen/turtlebot3_ws/install/turtlebot3_teleop:/home/hassen/turtlebot3_ws/install/turtlebot3_example:/home/hassen/turtlebot3_ws/install/tb3_sim:/opt/ros/humble /usr/bin/cmake --install /home/hassen/turtlebot3_ws/build/yolobot_description
