[0.031s] Invoking command in '/home/hassen/turtlebot3_ws/build/dynamixel_sdk_custom_interfaces': CMAKE_PREFIX_PATH=/opt/ros/humble /usr/bin/cmake /home/hassen/turtlebot3_ws/src/utils/DynamixelSDK/dynamixel_sdk_custom_interfaces -DAMENT_CMAKE_SYMLINK_INSTALL=1 -DCMAKE_INSTALL_PREFIX=/home/hassen/turtlebot3_ws/install/dynamixel_sdk_custom_interfaces
[0.331s] -- The C compiler identification is GNU 11.4.0
[0.467s] -- The CXX compiler identification is GNU 11.4.0
[0.489s] -- Detecting C compiler ABI info
[0.584s] -- Detecting C compiler ABI info - done
[0.593s] -- Check for working C compiler: /usr/bin/cc - skipped
[0.594s] -- Detecting C compile features
[0.594s] -- Detecting C compile features - done
[0.598s] -- Detecting CXX compiler ABI info
[0.695s] -- Detecting CXX compiler ABI info - done
[0.706s] -- Check for working CXX compiler: /usr/bin/c++ - skipped
[0.706s] -- Detecting CXX compile features
[0.707s] -- Detecting CXX compile features - done
[0.710s] -- Found ament_cmake: 1.3.8 (/opt/ros/humble/share/ament_cmake/cmake)
[0.881s] -- Found Python3: /usr/bin/python3 (found version "3.10.12") found components: Interpreter 
[0.954s] -- Override CMake install command with custom implementation using symlinks instead of copying resources
[0.983s] -- Found builtin_interfaces: 1.2.1 (/opt/ros/humble/share/builtin_interfaces/cmake)
[1.026s] -- Found rosidl_generator_c: 3.1.5 (/opt/ros/humble/share/rosidl_generator_c/cmake)
[1.033s] -- Found rosidl_adapter: 3.1.5 (/opt/ros/humble/share/rosidl_adapter/cmake)
[1.043s] -- Found rosidl_generator_cpp: 3.1.5 (/opt/ros/humble/share/rosidl_generator_cpp/cmake)
[1.061s] -- Using all available rosidl_typesupport_c: rosidl_typesupport_fastrtps_c;rosidl_typesupport_introspection_c
[1.087s] -- Using all available rosidl_typesupport_cpp: rosidl_typesupport_fastrtps_cpp;rosidl_typesupport_introspection_cpp
[1.111s] -- Found rosidl_default_generators: 1.2.0 (/opt/ros/humble/share/rosidl_default_generators/cmake)
[1.337s] -- Found ament_cmake_ros: 0.10.0 (/opt/ros/humble/share/ament_cmake_ros/cmake)
[1.595s] -- Using all available rosidl_typesupport_c: rosidl_typesupport_fastrtps_c;rosidl_typesupport_introspection_c
[1.692s] -- Using all available rosidl_typesupport_cpp: rosidl_typesupport_fastrtps_cpp;rosidl_typesupport_introspection_cpp
[1.711s] -- Found PythonInterp: /usr/bin/python3 (found suitable version "3.10.12", minimum required is "3.6") 
[1.713s] -- Found python_cmake_module: 0.10.0 (/opt/ros/humble/share/python_cmake_module/cmake)
[1.736s] -- Found PythonLibs: /usr/lib/x86_64-linux-gnu/libpython3.10.so (found suitable version "3.10.12", minimum required is "3.5") 
[1.736s] -- Using PYTHON_EXECUTABLE: /usr/bin/python3
[1.736s] -- Using PYTHON_INCLUDE_DIRS: /usr/include/python3.10
[1.736s] -- Using PYTHON_LIBRARIES: /usr/lib/x86_64-linux-gnu/libpython3.10.so
[1.753s] -- Found PythonExtra: .so  
[1.795s] -- Configuring done
[1.825s] -- Generating done
[1.828s] -- Build files have been written to: /home/hassen/turtlebot3_ws/build/dynamixel_sdk_custom_interfaces
