[2.309s] Invoking command in '/home/hassen/turtlebot3_ws/src/turtlebot3/turtlebot3/turtlebot3_example': CMAKE_PREFIX_PATH=/home/hassen/turtlebot3_ws/install/turtlebot3_msgs:/home/hassen/turtlebot3_ws/install/yolov8_msgs:/home/hassen/turtlebot3_ws/install/yolobot_recognition:/home/hassen/turtlebot3_ws/install/yolobot_description:/home/hassen/turtlebot3_ws/install/turtlebot3:/home/hassen/turtlebot3_ws/install/turtlebot3_simulations:/home/hassen/turtlebot3_ws/install/turtlebot3_bringup:/home/hassen/turtlebot3_ws/install/turtlebot3_node:/home/hassen/turtlebot3_ws/install/turtlebot3_navigation2:/home/hassen/turtlebot3_ws/install/turtlebot3_fake_node:/home/hassen/turtlebot3_ws/install/turtlebot3_gazebo:/home/hassen/turtlebot3_ws/install/turtlebot3_description:/home/hassen/turtlebot3_ws/install/turtlebot3_cartographer:/home/hassen/turtlebot3_ws/install/tb3_autonomy:/home/hassen/turtlebot3_ws/install/hls_lfcd_lds_driver:/home/hassen/turtlebot3_ws/install/dynamixel_sdk_examples:/home/hassen/turtlebot3_ws/install/dynamixel_sdk_custom_interfaces:/home/hassen/turtlebot3_ws/install/dynamixel_sdk LD_LIBRARY_PATH=/home/hassen/turtlebot3_ws/install/turtlebot3_msgs/lib:/home/hassen/turtlebot3_ws/install/yolov8_msgs/lib:/home/hassen/turtlebot3_ws/install/dynamixel_sdk_custom_interfaces/lib:/home/hassen/turtlebot3_ws/install/dynamixel_sdk/lib:/usr/lib/x86_64-linux-gnu/gazebo-11/plugins:/opt/ros/humble/opt/rviz_ogre_vendor/lib:/opt/ros/humble/lib/x86_64-linux-gnu:/opt/ros/humble/lib:/usr/share/gazebo/../../lib/x86_64-linux-gnu/gazebo-11/plugins PYTHONPATH=/home/hassen/turtlebot3_ws/build/turtlebot3_example/prefix_override:/home/hassen/turtlebot3_ws/install/turtlebot3_example/lib/python3.10/site-packages:${PYTHONPATH} /usr/bin/python3 -W ignore:setup.py install is deprecated setup.py egg_info --egg-base ../../../../build/turtlebot3_example build --build-base /home/hassen/turtlebot3_ws/build/turtlebot3_example/build install --record /home/hassen/turtlebot3_ws/build/turtlebot3_example/install.log --single-version-externally-managed install_data
[2.519s] running egg_info
[2.519s] writing ../../../../build/turtlebot3_example/turtlebot3_example.egg-info/PKG-INFO
[3.401s] writing dependency_links to ../../../../build/turtlebot3_example/turtlebot3_example.egg-info/dependency_links.txt
[3.402s] writing entry points to ../../../../build/turtlebot3_example/turtlebot3_example.egg-info/entry_points.txt
[3.402s] writing requirements to ../../../../build/turtlebot3_example/turtlebot3_example.egg-info/requires.txt
[3.403s] writing top-level names to ../../../../build/turtlebot3_example/turtlebot3_example.egg-info/top_level.txt
[3.405s] reading manifest file '../../../../build/turtlebot3_example/turtlebot3_example.egg-info/SOURCES.txt'
[3.405s] writing manifest file '../../../../build/turtlebot3_example/turtlebot3_example.egg-info/SOURCES.txt'
[3.406s] running build
[3.406s] running build_py
[3.799s] running install
[3.799s] running install_lib
[3.800s] running install_data
[3.800s] running install_egg_info
[3.800s] removing '/home/hassen/turtlebot3_ws/install/turtlebot3_example/lib/python3.10/site-packages/turtlebot3_example-2.1.5-py3.10.egg-info' (and everything under it)
[3.800s] Copying ../../../../build/turtlebot3_example/turtlebot3_example.egg-info to /home/hassen/turtlebot3_ws/install/turtlebot3_example/lib/python3.10/site-packages/turtlebot3_example-2.1.5-py3.10.egg-info
[3.801s] running install_scripts
[3.821s] Installing turtlebot3_obstacle_detection script to /home/hassen/turtlebot3_ws/install/turtlebot3_example/lib/turtlebot3_example
[3.822s] Installing turtlebot3_patrol_client script to /home/hassen/turtlebot3_ws/install/turtlebot3_example/lib/turtlebot3_example
[3.822s] Installing turtlebot3_patrol_server script to /home/hassen/turtlebot3_ws/install/turtlebot3_example/lib/turtlebot3_example
[3.822s] Installing turtlebot3_position_control script to /home/hassen/turtlebot3_ws/install/turtlebot3_example/lib/turtlebot3_example
[3.823s] writing list of installed files to '/home/hassen/turtlebot3_ws/build/turtlebot3_example/install.log'
[3.847s] Invoked command in '/home/hassen/turtlebot3_ws/src/turtlebot3/turtlebot3/turtlebot3_example' returned '0': CMAKE_PREFIX_PATH=/home/hassen/turtlebot3_ws/install/turtlebot3_msgs:/home/hassen/turtlebot3_ws/install/yolov8_msgs:/home/hassen/turtlebot3_ws/install/yolobot_recognition:/home/hassen/turtlebot3_ws/install/yolobot_description:/home/hassen/turtlebot3_ws/install/turtlebot3:/home/hassen/turtlebot3_ws/install/turtlebot3_simulations:/home/hassen/turtlebot3_ws/install/turtlebot3_bringup:/home/hassen/turtlebot3_ws/install/turtlebot3_node:/home/hassen/turtlebot3_ws/install/turtlebot3_navigation2:/home/hassen/turtlebot3_ws/install/turtlebot3_fake_node:/home/hassen/turtlebot3_ws/install/turtlebot3_gazebo:/home/hassen/turtlebot3_ws/install/turtlebot3_description:/home/hassen/turtlebot3_ws/install/turtlebot3_cartographer:/home/hassen/turtlebot3_ws/install/tb3_autonomy:/home/hassen/turtlebot3_ws/install/hls_lfcd_lds_driver:/home/hassen/turtlebot3_ws/install/dynamixel_sdk_examples:/home/hassen/turtlebot3_ws/install/dynamixel_sdk_custom_interfaces:/home/hassen/turtlebot3_ws/install/dynamixel_sdk LD_LIBRARY_PATH=/home/hassen/turtlebot3_ws/install/turtlebot3_msgs/lib:/home/hassen/turtlebot3_ws/install/yolov8_msgs/lib:/home/hassen/turtlebot3_ws/install/dynamixel_sdk_custom_interfaces/lib:/home/hassen/turtlebot3_ws/install/dynamixel_sdk/lib:/usr/lib/x86_64-linux-gnu/gazebo-11/plugins:/opt/ros/humble/opt/rviz_ogre_vendor/lib:/opt/ros/humble/lib/x86_64-linux-gnu:/opt/ros/humble/lib:/usr/share/gazebo/../../lib/x86_64-linux-gnu/gazebo-11/plugins PYTHONPATH=/home/hassen/turtlebot3_ws/build/turtlebot3_example/prefix_override:/home/hassen/turtlebot3_ws/install/turtlebot3_example/lib/python3.10/site-packages:${PYTHONPATH} /usr/bin/python3 -W ignore:setup.py install is deprecated setup.py egg_info --egg-base ../../../../build/turtlebot3_example build --build-base /home/hassen/turtlebot3_ws/build/turtlebot3_example/build install --record /home/hassen/turtlebot3_ws/build/turtlebot3_example/install.log --single-version-externally-managed install_data
