[0.055s] Invoking command in '/home/hassen/turtlebot3_ws/build/dynamixel_sdk': CMAKE_PREFIX_PATH=${CMAKE_PREFIX_PATH}:/home/hassen/turtlebot3_ws/install/turtlebot3_teleop:/home/hassen/turtlebot3_ws/install/turtlebot3_example:/home/hassen/turtlebot3_ws/install/tb3_sim:/opt/ros/humble /usr/bin/cmake --build /home/hassen/turtlebot3_ws/build/dynamixel_sdk -- -j12 -l12
[0.775s] [100%] Built target dynamixel_sdk
[0.782s] Invoked command in '/home/hassen/turtlebot3_ws/build/dynamixel_sdk' returned '0': CMAKE_PREFIX_PATH=${CMAKE_PREFIX_PATH}:/home/hassen/turtlebot3_ws/install/turtlebot3_teleop:/home/hassen/turtlebot3_ws/install/turtlebot3_example:/home/hassen/turtlebot3_ws/install/tb3_sim:/opt/ros/humble /usr/bin/cmake --build /home/hassen/turtlebot3_ws/build/dynamixel_sdk -- -j12 -l12
[0.865s] Invoking command in '/home/hassen/turtlebot3_ws/build/dynamixel_sdk': CMAKE_PREFIX_PATH=${CMAKE_PREFIX_PATH}:/home/hassen/turtlebot3_ws/install/turtlebot3_teleop:/home/hassen/turtlebot3_ws/install/turtlebot3_example:/home/hassen/turtlebot3_ws/install/tb3_sim:/opt/ros/humble /usr/bin/cmake --install /home/hassen/turtlebot3_ws/build/dynamixel_sdk
[0.872s] -- Install configuration: ""
[0.872s] -- Execute custom install script
[0.874s] -- Up-to-date symlink: /home/hassen/turtlebot3_ws/install/dynamixel_sdk/include//dynamixel_sdk/dynamixel_sdk.h
[0.874s] -- Up-to-date symlink: /home/hassen/turtlebot3_ws/install/dynamixel_sdk/include//dynamixel_sdk/group_bulk_read.h
[0.874s] -- Up-to-date symlink: /home/hassen/turtlebot3_ws/install/dynamixel_sdk/include//dynamixel_sdk/group_bulk_write.h
[0.874s] -- Up-to-date symlink: /home/hassen/turtlebot3_ws/install/dynamixel_sdk/include//dynamixel_sdk/group_sync_read.h
[0.874s] -- Up-to-date symlink: /home/hassen/turtlebot3_ws/install/dynamixel_sdk/include//dynamixel_sdk/group_sync_write.h
[0.874s] -- Up-to-date symlink: /home/hassen/turtlebot3_ws/install/dynamixel_sdk/include//dynamixel_sdk/packet_handler.h
[0.874s] -- Up-to-date symlink: /home/hassen/turtlebot3_ws/install/dynamixel_sdk/include//dynamixel_sdk/port_handler.h
[0.874s] -- Up-to-date symlink: /home/hassen/turtlebot3_ws/install/dynamixel_sdk/include//dynamixel_sdk/port_handler_arduino.h
[0.875s] -- Up-to-date symlink: /home/hassen/turtlebot3_ws/install/dynamixel_sdk/include//dynamixel_sdk/port_handler_linux.h
[0.875s] -- Up-to-date symlink: /home/hassen/turtlebot3_ws/install/dynamixel_sdk/include//dynamixel_sdk/port_handler_mac.h
[0.875s] -- Up-to-date symlink: /home/hassen/turtlebot3_ws/install/dynamixel_sdk/include//dynamixel_sdk/port_handler_windows.h
[0.875s] -- Up-to-date symlink: /home/hassen/turtlebot3_ws/install/dynamixel_sdk/include//dynamixel_sdk/protocol1_packet_handler.h
[0.877s] -- Up-to-date symlink: /home/hassen/turtlebot3_ws/install/dynamixel_sdk/include//dynamixel_sdk/protocol2_packet_handler.h
[0.878s] -- Up-to-date symlink: /home/hassen/turtlebot3_ws/install/dynamixel_sdk/lib/libdynamixel_sdk.so
[0.878s] -- Up-to-date symlink: /home/hassen/turtlebot3_ws/install/dynamixel_sdk/share/dynamixel_sdk/environment/library_path.sh
[0.879s] -- Up-to-date symlink: /home/hassen/turtlebot3_ws/install/dynamixel_sdk/share/dynamixel_sdk/environment/library_path.dsv
[0.880s] -- Up-to-date symlink: /home/hassen/turtlebot3_ws/install/dynamixel_sdk/share/ament_index/resource_index/package_run_dependencies/dynamixel_sdk
[0.880s] -- Up-to-date symlink: /home/hassen/turtlebot3_ws/install/dynamixel_sdk/share/ament_index/resource_index/parent_prefix_path/dynamixel_sdk
[0.880s] -- Up-to-date symlink: /home/hassen/turtlebot3_ws/install/dynamixel_sdk/share/dynamixel_sdk/environment/ament_prefix_path.sh
[0.881s] -- Up-to-date symlink: /home/hassen/turtlebot3_ws/install/dynamixel_sdk/share/dynamixel_sdk/environment/ament_prefix_path.dsv
[0.881s] -- Up-to-date symlink: /home/hassen/turtlebot3_ws/install/dynamixel_sdk/share/dynamixel_sdk/environment/path.sh
[0.882s] -- Up-to-date symlink: /home/hassen/turtlebot3_ws/install/dynamixel_sdk/share/dynamixel_sdk/environment/path.dsv
[0.882s] -- Up-to-date symlink: /home/hassen/turtlebot3_ws/install/dynamixel_sdk/share/dynamixel_sdk/local_setup.bash
[0.883s] -- Up-to-date symlink: /home/hassen/turtlebot3_ws/install/dynamixel_sdk/share/dynamixel_sdk/local_setup.sh
[0.884s] -- Up-to-date symlink: /home/hassen/turtlebot3_ws/install/dynamixel_sdk/share/dynamixel_sdk/local_setup.zsh
[0.884s] -- Up-to-date symlink: /home/hassen/turtlebot3_ws/install/dynamixel_sdk/share/dynamixel_sdk/local_setup.dsv
[0.884s] -- Symlinking: /home/hassen/turtlebot3_ws/install/dynamixel_sdk/share/dynamixel_sdk/package.dsv
[0.901s] -- Up-to-date symlink: /home/hassen/turtlebot3_ws/install/dynamixel_sdk/share/ament_index/resource_index/packages/dynamixel_sdk
[0.901s] -- Up-to-date symlink: /home/hassen/turtlebot3_ws/install/dynamixel_sdk/share/dynamixel_sdk/cmake/ament_cmake_export_include_directories-extras.cmake
[0.901s] -- Up-to-date symlink: /home/hassen/turtlebot3_ws/install/dynamixel_sdk/share/dynamixel_sdk/cmake/ament_cmake_export_libraries-extras.cmake
[0.902s] -- Up-to-date symlink: /home/hassen/turtlebot3_ws/install/dynamixel_sdk/share/dynamixel_sdk/cmake/dynamixel_sdkConfig.cmake
[0.902s] -- Up-to-date symlink: /home/hassen/turtlebot3_ws/install/dynamixel_sdk/share/dynamixel_sdk/cmake/dynamixel_sdkConfig-version.cmake
[0.902s] -- Up-to-date symlink: /home/hassen/turtlebot3_ws/install/dynamixel_sdk/share/dynamixel_sdk/package.xml
[2.524s] Invoked command in '/home/hassen/turtlebot3_ws/build/dynamixel_sdk' returned '0': CMAKE_PREFIX_PATH=${CMAKE_PREFIX_PATH}:/home/hassen/turtlebot3_ws/install/turtlebot3_teleop:/home/hassen/turtlebot3_ws/install/turtlebot3_example:/home/hassen/turtlebot3_ws/install/tb3_sim:/opt/ros/humble /usr/bin/cmake --install /home/hassen/turtlebot3_ws/build/dynamixel_sdk
