[0.014s] Invoking command in '/home/hassen/turtlebot3_ws/build/dynamixel_sdk_examples': CMAKE_PREFIX_PATH=/home/hassen/turtlebot3_ws/install/dynamixel_sdk_custom_interfaces:/home/hassen/turtlebot3_ws/install/dynamixel_sdk:/home/hassen/turtlebot3_ws/install/turtlebot3:/home/hassen/turtlebot3_ws/install/turtlebot3_simulations:/home/hassen/turtlebot3_ws/install/turtlebot3_bringup:/home/hassen/turtlebot3_ws/install/turtlebot3_node:/home/hassen/turtlebot3_ws/install/turtlebot3_navigation2:/home/hassen/turtlebot3_ws/install/turtlebot3_fake_node:/home/hassen/turtlebot3_ws/install/turtlebot3_msgs:/home/hassen/turtlebot3_ws/install/turtlebot3_gazebo:/home/hassen/turtlebot3_ws/install/turtlebot3_description:/home/hassen/turtlebot3_ws/install/turtlebot3_cartographer:/home/hassen/turtlebot3_ws/install/tb3_autonomy:/home/hassen/turtlebot3_ws/install/hls_lfcd_lds_driver:/home/hassen/turtlebot3_ws/install/dynamixel_sdk_examples:/home/hassen/turtlebot3_ws/install/turtlebot3_teleop:/home/hassen/turtlebot3_ws/install/turtlebot3_example:/home/hassen/turtlebot3_ws/install/tb3_sim:/opt/ros/humble LD_LIBRARY_PATH=/home/hassen/turtlebot3_ws/install/dynamixel_sdk_custom_interfaces/lib:/home/hassen/turtlebot3_ws/install/dynamixel_sdk/lib:/home/hassen/turtlebot3_ws/install/turtlebot3_msgs/lib:/usr/lib/x86_64-linux-gnu/gazebo-11/plugins:/opt/ros/humble/opt/rviz_ogre_vendor/lib:/opt/ros/humble/lib/x86_64-linux-gnu:/opt/ros/humble/lib:/usr/share/gazebo/../../lib/x86_64-linux-gnu/gazebo-11/plugins /usr/bin/cmake /home/hassen/turtlebot3_ws/src/utils/DynamixelSDK/dynamixel_sdk_examples -DCMAKE_INSTALL_PREFIX=/home/hassen/turtlebot3_ws/install/dynamixel_sdk_examples
[0.026s] -- Found ament_cmake: 1.3.8 (/opt/ros/humble/share/ament_cmake/cmake)
[0.134s] -- Override CMake install command with custom implementation using symlinks instead of copying resources
[0.141s] -- Found dynamixel_sdk: 3.7.60 (/home/hassen/turtlebot3_ws/install/dynamixel_sdk/share/dynamixel_sdk/cmake)
[0.142s] -- Found dynamixel_sdk_custom_interfaces: 3.7.60 (/home/hassen/turtlebot3_ws/install/dynamixel_sdk_custom_interfaces/share/dynamixel_sdk_custom_interfaces/cmake)
[0.169s] -- Found rosidl_generator_c: 3.1.5 (/opt/ros/humble/share/rosidl_generator_c/cmake)
[0.172s] -- Found rosidl_adapter: 3.1.5 (/opt/ros/humble/share/rosidl_adapter/cmake)
[0.178s] -- Found rosidl_generator_cpp: 3.1.5 (/opt/ros/humble/share/rosidl_generator_cpp/cmake)
[0.189s] -- Using all available rosidl_typesupport_c: rosidl_typesupport_fastrtps_c;rosidl_typesupport_introspection_c
[0.203s] -- Using all available rosidl_typesupport_cpp: rosidl_typesupport_fastrtps_cpp;rosidl_typesupport_introspection_cpp
[0.254s] -- Found rclcpp: 16.0.8 (/opt/ros/humble/share/rclcpp/cmake)
[0.297s] -- Found rmw_implementation_cmake: 6.1.1 (/opt/ros/humble/share/rmw_implementation_cmake/cmake)
[0.298s] -- Found rmw_fastrtps_cpp: 6.2.6 (/opt/ros/humble/share/rmw_fastrtps_cpp/cmake)
[0.433s] -- Using RMW implementation 'rmw_fastrtps_cpp' as default
[0.572s] -- Found ament_lint_auto: 0.12.10 (/opt/ros/humble/share/ament_lint_auto/cmake)
[0.630s] -- Added test 'copyright' to check source files copyright and LICENSE
[0.632s] -- Added test 'cppcheck' to perform static code analysis on C / C++ code
[0.632s] -- Configured cppcheck include dirs: /home/hassen/turtlebot3_ws/src/utils/DynamixelSDK/dynamixel_sdk_examples/include
[0.632s] -- Configured cppcheck exclude dirs and/or files: 
[0.632s] -- Added test 'cpplint' to check C / C++ code against the Google style
[0.632s] -- Configured cpplint exclude dirs and/or files: 
[0.633s] -- Added test 'lint_cmake' to check CMake code style
[0.634s] -- Added test 'uncrustify' to check C / C++ code style
[0.634s] -- Configured uncrustify additional arguments: 
[0.634s] -- Added test 'xmllint' to check XML markup files
[0.635s] -- Configuring done
[0.648s] -- Generating done
[0.649s] -- Build files have been written to: /home/hassen/turtlebot3_ws/build/dynamixel_sdk_examples
[0.678s] Invoked command in '/home/hassen/turtlebot3_ws/build/dynamixel_sdk_examples' returned '0': CMAKE_PREFIX_PATH=/home/hassen/turtlebot3_ws/install/dynamixel_sdk_custom_interfaces:/home/hassen/turtlebot3_ws/install/dynamixel_sdk:/home/hassen/turtlebot3_ws/install/turtlebot3:/home/hassen/turtlebot3_ws/install/turtlebot3_simulations:/home/hassen/turtlebot3_ws/install/turtlebot3_bringup:/home/hassen/turtlebot3_ws/install/turtlebot3_node:/home/hassen/turtlebot3_ws/install/turtlebot3_navigation2:/home/hassen/turtlebot3_ws/install/turtlebot3_fake_node:/home/hassen/turtlebot3_ws/install/turtlebot3_msgs:/home/hassen/turtlebot3_ws/install/turtlebot3_gazebo:/home/hassen/turtlebot3_ws/install/turtlebot3_description:/home/hassen/turtlebot3_ws/install/turtlebot3_cartographer:/home/hassen/turtlebot3_ws/install/tb3_autonomy:/home/hassen/turtlebot3_ws/install/hls_lfcd_lds_driver:/home/hassen/turtlebot3_ws/install/dynamixel_sdk_examples:/home/hassen/turtlebot3_ws/install/turtlebot3_teleop:/home/hassen/turtlebot3_ws/install/turtlebot3_example:/home/hassen/turtlebot3_ws/install/tb3_sim:/opt/ros/humble LD_LIBRARY_PATH=/home/hassen/turtlebot3_ws/install/dynamixel_sdk_custom_interfaces/lib:/home/hassen/turtlebot3_ws/install/dynamixel_sdk/lib:/home/hassen/turtlebot3_ws/install/turtlebot3_msgs/lib:/usr/lib/x86_64-linux-gnu/gazebo-11/plugins:/opt/ros/humble/opt/rviz_ogre_vendor/lib:/opt/ros/humble/lib/x86_64-linux-gnu:/opt/ros/humble/lib:/usr/share/gazebo/../../lib/x86_64-linux-gnu/gazebo-11/plugins /usr/bin/cmake /home/hassen/turtlebot3_ws/src/utils/DynamixelSDK/dynamixel_sdk_examples -DCMAKE_INSTALL_PREFIX=/home/hassen/turtlebot3_ws/install/dynamixel_sdk_examples
[0.679s] Invoking command in '/home/hassen/turtlebot3_ws/build/dynamixel_sdk_examples': CMAKE_PREFIX_PATH=/home/hassen/turtlebot3_ws/install/dynamixel_sdk_custom_interfaces:/home/hassen/turtlebot3_ws/install/dynamixel_sdk:/home/hassen/turtlebot3_ws/install/turtlebot3:/home/hassen/turtlebot3_ws/install/turtlebot3_simulations:/home/hassen/turtlebot3_ws/install/turtlebot3_bringup:/home/hassen/turtlebot3_ws/install/turtlebot3_node:/home/hassen/turtlebot3_ws/install/turtlebot3_navigation2:/home/hassen/turtlebot3_ws/install/turtlebot3_fake_node:/home/hassen/turtlebot3_ws/install/turtlebot3_msgs:/home/hassen/turtlebot3_ws/install/turtlebot3_gazebo:/home/hassen/turtlebot3_ws/install/turtlebot3_description:/home/hassen/turtlebot3_ws/install/turtlebot3_cartographer:/home/hassen/turtlebot3_ws/install/tb3_autonomy:/home/hassen/turtlebot3_ws/install/hls_lfcd_lds_driver:/home/hassen/turtlebot3_ws/install/dynamixel_sdk_examples:/home/hassen/turtlebot3_ws/install/turtlebot3_teleop:/home/hassen/turtlebot3_ws/install/turtlebot3_example:/home/hassen/turtlebot3_ws/install/tb3_sim:/opt/ros/humble LD_LIBRARY_PATH=/home/hassen/turtlebot3_ws/install/dynamixel_sdk_custom_interfaces/lib:/home/hassen/turtlebot3_ws/install/dynamixel_sdk/lib:/home/hassen/turtlebot3_ws/install/turtlebot3_msgs/lib:/usr/lib/x86_64-linux-gnu/gazebo-11/plugins:/opt/ros/humble/opt/rviz_ogre_vendor/lib:/opt/ros/humble/lib/x86_64-linux-gnu:/opt/ros/humble/lib:/usr/share/gazebo/../../lib/x86_64-linux-gnu/gazebo-11/plugins /usr/bin/cmake --build /home/hassen/turtlebot3_ws/build/dynamixel_sdk_examples -- -j12 -l12
[0.719s] [35m[1mConsolidate compiler generated dependencies of target read_write_node[0m
[0.739s] [100%] Built target read_write_node
[0.750s] Invoked command in '/home/hassen/turtlebot3_ws/build/dynamixel_sdk_examples' returned '0': CMAKE_PREFIX_PATH=/home/hassen/turtlebot3_ws/install/dynamixel_sdk_custom_interfaces:/home/hassen/turtlebot3_ws/install/dynamixel_sdk:/home/hassen/turtlebot3_ws/install/turtlebot3:/home/hassen/turtlebot3_ws/install/turtlebot3_simulations:/home/hassen/turtlebot3_ws/install/turtlebot3_bringup:/home/hassen/turtlebot3_ws/install/turtlebot3_node:/home/hassen/turtlebot3_ws/install/turtlebot3_navigation2:/home/hassen/turtlebot3_ws/install/turtlebot3_fake_node:/home/hassen/turtlebot3_ws/install/turtlebot3_msgs:/home/hassen/turtlebot3_ws/install/turtlebot3_gazebo:/home/hassen/turtlebot3_ws/install/turtlebot3_description:/home/hassen/turtlebot3_ws/install/turtlebot3_cartographer:/home/hassen/turtlebot3_ws/install/tb3_autonomy:/home/hassen/turtlebot3_ws/install/hls_lfcd_lds_driver:/home/hassen/turtlebot3_ws/install/dynamixel_sdk_examples:/home/hassen/turtlebot3_ws/install/turtlebot3_teleop:/home/hassen/turtlebot3_ws/install/turtlebot3_example:/home/hassen/turtlebot3_ws/install/tb3_sim:/opt/ros/humble LD_LIBRARY_PATH=/home/hassen/turtlebot3_ws/install/dynamixel_sdk_custom_interfaces/lib:/home/hassen/turtlebot3_ws/install/dynamixel_sdk/lib:/home/hassen/turtlebot3_ws/install/turtlebot3_msgs/lib:/usr/lib/x86_64-linux-gnu/gazebo-11/plugins:/opt/ros/humble/opt/rviz_ogre_vendor/lib:/opt/ros/humble/lib/x86_64-linux-gnu:/opt/ros/humble/lib:/usr/share/gazebo/../../lib/x86_64-linux-gnu/gazebo-11/plugins /usr/bin/cmake --build /home/hassen/turtlebot3_ws/build/dynamixel_sdk_examples -- -j12 -l12
[0.779s] Invoking command in '/home/hassen/turtlebot3_ws/build/dynamixel_sdk_examples': CMAKE_PREFIX_PATH=/home/hassen/turtlebot3_ws/install/dynamixel_sdk_custom_interfaces:/home/hassen/turtlebot3_ws/install/dynamixel_sdk:/home/hassen/turtlebot3_ws/install/turtlebot3:/home/hassen/turtlebot3_ws/install/turtlebot3_simulations:/home/hassen/turtlebot3_ws/install/turtlebot3_bringup:/home/hassen/turtlebot3_ws/install/turtlebot3_node:/home/hassen/turtlebot3_ws/install/turtlebot3_navigation2:/home/hassen/turtlebot3_ws/install/turtlebot3_fake_node:/home/hassen/turtlebot3_ws/install/turtlebot3_msgs:/home/hassen/turtlebot3_ws/install/turtlebot3_gazebo:/home/hassen/turtlebot3_ws/install/turtlebot3_description:/home/hassen/turtlebot3_ws/install/turtlebot3_cartographer:/home/hassen/turtlebot3_ws/install/tb3_autonomy:/home/hassen/turtlebot3_ws/install/hls_lfcd_lds_driver:/home/hassen/turtlebot3_ws/install/dynamixel_sdk_examples:/home/hassen/turtlebot3_ws/install/turtlebot3_teleop:/home/hassen/turtlebot3_ws/install/turtlebot3_example:/home/hassen/turtlebot3_ws/install/tb3_sim:/opt/ros/humble LD_LIBRARY_PATH=/home/hassen/turtlebot3_ws/install/dynamixel_sdk_custom_interfaces/lib:/home/hassen/turtlebot3_ws/install/dynamixel_sdk/lib:/home/hassen/turtlebot3_ws/install/turtlebot3_msgs/lib:/usr/lib/x86_64-linux-gnu/gazebo-11/plugins:/opt/ros/humble/opt/rviz_ogre_vendor/lib:/opt/ros/humble/lib/x86_64-linux-gnu:/opt/ros/humble/lib:/usr/share/gazebo/../../lib/x86_64-linux-gnu/gazebo-11/plugins /usr/bin/cmake --install /home/hassen/turtlebot3_ws/build/dynamixel_sdk_examples
[0.787s] -- Install configuration: ""
[0.787s] -- Execute custom install script
[0.787s] -- Up-to-date symlink: /home/hassen/turtlebot3_ws/install/dynamixel_sdk_examples/lib/dynamixel_sdk_examples/read_write_node
[0.788s] -- Up-to-date symlink: /home/hassen/turtlebot3_ws/install/dynamixel_sdk_examples/share/ament_index/resource_index/package_run_dependencies/dynamixel_sdk_examples
[0.788s] -- Up-to-date symlink: /home/hassen/turtlebot3_ws/install/dynamixel_sdk_examples/share/ament_index/resource_index/parent_prefix_path/dynamixel_sdk_examples
[0.788s] -- Up-to-date symlink: /home/hassen/turtlebot3_ws/install/dynamixel_sdk_examples/share/dynamixel_sdk_examples/environment/ament_prefix_path.sh
[0.788s] -- Up-to-date symlink: /home/hassen/turtlebot3_ws/install/dynamixel_sdk_examples/share/dynamixel_sdk_examples/environment/ament_prefix_path.dsv
[0.789s] -- Up-to-date symlink: /home/hassen/turtlebot3_ws/install/dynamixel_sdk_examples/share/dynamixel_sdk_examples/environment/path.sh
[0.789s] -- Up-to-date symlink: /home/hassen/turtlebot3_ws/install/dynamixel_sdk_examples/share/dynamixel_sdk_examples/environment/path.dsv
[0.789s] -- Up-to-date symlink: /home/hassen/turtlebot3_ws/install/dynamixel_sdk_examples/share/dynamixel_sdk_examples/local_setup.bash
[0.789s] -- Up-to-date symlink: /home/hassen/turtlebot3_ws/install/dynamixel_sdk_examples/share/dynamixel_sdk_examples/local_setup.sh
[0.790s] -- Up-to-date symlink: /home/hassen/turtlebot3_ws/install/dynamixel_sdk_examples/share/dynamixel_sdk_examples/local_setup.zsh
[0.790s] -- Up-to-date symlink: /home/hassen/turtlebot3_ws/install/dynamixel_sdk_examples/share/dynamixel_sdk_examples/local_setup.dsv
[0.790s] -- Symlinking: /home/hassen/turtlebot3_ws/install/dynamixel_sdk_examples/share/dynamixel_sdk_examples/package.dsv
[0.800s] -- Up-to-date symlink: /home/hassen/turtlebot3_ws/install/dynamixel_sdk_examples/share/ament_index/resource_index/packages/dynamixel_sdk_examples
[0.800s] -- Up-to-date symlink: /home/hassen/turtlebot3_ws/install/dynamixel_sdk_examples/share/dynamixel_sdk_examples/cmake/dynamixel_sdk_examplesConfig.cmake
[0.801s] -- Up-to-date symlink: /home/hassen/turtlebot3_ws/install/dynamixel_sdk_examples/share/dynamixel_sdk_examples/cmake/dynamixel_sdk_examplesConfig-version.cmake
[0.801s] -- Up-to-date symlink: /home/hassen/turtlebot3_ws/install/dynamixel_sdk_examples/share/dynamixel_sdk_examples/package.xml
[0.803s] Invoked command in '/home/hassen/turtlebot3_ws/build/dynamixel_sdk_examples' returned '0': CMAKE_PREFIX_PATH=/home/hassen/turtlebot3_ws/install/dynamixel_sdk_custom_interfaces:/home/hassen/turtlebot3_ws/install/dynamixel_sdk:/home/hassen/turtlebot3_ws/install/turtlebot3:/home/hassen/turtlebot3_ws/install/turtlebot3_simulations:/home/hassen/turtlebot3_ws/install/turtlebot3_bringup:/home/hassen/turtlebot3_ws/install/turtlebot3_node:/home/hassen/turtlebot3_ws/install/turtlebot3_navigation2:/home/hassen/turtlebot3_ws/install/turtlebot3_fake_node:/home/hassen/turtlebot3_ws/install/turtlebot3_msgs:/home/hassen/turtlebot3_ws/install/turtlebot3_gazebo:/home/hassen/turtlebot3_ws/install/turtlebot3_description:/home/hassen/turtlebot3_ws/install/turtlebot3_cartographer:/home/hassen/turtlebot3_ws/install/tb3_autonomy:/home/hassen/turtlebot3_ws/install/hls_lfcd_lds_driver:/home/hassen/turtlebot3_ws/install/dynamixel_sdk_examples:/home/hassen/turtlebot3_ws/install/turtlebot3_teleop:/home/hassen/turtlebot3_ws/install/turtlebot3_example:/home/hassen/turtlebot3_ws/install/tb3_sim:/opt/ros/humble LD_LIBRARY_PATH=/home/hassen/turtlebot3_ws/install/dynamixel_sdk_custom_interfaces/lib:/home/hassen/turtlebot3_ws/install/dynamixel_sdk/lib:/home/hassen/turtlebot3_ws/install/turtlebot3_msgs/lib:/usr/lib/x86_64-linux-gnu/gazebo-11/plugins:/opt/ros/humble/opt/rviz_ogre_vendor/lib:/opt/ros/humble/lib/x86_64-linux-gnu:/opt/ros/humble/lib:/usr/share/gazebo/../../lib/x86_64-linux-gnu/gazebo-11/plugins /usr/bin/cmake --install /home/hassen/turtlebot3_ws/build/dynamixel_sdk_examples
