[0.059s] Invoking command in '/home/hassen/turtlebot3_ws/build/turtlebot3_msgs': CMAKE_PREFIX_PATH=${CMAKE_PREFIX_PATH}:/home/hassen/turtlebot3_ws/install/turtlebot3_teleop:/home/hassen/turtlebot3_ws/install/turtlebot3_example:/home/hassen/turtlebot3_ws/install/tb3_sim:/opt/ros/humble /usr/bin/cmake --build /home/hassen/turtlebot3_ws/build/turtlebot3_msgs -- -j12 -l12
[0.770s] [ 11%] Built target turtlebot3_msgs__rosidl_generator_c
[0.770s] [ 12%] Built target turtlebot3_msgs__cpp
[0.771s] [ 12%] Built target ament_cmake_python_symlink_turtlebot3_msgs
[0.772s] [ 25%] Built target turtlebot3_msgs__rosidl_typesupport_introspection_c
[0.772s] [ 35%] Built target turtlebot3_msgs__rosidl_typesupport_c
[0.773s] [ 46%] Built target turtlebot3_msgs__rosidl_typesupport_fastrtps_c
[0.773s] [ 57%] Built target turtlebot3_msgs__rosidl_typesupport_introspection_cpp
[0.773s] [ 80%] Built target turtlebot3_msgs__rosidl_typesupport_cpp
[0.774s] [ 80%] Built target turtlebot3_msgs__rosidl_typesupport_fastrtps_cpp
[0.774s] [ 80%] Built target turtlebot3_msgs
[0.774s] [ 81%] Built target turtlebot3_msgs__py
[0.774s] [ 91%] Built target turtlebot3_msgs__rosidl_generator_py
[0.774s] [100%] Built target turtlebot3_msgs__rosidl_typesupport_fastrtps_c__pyext
[0.776s] [100%] Built target turtlebot3_msgs__rosidl_typesupport_c__pyext
[0.777s] [100%] Built target turtlebot3_msgs__rosidl_typesupport_introspection_c__pyext
[0.778s] running egg_info
[0.778s] writing turtlebot3_msgs.egg-info/PKG-INFO
[0.779s] writing dependency_links to turtlebot3_msgs.egg-info/dependency_links.txt
[0.779s] writing top-level names to turtlebot3_msgs.egg-info/top_level.txt
[0.779s] reading manifest file 'turtlebot3_msgs.egg-info/SOURCES.txt'
[0.780s] writing manifest file 'turtlebot3_msgs.egg-info/SOURCES.txt'
[0.780s] [100%] Built target ament_cmake_python_build_turtlebot3_msgs_egg
[0.792s] Invoked command in '/home/hassen/turtlebot3_ws/build/turtlebot3_msgs' returned '0': CMAKE_PREFIX_PATH=${CMAKE_PREFIX_PATH}:/home/hassen/turtlebot3_ws/install/turtlebot3_teleop:/home/hassen/turtlebot3_ws/install/turtlebot3_example:/home/hassen/turtlebot3_ws/install/tb3_sim:/opt/ros/humble /usr/bin/cmake --build /home/hassen/turtlebot3_ws/build/turtlebot3_msgs -- -j12 -l12
[2.509s] Invoking command in '/home/hassen/turtlebot3_ws/build/turtlebot3_msgs': CMAKE_PREFIX_PATH=${CMAKE_PREFIX_PATH}:/home/hassen/turtlebot3_ws/install/turtlebot3_teleop:/home/hassen/turtlebot3_ws/install/turtlebot3_example:/home/hassen/turtlebot3_ws/install/tb3_sim:/opt/ros/humble /usr/bin/cmake --install /home/hassen/turtlebot3_ws/build/turtlebot3_msgs
[3.227s] -- Install configuration: ""
[3.228s] -- Execute custom install script
[3.229s] -- Up-to-date symlink: /home/hassen/turtlebot3_ws/install/turtlebot3_msgs/share/ament_index/resource_index/rosidl_interfaces/turtlebot3_msgs
[3.230s] -- Up-to-date symlink: /home/hassen/turtlebot3_ws/install/turtlebot3_msgs/include/turtlebot3_msgs/turtlebot3_msgs/action/detail/patrol__functions.h
[3.231s] -- Up-to-date symlink: /home/hassen/turtlebot3_ws/install/turtlebot3_msgs/include/turtlebot3_msgs/turtlebot3_msgs/action/detail/patrol__struct.h
[3.231s] -- Up-to-date symlink: /home/hassen/turtlebot3_ws/install/turtlebot3_msgs/include/turtlebot3_msgs/turtlebot3_msgs/action/detail/patrol__type_support.h
[3.231s] -- Up-to-date symlink: /home/hassen/turtlebot3_ws/install/turtlebot3_msgs/include/turtlebot3_msgs/turtlebot3_msgs/action/patrol.h
[3.231s] -- Up-to-date symlink: /home/hassen/turtlebot3_ws/install/turtlebot3_msgs/include/turtlebot3_msgs/turtlebot3_msgs/msg/detail/sensor_state__functions.h
[3.231s] -- Up-to-date symlink: /home/hassen/turtlebot3_ws/install/turtlebot3_msgs/include/turtlebot3_msgs/turtlebot3_msgs/msg/detail/sensor_state__struct.h
[3.232s] -- Up-to-date symlink: /home/hassen/turtlebot3_ws/install/turtlebot3_msgs/include/turtlebot3_msgs/turtlebot3_msgs/msg/detail/sensor_state__type_support.h
[3.232s] -- Up-to-date symlink: /home/hassen/turtlebot3_ws/install/turtlebot3_msgs/include/turtlebot3_msgs/turtlebot3_msgs/msg/detail/sound__functions.h
[3.232s] -- Up-to-date symlink: /home/hassen/turtlebot3_ws/install/turtlebot3_msgs/include/turtlebot3_msgs/turtlebot3_msgs/msg/detail/sound__struct.h
[3.232s] -- Up-to-date symlink: /home/hassen/turtlebot3_ws/install/turtlebot3_msgs/include/turtlebot3_msgs/turtlebot3_msgs/msg/detail/sound__type_support.h
[3.232s] -- Up-to-date symlink: /home/hassen/turtlebot3_ws/install/turtlebot3_msgs/include/turtlebot3_msgs/turtlebot3_msgs/msg/detail/version_info__functions.h
[3.233s] -- Up-to-date symlink: /home/hassen/turtlebot3_ws/install/turtlebot3_msgs/include/turtlebot3_msgs/turtlebot3_msgs/msg/detail/version_info__struct.h
[3.233s] -- Up-to-date symlink: /home/hassen/turtlebot3_ws/install/turtlebot3_msgs/include/turtlebot3_msgs/turtlebot3_msgs/msg/detail/version_info__type_support.h
[3.233s] -- Up-to-date symlink: /home/hassen/turtlebot3_ws/install/turtlebot3_msgs/include/turtlebot3_msgs/turtlebot3_msgs/msg/rosidl_generator_c__visibility_control.h
[3.233s] -- Up-to-date symlink: /home/hassen/turtlebot3_ws/install/turtlebot3_msgs/include/turtlebot3_msgs/turtlebot3_msgs/msg/sensor_state.h
[3.233s] -- Up-to-date symlink: /home/hassen/turtlebot3_ws/install/turtlebot3_msgs/include/turtlebot3_msgs/turtlebot3_msgs/msg/sound.h
[3.234s] -- Up-to-date symlink: /home/hassen/turtlebot3_ws/install/turtlebot3_msgs/include/turtlebot3_msgs/turtlebot3_msgs/msg/version_info.h
[3.234s] -- Up-to-date symlink: /home/hassen/turtlebot3_ws/install/turtlebot3_msgs/include/turtlebot3_msgs/turtlebot3_msgs/srv/detail/dqn__functions.h
[3.234s] -- Up-to-date symlink: /home/hassen/turtlebot3_ws/install/turtlebot3_msgs/include/turtlebot3_msgs/turtlebot3_msgs/srv/detail/dqn__struct.h
[3.234s] -- Up-to-date symlink: /home/hassen/turtlebot3_ws/install/turtlebot3_msgs/include/turtlebot3_msgs/turtlebot3_msgs/srv/detail/dqn__type_support.h
[3.235s] -- Up-to-date symlink: /home/hassen/turtlebot3_ws/install/turtlebot3_msgs/include/turtlebot3_msgs/turtlebot3_msgs/srv/detail/sound__functions.h
[3.235s] -- Up-to-date symlink: /home/hassen/turtlebot3_ws/install/turtlebot3_msgs/include/turtlebot3_msgs/turtlebot3_msgs/srv/detail/sound__struct.h
[3.235s] -- Up-to-date symlink: /home/hassen/turtlebot3_ws/install/turtlebot3_msgs/include/turtlebot3_msgs/turtlebot3_msgs/srv/detail/sound__type_support.h
[3.235s] -- Up-to-date symlink: /home/hassen/turtlebot3_ws/install/turtlebot3_msgs/include/turtlebot3_msgs/turtlebot3_msgs/srv/dqn.h
[3.235s] -- Up-to-date symlink: /home/hassen/turtlebot3_ws/install/turtlebot3_msgs/include/turtlebot3_msgs/turtlebot3_msgs/srv/sound.h
[3.236s] -- Up-to-date symlink: /home/hassen/turtlebot3_ws/install/turtlebot3_msgs/share/turtlebot3_msgs/environment/library_path.sh
[3.236s] -- Up-to-date symlink: /home/hassen/turtlebot3_ws/install/turtlebot3_msgs/share/turtlebot3_msgs/environment/library_path.dsv
[3.236s] -- Up-to-date symlink: /home/hassen/turtlebot3_ws/install/turtlebot3_msgs/include/turtlebot3_msgs/turtlebot3_msgs/action/detail/patrol__rosidl_typesupport_fastrtps_c.h
[3.236s] -- Up-to-date symlink: /home/hassen/turtlebot3_ws/install/turtlebot3_msgs/include/turtlebot3_msgs/turtlebot3_msgs/msg/detail/sensor_state__rosidl_typesupport_fastrtps_c.h
[3.237s] -- Up-to-date symlink: /home/hassen/turtlebot3_ws/install/turtlebot3_msgs/include/turtlebot3_msgs/turtlebot3_msgs/msg/detail/sound__rosidl_typesupport_fastrtps_c.h
[3.237s] -- Up-to-date symlink: /home/hassen/turtlebot3_ws/install/turtlebot3_msgs/include/turtlebot3_msgs/turtlebot3_msgs/msg/detail/version_info__rosidl_typesupport_fastrtps_c.h
[3.238s] -- Up-to-date symlink: /home/hassen/turtlebot3_ws/install/turtlebot3_msgs/include/turtlebot3_msgs/turtlebot3_msgs/msg/rosidl_typesupport_fastrtps_c__visibility_control.h
[3.238s] -- Up-to-date symlink: /home/hassen/turtlebot3_ws/install/turtlebot3_msgs/include/turtlebot3_msgs/turtlebot3_msgs/srv/detail/dqn__rosidl_typesupport_fastrtps_c.h
[3.238s] -- Up-to-date symlink: /home/hassen/turtlebot3_ws/install/turtlebot3_msgs/include/turtlebot3_msgs/turtlebot3_msgs/srv/detail/sound__rosidl_typesupport_fastrtps_c.h
[3.238s] -- Up-to-date symlink: /home/hassen/turtlebot3_ws/install/turtlebot3_msgs/include/turtlebot3_msgs/turtlebot3_msgs/action/detail/patrol__builder.hpp
[3.239s] -- Up-to-date symlink: /home/hassen/turtlebot3_ws/install/turtlebot3_msgs/include/turtlebot3_msgs/turtlebot3_msgs/action/detail/patrol__struct.hpp
[3.239s] -- Up-to-date symlink: /home/hassen/turtlebot3_ws/install/turtlebot3_msgs/include/turtlebot3_msgs/turtlebot3_msgs/action/detail/patrol__traits.hpp
[3.239s] -- Up-to-date symlink: /home/hassen/turtlebot3_ws/install/turtlebot3_msgs/include/turtlebot3_msgs/turtlebot3_msgs/action/patrol.hpp
[3.239s] -- Up-to-date symlink: /home/hassen/turtlebot3_ws/install/turtlebot3_msgs/include/turtlebot3_msgs/turtlebot3_msgs/msg/detail/sensor_state__builder.hpp
[3.239s] -- Up-to-date symlink: /home/hassen/turtlebot3_ws/install/turtlebot3_msgs/include/turtlebot3_msgs/turtlebot3_msgs/msg/detail/sensor_state__struct.hpp
[3.240s] -- Up-to-date symlink: /home/hassen/turtlebot3_ws/install/turtlebot3_msgs/include/turtlebot3_msgs/turtlebot3_msgs/msg/detail/sensor_state__traits.hpp
[3.240s] -- Up-to-date symlink: /home/hassen/turtlebot3_ws/install/turtlebot3_msgs/include/turtlebot3_msgs/turtlebot3_msgs/msg/detail/sound__builder.hpp
[3.240s] -- Up-to-date symlink: /home/hassen/turtlebot3_ws/install/turtlebot3_msgs/include/turtlebot3_msgs/turtlebot3_msgs/msg/detail/sound__struct.hpp
[3.240s] -- Up-to-date symlink: /home/hassen/turtlebot3_ws/install/turtlebot3_msgs/include/turtlebot3_msgs/turtlebot3_msgs/msg/detail/sound__traits.hpp
[3.241s] -- Up-to-date symlink: /home/hassen/turtlebot3_ws/install/turtlebot3_msgs/include/turtlebot3_msgs/turtlebot3_msgs/msg/detail/version_info__builder.hpp
[3.241s] -- Up-to-date symlink: /home/hassen/turtlebot3_ws/install/turtlebot3_msgs/include/turtlebot3_msgs/turtlebot3_msgs/msg/detail/version_info__struct.hpp
[3.241s] -- Up-to-date symlink: /home/hassen/turtlebot3_ws/install/turtlebot3_msgs/include/turtlebot3_msgs/turtlebot3_msgs/msg/detail/version_info__traits.hpp
[3.241s] -- Up-to-date symlink: /home/hassen/turtlebot3_ws/install/turtlebot3_msgs/include/turtlebot3_msgs/turtlebot3_msgs/msg/sensor_state.hpp
[3.241s] -- Up-to-date symlink: /home/hassen/turtlebot3_ws/install/turtlebot3_msgs/include/turtlebot3_msgs/turtlebot3_msgs/msg/sound.hpp
[3.241s] -- Up-to-date symlink: /home/hassen/turtlebot3_ws/install/turtlebot3_msgs/include/turtlebot3_msgs/turtlebot3_msgs/msg/version_info.hpp
[3.242s] -- Up-to-date symlink: /home/hassen/turtlebot3_ws/install/turtlebot3_msgs/include/turtlebot3_msgs/turtlebot3_msgs/srv/detail/dqn__builder.hpp
[3.242s] -- Up-to-date symlink: /home/hassen/turtlebot3_ws/install/turtlebot3_msgs/include/turtlebot3_msgs/turtlebot3_msgs/srv/detail/dqn__struct.hpp
[3.242s] -- Up-to-date symlink: /home/hassen/turtlebot3_ws/install/turtlebot3_msgs/include/turtlebot3_msgs/turtlebot3_msgs/srv/detail/dqn__traits.hpp
[3.242s] -- Up-to-date symlink: /home/hassen/turtlebot3_ws/install/turtlebot3_msgs/include/turtlebot3_msgs/turtlebot3_msgs/srv/detail/sound__builder.hpp
[3.242s] -- Up-to-date symlink: /home/hassen/turtlebot3_ws/install/turtlebot3_msgs/include/turtlebot3_msgs/turtlebot3_msgs/srv/detail/sound__struct.hpp
[3.243s] -- Up-to-date symlink: /home/hassen/turtlebot3_ws/install/turtlebot3_msgs/include/turtlebot3_msgs/turtlebot3_msgs/srv/detail/sound__traits.hpp
[3.243s] -- Up-to-date symlink: /home/hassen/turtlebot3_ws/install/turtlebot3_msgs/include/turtlebot3_msgs/turtlebot3_msgs/srv/dqn.hpp
[3.243s] -- Up-to-date symlink: /home/hassen/turtlebot3_ws/install/turtlebot3_msgs/include/turtlebot3_msgs/turtlebot3_msgs/srv/sound.hpp
[3.243s] -- Up-to-date symlink: /home/hassen/turtlebot3_ws/install/turtlebot3_msgs/include/turtlebot3_msgs/turtlebot3_msgs/action/detail/patrol__rosidl_typesupport_fastrtps_cpp.hpp
[3.243s] -- Up-to-date symlink: /home/hassen/turtlebot3_ws/install/turtlebot3_msgs/include/turtlebot3_msgs/turtlebot3_msgs/msg/detail/sensor_state__rosidl_typesupport_fastrtps_cpp.hpp
[3.244s] -- Up-to-date symlink: /home/hassen/turtlebot3_ws/install/turtlebot3_msgs/include/turtlebot3_msgs/turtlebot3_msgs/msg/detail/sound__rosidl_typesupport_fastrtps_cpp.hpp
[3.244s] -- Up-to-date symlink: /home/hassen/turtlebot3_ws/install/turtlebot3_msgs/include/turtlebot3_msgs/turtlebot3_msgs/msg/detail/version_info__rosidl_typesupport_fastrtps_cpp.hpp
[3.244s] -- Up-to-date symlink: /home/hassen/turtlebot3_ws/install/turtlebot3_msgs/include/turtlebot3_msgs/turtlebot3_msgs/msg/rosidl_typesupport_fastrtps_cpp__visibility_control.h
[3.244s] -- Up-to-date symlink: /home/hassen/turtlebot3_ws/install/turtlebot3_msgs/include/turtlebot3_msgs/turtlebot3_msgs/srv/detail/dqn__rosidl_typesupport_fastrtps_cpp.hpp
[3.244s] -- Up-to-date symlink: /home/hassen/turtlebot3_ws/install/turtlebot3_msgs/include/turtlebot3_msgs/turtlebot3_msgs/srv/detail/sound__rosidl_typesupport_fastrtps_cpp.hpp
[3.245s] -- Up-to-date symlink: /home/hassen/turtlebot3_ws/install/turtlebot3_msgs/include/turtlebot3_msgs/turtlebot3_msgs/action/detail/patrol__rosidl_typesupport_introspection_c.h
[3.245s] -- Up-to-date symlink: /home/hassen/turtlebot3_ws/install/turtlebot3_msgs/include/turtlebot3_msgs/turtlebot3_msgs/msg/detail/sensor_state__rosidl_typesupport_introspection_c.h
[3.245s] -- Up-to-date symlink: /home/hassen/turtlebot3_ws/install/turtlebot3_msgs/include/turtlebot3_msgs/turtlebot3_msgs/msg/detail/sound__rosidl_typesupport_introspection_c.h
[3.245s] -- Up-to-date symlink: /home/hassen/turtlebot3_ws/install/turtlebot3_msgs/include/turtlebot3_msgs/turtlebot3_msgs/msg/detail/version_info__rosidl_typesupport_introspection_c.h
[3.245s] -- Up-to-date symlink: /home/hassen/turtlebot3_ws/install/turtlebot3_msgs/include/turtlebot3_msgs/turtlebot3_msgs/msg/rosidl_typesupport_introspection_c__visibility_control.h
[3.246s] -- Up-to-date symlink: /home/hassen/turtlebot3_ws/install/turtlebot3_msgs/include/turtlebot3_msgs/turtlebot3_msgs/srv/detail/dqn__rosidl_typesupport_introspection_c.h
[3.246s] -- Up-to-date symlink: /home/hassen/turtlebot3_ws/install/turtlebot3_msgs/include/turtlebot3_msgs/turtlebot3_msgs/srv/detail/sound__rosidl_typesupport_introspection_c.h
[3.246s] -- Up-to-date symlink: /home/hassen/turtlebot3_ws/install/turtlebot3_msgs/include/turtlebot3_msgs/turtlebot3_msgs/action/detail/patrol__rosidl_typesupport_introspection_cpp.hpp
[3.246s] -- Up-to-date symlink: /home/hassen/turtlebot3_ws/install/turtlebot3_msgs/include/turtlebot3_msgs/turtlebot3_msgs/msg/detail/sensor_state__rosidl_typesupport_introspection_cpp.hpp
[3.247s] -- Up-to-date symlink: /home/hassen/turtlebot3_ws/install/turtlebot3_msgs/include/turtlebot3_msgs/turtlebot3_msgs/msg/detail/sound__rosidl_typesupport_introspection_cpp.hpp
[3.247s] -- Up-to-date symlink: /home/hassen/turtlebot3_ws/install/turtlebot3_msgs/include/turtlebot3_msgs/turtlebot3_msgs/msg/detail/version_info__rosidl_typesupport_introspection_cpp.hpp
[3.247s] -- Up-to-date symlink: /home/hassen/turtlebot3_ws/install/turtlebot3_msgs/include/turtlebot3_msgs/turtlebot3_msgs/srv/detail/dqn__rosidl_typesupport_introspection_cpp.hpp
[3.248s] -- Up-to-date symlink: /home/hassen/turtlebot3_ws/install/turtlebot3_msgs/include/turtlebot3_msgs/turtlebot3_msgs/srv/detail/sound__rosidl_typesupport_introspection_cpp.hpp
[3.248s] -- Up-to-date symlink: /home/hassen/turtlebot3_ws/install/turtlebot3_msgs/share/turtlebot3_msgs/environment/pythonpath.sh
[3.248s] -- Up-to-date symlink: /home/hassen/turtlebot3_ws/install/turtlebot3_msgs/share/turtlebot3_msgs/environment/pythonpath.dsv
[3.250s] -- Up-to-date symlink: /home/hassen/turtlebot3_ws/install/turtlebot3_msgs/local/lib/python3.10/dist-packages/turtlebot3_msgs-2.2.3-py3.10.egg-info/PKG-INFO
[3.250s] -- Up-to-date symlink: /home/hassen/turtlebot3_ws/install/turtlebot3_msgs/local/lib/python3.10/dist-packages/turtlebot3_msgs-2.2.3-py3.10.egg-info/SOURCES.txt
[3.250s] -- Up-to-date symlink: /home/hassen/turtlebot3_ws/install/turtlebot3_msgs/local/lib/python3.10/dist-packages/turtlebot3_msgs-2.2.3-py3.10.egg-info/dependency_links.txt
[3.251s] -- Up-to-date symlink: /home/hassen/turtlebot3_ws/install/turtlebot3_msgs/local/lib/python3.10/dist-packages/turtlebot3_msgs-2.2.3-py3.10.egg-info/top_level.txt
[3.251s] -- Up-to-date symlink: /home/hassen/turtlebot3_ws/install/turtlebot3_msgs/local/lib/python3.10/dist-packages/turtlebot3_msgs/__init__.py
[3.251s] -- Up-to-date symlink: /home/hassen/turtlebot3_ws/install/turtlebot3_msgs/local/lib/python3.10/dist-packages/turtlebot3_msgs/_turtlebot3_msgs_s.ep.rosidl_typesupport_c.c
[3.251s] -- Up-to-date symlink: /home/hassen/turtlebot3_ws/install/turtlebot3_msgs/local/lib/python3.10/dist-packages/turtlebot3_msgs/_turtlebot3_msgs_s.ep.rosidl_typesupport_fastrtps_c.c
[3.251s] -- Up-to-date symlink: /home/hassen/turtlebot3_ws/install/turtlebot3_msgs/local/lib/python3.10/dist-packages/turtlebot3_msgs/_turtlebot3_msgs_s.ep.rosidl_typesupport_introspection_c.c
[3.252s] -- Up-to-date symlink: /home/hassen/turtlebot3_ws/install/turtlebot3_msgs/local/lib/python3.10/dist-packages/turtlebot3_msgs/action/__init__.py
[3.252s] -- Up-to-date symlink: /home/hassen/turtlebot3_ws/install/turtlebot3_msgs/local/lib/python3.10/dist-packages/turtlebot3_msgs/action/_patrol.py
[3.252s] -- Up-to-date symlink: /home/hassen/turtlebot3_ws/install/turtlebot3_msgs/local/lib/python3.10/dist-packages/turtlebot3_msgs/action/_patrol_s.c
[3.253s] -- Up-to-date symlink: /home/hassen/turtlebot3_ws/install/turtlebot3_msgs/local/lib/python3.10/dist-packages/turtlebot3_msgs/libturtlebot3_msgs__rosidl_generator_py.so
[3.253s] -- Up-to-date symlink: /home/hassen/turtlebot3_ws/install/turtlebot3_msgs/local/lib/python3.10/dist-packages/turtlebot3_msgs/msg/__init__.py
[3.253s] -- Up-to-date symlink: /home/hassen/turtlebot3_ws/install/turtlebot3_msgs/local/lib/python3.10/dist-packages/turtlebot3_msgs/msg/_sensor_state.py
[3.253s] -- Up-to-date symlink: /home/hassen/turtlebot3_ws/install/turtlebot3_msgs/local/lib/python3.10/dist-packages/turtlebot3_msgs/msg/_sensor_state_s.c
[3.254s] -- Up-to-date symlink: /home/hassen/turtlebot3_ws/install/turtlebot3_msgs/local/lib/python3.10/dist-packages/turtlebot3_msgs/msg/_sound.py
[3.254s] -- Up-to-date symlink: /home/hassen/turtlebot3_ws/install/turtlebot3_msgs/local/lib/python3.10/dist-packages/turtlebot3_msgs/msg/_sound_s.c
[3.254s] -- Up-to-date symlink: /home/hassen/turtlebot3_ws/install/turtlebot3_msgs/local/lib/python3.10/dist-packages/turtlebot3_msgs/msg/_version_info.py
[3.255s] -- Up-to-date symlink: /home/hassen/turtlebot3_ws/install/turtlebot3_msgs/local/lib/python3.10/dist-packages/turtlebot3_msgs/msg/_version_info_s.c
[3.255s] -- Up-to-date symlink: /home/hassen/turtlebot3_ws/install/turtlebot3_msgs/local/lib/python3.10/dist-packages/turtlebot3_msgs/srv/__init__.py
[3.256s] -- Up-to-date symlink: /home/hassen/turtlebot3_ws/install/turtlebot3_msgs/local/lib/python3.10/dist-packages/turtlebot3_msgs/srv/_dqn.py
[3.256s] -- Up-to-date symlink: /home/hassen/turtlebot3_ws/install/turtlebot3_msgs/local/lib/python3.10/dist-packages/turtlebot3_msgs/srv/_dqn_s.c
[3.256s] -- Up-to-date symlink: /home/hassen/turtlebot3_ws/install/turtlebot3_msgs/local/lib/python3.10/dist-packages/turtlebot3_msgs/srv/_sound.py
[3.257s] -- Up-to-date symlink: /home/hassen/turtlebot3_ws/install/turtlebot3_msgs/local/lib/python3.10/dist-packages/turtlebot3_msgs/srv/_sound_s.c
[3.257s] -- Up-to-date symlink: /home/hassen/turtlebot3_ws/install/turtlebot3_msgs/local/lib/python3.10/dist-packages/turtlebot3_msgs/turtlebot3_msgs_s__rosidl_typesupport_c.cpython-310-x86_64-linux-gnu.so
[3.257s] -- Up-to-date symlink: /home/hassen/turtlebot3_ws/install/turtlebot3_msgs/local/lib/python3.10/dist-packages/turtlebot3_msgs/turtlebot3_msgs_s__rosidl_typesupport_fastrtps_c.cpython-310-x86_64-linux-gnu.so
[3.257s] -- Up-to-date symlink: /home/hassen/turtlebot3_ws/install/turtlebot3_msgs/local/lib/python3.10/dist-packages/turtlebot3_msgs/turtlebot3_msgs_s__rosidl_typesupport_introspection_c.cpython-310-x86_64-linux-gnu.so
[3.257s] -- Up-to-date symlink: /home/hassen/turtlebot3_ws/install/turtlebot3_msgs/local/lib/python3.10/dist-packages/turtlebot3_msgs/turtlebot3_msgs_s__rosidl_typesupport_fastrtps_c.cpython-310-x86_64-linux-gnu.so
[3.257s] -- Up-to-date symlink: /home/hassen/turtlebot3_ws/install/turtlebot3_msgs/local/lib/python3.10/dist-packages/turtlebot3_msgs/turtlebot3_msgs_s__rosidl_typesupport_introspection_c.cpython-310-x86_64-linux-gnu.so
[3.258s] -- Up-to-date symlink: /home/hassen/turtlebot3_ws/install/turtlebot3_msgs/local/lib/python3.10/dist-packages/turtlebot3_msgs/turtlebot3_msgs_s__rosidl_typesupport_c.cpython-310-x86_64-linux-gnu.so
[3.258s] -- Up-to-date symlink: /home/hassen/turtlebot3_ws/install/turtlebot3_msgs/share/turtlebot3_msgs/msg/SensorState.idl
[3.258s] -- Up-to-date symlink: /home/hassen/turtlebot3_ws/install/turtlebot3_msgs/share/turtlebot3_msgs/msg/Sound.idl
[3.258s] -- Up-to-date symlink: /home/hassen/turtlebot3_ws/install/turtlebot3_msgs/share/turtlebot3_msgs/msg/VersionInfo.idl
[3.258s] -- Up-to-date symlink: /home/hassen/turtlebot3_ws/install/turtlebot3_msgs/share/turtlebot3_msgs/srv/Sound.idl
[3.258s] -- Up-to-date symlink: /home/hassen/turtlebot3_ws/install/turtlebot3_msgs/share/turtlebot3_msgs/srv/Dqn.idl
[3.258s] -- Up-to-date symlink: /home/hassen/turtlebot3_ws/install/turtlebot3_msgs/share/turtlebot3_msgs/action/Patrol.idl
[3.258s] -- Up-to-date symlink: /home/hassen/turtlebot3_ws/install/turtlebot3_msgs/share/turtlebot3_msgs/msg/SensorState.msg
[3.258s] -- Up-to-date symlink: /home/hassen/turtlebot3_ws/install/turtlebot3_msgs/share/turtlebot3_msgs/msg/Sound.msg
[3.258s] -- Up-to-date symlink: /home/hassen/turtlebot3_ws/install/turtlebot3_msgs/share/turtlebot3_msgs/msg/VersionInfo.msg
[3.258s] -- Up-to-date symlink: /home/hassen/turtlebot3_ws/install/turtlebot3_msgs/share/turtlebot3_msgs/srv/Sound.srv
[3.258s] -- Up-to-date symlink: /home/hassen/turtlebot3_ws/install/turtlebot3_msgs/share/turtlebot3_msgs/srv/Sound_Request.msg
[3.259s] -- Up-to-date symlink: /home/hassen/turtlebot3_ws/install/turtlebot3_msgs/share/turtlebot3_msgs/srv/Sound_Response.msg
[3.259s] -- Up-to-date symlink: /home/hassen/turtlebot3_ws/install/turtlebot3_msgs/share/turtlebot3_msgs/srv/Dqn.srv
[3.259s] -- Up-to-date symlink: /home/hassen/turtlebot3_ws/install/turtlebot3_msgs/share/turtlebot3_msgs/srv/Dqn_Request.msg
[3.259s] -- Up-to-date symlink: /home/hassen/turtlebot3_ws/install/turtlebot3_msgs/share/turtlebot3_msgs/srv/Dqn_Response.msg
[3.259s] -- Up-to-date symlink: /home/hassen/turtlebot3_ws/install/turtlebot3_msgs/share/turtlebot3_msgs/action/Patrol.action
[3.259s] -- Up-to-date symlink: /home/hassen/turtlebot3_ws/install/turtlebot3_msgs/share/ament_index/resource_index/package_run_dependencies/turtlebot3_msgs
[3.259s] -- Up-to-date symlink: /home/hassen/turtlebot3_ws/install/turtlebot3_msgs/share/ament_index/resource_index/parent_prefix_path/turtlebot3_msgs
[3.259s] -- Up-to-date symlink: /home/hassen/turtlebot3_ws/install/turtlebot3_msgs/share/turtlebot3_msgs/environment/ament_prefix_path.sh
[3.259s] -- Up-to-date symlink: /home/hassen/turtlebot3_ws/install/turtlebot3_msgs/share/turtlebot3_msgs/environment/ament_prefix_path.dsv
[3.259s] -- Up-to-date symlink: /home/hassen/turtlebot3_ws/install/turtlebot3_msgs/share/turtlebot3_msgs/environment/path.sh
[3.259s] -- Up-to-date symlink: /home/hassen/turtlebot3_ws/install/turtlebot3_msgs/share/turtlebot3_msgs/environment/path.dsv
[3.259s] -- Up-to-date symlink: /home/hassen/turtlebot3_ws/install/turtlebot3_msgs/share/turtlebot3_msgs/local_setup.bash
[3.260s] -- Up-to-date symlink: /home/hassen/turtlebot3_ws/install/turtlebot3_msgs/share/turtlebot3_msgs/local_setup.sh
[3.260s] -- Up-to-date symlink: /home/hassen/turtlebot3_ws/install/turtlebot3_msgs/share/turtlebot3_msgs/local_setup.zsh
[3.260s] -- Up-to-date symlink: /home/hassen/turtlebot3_ws/install/turtlebot3_msgs/share/turtlebot3_msgs/local_setup.dsv
[3.260s] -- Symlinking: /home/hassen/turtlebot3_ws/install/turtlebot3_msgs/share/turtlebot3_msgs/package.dsv
[3.260s] -- Up-to-date symlink: /home/hassen/turtlebot3_ws/install/turtlebot3_msgs/share/ament_index/resource_index/packages/turtlebot3_msgs
[3.260s] -- Up-to-date symlink: /home/hassen/turtlebot3_ws/install/turtlebot3_msgs/share/turtlebot3_msgs/cmake/rosidl_cmake-extras.cmake
[3.260s] -- Up-to-date symlink: /home/hassen/turtlebot3_ws/install/turtlebot3_msgs/share/turtlebot3_msgs/cmake/ament_cmake_export_dependencies-extras.cmake
[3.260s] -- Up-to-date symlink: /home/hassen/turtlebot3_ws/install/turtlebot3_msgs/share/turtlebot3_msgs/cmake/ament_cmake_export_include_directories-extras.cmake
[3.260s] -- Up-to-date symlink: /home/hassen/turtlebot3_ws/install/turtlebot3_msgs/share/turtlebot3_msgs/cmake/ament_cmake_export_libraries-extras.cmake
[3.261s] -- Up-to-date symlink: /home/hassen/turtlebot3_ws/install/turtlebot3_msgs/share/turtlebot3_msgs/cmake/ament_cmake_export_targets-extras.cmake
[3.261s] -- Up-to-date symlink: /home/hassen/turtlebot3_ws/install/turtlebot3_msgs/share/turtlebot3_msgs/cmake/rosidl_cmake_export_typesupport_targets-extras.cmake
[3.261s] -- Up-to-date symlink: /home/hassen/turtlebot3_ws/install/turtlebot3_msgs/share/turtlebot3_msgs/cmake/rosidl_cmake_export_typesupport_libraries-extras.cmake
[3.261s] -- Up-to-date symlink: /home/hassen/turtlebot3_ws/install/turtlebot3_msgs/share/turtlebot3_msgs/cmake/turtlebot3_msgsConfig.cmake
[3.261s] -- Up-to-date symlink: /home/hassen/turtlebot3_ws/install/turtlebot3_msgs/share/turtlebot3_msgs/cmake/turtlebot3_msgsConfig-version.cmake
[3.261s] -- Up-to-date symlink: /home/hassen/turtlebot3_ws/install/turtlebot3_msgs/share/turtlebot3_msgs/package.xml
[3.261s] -- Up-to-date: /home/hassen/turtlebot3_ws/install/turtlebot3_msgs/lib/libturtlebot3_msgs__rosidl_generator_c.so
[3.261s] -- Up-to-date: /home/hassen/turtlebot3_ws/install/turtlebot3_msgs/lib/libturtlebot3_msgs__rosidl_typesupport_fastrtps_c.so
[3.261s] -- Up-to-date: /home/hassen/turtlebot3_ws/install/turtlebot3_msgs/lib/libturtlebot3_msgs__rosidl_typesupport_fastrtps_cpp.so
[3.261s] -- Up-to-date: /home/hassen/turtlebot3_ws/install/turtlebot3_msgs/lib/libturtlebot3_msgs__rosidl_typesupport_introspection_c.so
[3.261s] -- Up-to-date: /home/hassen/turtlebot3_ws/install/turtlebot3_msgs/lib/libturtlebot3_msgs__rosidl_typesupport_c.so
[3.262s] -- Up-to-date: /home/hassen/turtlebot3_ws/install/turtlebot3_msgs/lib/libturtlebot3_msgs__rosidl_typesupport_introspection_cpp.so
[3.262s] -- Up-to-date: /home/hassen/turtlebot3_ws/install/turtlebot3_msgs/lib/libturtlebot3_msgs__rosidl_typesupport_cpp.so
[3.263s] Listing '/home/hassen/turtlebot3_ws/install/turtlebot3_msgs/local/lib/python3.10/dist-packages/turtlebot3_msgs'...
[3.263s] Listing '/home/hassen/turtlebot3_ws/install/turtlebot3_msgs/local/lib/python3.10/dist-packages/turtlebot3_msgs/action'...
[3.263s] Listing '/home/hassen/turtlebot3_ws/install/turtlebot3_msgs/local/lib/python3.10/dist-packages/turtlebot3_msgs/msg'...
[3.263s] Listing '/home/hassen/turtlebot3_ws/install/turtlebot3_msgs/local/lib/python3.10/dist-packages/turtlebot3_msgs/srv'...
[3.264s] -- Up-to-date: /home/hassen/turtlebot3_ws/install/turtlebot3_msgs/lib/libturtlebot3_msgs__rosidl_generator_py.so
[3.264s] -- Up-to-date: /home/hassen/turtlebot3_ws/install/turtlebot3_msgs/share/turtlebot3_msgs/cmake/export_turtlebot3_msgs__rosidl_generator_cExport.cmake
[3.264s] -- Up-to-date: /home/hassen/turtlebot3_ws/install/turtlebot3_msgs/share/turtlebot3_msgs/cmake/export_turtlebot3_msgs__rosidl_generator_cExport-noconfig.cmake
[3.264s] -- Up-to-date: /home/hassen/turtlebot3_ws/install/turtlebot3_msgs/share/turtlebot3_msgs/cmake/export_turtlebot3_msgs__rosidl_typesupport_fastrtps_cExport.cmake
[3.264s] -- Up-to-date: /home/hassen/turtlebot3_ws/install/turtlebot3_msgs/share/turtlebot3_msgs/cmake/export_turtlebot3_msgs__rosidl_typesupport_fastrtps_cExport-noconfig.cmake
[3.264s] -- Up-to-date: /home/hassen/turtlebot3_ws/install/turtlebot3_msgs/share/turtlebot3_msgs/cmake/export_turtlebot3_msgs__rosidl_generator_cppExport.cmake
[3.264s] -- Up-to-date: /home/hassen/turtlebot3_ws/install/turtlebot3_msgs/share/turtlebot3_msgs/cmake/export_turtlebot3_msgs__rosidl_typesupport_fastrtps_cppExport.cmake
[3.264s] -- Up-to-date: /home/hassen/turtlebot3_ws/install/turtlebot3_msgs/share/turtlebot3_msgs/cmake/export_turtlebot3_msgs__rosidl_typesupport_fastrtps_cppExport-noconfig.cmake
[3.264s] -- Up-to-date: /home/hassen/turtlebot3_ws/install/turtlebot3_msgs/share/turtlebot3_msgs/cmake/turtlebot3_msgs__rosidl_typesupport_introspection_cExport.cmake
[3.264s] -- Up-to-date: /home/hassen/turtlebot3_ws/install/turtlebot3_msgs/share/turtlebot3_msgs/cmake/turtlebot3_msgs__rosidl_typesupport_introspection_cExport-noconfig.cmake
[3.264s] -- Up-to-date: /home/hassen/turtlebot3_ws/install/turtlebot3_msgs/share/turtlebot3_msgs/cmake/turtlebot3_msgs__rosidl_typesupport_cExport.cmake
[3.264s] -- Up-to-date: /home/hassen/turtlebot3_ws/install/turtlebot3_msgs/share/turtlebot3_msgs/cmake/turtlebot3_msgs__rosidl_typesupport_cExport-noconfig.cmake
[3.265s] -- Up-to-date: /home/hassen/turtlebot3_ws/install/turtlebot3_msgs/share/turtlebot3_msgs/cmake/turtlebot3_msgs__rosidl_typesupport_introspection_cppExport.cmake
[3.265s] -- Up-to-date: /home/hassen/turtlebot3_ws/install/turtlebot3_msgs/share/turtlebot3_msgs/cmake/turtlebot3_msgs__rosidl_typesupport_introspection_cppExport-noconfig.cmake
[3.265s] -- Up-to-date: /home/hassen/turtlebot3_ws/install/turtlebot3_msgs/share/turtlebot3_msgs/cmake/turtlebot3_msgs__rosidl_typesupport_cppExport.cmake
[3.265s] -- Up-to-date: /home/hassen/turtlebot3_ws/install/turtlebot3_msgs/share/turtlebot3_msgs/cmake/turtlebot3_msgs__rosidl_typesupport_cppExport-noconfig.cmake
[3.265s] -- Up-to-date: /home/hassen/turtlebot3_ws/install/turtlebot3_msgs/share/turtlebot3_msgs/cmake/export_turtlebot3_msgs__rosidl_generator_pyExport.cmake
[3.265s] -- Up-to-date: /home/hassen/turtlebot3_ws/install/turtlebot3_msgs/share/turtlebot3_msgs/cmake/export_turtlebot3_msgs__rosidl_generator_pyExport-noconfig.cmake
[3.972s] Invoked command in '/home/hassen/turtlebot3_ws/build/turtlebot3_msgs' returned '0': CMAKE_PREFIX_PATH=${CMAKE_PREFIX_PATH}:/home/hassen/turtlebot3_ws/install/turtlebot3_teleop:/home/hassen/turtlebot3_ws/install/turtlebot3_example:/home/hassen/turtlebot3_ws/install/tb3_sim:/opt/ros/humble /usr/bin/cmake --install /home/hassen/turtlebot3_ws/build/turtlebot3_msgs
