[0.057s] Invoking command in '/home/hassen/turtlebot3_ws/build/dynamixel_sdk': CMAKE_PREFIX_PATH=${CMAKE_PREFIX_PATH}:/home/hassen/turtlebot3_ws/install/turtlebot3_teleop:/home/hassen/turtlebot3_ws/install/turtlebot3_example:/home/hassen/turtlebot3_ws/install/tb3_sim:/opt/ros/humble /usr/bin/cmake --build /home/hassen/turtlebot3_ws/build/dynamixel_sdk -- -j12 -l12
[11.574s] [100%] Built target dynamixel_sdk
[11.582s] Invoked command in '/home/hassen/turtlebot3_ws/build/dynamixel_sdk' returned '0': CMAKE_PREFIX_PATH=${CMAKE_PREFIX_PATH}:/home/hassen/turtlebot3_ws/install/turtlebot3_teleop:/home/hassen/turtlebot3_ws/install/turtlebot3_example:/home/hassen/turtlebot3_ws/install/tb3_sim:/opt/ros/humble /usr/bin/cmake --build /home/hassen/turtlebot3_ws/build/dynamixel_sdk -- -j12 -l12
[27.318s] Invoking command in '/home/hassen/turtlebot3_ws/build/dynamixel_sdk': CMAKE_PREFIX_PATH=${CMAKE_PREFIX_PATH}:/home/hassen/turtlebot3_ws/install/turtlebot3_teleop:/home/hassen/turtlebot3_ws/install/turtlebot3_example:/home/hassen/turtlebot3_ws/install/tb3_sim:/opt/ros/humble /usr/bin/cmake --install /home/hassen/turtlebot3_ws/build/dynamixel_sdk
[27.357s] -- Install configuration: ""
[27.357s] -- Execute custom install script
[27.357s] -- Up-to-date symlink: /home/hassen/turtlebot3_ws/install/dynamixel_sdk/include//dynamixel_sdk/dynamixel_sdk.h
[27.357s] -- Up-to-date symlink: /home/hassen/turtlebot3_ws/install/dynamixel_sdk/include//dynamixel_sdk/group_bulk_read.h
[27.357s] -- Up-to-date symlink: /home/hassen/turtlebot3_ws/install/dynamixel_sdk/include//dynamixel_sdk/group_bulk_write.h
[27.358s] -- Up-to-date symlink: /home/hassen/turtlebot3_ws/install/dynamixel_sdk/include//dynamixel_sdk/group_sync_read.h
[27.358s] -- Up-to-date symlink: /home/hassen/turtlebot3_ws/install/dynamixel_sdk/include//dynamixel_sdk/group_sync_write.h
[27.358s] -- Up-to-date symlink: /home/hassen/turtlebot3_ws/install/dynamixel_sdk/include//dynamixel_sdk/packet_handler.h
[27.358s] -- Up-to-date symlink: /home/hassen/turtlebot3_ws/install/dynamixel_sdk/include//dynamixel_sdk/port_handler.h
[27.358s] -- Up-to-date symlink: /home/hassen/turtlebot3_ws/install/dynamixel_sdk/include//dynamixel_sdk/port_handler_arduino.h
[27.358s] -- Up-to-date symlink: /home/hassen/turtlebot3_ws/install/dynamixel_sdk/include//dynamixel_sdk/port_handler_linux.h
[27.358s] -- Up-to-date symlink: /home/hassen/turtlebot3_ws/install/dynamixel_sdk/include//dynamixel_sdk/port_handler_mac.h
[27.358s] -- Up-to-date symlink: /home/hassen/turtlebot3_ws/install/dynamixel_sdk/include//dynamixel_sdk/port_handler_windows.h
[27.358s] -- Up-to-date symlink: /home/hassen/turtlebot3_ws/install/dynamixel_sdk/include//dynamixel_sdk/protocol1_packet_handler.h
[27.358s] -- Up-to-date symlink: /home/hassen/turtlebot3_ws/install/dynamixel_sdk/include//dynamixel_sdk/protocol2_packet_handler.h
[27.358s] -- Up-to-date symlink: /home/hassen/turtlebot3_ws/install/dynamixel_sdk/lib/libdynamixel_sdk.so
[27.358s] -- Up-to-date symlink: /home/hassen/turtlebot3_ws/install/dynamixel_sdk/share/dynamixel_sdk/environment/library_path.sh
[27.358s] -- Up-to-date symlink: /home/hassen/turtlebot3_ws/install/dynamixel_sdk/share/dynamixel_sdk/environment/library_path.dsv
[27.358s] -- Up-to-date symlink: /home/hassen/turtlebot3_ws/install/dynamixel_sdk/share/ament_index/resource_index/package_run_dependencies/dynamixel_sdk
[27.358s] -- Up-to-date symlink: /home/hassen/turtlebot3_ws/install/dynamixel_sdk/share/ament_index/resource_index/parent_prefix_path/dynamixel_sdk
[27.358s] -- Up-to-date symlink: /home/hassen/turtlebot3_ws/install/dynamixel_sdk/share/dynamixel_sdk/environment/ament_prefix_path.sh
[27.359s] -- Up-to-date symlink: /home/hassen/turtlebot3_ws/install/dynamixel_sdk/share/dynamixel_sdk/environment/ament_prefix_path.dsv
[27.359s] -- Up-to-date symlink: /home/hassen/turtlebot3_ws/install/dynamixel_sdk/share/dynamixel_sdk/environment/path.sh
[27.359s] -- Up-to-date symlink: /home/hassen/turtlebot3_ws/install/dynamixel_sdk/share/dynamixel_sdk/environment/path.dsv
[27.359s] -- Up-to-date symlink: /home/hassen/turtlebot3_ws/install/dynamixel_sdk/share/dynamixel_sdk/local_setup.bash
[27.359s] -- Up-to-date symlink: /home/hassen/turtlebot3_ws/install/dynamixel_sdk/share/dynamixel_sdk/local_setup.sh
[27.359s] -- Up-to-date symlink: /home/hassen/turtlebot3_ws/install/dynamixel_sdk/share/dynamixel_sdk/local_setup.zsh
[27.359s] -- Up-to-date symlink: /home/hassen/turtlebot3_ws/install/dynamixel_sdk/share/dynamixel_sdk/local_setup.dsv
[27.359s] -- Symlinking: /home/hassen/turtlebot3_ws/install/dynamixel_sdk/share/dynamixel_sdk/package.dsv
[27.359s] -- Up-to-date symlink: /home/hassen/turtlebot3_ws/install/dynamixel_sdk/share/ament_index/resource_index/packages/dynamixel_sdk
[27.359s] -- Up-to-date symlink: /home/hassen/turtlebot3_ws/install/dynamixel_sdk/share/dynamixel_sdk/cmake/ament_cmake_export_include_directories-extras.cmake
[27.359s] -- Up-to-date symlink: /home/hassen/turtlebot3_ws/install/dynamixel_sdk/share/dynamixel_sdk/cmake/ament_cmake_export_libraries-extras.cmake
[27.359s] -- Up-to-date symlink: /home/hassen/turtlebot3_ws/install/dynamixel_sdk/share/dynamixel_sdk/cmake/dynamixel_sdkConfig.cmake
[27.359s] -- Up-to-date symlink: /home/hassen/turtlebot3_ws/install/dynamixel_sdk/share/dynamixel_sdk/cmake/dynamixel_sdkConfig-version.cmake
[27.359s] -- Up-to-date symlink: /home/hassen/turtlebot3_ws/install/dynamixel_sdk/share/dynamixel_sdk/package.xml
[65.929s] Invoked command in '/home/hassen/turtlebot3_ws/build/dynamixel_sdk' returned '0': CMAKE_PREFIX_PATH=${CMAKE_PREFIX_PATH}:/home/hassen/turtlebot3_ws/install/turtlebot3_teleop:/home/hassen/turtlebot3_ws/install/turtlebot3_example:/home/hassen/turtlebot3_ws/install/tb3_sim:/opt/ros/humble /usr/bin/cmake --install /home/hassen/turtlebot3_ws/build/dynamixel_sdk
