[0.056s] Invoking command in '/home/hassen/turtlebot3_ws/build/turtlebot3_gazebo': CMAKE_PREFIX_PATH=${CMAKE_PREFIX_PATH}:/home/hassen/turtlebot3_ws/install/turtlebot3_teleop:/home/hassen/turtlebot3_ws/install/turtlebot3_example:/home/hassen/turtlebot3_ws/install/tb3_sim:/opt/ros/humble /usr/bin/cmake /home/hassen/turtlebot3_ws/src/turtlebot3/turtlebot3_simulations/turtlebot3_gazebo -DCMAKE_INSTALL_PREFIX=/home/hassen/turtlebot3_ws/install/turtlebot3_gazebo
[0.352s] -- Found ament_cmake: 1.3.8 (/opt/ros/humble/share/ament_cmake/cmake)
[0.352s] -- Override CMake install command with custom implementation using symlinks instead of copying resources
[0.352s] -- Found DART: /usr/include (Required is at least version "6.6") found components: dart 
[0.352s] [33mCMake Warning (dev) at /usr/share/cmake-3.22/Modules/FindPackageHandleStandardArgs.cmake:438 (message):
[0.352s]   The package name passed to `find_package_handle_standard_args` (PkgConfig)
[0.353s]   does not match the name of the calling package (gazebo).  This can lead to
[0.353s]   problems in calling code that expects `find_package` result variables
[0.353s]   (e.g., `_FOUND`) to follow a certain pattern.
[0.353s] Call Stack (most recent call first):
[0.353s]   /usr/share/cmake-3.22/Modules/FindPkgConfig.cmake:99 (find_package_handle_standard_args)
[0.353s]   /usr/lib/x86_64-linux-gnu/cmake/gazebo/gazebo-config.cmake:72 (include)
[0.353s]   CMakeLists.txt:23 (find_package)
[0.353s] This warning is for project developers.  Use -Wno-dev to suppress it.
[0.353s] [0m
[0.451s] -- Found Protobuf: /usr/lib/x86_64-linux-gnu/libprotobuf.so (found version "3.12.4") 
[0.462s] -- Looking for ignition-math6 -- found version 6.15.1
[0.478s] -- Searching for dependencies of ignition-math6
[0.485s] -- Looking for OGRE...
[0.496s] -- Found Ogre Ghadamon (1.9.0)
[0.497s] -- Found OGRE: optimized;/usr/lib/x86_64-linux-gnu/libOgreMain.so;debug;/usr/lib/x86_64-linux-gnu/libOgreMain.so
[0.508s] -- Looking for OGRE_Paging...
[0.508s] -- Found OGRE_Paging: optimized;/usr/lib/x86_64-linux-gnu/libOgrePaging.so;debug;/usr/lib/x86_64-linux-gnu/libOgrePaging.so
[0.508s] -- Looking for OGRE_Terrain...
[0.508s] -- Found OGRE_Terrain: optimized;/usr/lib/x86_64-linux-gnu/libOgreTerrain.so;debug;/usr/lib/x86_64-linux-gnu/libOgreTerrain.so
[0.509s] -- Looking for OGRE_Property...
[0.509s] -- Found OGRE_Property: optimized;/usr/lib/x86_64-linux-gnu/libOgreProperty.so;debug;/usr/lib/x86_64-linux-gnu/libOgreProperty.so
[0.509s] -- Looking for OGRE_RTShaderSystem...
[0.509s] -- Found OGRE_RTShaderSystem: optimized;/usr/lib/x86_64-linux-gnu/libOgreRTShaderSystem.so;debug;/usr/lib/x86_64-linux-gnu/libOgreRTShaderSystem.so
[0.509s] -- Looking for OGRE_Volume...
[0.509s] -- Found OGRE_Volume: optimized;/usr/lib/x86_64-linux-gnu/libOgreVolume.so;debug;/usr/lib/x86_64-linux-gnu/libOgreVolume.so
[0.509s] -- Looking for OGRE_Overlay...
[0.509s] -- Found OGRE_Overlay: optimized;/usr/lib/x86_64-linux-gnu/libOgreOverlay.so;debug;/usr/lib/x86_64-linux-gnu/libOgreOverlay.so
[0.699s] -- Looking for ignition-math6 -- found version 6.15.1
[0.701s] -- Looking for ignition-transport8 -- found version 8.2.1
[0.701s] -- Searching for dependencies of ignition-transport8
[0.732s] -- Found Protobuf: /usr/lib/x86_64-linux-gnu/libprotobuf.so (found suitable version "3.12.4", minimum required is "3") 
[0.754s] -- Config-file not installed for ZeroMQ -- checking for pkg-config
[0.760s] -- Checking for module 'libzmq >= 4'
[0.790s] --   Found libzmq , version 4.3.4
[0.854s] -- Checking for module 'uuid'
[0.872s] --   Found uuid, version 2.37.2
[0.920s] -- Looking for ignition-msgs5 -- found version 5.8.1
[0.920s] -- Searching for dependencies of ignition-msgs5
[0.946s] -- Looking for ignition-math6 -- found version 6.15.1
[0.952s] -- Checking for module 'tinyxml2'
[0.969s] --   Found tinyxml2, version 9.0.0
[1.011s] -- Looking for ignition-msgs5 -- found version 5.8.1
[1.012s] -- Looking for ignition-common3 -- found version 3.14.0
[1.013s] -- Searching for dependencies of ignition-common3
[1.013s] -- Looking for dlfcn.h - found
[1.013s] -- Looking for libdl - found
[1.027s] -- Searching for <ignition-common3> component [graphics]
[1.029s] -- Looking for ignition-common3-graphics -- found version 3.14.0
[1.029s] -- Searching for dependencies of ignition-common3-graphics
[1.029s] -- Looking for ignition-math6 -- found version 6.15.1
[1.032s] -- Looking for ignition-fuel_tools4 -- found version 4.4.0
[1.033s] -- Searching for dependencies of ignition-fuel_tools4
[1.092s] -- Checking for module 'jsoncpp'
[1.110s] --   Found jsoncpp, version 1.9.5
[1.158s] -- Checking for module 'libzip'
[1.179s] --   Found libzip, version 1.7.3
[1.225s] -- Looking for ignition-common3 -- found version 3.14.0
[1.225s] -- Looking for ignition-math6 -- found version 6.15.1
[1.226s] -- Looking for ignition-msgs5 -- found version 5.8.1
[1.230s] -- Found gazebo_ros_pkgs: 3.7.0 (/opt/ros/humble/share/gazebo_ros_pkgs/cmake)
[1.231s] -- Found geometry_msgs: 4.2.3 (/opt/ros/humble/share/geometry_msgs/cmake)
[1.253s] -- Found rosidl_generator_c: 3.1.5 (/opt/ros/humble/share/rosidl_generator_c/cmake)
[1.257s] -- Found rosidl_adapter: 3.1.5 (/opt/ros/humble/share/rosidl_adapter/cmake)
[1.265s] -- Found rosidl_generator_cpp: 3.1.5 (/opt/ros/humble/share/rosidl_generator_cpp/cmake)
[1.281s] -- Using all available rosidl_typesupport_c: rosidl_typesupport_fastrtps_c;rosidl_typesupport_introspection_c
[1.303s] -- Using all available rosidl_typesupport_cpp: rosidl_typesupport_fastrtps_cpp;rosidl_typesupport_introspection_cpp
[1.436s] -- Found nav_msgs: 4.2.3 (/opt/ros/humble/share/nav_msgs/cmake)
[1.526s] -- Found rclcpp: 16.0.8 (/opt/ros/humble/share/rclcpp/cmake)
[1.574s] -- Found rmw_implementation_cmake: 6.1.1 (/opt/ros/humble/share/rmw_implementation_cmake/cmake)
[1.576s] -- Found rmw_fastrtps_cpp: 6.2.6 (/opt/ros/humble/share/rmw_fastrtps_cpp/cmake)
[1.738s] -- Using RMW implementation 'rmw_fastrtps_cpp' as default
[1.903s] -- Found sensor_msgs: 4.2.3 (/opt/ros/humble/share/sensor_msgs/cmake)
[1.977s] -- Found tf2: 0.25.6 (/opt/ros/humble/share/tf2/cmake)
[2.050s] -- Configuring done
[2.106s] -- Generating done
[2.109s] -- Build files have been written to: /home/hassen/turtlebot3_ws/build/turtlebot3_gazebo
[2.117s] Invoked command in '/home/hassen/turtlebot3_ws/build/turtlebot3_gazebo' returned '0': CMAKE_PREFIX_PATH=${CMAKE_PREFIX_PATH}:/home/hassen/turtlebot3_ws/install/turtlebot3_teleop:/home/hassen/turtlebot3_ws/install/turtlebot3_example:/home/hassen/turtlebot3_ws/install/tb3_sim:/opt/ros/humble /usr/bin/cmake /home/hassen/turtlebot3_ws/src/turtlebot3/turtlebot3_simulations/turtlebot3_gazebo -DCMAKE_INSTALL_PREFIX=/home/hassen/turtlebot3_ws/install/turtlebot3_gazebo
[2.119s] Invoking command in '/home/hassen/turtlebot3_ws/build/turtlebot3_gazebo': CMAKE_PREFIX_PATH=${CMAKE_PREFIX_PATH}:/home/hassen/turtlebot3_ws/install/turtlebot3_teleop:/home/hassen/turtlebot3_ws/install/turtlebot3_example:/home/hassen/turtlebot3_ws/install/tb3_sim:/opt/ros/humble /usr/bin/cmake --build /home/hassen/turtlebot3_ws/build/turtlebot3_gazebo -- -j12 -l12
[2.167s] [35m[1mConsolidate compiler generated dependencies of target turtlebot3_drive[0m
[2.168s] [35m[1mConsolidate compiler generated dependencies of target obstacle1[0m
[2.168s] [35m[1mConsolidate compiler generated dependencies of target obstacles[0m
[2.169s] [35m[1mConsolidate compiler generated dependencies of target obstacle2[0m
[2.192s] [ 25%] Built target turtlebot3_drive
[2.266s] [ 62%] Built target obstacles
[2.267s] [ 75%] Built target obstacle1
[2.267s] [100%] Built target obstacle2
[2.280s] Invoked command in '/home/hassen/turtlebot3_ws/build/turtlebot3_gazebo' returned '0': CMAKE_PREFIX_PATH=${CMAKE_PREFIX_PATH}:/home/hassen/turtlebot3_ws/install/turtlebot3_teleop:/home/hassen/turtlebot3_ws/install/turtlebot3_example:/home/hassen/turtlebot3_ws/install/tb3_sim:/opt/ros/humble /usr/bin/cmake --build /home/hassen/turtlebot3_ws/build/turtlebot3_gazebo -- -j12 -l12
[2.324s] Invoking command in '/home/hassen/turtlebot3_ws/build/turtlebot3_gazebo': CMAKE_PREFIX_PATH=${CMAKE_PREFIX_PATH}:/home/hassen/turtlebot3_ws/install/turtlebot3_teleop:/home/hassen/turtlebot3_ws/install/turtlebot3_example:/home/hassen/turtlebot3_ws/install/tb3_sim:/opt/ros/humble /usr/bin/cmake --install /home/hassen/turtlebot3_ws/build/turtlebot3_gazebo
[2.332s] -- Install configuration: ""
[2.332s] -- Execute custom install script
[2.333s] -- Up-to-date symlink: /home/hassen/turtlebot3_ws/install/turtlebot3_gazebo/lib/turtlebot3_gazebo/turtlebot3_drive
[2.333s] -- Up-to-date symlink: /home/hassen/turtlebot3_ws/install/turtlebot3_gazebo/share/turtlebot3_gazebo//launch/empty_world.launch.py
[2.334s] -- Up-to-date symlink: /home/hassen/turtlebot3_ws/install/turtlebot3_gazebo/share/turtlebot3_gazebo//launch/robot_state_publisher.launch.py
[2.334s] -- Up-to-date symlink: /home/hassen/turtlebot3_ws/install/turtlebot3_gazebo/share/turtlebot3_gazebo//launch/spawn_turtlebot3.launch.py
[2.334s] -- Up-to-date symlink: /home/hassen/turtlebot3_ws/install/turtlebot3_gazebo/share/turtlebot3_gazebo//launch/turtlebot3_dqn_stage1.launch.py
[2.334s] -- Up-to-date symlink: /home/hassen/turtlebot3_ws/install/turtlebot3_gazebo/share/turtlebot3_gazebo//launch/turtlebot3_dqn_stage2.launch.py
[2.334s] -- Up-to-date symlink: /home/hassen/turtlebot3_ws/install/turtlebot3_gazebo/share/turtlebot3_gazebo//launch/turtlebot3_dqn_stage3.launch.py
[2.334s] -- Up-to-date symlink: /home/hassen/turtlebot3_ws/install/turtlebot3_gazebo/share/turtlebot3_gazebo//launch/turtlebot3_dqn_stage4.launch.py
[2.334s] -- Up-to-date symlink: /home/hassen/turtlebot3_ws/install/turtlebot3_gazebo/share/turtlebot3_gazebo//launch/turtlebot3_house.launch.py
[2.334s] -- Up-to-date symlink: /home/hassen/turtlebot3_ws/install/turtlebot3_gazebo/share/turtlebot3_gazebo//launch/turtlebot3_world.launch.py
[2.335s] -- Up-to-date symlink: /home/hassen/turtlebot3_ws/install/turtlebot3_gazebo/share/turtlebot3_gazebo//models/turtlebot3_burger/model-1_4.sdf
[2.335s] -- Up-to-date symlink: /home/hassen/turtlebot3_ws/install/turtlebot3_gazebo/share/turtlebot3_gazebo//models/turtlebot3_burger/model.config
[2.336s] -- Up-to-date symlink: /home/hassen/turtlebot3_ws/install/turtlebot3_gazebo/share/turtlebot3_gazebo//models/turtlebot3_burger/model.sdf
[2.336s] -- Up-to-date symlink: /home/hassen/turtlebot3_ws/install/turtlebot3_gazebo/share/turtlebot3_gazebo//models/turtlebot3_common/meshes/burger_base.dae
[2.336s] -- Up-to-date symlink: /home/hassen/turtlebot3_ws/install/turtlebot3_gazebo/share/turtlebot3_gazebo//models/turtlebot3_common/meshes/lds.dae
[2.336s] -- Up-to-date symlink: /home/hassen/turtlebot3_ws/install/turtlebot3_gazebo/share/turtlebot3_gazebo//models/turtlebot3_common/meshes/r200.dae
[2.336s] -- Up-to-date symlink: /home/hassen/turtlebot3_ws/install/turtlebot3_gazebo/share/turtlebot3_gazebo//models/turtlebot3_common/meshes/tire.dae
[2.336s] -- Up-to-date symlink: /home/hassen/turtlebot3_ws/install/turtlebot3_gazebo/share/turtlebot3_gazebo//models/turtlebot3_common/meshes/waffle_base.dae
[2.336s] -- Up-to-date symlink: /home/hassen/turtlebot3_ws/install/turtlebot3_gazebo/share/turtlebot3_gazebo//models/turtlebot3_common/meshes/waffle_pi_base.dae
[2.336s] -- Up-to-date symlink: /home/hassen/turtlebot3_ws/install/turtlebot3_gazebo/share/turtlebot3_gazebo//models/turtlebot3_common/model.config
[2.337s] -- Up-to-date symlink: /home/hassen/turtlebot3_ws/install/turtlebot3_gazebo/share/turtlebot3_gazebo//models/turtlebot3_dqn_world/goal_box/model.config
[2.337s] -- Up-to-date symlink: /home/hassen/turtlebot3_ws/install/turtlebot3_gazebo/share/turtlebot3_gazebo//models/turtlebot3_dqn_world/goal_box/model.sdf
[2.337s] -- Up-to-date symlink: /home/hassen/turtlebot3_ws/install/turtlebot3_gazebo/share/turtlebot3_gazebo//models/turtlebot3_dqn_world/inner_walls/model.config
[2.337s] -- Up-to-date symlink: /home/hassen/turtlebot3_ws/install/turtlebot3_gazebo/share/turtlebot3_gazebo//models/turtlebot3_dqn_world/inner_walls/model.sdf
[2.337s] -- Up-to-date symlink: /home/hassen/turtlebot3_ws/install/turtlebot3_gazebo/share/turtlebot3_gazebo//models/turtlebot3_dqn_world/model.config
[2.337s] -- Up-to-date symlink: /home/hassen/turtlebot3_ws/install/turtlebot3_gazebo/share/turtlebot3_gazebo//models/turtlebot3_dqn_world/model.sdf
[2.337s] -- Up-to-date symlink: /home/hassen/turtlebot3_ws/install/turtlebot3_gazebo/share/turtlebot3_gazebo//models/turtlebot3_dqn_world/obstacle1/model.config
[2.338s] -- Up-to-date symlink: /home/hassen/turtlebot3_ws/install/turtlebot3_gazebo/share/turtlebot3_gazebo//models/turtlebot3_dqn_world/obstacle1/model.sdf
[2.338s] -- Up-to-date symlink: /home/hassen/turtlebot3_ws/install/turtlebot3_gazebo/share/turtlebot3_gazebo//models/turtlebot3_dqn_world/obstacle2/model.config
[2.338s] -- Up-to-date symlink: /home/hassen/turtlebot3_ws/install/turtlebot3_gazebo/share/turtlebot3_gazebo//models/turtlebot3_dqn_world/obstacle2/model.sdf
[2.338s] -- Up-to-date symlink: /home/hassen/turtlebot3_ws/install/turtlebot3_gazebo/share/turtlebot3_gazebo//models/turtlebot3_dqn_world/obstacle_plugin/CMakeLists.txt
[2.338s] -- Up-to-date symlink: /home/hassen/turtlebot3_ws/install/turtlebot3_gazebo/share/turtlebot3_gazebo//models/turtlebot3_dqn_world/obstacle_plugin/obstacle1.cc
[2.338s] -- Up-to-date symlink: /home/hassen/turtlebot3_ws/install/turtlebot3_gazebo/share/turtlebot3_gazebo//models/turtlebot3_dqn_world/obstacle_plugin/obstacle2.cc
[2.338s] -- Up-to-date symlink: /home/hassen/turtlebot3_ws/install/turtlebot3_gazebo/share/turtlebot3_gazebo//models/turtlebot3_dqn_world/obstacle_plugin/obstacles.cc
[2.338s] -- Up-to-date symlink: /home/hassen/turtlebot3_ws/install/turtlebot3_gazebo/share/turtlebot3_gazebo//models/turtlebot3_dqn_world/obstacles/model.config
[2.338s] -- Up-to-date symlink: /home/hassen/turtlebot3_ws/install/turtlebot3_gazebo/share/turtlebot3_gazebo//models/turtlebot3_dqn_world/obstacles/model.sdf
[2.339s] -- Up-to-date symlink: /home/hassen/turtlebot3_ws/install/turtlebot3_gazebo/share/turtlebot3_gazebo//models/turtlebot3_house/model.config
[2.339s] -- Up-to-date symlink: /home/hassen/turtlebot3_ws/install/turtlebot3_gazebo/share/turtlebot3_gazebo//models/turtlebot3_house/model.sdf
[2.339s] -- Up-to-date symlink: /home/hassen/turtlebot3_ws/install/turtlebot3_gazebo/share/turtlebot3_gazebo//models/turtlebot3_waffle/model-1_4.sdf
[2.339s] -- Up-to-date symlink: /home/hassen/turtlebot3_ws/install/turtlebot3_gazebo/share/turtlebot3_gazebo//models/turtlebot3_waffle/model.config
[2.339s] -- Up-to-date symlink: /home/hassen/turtlebot3_ws/install/turtlebot3_gazebo/share/turtlebot3_gazebo//models/turtlebot3_waffle/model.sdf
[2.339s] -- Up-to-date symlink: /home/hassen/turtlebot3_ws/install/turtlebot3_gazebo/share/turtlebot3_gazebo//models/turtlebot3_waffle_pi/model-1_4_.sdf
[2.339s] -- Up-to-date symlink: /home/hassen/turtlebot3_ws/install/turtlebot3_gazebo/share/turtlebot3_gazebo//models/turtlebot3_waffle_pi/model.config
[2.339s] -- Up-to-date symlink: /home/hassen/turtlebot3_ws/install/turtlebot3_gazebo/share/turtlebot3_gazebo//models/turtlebot3_waffle_pi/model.sdf
[2.339s] -- Up-to-date symlink: /home/hassen/turtlebot3_ws/install/turtlebot3_gazebo/share/turtlebot3_gazebo//models/turtlebot3_world/meshes/hexagon.dae
[2.340s] -- Up-to-date symlink: /home/hassen/turtlebot3_ws/install/turtlebot3_gazebo/share/turtlebot3_gazebo//models/turtlebot3_world/meshes/wall.dae
[2.340s] -- Up-to-date symlink: /home/hassen/turtlebot3_ws/install/turtlebot3_gazebo/share/turtlebot3_gazebo//models/turtlebot3_world/model-1_4.sdf
[2.340s] -- Up-to-date symlink: /home/hassen/turtlebot3_ws/install/turtlebot3_gazebo/share/turtlebot3_gazebo//models/turtlebot3_world/model.config
[2.340s] -- Up-to-date symlink: /home/hassen/turtlebot3_ws/install/turtlebot3_gazebo/share/turtlebot3_gazebo//models/turtlebot3_world/model.sdf
[2.340s] -- Up-to-date symlink: /home/hassen/turtlebot3_ws/install/turtlebot3_gazebo/share/turtlebot3_gazebo//rviz/tb3_gazebo.rviz
[2.340s] -- Up-to-date symlink: /home/hassen/turtlebot3_ws/install/turtlebot3_gazebo/share/turtlebot3_gazebo//urdf/common_properties.urdf
[2.340s] -- Up-to-date symlink: /home/hassen/turtlebot3_ws/install/turtlebot3_gazebo/share/turtlebot3_gazebo//urdf/turtlebot3_burger.urdf
[2.340s] -- Up-to-date symlink: /home/hassen/turtlebot3_ws/install/turtlebot3_gazebo/share/turtlebot3_gazebo//urdf/turtlebot3_waffle.urdf
[2.341s] -- Up-to-date symlink: /home/hassen/turtlebot3_ws/install/turtlebot3_gazebo/share/turtlebot3_gazebo//urdf/turtlebot3_waffle_pi.urdf
[2.341s] -- Up-to-date symlink: /home/hassen/turtlebot3_ws/install/turtlebot3_gazebo/share/turtlebot3_gazebo//worlds/empty_world.world
[2.341s] -- Up-to-date symlink: /home/hassen/turtlebot3_ws/install/turtlebot3_gazebo/share/turtlebot3_gazebo//worlds/turtlebot3_dqn_stage1.world
[2.341s] -- Up-to-date symlink: /home/hassen/turtlebot3_ws/install/turtlebot3_gazebo/share/turtlebot3_gazebo//worlds/turtlebot3_dqn_stage2.world
[2.341s] -- Up-to-date symlink: /home/hassen/turtlebot3_ws/install/turtlebot3_gazebo/share/turtlebot3_gazebo//worlds/turtlebot3_dqn_stage3.world
[2.341s] -- Up-to-date symlink: /home/hassen/turtlebot3_ws/install/turtlebot3_gazebo/share/turtlebot3_gazebo//worlds/turtlebot3_dqn_stage4.world
[2.341s] -- Up-to-date symlink: /home/hassen/turtlebot3_ws/install/turtlebot3_gazebo/share/turtlebot3_gazebo//worlds/turtlebot3_house.world
[2.341s] -- Up-to-date symlink: /home/hassen/turtlebot3_ws/install/turtlebot3_gazebo/share/turtlebot3_gazebo//worlds/turtlebot3_world.world
[2.342s] -- Up-to-date symlink: /home/hassen/turtlebot3_ws/install/turtlebot3_gazebo/include//turtlebot3_gazebo/turtlebot3_drive.hpp
[2.342s] -- Up-to-date symlink: /home/hassen/turtlebot3_ws/install/turtlebot3_gazebo/share/ament_index/resource_index/package_run_dependencies/turtlebot3_gazebo
[2.343s] -- Up-to-date symlink: /home/hassen/turtlebot3_ws/install/turtlebot3_gazebo/share/ament_index/resource_index/parent_prefix_path/turtlebot3_gazebo
[2.343s] -- Up-to-date symlink: /home/hassen/turtlebot3_ws/install/turtlebot3_gazebo/share/turtlebot3_gazebo/environment/ament_prefix_path.sh
[2.343s] -- Up-to-date symlink: /home/hassen/turtlebot3_ws/install/turtlebot3_gazebo/share/turtlebot3_gazebo/environment/ament_prefix_path.dsv
[2.343s] -- Up-to-date symlink: /home/hassen/turtlebot3_ws/install/turtlebot3_gazebo/share/turtlebot3_gazebo/environment/path.sh
[2.343s] -- Up-to-date symlink: /home/hassen/turtlebot3_ws/install/turtlebot3_gazebo/share/turtlebot3_gazebo/environment/path.dsv
[2.344s] -- Up-to-date symlink: /home/hassen/turtlebot3_ws/install/turtlebot3_gazebo/share/turtlebot3_gazebo/local_setup.bash
[2.344s] -- Up-to-date symlink: /home/hassen/turtlebot3_ws/install/turtlebot3_gazebo/share/turtlebot3_gazebo/local_setup.sh
[2.344s] -- Up-to-date symlink: /home/hassen/turtlebot3_ws/install/turtlebot3_gazebo/share/turtlebot3_gazebo/local_setup.zsh
[2.344s] -- Up-to-date symlink: /home/hassen/turtlebot3_ws/install/turtlebot3_gazebo/share/turtlebot3_gazebo/local_setup.dsv
[2.344s] -- Symlinking: /home/hassen/turtlebot3_ws/install/turtlebot3_gazebo/share/turtlebot3_gazebo/package.dsv
[2.355s] -- Up-to-date symlink: /home/hassen/turtlebot3_ws/install/turtlebot3_gazebo/share/ament_index/resource_index/packages/turtlebot3_gazebo
[2.356s] -- Up-to-date symlink: /home/hassen/turtlebot3_ws/install/turtlebot3_gazebo/share/turtlebot3_gazebo/cmake/ament_cmake_export_include_directories-extras.cmake
[2.356s] -- Up-to-date symlink: /home/hassen/turtlebot3_ws/install/turtlebot3_gazebo/share/turtlebot3_gazebo/cmake/ament_cmake_export_dependencies-extras.cmake
[2.356s] -- Up-to-date symlink: /home/hassen/turtlebot3_ws/install/turtlebot3_gazebo/share/turtlebot3_gazebo/cmake/turtlebot3_gazeboConfig.cmake
[2.356s] -- Up-to-date symlink: /home/hassen/turtlebot3_ws/install/turtlebot3_gazebo/share/turtlebot3_gazebo/cmake/turtlebot3_gazeboConfig-version.cmake
[2.357s] -- Up-to-date symlink: /home/hassen/turtlebot3_ws/install/turtlebot3_gazebo/share/turtlebot3_gazebo/package.xml
[2.364s] Invoked command in '/home/hassen/turtlebot3_ws/build/turtlebot3_gazebo' returned '0': CMAKE_PREFIX_PATH=${CMAKE_PREFIX_PATH}:/home/hassen/turtlebot3_ws/install/turtlebot3_teleop:/home/hassen/turtlebot3_ws/install/turtlebot3_example:/home/hassen/turtlebot3_ws/install/tb3_sim:/opt/ros/humble /usr/bin/cmake --install /home/hassen/turtlebot3_ws/build/turtlebot3_gazebo
