[0.030s] Invoking command in '/home/hassen/turtlebot3_ws/build/turtlebot3_gazebo': CMAKE_PREFIX_PATH=/opt/ros/humble /usr/bin/cmake /home/hassen/turtlebot3_ws/src/turtlebot3/turtlebot3_simulations/turtlebot3_gazebo -DAMENT_CMAKE_SYMLINK_INSTALL=1 -DCMAKE_INSTALL_PREFIX=/home/hassen/turtlebot3_ws/install/turtlebot3_gazebo
[0.331s] -- The C compiler identification is GNU 11.4.0
[0.465s] -- The CXX compiler identification is GNU 11.4.0
[0.485s] -- Detecting C compiler ABI info
[0.583s] -- Detecting C compiler ABI info - done
[0.592s] -- Check for working C compiler: /usr/bin/cc - skipped
[0.592s] -- Detecting C compile features
[0.593s] -- Detecting C compile features - done
[0.596s] -- Detecting CXX compiler ABI info
[0.693s] -- Detecting CXX compiler ABI info - done
[0.703s] -- Check for working CXX compiler: /usr/bin/c++ - skipped
[0.704s] -- Detecting CXX compile features
[0.704s] -- Detecting CXX compile features - done
[0.707s] -- Found ament_cmake: 1.3.8 (/opt/ros/humble/share/ament_cmake/cmake)
[0.880s] -- Found Python3: /usr/bin/python3 (found version "3.10.12") found components: Interpreter 
[0.950s] -- Override CMake install command with custom implementation using symlinks instead of copying resources
[0.994s] [31mCMake Error at CMakeLists.txt:23 (find_package):
[0.994s]   By not providing "Findgazebo.cmake" in CMAKE_MODULE_PATH this project has
[0.994s]   asked CMake to find a package configuration file provided by "gazebo", but
[0.994s]   CMake did not find one.
[0.994s] 
[0.994s]   Could not find a package configuration file provided by "gazebo" with any
[0.994s]   of the following names:
[0.994s] 
[0.995s]     gazeboConfig.cmake
[0.995s]     gazebo-config.cmake
[0.995s] 
[0.995s]   Add the installation prefix of "gazebo" to CMAKE_PREFIX_PATH or set
[0.995s]   "gazebo_DIR" to a directory containing one of the above files.  If "gazebo"
[0.995s]   provides a separate development package or SDK, be sure it has been
[0.995s]   installed.
[0.995s] 
[0.995s] [0m
[0.995s] -- Configuring incomplete, errors occurred!
[0.995s] See also "/home/hassen/turtlebot3_ws/build/turtlebot3_gazebo/CMakeFiles/CMakeOutput.log".
[1.000s] Invoked command in '/home/hassen/turtlebot3_ws/build/turtlebot3_gazebo' returned '1': CMAKE_PREFIX_PATH=/opt/ros/humble /usr/bin/cmake /home/hassen/turtlebot3_ws/src/turtlebot3/turtlebot3_simulations/turtlebot3_gazebo -DAMENT_CMAKE_SYMLINK_INSTALL=1 -DCMAKE_INSTALL_PREFIX=/home/hassen/turtlebot3_ws/install/turtlebot3_gazebo
