[0.734s] Invoking command in '/home/hassen/turtlebot3_ws/build/yolov8_msgs': CMAKE_PREFIX_PATH=${CMAKE_PREFIX_PATH}:/home/hassen/turtlebot3_ws/install/turtlebot3_teleop:/home/hassen/turtlebot3_ws/install/turtlebot3_example:/home/hassen/turtlebot3_ws/install/tb3_sim:/opt/ros/humble /usr/bin/cmake --build /home/hassen/turtlebot3_ws/build/yolov8_msgs -- -j12 -l12
[0.763s] [  2%] Built target yolov8_msgs__cpp
[0.768s] [ 12%] Built target yolov8_msgs__rosidl_generator_c
[0.777s] [ 12%] Built target ament_cmake_python_copy_yolov8_msgs
[0.799s] [ 23%] Built target yolov8_msgs__rosidl_typesupport_introspection_cpp
[0.799s] [ 43%] Built target yolov8_msgs__rosidl_typesupport_introspection_c
[0.800s] [ 43%] Built target yolov8_msgs__rosidl_typesupport_cpp
[0.801s] [ 53%] Built target yolov8_msgs__rosidl_typesupport_c
[0.801s] [ 64%] Built target yolov8_msgs__rosidl_typesupport_fastrtps_cpp
[0.808s] [ 74%] Built target yolov8_msgs__rosidl_typesupport_fastrtps_c
[0.837s] [ 74%] Built target yolov8_msgs
[0.951s] [ 76%] Built target yolov8_msgs__py
[0.979s] [ 84%] Built target yolov8_msgs__rosidl_generator_py
[1.012s] [ 94%] Built target yolov8_msgs__rosidl_typesupport_c__pyext
[1.012s] [ 94%] Built target yolov8_msgs__rosidl_typesupport_introspection_c__pyext
[1.014s] [100%] Built target yolov8_msgs__rosidl_typesupport_fastrtps_c__pyext
[1.041s] running egg_info
[1.041s] writing yolov8_msgs.egg-info/PKG-INFO
[1.042s] writing dependency_links to yolov8_msgs.egg-info/dependency_links.txt
[1.042s] writing top-level names to yolov8_msgs.egg-info/top_level.txt
[1.044s] reading manifest file 'yolov8_msgs.egg-info/SOURCES.txt'
[1.045s] writing manifest file 'yolov8_msgs.egg-info/SOURCES.txt'
[1.073s] [100%] Built target ament_cmake_python_build_yolov8_msgs_egg
[1.272s] Invoked command in '/home/hassen/turtlebot3_ws/build/yolov8_msgs' returned '0': CMAKE_PREFIX_PATH=${CMAKE_PREFIX_PATH}:/home/hassen/turtlebot3_ws/install/turtlebot3_teleop:/home/hassen/turtlebot3_ws/install/turtlebot3_example:/home/hassen/turtlebot3_ws/install/tb3_sim:/opt/ros/humble /usr/bin/cmake --build /home/hassen/turtlebot3_ws/build/yolov8_msgs -- -j12 -l12
[1.382s] Invoking command in '/home/hassen/turtlebot3_ws/build/yolov8_msgs': CMAKE_PREFIX_PATH=${CMAKE_PREFIX_PATH}:/home/hassen/turtlebot3_ws/install/turtlebot3_teleop:/home/hassen/turtlebot3_ws/install/turtlebot3_example:/home/hassen/turtlebot3_ws/install/tb3_sim:/opt/ros/humble /usr/bin/cmake --install /home/hassen/turtlebot3_ws/build/yolov8_msgs
[1.391s] -- Install configuration: ""
[1.392s] -- Up-to-date: /home/hassen/turtlebot3_ws/install/yolov8_msgs/share/ament_index/resource_index/rosidl_interfaces/yolov8_msgs
[1.392s] -- Up-to-date: /home/hassen/turtlebot3_ws/install/yolov8_msgs/include/yolov8_msgs/yolov8_msgs
[1.392s] -- Up-to-date: /home/hassen/turtlebot3_ws/install/yolov8_msgs/include/yolov8_msgs/yolov8_msgs/msg
[1.392s] -- Up-to-date: /home/hassen/turtlebot3_ws/install/yolov8_msgs/include/yolov8_msgs/yolov8_msgs/msg/rosidl_generator_c__visibility_control.h
[1.392s] -- Up-to-date: /home/hassen/turtlebot3_ws/install/yolov8_msgs/include/yolov8_msgs/yolov8_msgs/msg/yolov8_inference.h
[1.392s] -- Up-to-date: /home/hassen/turtlebot3_ws/install/yolov8_msgs/include/yolov8_msgs/yolov8_msgs/msg/inference_result.h
[1.392s] -- Up-to-date: /home/hassen/turtlebot3_ws/install/yolov8_msgs/include/yolov8_msgs/yolov8_msgs/msg/detail
[1.393s] -- Up-to-date: /home/hassen/turtlebot3_ws/install/yolov8_msgs/include/yolov8_msgs/yolov8_msgs/msg/detail/yolov8_inference__type_support.h
[1.393s] -- Up-to-date: /home/hassen/turtlebot3_ws/install/yolov8_msgs/include/yolov8_msgs/yolov8_msgs/msg/detail/yolov8_inference__struct.h
[1.393s] -- Up-to-date: /home/hassen/turtlebot3_ws/install/yolov8_msgs/include/yolov8_msgs/yolov8_msgs/msg/detail/inference_result__struct.h
[1.393s] -- Up-to-date: /home/hassen/turtlebot3_ws/install/yolov8_msgs/include/yolov8_msgs/yolov8_msgs/msg/detail/inference_result__functions.c
[1.393s] -- Up-to-date: /home/hassen/turtlebot3_ws/install/yolov8_msgs/include/yolov8_msgs/yolov8_msgs/msg/detail/inference_result__functions.h
[1.393s] -- Up-to-date: /home/hassen/turtlebot3_ws/install/yolov8_msgs/include/yolov8_msgs/yolov8_msgs/msg/detail/yolov8_inference__functions.c
[1.393s] -- Up-to-date: /home/hassen/turtlebot3_ws/install/yolov8_msgs/include/yolov8_msgs/yolov8_msgs/msg/detail/yolov8_inference__functions.h
[1.394s] -- Up-to-date: /home/hassen/turtlebot3_ws/install/yolov8_msgs/include/yolov8_msgs/yolov8_msgs/msg/detail/inference_result__type_support.h
[1.394s] -- Up-to-date: /home/hassen/turtlebot3_ws/install/yolov8_msgs/share/yolov8_msgs/environment/library_path.sh
[1.394s] -- Up-to-date: /home/hassen/turtlebot3_ws/install/yolov8_msgs/share/yolov8_msgs/environment/library_path.dsv
[1.394s] -- Up-to-date: /home/hassen/turtlebot3_ws/install/yolov8_msgs/lib/libyolov8_msgs__rosidl_generator_c.so
[1.394s] -- Up-to-date: /home/hassen/turtlebot3_ws/install/yolov8_msgs/include/yolov8_msgs/yolov8_msgs
[1.394s] -- Up-to-date: /home/hassen/turtlebot3_ws/install/yolov8_msgs/include/yolov8_msgs/yolov8_msgs/msg
[1.394s] -- Up-to-date: /home/hassen/turtlebot3_ws/install/yolov8_msgs/include/yolov8_msgs/yolov8_msgs/msg/rosidl_typesupport_fastrtps_c__visibility_control.h
[1.394s] -- Up-to-date: /home/hassen/turtlebot3_ws/install/yolov8_msgs/include/yolov8_msgs/yolov8_msgs/msg/detail
[1.394s] -- Up-to-date: /home/hassen/turtlebot3_ws/install/yolov8_msgs/include/yolov8_msgs/yolov8_msgs/msg/detail/inference_result__rosidl_typesupport_fastrtps_c.h
[1.395s] -- Up-to-date: /home/hassen/turtlebot3_ws/install/yolov8_msgs/include/yolov8_msgs/yolov8_msgs/msg/detail/yolov8_inference__rosidl_typesupport_fastrtps_c.h
[1.395s] -- Up-to-date: /home/hassen/turtlebot3_ws/install/yolov8_msgs/lib/libyolov8_msgs__rosidl_typesupport_fastrtps_c.so
[1.395s] -- Up-to-date: /home/hassen/turtlebot3_ws/install/yolov8_msgs/include/yolov8_msgs/yolov8_msgs
[1.395s] -- Up-to-date: /home/hassen/turtlebot3_ws/install/yolov8_msgs/include/yolov8_msgs/yolov8_msgs/msg
[1.395s] -- Up-to-date: /home/hassen/turtlebot3_ws/install/yolov8_msgs/include/yolov8_msgs/yolov8_msgs/msg/inference_result.hpp
[1.395s] -- Up-to-date: /home/hassen/turtlebot3_ws/install/yolov8_msgs/include/yolov8_msgs/yolov8_msgs/msg/yolov8_inference.hpp
[1.395s] -- Up-to-date: /home/hassen/turtlebot3_ws/install/yolov8_msgs/include/yolov8_msgs/yolov8_msgs/msg/detail
[1.396s] -- Up-to-date: /home/hassen/turtlebot3_ws/install/yolov8_msgs/include/yolov8_msgs/yolov8_msgs/msg/detail/yolov8_inference__traits.hpp
[1.396s] -- Up-to-date: /home/hassen/turtlebot3_ws/install/yolov8_msgs/include/yolov8_msgs/yolov8_msgs/msg/detail/inference_result__struct.hpp
[1.396s] -- Up-to-date: /home/hassen/turtlebot3_ws/install/yolov8_msgs/include/yolov8_msgs/yolov8_msgs/msg/detail/inference_result__traits.hpp
[1.396s] -- Up-to-date: /home/hassen/turtlebot3_ws/install/yolov8_msgs/include/yolov8_msgs/yolov8_msgs/msg/detail/yolov8_inference__struct.hpp
[1.396s] -- Up-to-date: /home/hassen/turtlebot3_ws/install/yolov8_msgs/include/yolov8_msgs/yolov8_msgs/msg/detail/inference_result__builder.hpp
[1.396s] -- Up-to-date: /home/hassen/turtlebot3_ws/install/yolov8_msgs/include/yolov8_msgs/yolov8_msgs/msg/detail/yolov8_inference__builder.hpp
[1.396s] -- Up-to-date: /home/hassen/turtlebot3_ws/install/yolov8_msgs/include/yolov8_msgs/yolov8_msgs
[1.396s] -- Up-to-date: /home/hassen/turtlebot3_ws/install/yolov8_msgs/include/yolov8_msgs/yolov8_msgs/msg
[1.396s] -- Up-to-date: /home/hassen/turtlebot3_ws/install/yolov8_msgs/include/yolov8_msgs/yolov8_msgs/msg/rosidl_typesupport_fastrtps_cpp__visibility_control.h
[1.397s] -- Up-to-date: /home/hassen/turtlebot3_ws/install/yolov8_msgs/include/yolov8_msgs/yolov8_msgs/msg/detail
[1.398s] -- Up-to-date: /home/hassen/turtlebot3_ws/install/yolov8_msgs/include/yolov8_msgs/yolov8_msgs/msg/detail/yolov8_inference__rosidl_typesupport_fastrtps_cpp.hpp
[1.398s] -- Up-to-date: /home/hassen/turtlebot3_ws/install/yolov8_msgs/include/yolov8_msgs/yolov8_msgs/msg/detail/dds_fastrtps
[1.398s] -- Up-to-date: /home/hassen/turtlebot3_ws/install/yolov8_msgs/include/yolov8_msgs/yolov8_msgs/msg/detail/inference_result__rosidl_typesupport_fastrtps_cpp.hpp
[1.398s] -- Up-to-date: /home/hassen/turtlebot3_ws/install/yolov8_msgs/lib/libyolov8_msgs__rosidl_typesupport_fastrtps_cpp.so
[1.398s] -- Up-to-date: /home/hassen/turtlebot3_ws/install/yolov8_msgs/include/yolov8_msgs/yolov8_msgs
[1.399s] -- Up-to-date: /home/hassen/turtlebot3_ws/install/yolov8_msgs/include/yolov8_msgs/yolov8_msgs/msg
[1.400s] -- Up-to-date: /home/hassen/turtlebot3_ws/install/yolov8_msgs/include/yolov8_msgs/yolov8_msgs/msg/rosidl_typesupport_introspection_c__visibility_control.h
[1.400s] -- Up-to-date: /home/hassen/turtlebot3_ws/install/yolov8_msgs/include/yolov8_msgs/yolov8_msgs/msg/detail
[1.400s] -- Up-to-date: /home/hassen/turtlebot3_ws/install/yolov8_msgs/include/yolov8_msgs/yolov8_msgs/msg/detail/inference_result__type_support.c
[1.400s] -- Up-to-date: /home/hassen/turtlebot3_ws/install/yolov8_msgs/include/yolov8_msgs/yolov8_msgs/msg/detail/yolov8_inference__type_support.c
[1.400s] -- Up-to-date: /home/hassen/turtlebot3_ws/install/yolov8_msgs/include/yolov8_msgs/yolov8_msgs/msg/detail/inference_result__rosidl_typesupport_introspection_c.h
[1.400s] -- Up-to-date: /home/hassen/turtlebot3_ws/install/yolov8_msgs/include/yolov8_msgs/yolov8_msgs/msg/detail/yolov8_inference__rosidl_typesupport_introspection_c.h
[1.400s] -- Up-to-date: /home/hassen/turtlebot3_ws/install/yolov8_msgs/lib/libyolov8_msgs__rosidl_typesupport_introspection_c.so
[1.400s] -- Up-to-date: /home/hassen/turtlebot3_ws/install/yolov8_msgs/lib/libyolov8_msgs__rosidl_typesupport_c.so
[1.400s] -- Up-to-date: /home/hassen/turtlebot3_ws/install/yolov8_msgs/include/yolov8_msgs/yolov8_msgs
[1.400s] -- Up-to-date: /home/hassen/turtlebot3_ws/install/yolov8_msgs/include/yolov8_msgs/yolov8_msgs/msg
[1.401s] -- Up-to-date: /home/hassen/turtlebot3_ws/install/yolov8_msgs/include/yolov8_msgs/yolov8_msgs/msg/detail
[1.401s] -- Up-to-date: /home/hassen/turtlebot3_ws/install/yolov8_msgs/include/yolov8_msgs/yolov8_msgs/msg/detail/inference_result__type_support.cpp
[1.401s] -- Up-to-date: /home/hassen/turtlebot3_ws/install/yolov8_msgs/include/yolov8_msgs/yolov8_msgs/msg/detail/yolov8_inference__type_support.cpp
[1.401s] -- Up-to-date: /home/hassen/turtlebot3_ws/install/yolov8_msgs/include/yolov8_msgs/yolov8_msgs/msg/detail/inference_result__rosidl_typesupport_introspection_cpp.hpp
[1.401s] -- Up-to-date: /home/hassen/turtlebot3_ws/install/yolov8_msgs/include/yolov8_msgs/yolov8_msgs/msg/detail/yolov8_inference__rosidl_typesupport_introspection_cpp.hpp
[1.401s] -- Up-to-date: /home/hassen/turtlebot3_ws/install/yolov8_msgs/lib/libyolov8_msgs__rosidl_typesupport_introspection_cpp.so
[1.401s] -- Up-to-date: /home/hassen/turtlebot3_ws/install/yolov8_msgs/lib/libyolov8_msgs__rosidl_typesupport_cpp.so
[1.401s] -- Up-to-date: /home/hassen/turtlebot3_ws/install/yolov8_msgs/share/yolov8_msgs/environment/pythonpath.sh
[1.401s] -- Up-to-date: /home/hassen/turtlebot3_ws/install/yolov8_msgs/share/yolov8_msgs/environment/pythonpath.dsv
[1.401s] -- Up-to-date: /home/hassen/turtlebot3_ws/install/yolov8_msgs/local/lib/python3.10/dist-packages/yolov8_msgs-0.0.0-py3.10.egg-info
[1.401s] -- Installing: /home/hassen/turtlebot3_ws/install/yolov8_msgs/local/lib/python3.10/dist-packages/yolov8_msgs-0.0.0-py3.10.egg-info/dependency_links.txt
[1.401s] -- Installing: /home/hassen/turtlebot3_ws/install/yolov8_msgs/local/lib/python3.10/dist-packages/yolov8_msgs-0.0.0-py3.10.egg-info/PKG-INFO
[1.402s] -- Installing: /home/hassen/turtlebot3_ws/install/yolov8_msgs/local/lib/python3.10/dist-packages/yolov8_msgs-0.0.0-py3.10.egg-info/top_level.txt
[1.402s] -- Installing: /home/hassen/turtlebot3_ws/install/yolov8_msgs/local/lib/python3.10/dist-packages/yolov8_msgs-0.0.0-py3.10.egg-info/SOURCES.txt
[1.402s] -- Up-to-date: /home/hassen/turtlebot3_ws/install/yolov8_msgs/local/lib/python3.10/dist-packages/yolov8_msgs
[1.402s] -- Up-to-date: /home/hassen/turtlebot3_ws/install/yolov8_msgs/local/lib/python3.10/dist-packages/yolov8_msgs/yolov8_msgs_s__rosidl_typesupport_c.cpython-310-x86_64-linux-gnu.so
[1.402s] -- Up-to-date: /home/hassen/turtlebot3_ws/install/yolov8_msgs/local/lib/python3.10/dist-packages/yolov8_msgs/msg
[1.402s] -- Up-to-date: /home/hassen/turtlebot3_ws/install/yolov8_msgs/local/lib/python3.10/dist-packages/yolov8_msgs/msg/_inference_result_s.c
[1.402s] -- Up-to-date: /home/hassen/turtlebot3_ws/install/yolov8_msgs/local/lib/python3.10/dist-packages/yolov8_msgs/msg/__init__.py
[1.402s] -- Up-to-date: /home/hassen/turtlebot3_ws/install/yolov8_msgs/local/lib/python3.10/dist-packages/yolov8_msgs/msg/_yolov8_inference_s.c
[1.402s] -- Up-to-date: /home/hassen/turtlebot3_ws/install/yolov8_msgs/local/lib/python3.10/dist-packages/yolov8_msgs/msg/_inference_result.py
[1.402s] -- Up-to-date: /home/hassen/turtlebot3_ws/install/yolov8_msgs/local/lib/python3.10/dist-packages/yolov8_msgs/msg/_yolov8_inference.py
[1.402s] -- Up-to-date: /home/hassen/turtlebot3_ws/install/yolov8_msgs/local/lib/python3.10/dist-packages/yolov8_msgs/_yolov8_msgs_s.ep.rosidl_typesupport_introspection_c.c
[1.402s] -- Up-to-date: /home/hassen/turtlebot3_ws/install/yolov8_msgs/local/lib/python3.10/dist-packages/yolov8_msgs/_yolov8_msgs_s.ep.rosidl_typesupport_c.c
[1.402s] -- Up-to-date: /home/hassen/turtlebot3_ws/install/yolov8_msgs/local/lib/python3.10/dist-packages/yolov8_msgs/__init__.py
[1.402s] -- Up-to-date: /home/hassen/turtlebot3_ws/install/yolov8_msgs/local/lib/python3.10/dist-packages/yolov8_msgs/yolov8_msgs_s__rosidl_typesupport_introspection_c.cpython-310-x86_64-linux-gnu.so
[1.403s] -- Up-to-date: /home/hassen/turtlebot3_ws/install/yolov8_msgs/local/lib/python3.10/dist-packages/yolov8_msgs/libyolov8_msgs__rosidl_generator_py.so
[1.403s] -- Up-to-date: /home/hassen/turtlebot3_ws/install/yolov8_msgs/local/lib/python3.10/dist-packages/yolov8_msgs/yolov8_msgs_s__rosidl_typesupport_fastrtps_c.cpython-310-x86_64-linux-gnu.so
[1.403s] -- Up-to-date: /home/hassen/turtlebot3_ws/install/yolov8_msgs/local/lib/python3.10/dist-packages/yolov8_msgs/_yolov8_msgs_s.ep.rosidl_typesupport_fastrtps_c.c
[1.431s] Listing '/home/hassen/turtlebot3_ws/install/yolov8_msgs/local/lib/python3.10/dist-packages/yolov8_msgs'...
[1.431s] Listing '/home/hassen/turtlebot3_ws/install/yolov8_msgs/local/lib/python3.10/dist-packages/yolov8_msgs/msg'...
[1.434s] -- Up-to-date: /home/hassen/turtlebot3_ws/install/yolov8_msgs/local/lib/python3.10/dist-packages/yolov8_msgs/yolov8_msgs_s__rosidl_typesupport_fastrtps_c.cpython-310-x86_64-linux-gnu.so
[1.434s] -- Up-to-date: /home/hassen/turtlebot3_ws/install/yolov8_msgs/local/lib/python3.10/dist-packages/yolov8_msgs/yolov8_msgs_s__rosidl_typesupport_introspection_c.cpython-310-x86_64-linux-gnu.so
[1.434s] -- Up-to-date: /home/hassen/turtlebot3_ws/install/yolov8_msgs/local/lib/python3.10/dist-packages/yolov8_msgs/yolov8_msgs_s__rosidl_typesupport_c.cpython-310-x86_64-linux-gnu.so
[1.435s] -- Up-to-date: /home/hassen/turtlebot3_ws/install/yolov8_msgs/lib/libyolov8_msgs__rosidl_generator_py.so
[1.435s] -- Up-to-date: /home/hassen/turtlebot3_ws/install/yolov8_msgs/share/yolov8_msgs/msg/InferenceResult.idl
[1.435s] -- Up-to-date: /home/hassen/turtlebot3_ws/install/yolov8_msgs/share/yolov8_msgs/msg/Yolov8Inference.idl
[1.436s] -- Up-to-date: /home/hassen/turtlebot3_ws/install/yolov8_msgs/share/yolov8_msgs/msg/InferenceResult.msg
[1.436s] -- Up-to-date: /home/hassen/turtlebot3_ws/install/yolov8_msgs/share/yolov8_msgs/msg/Yolov8Inference.msg
[1.437s] -- Up-to-date: /home/hassen/turtlebot3_ws/install/yolov8_msgs/share/ament_index/resource_index/package_run_dependencies/yolov8_msgs
[1.437s] -- Up-to-date: /home/hassen/turtlebot3_ws/install/yolov8_msgs/share/ament_index/resource_index/parent_prefix_path/yolov8_msgs
[1.437s] -- Up-to-date: /home/hassen/turtlebot3_ws/install/yolov8_msgs/share/yolov8_msgs/environment/ament_prefix_path.sh
[1.437s] -- Up-to-date: /home/hassen/turtlebot3_ws/install/yolov8_msgs/share/yolov8_msgs/environment/ament_prefix_path.dsv
[1.437s] -- Up-to-date: /home/hassen/turtlebot3_ws/install/yolov8_msgs/share/yolov8_msgs/environment/path.sh
[1.437s] -- Up-to-date: /home/hassen/turtlebot3_ws/install/yolov8_msgs/share/yolov8_msgs/environment/path.dsv
[1.437s] -- Up-to-date: /home/hassen/turtlebot3_ws/install/yolov8_msgs/share/yolov8_msgs/local_setup.bash
[1.438s] -- Up-to-date: /home/hassen/turtlebot3_ws/install/yolov8_msgs/share/yolov8_msgs/local_setup.sh
[1.438s] -- Up-to-date: /home/hassen/turtlebot3_ws/install/yolov8_msgs/share/yolov8_msgs/local_setup.zsh
[1.438s] -- Up-to-date: /home/hassen/turtlebot3_ws/install/yolov8_msgs/share/yolov8_msgs/local_setup.dsv
[1.438s] -- Installing: /home/hassen/turtlebot3_ws/install/yolov8_msgs/share/yolov8_msgs/package.dsv
[1.438s] -- Up-to-date: /home/hassen/turtlebot3_ws/install/yolov8_msgs/share/ament_index/resource_index/packages/yolov8_msgs
[1.438s] -- Up-to-date: /home/hassen/turtlebot3_ws/install/yolov8_msgs/share/yolov8_msgs/cmake/export_yolov8_msgs__rosidl_generator_cExport.cmake
[1.438s] -- Up-to-date: /home/hassen/turtlebot3_ws/install/yolov8_msgs/share/yolov8_msgs/cmake/export_yolov8_msgs__rosidl_generator_cExport-noconfig.cmake
[1.438s] -- Up-to-date: /home/hassen/turtlebot3_ws/install/yolov8_msgs/share/yolov8_msgs/cmake/export_yolov8_msgs__rosidl_typesupport_fastrtps_cExport.cmake
[1.438s] -- Up-to-date: /home/hassen/turtlebot3_ws/install/yolov8_msgs/share/yolov8_msgs/cmake/export_yolov8_msgs__rosidl_typesupport_fastrtps_cExport-noconfig.cmake
[1.438s] -- Up-to-date: /home/hassen/turtlebot3_ws/install/yolov8_msgs/share/yolov8_msgs/cmake/export_yolov8_msgs__rosidl_generator_cppExport.cmake
[1.438s] -- Up-to-date: /home/hassen/turtlebot3_ws/install/yolov8_msgs/share/yolov8_msgs/cmake/export_yolov8_msgs__rosidl_typesupport_fastrtps_cppExport.cmake
[1.438s] -- Up-to-date: /home/hassen/turtlebot3_ws/install/yolov8_msgs/share/yolov8_msgs/cmake/export_yolov8_msgs__rosidl_typesupport_fastrtps_cppExport-noconfig.cmake
[1.439s] -- Up-to-date: /home/hassen/turtlebot3_ws/install/yolov8_msgs/share/yolov8_msgs/cmake/yolov8_msgs__rosidl_typesupport_introspection_cExport.cmake
[1.439s] -- Up-to-date: /home/hassen/turtlebot3_ws/install/yolov8_msgs/share/yolov8_msgs/cmake/yolov8_msgs__rosidl_typesupport_introspection_cExport-noconfig.cmake
[1.439s] -- Up-to-date: /home/hassen/turtlebot3_ws/install/yolov8_msgs/share/yolov8_msgs/cmake/yolov8_msgs__rosidl_typesupport_cExport.cmake
[1.439s] -- Up-to-date: /home/hassen/turtlebot3_ws/install/yolov8_msgs/share/yolov8_msgs/cmake/yolov8_msgs__rosidl_typesupport_cExport-noconfig.cmake
[1.439s] -- Up-to-date: /home/hassen/turtlebot3_ws/install/yolov8_msgs/share/yolov8_msgs/cmake/yolov8_msgs__rosidl_typesupport_introspection_cppExport.cmake
[1.439s] -- Up-to-date: /home/hassen/turtlebot3_ws/install/yolov8_msgs/share/yolov8_msgs/cmake/yolov8_msgs__rosidl_typesupport_introspection_cppExport-noconfig.cmake
[1.439s] -- Up-to-date: /home/hassen/turtlebot3_ws/install/yolov8_msgs/share/yolov8_msgs/cmake/yolov8_msgs__rosidl_typesupport_cppExport.cmake
[1.439s] -- Up-to-date: /home/hassen/turtlebot3_ws/install/yolov8_msgs/share/yolov8_msgs/cmake/yolov8_msgs__rosidl_typesupport_cppExport-noconfig.cmake
[1.439s] -- Up-to-date: /home/hassen/turtlebot3_ws/install/yolov8_msgs/share/yolov8_msgs/cmake/export_yolov8_msgs__rosidl_generator_pyExport.cmake
[1.439s] -- Up-to-date: /home/hassen/turtlebot3_ws/install/yolov8_msgs/share/yolov8_msgs/cmake/export_yolov8_msgs__rosidl_generator_pyExport-noconfig.cmake
[1.440s] -- Up-to-date: /home/hassen/turtlebot3_ws/install/yolov8_msgs/share/yolov8_msgs/cmake/rosidl_cmake-extras.cmake
[1.440s] -- Up-to-date: /home/hassen/turtlebot3_ws/install/yolov8_msgs/share/yolov8_msgs/cmake/ament_cmake_export_dependencies-extras.cmake
[1.440s] -- Up-to-date: /home/hassen/turtlebot3_ws/install/yolov8_msgs/share/yolov8_msgs/cmake/ament_cmake_export_include_directories-extras.cmake
[1.440s] -- Up-to-date: /home/hassen/turtlebot3_ws/install/yolov8_msgs/share/yolov8_msgs/cmake/ament_cmake_export_libraries-extras.cmake
[1.440s] -- Up-to-date: /home/hassen/turtlebot3_ws/install/yolov8_msgs/share/yolov8_msgs/cmake/ament_cmake_export_targets-extras.cmake
[1.440s] -- Up-to-date: /home/hassen/turtlebot3_ws/install/yolov8_msgs/share/yolov8_msgs/cmake/rosidl_cmake_export_typesupport_targets-extras.cmake
[1.440s] -- Up-to-date: /home/hassen/turtlebot3_ws/install/yolov8_msgs/share/yolov8_msgs/cmake/rosidl_cmake_export_typesupport_libraries-extras.cmake
[1.441s] -- Up-to-date: /home/hassen/turtlebot3_ws/install/yolov8_msgs/share/yolov8_msgs/cmake/yolov8_msgsConfig.cmake
[1.441s] -- Up-to-date: /home/hassen/turtlebot3_ws/install/yolov8_msgs/share/yolov8_msgs/cmake/yolov8_msgsConfig-version.cmake
[1.441s] -- Up-to-date: /home/hassen/turtlebot3_ws/install/yolov8_msgs/share/yolov8_msgs/package.xml
[1.443s] Invoked command in '/home/hassen/turtlebot3_ws/build/yolov8_msgs' returned '0': CMAKE_PREFIX_PATH=${CMAKE_PREFIX_PATH}:/home/hassen/turtlebot3_ws/install/turtlebot3_teleop:/home/hassen/turtlebot3_ws/install/turtlebot3_example:/home/hassen/turtlebot3_ws/install/tb3_sim:/opt/ros/humble /usr/bin/cmake --install /home/hassen/turtlebot3_ws/build/yolov8_msgs
