[0.328s] Invoking command in '/home/hassen/turtlebot3_ws/build/tb3_autonomy': CMAKE_PREFIX_PATH=${CMAKE_PREFIX_PATH}:/home/hassen/turtlebot3_ws/install/turtlebot3_teleop:/home/hassen/turtlebot3_ws/install/turtlebot3_example:/home/hassen/turtlebot3_ws/install/tb3_sim:/opt/ros/humble /usr/bin/cmake --build /home/hassen/turtlebot3_ws/build/tb3_autonomy -- -j12 -l12
[0.575s] [100%] Built target autonomy_node
[0.582s] Invoked command in '/home/hassen/turtlebot3_ws/build/tb3_autonomy' returned '0': CMAKE_PREFIX_PATH=${CMAKE_PREFIX_PATH}:/home/hassen/turtlebot3_ws/install/turtlebot3_teleop:/home/hassen/turtlebot3_ws/install/turtlebot3_example:/home/hassen/turtlebot3_ws/install/tb3_sim:/opt/ros/humble /usr/bin/cmake --build /home/hassen/turtlebot3_ws/build/tb3_autonomy -- -j12 -l12
[0.630s] Invoking command in '/home/hassen/turtlebot3_ws/build/tb3_autonomy': CMAKE_PREFIX_PATH=${CMAKE_PREFIX_PATH}:/home/hassen/turtlebot3_ws/install/turtlebot3_teleop:/home/hassen/turtlebot3_ws/install/turtlebot3_example:/home/hassen/turtlebot3_ws/install/tb3_sim:/opt/ros/humble /usr/bin/cmake --install /home/hassen/turtlebot3_ws/build/tb3_autonomy
[0.648s] -- Install configuration: ""
[0.649s] -- Execute custom install script
[0.649s] -- Up-to-date symlink: /home/hassen/turtlebot3_ws/install/tb3_autonomy/share/tb3_autonomy/bt_xml/tree.xml
[0.649s] -- Up-to-date symlink: /home/hassen/turtlebot3_ws/install/tb3_autonomy/share/tb3_autonomy/launch/autonomy.launch.py
[0.649s] -- Up-to-date symlink: /home/hassen/turtlebot3_ws/install/tb3_autonomy/lib/tb3_autonomy/autonomy_node
[0.649s] -- Up-to-date symlink: /home/hassen/turtlebot3_ws/install/tb3_autonomy/share/ament_index/resource_index/package_run_dependencies/tb3_autonomy
[0.649s] -- Up-to-date symlink: /home/hassen/turtlebot3_ws/install/tb3_autonomy/share/ament_index/resource_index/parent_prefix_path/tb3_autonomy
[0.650s] -- Up-to-date symlink: /home/hassen/turtlebot3_ws/install/tb3_autonomy/share/tb3_autonomy/environment/ament_prefix_path.sh
[0.650s] -- Up-to-date symlink: /home/hassen/turtlebot3_ws/install/tb3_autonomy/share/tb3_autonomy/environment/ament_prefix_path.dsv
[0.650s] -- Up-to-date symlink: /home/hassen/turtlebot3_ws/install/tb3_autonomy/share/tb3_autonomy/environment/path.sh
[0.650s] -- Up-to-date symlink: /home/hassen/turtlebot3_ws/install/tb3_autonomy/share/tb3_autonomy/environment/path.dsv
[0.650s] -- Up-to-date symlink: /home/hassen/turtlebot3_ws/install/tb3_autonomy/share/tb3_autonomy/local_setup.bash
[0.656s] -- Up-to-date symlink: /home/hassen/turtlebot3_ws/install/tb3_autonomy/share/tb3_autonomy/local_setup.sh
[0.659s] -- Up-to-date symlink: /home/hassen/turtlebot3_ws/install/tb3_autonomy/share/tb3_autonomy/local_setup.zsh
[0.661s] -- Up-to-date symlink: /home/hassen/turtlebot3_ws/install/tb3_autonomy/share/tb3_autonomy/local_setup.dsv
[0.661s] -- Symlinking: /home/hassen/turtlebot3_ws/install/tb3_autonomy/share/tb3_autonomy/package.dsv
[0.678s] -- Up-to-date symlink: /home/hassen/turtlebot3_ws/install/tb3_autonomy/share/ament_index/resource_index/packages/tb3_autonomy
[0.678s] -- Up-to-date symlink: /home/hassen/turtlebot3_ws/install/tb3_autonomy/share/tb3_autonomy/cmake/tb3_autonomyConfig.cmake
[0.678s] -- Up-to-date symlink: /home/hassen/turtlebot3_ws/install/tb3_autonomy/share/tb3_autonomy/cmake/tb3_autonomyConfig-version.cmake
[0.678s] -- Up-to-date symlink: /home/hassen/turtlebot3_ws/install/tb3_autonomy/share/tb3_autonomy/package.xml
[0.712s] Invoked command in '/home/hassen/turtlebot3_ws/build/tb3_autonomy' returned '0': CMAKE_PREFIX_PATH=${CMAKE_PREFIX_PATH}:/home/hassen/turtlebot3_ws/install/turtlebot3_teleop:/home/hassen/turtlebot3_ws/install/turtlebot3_example:/home/hassen/turtlebot3_ws/install/tb3_sim:/opt/ros/humble /usr/bin/cmake --install /home/hassen/turtlebot3_ws/build/tb3_autonomy
