[0.268s] Invoking command in '/home/hassen/turtlebot3_ws/build/tb3_autonomy': CMAKE_PREFIX_PATH=/opt/ros/humble /usr/bin/cmake /home/hassen/turtlebot3_ws/src/tb3_autonomy -DAMENT_CMAKE_SYMLINK_INSTALL=1 -DCMAKE_INSTALL_PREFIX=/home/hassen/turtlebot3_ws/install/tb3_autonomy
[0.488s] -- Found ament_cmake: 1.3.8 (/opt/ros/humble/share/ament_cmake/cmake)
[0.488s] -- Override CMake install command with custom implementation using symlinks instead of copying resources
[0.488s] -- Found rclcpp: 16.0.8 (/opt/ros/humble/share/rclcpp/cmake)
[0.488s] -- Found rosidl_generator_c: 3.1.5 (/opt/ros/humble/share/rosidl_generator_c/cmake)
[0.489s] -- Found rosidl_adapter: 3.1.5 (/opt/ros/humble/share/rosidl_adapter/cmake)
[0.489s] -- Found rosidl_generator_cpp: 3.1.5 (/opt/ros/humble/share/rosidl_generator_cpp/cmake)
[0.489s] -- Using all available rosidl_typesupport_c: rosidl_typesupport_fastrtps_c;rosidl_typesupport_introspection_c
[0.489s] -- Using all available rosidl_typesupport_cpp: rosidl_typesupport_fastrtps_cpp;rosidl_typesupport_introspection_cpp
[0.494s] -- Found rmw_implementation_cmake: 6.1.1 (/opt/ros/humble/share/rmw_implementation_cmake/cmake)
[0.496s] -- Found rmw_fastrtps_cpp: 6.2.6 (/opt/ros/humble/share/rmw_fastrtps_cpp/cmake)
[0.657s] -- Using RMW implementation 'rmw_fastrtps_cpp' as default
[0.840s] -- Found rclcpp_action: 16.0.8 (/opt/ros/humble/share/rclcpp_action/cmake)
[0.943s] [31mCMake Error at CMakeLists.txt:13 (find_package):
[0.943s]   By not providing "Findnav2_msgs.cmake" in CMAKE_MODULE_PATH this project
[0.943s]   has asked CMake to find a package configuration file provided by
[0.943s]   "nav2_msgs", but CMake did not find one.
[0.943s] 
[0.943s]   Could not find a package configuration file provided by "nav2_msgs" with
[0.943s]   any of the following names:
[0.943s] 
[0.943s]     nav2_msgsConfig.cmake
[0.943s]     nav2_msgs-config.cmake
[0.943s] 
[0.943s]   Add the installation prefix of "nav2_msgs" to CMAKE_PREFIX_PATH or set
[0.943s]   "nav2_msgs_DIR" to a directory containing one of the above files.  If
[0.944s]   "nav2_msgs" provides a separate development package or SDK, be sure it has
[0.944s]   been installed.
[0.944s] 
[0.944s] [0m
[0.944s] -- Configuring incomplete, errors occurred!
[0.944s] See also "/home/hassen/turtlebot3_ws/build/tb3_autonomy/CMakeFiles/CMakeOutput.log".
[0.951s] Invoked command in '/home/hassen/turtlebot3_ws/build/tb3_autonomy' returned '1': CMAKE_PREFIX_PATH=/opt/ros/humble /usr/bin/cmake /home/hassen/turtlebot3_ws/src/tb3_autonomy -DAMENT_CMAKE_SYMLINK_INSTALL=1 -DCMAKE_INSTALL_PREFIX=/home/hassen/turtlebot3_ws/install/tb3_autonomy
