[0.737s] Invoking command in '/home/hassen/turtlebot3_ws/build/yolobot_description': CMAKE_PREFIX_PATH=${CMAKE_PREFIX_PATH}:/home/hassen/turtlebot3_ws/install/turtlebot3_teleop:/home/hassen/turtlebot3_ws/install/turtlebot3_example:/home/hassen/turtlebot3_ws/install/tb3_sim:/opt/ros/humble /usr/bin/cmake --build /home/hassen/turtlebot3_ws/build/yolobot_description -- -j12 -l12
[0.811s] Invoked command in '/home/hassen/turtlebot3_ws/build/yolobot_description' returned '0': CMAKE_PREFIX_PATH=${CMAKE_PREFIX_PATH}:/home/hassen/turtlebot3_ws/install/turtlebot3_teleop:/home/hassen/turtlebot3_ws/install/turtlebot3_example:/home/hassen/turtlebot3_ws/install/tb3_sim:/opt/ros/humble /usr/bin/cmake --build /home/hassen/turtlebot3_ws/build/yolobot_description -- -j12 -l12
[2.455s] Invoking command in '/home/hassen/turtlebot3_ws/build/yolobot_description': CMAKE_PREFIX_PATH=${CMAKE_PREFIX_PATH}:/home/hassen/turtlebot3_ws/install/turtlebot3_teleop:/home/hassen/turtlebot3_ws/install/turtlebot3_example:/home/hassen/turtlebot3_ws/install/tb3_sim:/opt/ros/humble /usr/bin/cmake --install /home/hassen/turtlebot3_ws/build/yolobot_description
[2.490s] -- Install configuration: ""
[2.491s] -- Up-to-date: /home/hassen/turtlebot3_ws/install/yolobot_description/share/yolobot_description//launch
[2.491s] -- Up-to-date: /home/hassen/turtlebot3_ws/install/yolobot_description/share/yolobot_description//launch/spawn_yolobot.py
[2.491s] -- Up-to-date: /home/hassen/turtlebot3_ws/install/yolobot_description/share/yolobot_description//launch/spawn_yolobot_launch.launch.py
[2.492s] -- Up-to-date: /home/hassen/turtlebot3_ws/install/yolobot_description/share/yolobot_description//robot
[2.492s] -- Up-to-date: /home/hassen/turtlebot3_ws/install/yolobot_description/share/yolobot_description//robot/yolobot.urdf
[2.492s] -- Up-to-date: /home/hassen/turtlebot3_ws/install/yolobot_description/lib/yolobot_description/spawn_yolobot.py
[2.492s] -- Up-to-date: /home/hassen/turtlebot3_ws/install/yolobot_description/share/ament_index/resource_index/package_run_dependencies/yolobot_description
[2.492s] -- Up-to-date: /home/hassen/turtlebot3_ws/install/yolobot_description/share/ament_index/resource_index/parent_prefix_path/yolobot_description
[2.492s] -- Up-to-date: /home/hassen/turtlebot3_ws/install/yolobot_description/share/yolobot_description/environment/ament_prefix_path.sh
[2.492s] -- Up-to-date: /home/hassen/turtlebot3_ws/install/yolobot_description/share/yolobot_description/environment/ament_prefix_path.dsv
[2.492s] -- Up-to-date: /home/hassen/turtlebot3_ws/install/yolobot_description/share/yolobot_description/environment/path.sh
[2.492s] -- Up-to-date: /home/hassen/turtlebot3_ws/install/yolobot_description/share/yolobot_description/environment/path.dsv
[2.493s] -- Up-to-date: /home/hassen/turtlebot3_ws/install/yolobot_description/share/yolobot_description/local_setup.bash
[2.493s] -- Up-to-date: /home/hassen/turtlebot3_ws/install/yolobot_description/share/yolobot_description/local_setup.sh
[2.493s] -- Up-to-date: /home/hassen/turtlebot3_ws/install/yolobot_description/share/yolobot_description/local_setup.zsh
[2.493s] -- Up-to-date: /home/hassen/turtlebot3_ws/install/yolobot_description/share/yolobot_description/local_setup.dsv
[2.493s] -- Installing: /home/hassen/turtlebot3_ws/install/yolobot_description/share/yolobot_description/package.dsv
[2.493s] -- Up-to-date: /home/hassen/turtlebot3_ws/install/yolobot_description/share/ament_index/resource_index/packages/yolobot_description
[2.493s] -- Up-to-date: /home/hassen/turtlebot3_ws/install/yolobot_description/share/yolobot_description/cmake/yolobot_descriptionConfig.cmake
[2.493s] -- Up-to-date: /home/hassen/turtlebot3_ws/install/yolobot_description/share/yolobot_description/cmake/yolobot_descriptionConfig-version.cmake
[2.493s] -- Up-to-date: /home/hassen/turtlebot3_ws/install/yolobot_description/share/yolobot_description/package.xml
[3.542s] Invoked command in '/home/hassen/turtlebot3_ws/build/yolobot_description' returned '0': CMAKE_PREFIX_PATH=${CMAKE_PREFIX_PATH}:/home/hassen/turtlebot3_ws/install/turtlebot3_teleop:/home/hassen/turtlebot3_ws/install/turtlebot3_example:/home/hassen/turtlebot3_ws/install/tb3_sim:/opt/ros/humble /usr/bin/cmake --install /home/hassen/turtlebot3_ws/build/yolobot_description
