[0.034s] Invoking command in '/home/hassen/turtlebot3_ws/build/hls_lfcd_lds_driver': CMAKE_PREFIX_PATH=/opt/ros/humble /usr/bin/cmake --build /home/hassen/turtlebot3_ws/build/hls_lfcd_lds_driver -- -j12 -l12
[0.336s] [100%] Built target hlds_laser_publisher
[0.578s] Invoked command in '/home/hassen/turtlebot3_ws/build/hls_lfcd_lds_driver' returned '0': CMAKE_PREFIX_PATH=/opt/ros/humble /usr/bin/cmake --build /home/hassen/turtlebot3_ws/build/hls_lfcd_lds_driver -- -j12 -l12
[0.618s] Invoking command in '/home/hassen/turtlebot3_ws/build/hls_lfcd_lds_driver': CMAKE_PREFIX_PATH=/opt/ros/humble /usr/bin/cmake --install /home/hassen/turtlebot3_ws/build/hls_lfcd_lds_driver
[0.627s] -- Install configuration: ""
[0.629s] -- Execute custom install script
[0.630s] -- Up-to-date symlink: /home/hassen/turtlebot3_ws/install/hls_lfcd_lds_driver/share/hls_lfcd_lds_driver/launch/hlds_laser.launch.py
[0.631s] -- Up-to-date symlink: /home/hassen/turtlebot3_ws/install/hls_lfcd_lds_driver/share/hls_lfcd_lds_driver/launch/view_hlds_laser.launch.py
[0.631s] -- Up-to-date symlink: /home/hassen/turtlebot3_ws/install/hls_lfcd_lds_driver/share/hls_lfcd_lds_driver/rviz/hlds_laser.rviz
[0.632s] -- Up-to-date symlink: /home/hassen/turtlebot3_ws/install/hls_lfcd_lds_driver/lib/hls_lfcd_lds_driver/hlds_laser_publisher
[0.632s] -- Up-to-date symlink: /home/hassen/turtlebot3_ws/install/hls_lfcd_lds_driver/share/ament_index/resource_index/package_run_dependencies/hls_lfcd_lds_driver
[0.632s] -- Up-to-date symlink: /home/hassen/turtlebot3_ws/install/hls_lfcd_lds_driver/share/ament_index/resource_index/parent_prefix_path/hls_lfcd_lds_driver
[0.633s] -- Up-to-date symlink: /home/hassen/turtlebot3_ws/install/hls_lfcd_lds_driver/share/hls_lfcd_lds_driver/environment/ament_prefix_path.sh
[0.633s] -- Up-to-date symlink: /home/hassen/turtlebot3_ws/install/hls_lfcd_lds_driver/share/hls_lfcd_lds_driver/environment/ament_prefix_path.dsv
[0.634s] -- Up-to-date symlink: /home/hassen/turtlebot3_ws/install/hls_lfcd_lds_driver/share/hls_lfcd_lds_driver/environment/path.sh
[0.635s] -- Up-to-date symlink: /home/hassen/turtlebot3_ws/install/hls_lfcd_lds_driver/share/hls_lfcd_lds_driver/environment/path.dsv
[0.635s] -- Up-to-date symlink: /home/hassen/turtlebot3_ws/install/hls_lfcd_lds_driver/share/hls_lfcd_lds_driver/local_setup.bash
[0.636s] -- Up-to-date symlink: /home/hassen/turtlebot3_ws/install/hls_lfcd_lds_driver/share/hls_lfcd_lds_driver/local_setup.sh
[0.636s] -- Up-to-date symlink: /home/hassen/turtlebot3_ws/install/hls_lfcd_lds_driver/share/hls_lfcd_lds_driver/local_setup.zsh
[0.636s] -- Up-to-date symlink: /home/hassen/turtlebot3_ws/install/hls_lfcd_lds_driver/share/hls_lfcd_lds_driver/local_setup.dsv
[0.636s] -- Symlinking: /home/hassen/turtlebot3_ws/install/hls_lfcd_lds_driver/share/hls_lfcd_lds_driver/package.dsv
[0.649s] -- Up-to-date symlink: /home/hassen/turtlebot3_ws/install/hls_lfcd_lds_driver/share/ament_index/resource_index/packages/hls_lfcd_lds_driver
[0.649s] -- Up-to-date symlink: /home/hassen/turtlebot3_ws/install/hls_lfcd_lds_driver/share/hls_lfcd_lds_driver/cmake/ament_cmake_export_dependencies-extras.cmake
[0.650s] -- Up-to-date symlink: /home/hassen/turtlebot3_ws/install/hls_lfcd_lds_driver/share/hls_lfcd_lds_driver/cmake/ament_cmake_export_include_directories-extras.cmake
[0.650s] -- Up-to-date symlink: /home/hassen/turtlebot3_ws/install/hls_lfcd_lds_driver/share/hls_lfcd_lds_driver/cmake/hls_lfcd_lds_driverConfig.cmake
[0.650s] -- Up-to-date symlink: /home/hassen/turtlebot3_ws/install/hls_lfcd_lds_driver/share/hls_lfcd_lds_driver/cmake/hls_lfcd_lds_driverConfig-version.cmake
[0.650s] -- Up-to-date symlink: /home/hassen/turtlebot3_ws/install/hls_lfcd_lds_driver/share/hls_lfcd_lds_driver/package.xml
[0.684s] Invoked command in '/home/hassen/turtlebot3_ws/build/hls_lfcd_lds_driver' returned '0': CMAKE_PREFIX_PATH=/opt/ros/humble /usr/bin/cmake --install /home/hassen/turtlebot3_ws/build/hls_lfcd_lds_driver
