[0.150s] DEBUG:colcon:Command line arguments: ['/home/hassen/.local/bin/colcon', 'list', '-p', '--base-paths', '/home/hassen/turtlebot3_ws']
[0.150s] DEBUG:colcon:Parsed command line arguments: Namespace(log_base=None, log_level=None, verb_name='list', build_base='build', ignore_user_meta=False, metas=['./colcon.meta'], base_paths=['/home/hassen/turtlebot3_ws'], packages_ignore=None, packages_ignore_regex=None, paths=None, packages_up_to=None, packages_up_to_regex=None, packages_above=None, packages_above_and_dependencies=None, packages_above_depth=None, packages_select_by_dep=None, packages_skip_by_dep=None, packages_skip_up_to=None, packages_select_build_failed=False, packages_skip_build_finished=False, packages_select_test_failures=False, packages_skip_test_passed=False, packages_select=None, packages_skip=None, packages_select_regex=None, packages_skip_regex=None, packages_start=None, packages_end=None, allow_overriding=[], topological_order=False, names_only=False, paths_only=True, topological_graph=False, topological_graph_dot=False, topological_graph_density=False, topological_graph_legend=False, topological_graph_dot_cluster=False, topological_graph_dot_include_skipped=False, verb_parser=<colcon_defaults.argument_parser.defaults.DefaultArgumentsDecorator object at 0x710417019030>, verb_extension=<colcon_package_information.verb.list.ListVerb object at 0x710417018400>, main=<bound method ListVerb.main of <colcon_package_information.verb.list.ListVerb object at 0x710417018400>>)
[0.327s] Level 1:colcon.colcon_core.package_discovery:discover_packages(colcon_meta) check parameters
[0.327s] Level 1:colcon.colcon_core.package_discovery:discover_packages(recursive) check parameters
[0.327s] Level 1:colcon.colcon_core.package_discovery:discover_packages(ignore) check parameters
[0.327s] Level 1:colcon.colcon_core.package_discovery:discover_packages(path) check parameters
[0.327s] Level 1:colcon.colcon_core.package_discovery:discover_packages(recursive) discover
[0.328s] INFO:colcon.colcon_core.package_discovery:Crawling recursively for packages in '/home/hassen/turtlebot3_ws'
[0.328s] Level 1:colcon.colcon_core.package_identification:_identify(/home/hassen/turtlebot3_ws) by extensions ['ignore', 'ignore_ament_install']
[0.328s] Level 1:colcon.colcon_core.package_identification:_identify(/home/hassen/turtlebot3_ws) by extension 'ignore'
[0.328s] Level 1:colcon.colcon_core.package_identification:_identify(/home/hassen/turtlebot3_ws) by extension 'ignore_ament_install'
[0.328s] Level 1:colcon.colcon_core.package_identification:_identify(/home/hassen/turtlebot3_ws) by extensions ['colcon_pkg']
[0.328s] Level 1:colcon.colcon_core.package_identification:_identify(/home/hassen/turtlebot3_ws) by extension 'colcon_pkg'
[0.328s] Level 1:colcon.colcon_core.package_identification:_identify(/home/hassen/turtlebot3_ws) by extensions ['colcon_meta']
[0.328s] Level 1:colcon.colcon_core.package_identification:_identify(/home/hassen/turtlebot3_ws) by extension 'colcon_meta'
[0.328s] Level 1:colcon.colcon_core.package_identification:_identify(/home/hassen/turtlebot3_ws) by extensions ['ros']
[0.328s] Level 1:colcon.colcon_core.package_identification:_identify(/home/hassen/turtlebot3_ws) by extension 'ros'
[0.337s] Level 1:colcon.colcon_core.package_identification:_identify(/home/hassen/turtlebot3_ws) by extensions ['cmake', 'python']
[0.337s] Level 1:colcon.colcon_core.package_identification:_identify(/home/hassen/turtlebot3_ws) by extension 'cmake'
[0.337s] Level 1:colcon.colcon_core.package_identification:_identify(/home/hassen/turtlebot3_ws) by extension 'python'
[0.337s] Level 1:colcon.colcon_core.package_identification:_identify(/home/hassen/turtlebot3_ws) by extensions ['python_setup_py']
[0.337s] Level 1:colcon.colcon_core.package_identification:_identify(/home/hassen/turtlebot3_ws) by extension 'python_setup_py'
[0.338s] Level 1:colcon.colcon_core.package_identification:_identify(/home/hassen/turtlebot3_ws/build) by extensions ['ignore', 'ignore_ament_install']
[0.338s] Level 1:colcon.colcon_core.package_identification:_identify(/home/hassen/turtlebot3_ws/build) by extension 'ignore'
[0.338s] Level 1:colcon.colcon_core.package_identification:_identify(/home/hassen/turtlebot3_ws/build) ignored
[0.338s] Level 1:colcon.colcon_core.package_identification:_identify(/home/hassen/turtlebot3_ws/install) by extensions ['ignore', 'ignore_ament_install']
[0.338s] Level 1:colcon.colcon_core.package_identification:_identify(/home/hassen/turtlebot3_ws/install) by extension 'ignore'
[0.338s] Level 1:colcon.colcon_core.package_identification:_identify(/home/hassen/turtlebot3_ws/install) ignored
[0.338s] Level 1:colcon.colcon_core.package_identification:_identify(/home/hassen/turtlebot3_ws/log) by extensions ['ignore', 'ignore_ament_install']
[0.338s] Level 1:colcon.colcon_core.package_identification:_identify(/home/hassen/turtlebot3_ws/log) by extension 'ignore'
[0.338s] Level 1:colcon.colcon_core.package_identification:_identify(/home/hassen/turtlebot3_ws/log) ignored
[0.338s] Level 1:colcon.colcon_core.package_identification:_identify(/home/hassen/turtlebot3_ws/src) by extensions ['ignore', 'ignore_ament_install']
[0.338s] Level 1:colcon.colcon_core.package_identification:_identify(/home/hassen/turtlebot3_ws/src) by extension 'ignore'
[0.338s] Level 1:colcon.colcon_core.package_identification:_identify(/home/hassen/turtlebot3_ws/src) by extension 'ignore_ament_install'
[0.339s] Level 1:colcon.colcon_core.package_identification:_identify(/home/hassen/turtlebot3_ws/src) by extensions ['colcon_pkg']
[0.339s] Level 1:colcon.colcon_core.package_identification:_identify(/home/hassen/turtlebot3_ws/src) by extension 'colcon_pkg'
[0.339s] Level 1:colcon.colcon_core.package_identification:_identify(/home/hassen/turtlebot3_ws/src) by extensions ['colcon_meta']
[0.339s] Level 1:colcon.colcon_core.package_identification:_identify(/home/hassen/turtlebot3_ws/src) by extension 'colcon_meta'
[0.339s] Level 1:colcon.colcon_core.package_identification:_identify(/home/hassen/turtlebot3_ws/src) by extensions ['ros']
[0.339s] Level 1:colcon.colcon_core.package_identification:_identify(/home/hassen/turtlebot3_ws/src) by extension 'ros'
[0.339s] Level 1:colcon.colcon_core.package_identification:_identify(/home/hassen/turtlebot3_ws/src) by extensions ['cmake', 'python']
[0.339s] Level 1:colcon.colcon_core.package_identification:_identify(/home/hassen/turtlebot3_ws/src) by extension 'cmake'
[0.339s] Level 1:colcon.colcon_core.package_identification:_identify(/home/hassen/turtlebot3_ws/src) by extension 'python'
[0.339s] Level 1:colcon.colcon_core.package_identification:_identify(/home/hassen/turtlebot3_ws/src) by extensions ['python_setup_py']
[0.339s] Level 1:colcon.colcon_core.package_identification:_identify(/home/hassen/turtlebot3_ws/src) by extension 'python_setup_py'
[0.339s] Level 1:colcon.colcon_core.package_identification:_identify(/home/hassen/turtlebot3_ws/src/images) by extensions ['ignore', 'ignore_ament_install']
[0.339s] Level 1:colcon.colcon_core.package_identification:_identify(/home/hassen/turtlebot3_ws/src/images) by extension 'ignore'
[0.339s] Level 1:colcon.colcon_core.package_identification:_identify(/home/hassen/turtlebot3_ws/src/images) by extension 'ignore_ament_install'
[0.339s] Level 1:colcon.colcon_core.package_identification:_identify(/home/hassen/turtlebot3_ws/src/images) by extensions ['colcon_pkg']
[0.339s] Level 1:colcon.colcon_core.package_identification:_identify(/home/hassen/turtlebot3_ws/src/images) by extension 'colcon_pkg'
[0.339s] Level 1:colcon.colcon_core.package_identification:_identify(/home/hassen/turtlebot3_ws/src/images) by extensions ['colcon_meta']
[0.339s] Level 1:colcon.colcon_core.package_identification:_identify(/home/hassen/turtlebot3_ws/src/images) by extension 'colcon_meta'
[0.340s] Level 1:colcon.colcon_core.package_identification:_identify(/home/hassen/turtlebot3_ws/src/images) by extensions ['ros']
[0.340s] Level 1:colcon.colcon_core.package_identification:_identify(/home/hassen/turtlebot3_ws/src/images) by extension 'ros'
[0.340s] Level 1:colcon.colcon_core.package_identification:_identify(/home/hassen/turtlebot3_ws/src/images) by extensions ['cmake', 'python']
[0.340s] Level 1:colcon.colcon_core.package_identification:_identify(/home/hassen/turtlebot3_ws/src/images) by extension 'cmake'
[0.340s] Level 1:colcon.colcon_core.package_identification:_identify(/home/hassen/turtlebot3_ws/src/images) by extension 'python'
[0.340s] Level 1:colcon.colcon_core.package_identification:_identify(/home/hassen/turtlebot3_ws/src/images) by extensions ['python_setup_py']
[0.340s] Level 1:colcon.colcon_core.package_identification:_identify(/home/hassen/turtlebot3_ws/src/images) by extension 'python_setup_py'
[0.340s] Level 1:colcon.colcon_core.package_identification:_identify(/home/hassen/turtlebot3_ws/src/tb3_autonomy) by extensions ['ignore', 'ignore_ament_install']
[0.340s] Level 1:colcon.colcon_core.package_identification:_identify(/home/hassen/turtlebot3_ws/src/tb3_autonomy) by extension 'ignore'
[0.340s] Level 1:colcon.colcon_core.package_identification:_identify(/home/hassen/turtlebot3_ws/src/tb3_autonomy) by extension 'ignore_ament_install'
[0.340s] Level 1:colcon.colcon_core.package_identification:_identify(/home/hassen/turtlebot3_ws/src/tb3_autonomy) by extensions ['colcon_pkg']
[0.340s] Level 1:colcon.colcon_core.package_identification:_identify(/home/hassen/turtlebot3_ws/src/tb3_autonomy) by extension 'colcon_pkg'
[0.340s] Level 1:colcon.colcon_core.package_identification:_identify(/home/hassen/turtlebot3_ws/src/tb3_autonomy) by extensions ['colcon_meta']
[0.340s] Level 1:colcon.colcon_core.package_identification:_identify(/home/hassen/turtlebot3_ws/src/tb3_autonomy) by extension 'colcon_meta'
[0.340s] Level 1:colcon.colcon_core.package_identification:_identify(/home/hassen/turtlebot3_ws/src/tb3_autonomy) by extensions ['ros']
[0.340s] Level 1:colcon.colcon_core.package_identification:_identify(/home/hassen/turtlebot3_ws/src/tb3_autonomy) by extension 'ros'
[0.343s] DEBUG:colcon.colcon_core.package_identification:Package '/home/hassen/turtlebot3_ws/src/tb3_autonomy' with type 'ros.ament_cmake' and name 'tb3_autonomy'
[0.343s] Level 1:colcon.colcon_core.package_identification:_identify(/home/hassen/turtlebot3_ws/src/tb3_sim) by extensions ['ignore', 'ignore_ament_install']
[0.343s] Level 1:colcon.colcon_core.package_identification:_identify(/home/hassen/turtlebot3_ws/src/tb3_sim) by extension 'ignore'
[0.343s] Level 1:colcon.colcon_core.package_identification:_identify(/home/hassen/turtlebot3_ws/src/tb3_sim) by extension 'ignore_ament_install'
[0.343s] Level 1:colcon.colcon_core.package_identification:_identify(/home/hassen/turtlebot3_ws/src/tb3_sim) by extensions ['colcon_pkg']
[0.343s] Level 1:colcon.colcon_core.package_identification:_identify(/home/hassen/turtlebot3_ws/src/tb3_sim) by extension 'colcon_pkg'
[0.344s] Level 1:colcon.colcon_core.package_identification:_identify(/home/hassen/turtlebot3_ws/src/tb3_sim) by extensions ['colcon_meta']
[0.344s] Level 1:colcon.colcon_core.package_identification:_identify(/home/hassen/turtlebot3_ws/src/tb3_sim) by extension 'colcon_meta'
[0.344s] Level 1:colcon.colcon_core.package_identification:_identify(/home/hassen/turtlebot3_ws/src/tb3_sim) by extensions ['ros']
[0.344s] Level 1:colcon.colcon_core.package_identification:_identify(/home/hassen/turtlebot3_ws/src/tb3_sim) by extension 'ros'
[0.344s] DEBUG:colcon.colcon_core.package_identification:Package '/home/hassen/turtlebot3_ws/src/tb3_sim' with type 'ros.ament_python' and name 'tb3_sim'
[0.345s] Level 1:colcon.colcon_core.package_identification:_identify(/home/hassen/turtlebot3_ws/src/turtlebot3) by extensions ['ignore', 'ignore_ament_install']
[0.345s] Level 1:colcon.colcon_core.package_identification:_identify(/home/hassen/turtlebot3_ws/src/turtlebot3) by extension 'ignore'
[0.345s] Level 1:colcon.colcon_core.package_identification:_identify(/home/hassen/turtlebot3_ws/src/turtlebot3) by extension 'ignore_ament_install'
[0.345s] Level 1:colcon.colcon_core.package_identification:_identify(/home/hassen/turtlebot3_ws/src/turtlebot3) by extensions ['colcon_pkg']
[0.345s] Level 1:colcon.colcon_core.package_identification:_identify(/home/hassen/turtlebot3_ws/src/turtlebot3) by extension 'colcon_pkg'
[0.345s] Level 1:colcon.colcon_core.package_identification:_identify(/home/hassen/turtlebot3_ws/src/turtlebot3) by extensions ['colcon_meta']
[0.345s] Level 1:colcon.colcon_core.package_identification:_identify(/home/hassen/turtlebot3_ws/src/turtlebot3) by extension 'colcon_meta'
[0.345s] Level 1:colcon.colcon_core.package_identification:_identify(/home/hassen/turtlebot3_ws/src/turtlebot3) by extensions ['ros']
[0.345s] Level 1:colcon.colcon_core.package_identification:_identify(/home/hassen/turtlebot3_ws/src/turtlebot3) by extension 'ros'
[0.345s] Level 1:colcon.colcon_core.package_identification:_identify(/home/hassen/turtlebot3_ws/src/turtlebot3) by extensions ['cmake', 'python']
[0.345s] Level 1:colcon.colcon_core.package_identification:_identify(/home/hassen/turtlebot3_ws/src/turtlebot3) by extension 'cmake'
[0.345s] Level 1:colcon.colcon_core.package_identification:_identify(/home/hassen/turtlebot3_ws/src/turtlebot3) by extension 'python'
[0.345s] Level 1:colcon.colcon_core.package_identification:_identify(/home/hassen/turtlebot3_ws/src/turtlebot3) by extensions ['python_setup_py']
[0.345s] Level 1:colcon.colcon_core.package_identification:_identify(/home/hassen/turtlebot3_ws/src/turtlebot3) by extension 'python_setup_py'
[0.345s] Level 1:colcon.colcon_core.package_identification:_identify(/home/hassen/turtlebot3_ws/src/turtlebot3/turtlebot3) by extensions ['ignore', 'ignore_ament_install']
[0.345s] Level 1:colcon.colcon_core.package_identification:_identify(/home/hassen/turtlebot3_ws/src/turtlebot3/turtlebot3) by extension 'ignore'
[0.345s] Level 1:colcon.colcon_core.package_identification:_identify(/home/hassen/turtlebot3_ws/src/turtlebot3/turtlebot3) by extension 'ignore_ament_install'
[0.345s] Level 1:colcon.colcon_core.package_identification:_identify(/home/hassen/turtlebot3_ws/src/turtlebot3/turtlebot3) by extensions ['colcon_pkg']
[0.345s] Level 1:colcon.colcon_core.package_identification:_identify(/home/hassen/turtlebot3_ws/src/turtlebot3/turtlebot3) by extension 'colcon_pkg'
[0.345s] Level 1:colcon.colcon_core.package_identification:_identify(/home/hassen/turtlebot3_ws/src/turtlebot3/turtlebot3) by extensions ['colcon_meta']
[0.345s] Level 1:colcon.colcon_core.package_identification:_identify(/home/hassen/turtlebot3_ws/src/turtlebot3/turtlebot3) by extension 'colcon_meta'
[0.346s] Level 1:colcon.colcon_core.package_identification:_identify(/home/hassen/turtlebot3_ws/src/turtlebot3/turtlebot3) by extensions ['ros']
[0.346s] Level 1:colcon.colcon_core.package_identification:_identify(/home/hassen/turtlebot3_ws/src/turtlebot3/turtlebot3) by extension 'ros'
[0.346s] Level 1:colcon.colcon_core.package_identification:_identify(/home/hassen/turtlebot3_ws/src/turtlebot3/turtlebot3) by extensions ['cmake', 'python']
[0.346s] Level 1:colcon.colcon_core.package_identification:_identify(/home/hassen/turtlebot3_ws/src/turtlebot3/turtlebot3) by extension 'cmake'
[0.346s] Level 1:colcon.colcon_core.package_identification:_identify(/home/hassen/turtlebot3_ws/src/turtlebot3/turtlebot3) by extension 'python'
[0.346s] Level 1:colcon.colcon_core.package_identification:_identify(/home/hassen/turtlebot3_ws/src/turtlebot3/turtlebot3) by extensions ['python_setup_py']
[0.346s] Level 1:colcon.colcon_core.package_identification:_identify(/home/hassen/turtlebot3_ws/src/turtlebot3/turtlebot3) by extension 'python_setup_py'
[0.346s] Level 1:colcon.colcon_core.package_identification:_identify(/home/hassen/turtlebot3_ws/src/turtlebot3/turtlebot3/turtlebot3) by extensions ['ignore', 'ignore_ament_install']
[0.346s] Level 1:colcon.colcon_core.package_identification:_identify(/home/hassen/turtlebot3_ws/src/turtlebot3/turtlebot3/turtlebot3) by extension 'ignore'
[0.346s] Level 1:colcon.colcon_core.package_identification:_identify(/home/hassen/turtlebot3_ws/src/turtlebot3/turtlebot3/turtlebot3) by extension 'ignore_ament_install'
[0.346s] Level 1:colcon.colcon_core.package_identification:_identify(/home/hassen/turtlebot3_ws/src/turtlebot3/turtlebot3/turtlebot3) by extensions ['colcon_pkg']
[0.346s] Level 1:colcon.colcon_core.package_identification:_identify(/home/hassen/turtlebot3_ws/src/turtlebot3/turtlebot3/turtlebot3) by extension 'colcon_pkg'
[0.346s] Level 1:colcon.colcon_core.package_identification:_identify(/home/hassen/turtlebot3_ws/src/turtlebot3/turtlebot3/turtlebot3) by extensions ['colcon_meta']
[0.346s] Level 1:colcon.colcon_core.package_identification:_identify(/home/hassen/turtlebot3_ws/src/turtlebot3/turtlebot3/turtlebot3) by extension 'colcon_meta'
[0.346s] Level 1:colcon.colcon_core.package_identification:_identify(/home/hassen/turtlebot3_ws/src/turtlebot3/turtlebot3/turtlebot3) by extensions ['ros']
[0.346s] Level 1:colcon.colcon_core.package_identification:_identify(/home/hassen/turtlebot3_ws/src/turtlebot3/turtlebot3/turtlebot3) by extension 'ros'
[0.347s] DEBUG:colcon.colcon_core.package_identification:Package '/home/hassen/turtlebot3_ws/src/turtlebot3/turtlebot3/turtlebot3' with type 'ros.ament_cmake' and name 'turtlebot3'
[0.347s] Level 1:colcon.colcon_core.package_identification:_identify(/home/hassen/turtlebot3_ws/src/turtlebot3/turtlebot3/turtlebot3_bringup) by extensions ['ignore', 'ignore_ament_install']
[0.347s] Level 1:colcon.colcon_core.package_identification:_identify(/home/hassen/turtlebot3_ws/src/turtlebot3/turtlebot3/turtlebot3_bringup) by extension 'ignore'
[0.347s] Level 1:colcon.colcon_core.package_identification:_identify(/home/hassen/turtlebot3_ws/src/turtlebot3/turtlebot3/turtlebot3_bringup) by extension 'ignore_ament_install'
[0.347s] Level 1:colcon.colcon_core.package_identification:_identify(/home/hassen/turtlebot3_ws/src/turtlebot3/turtlebot3/turtlebot3_bringup) by extensions ['colcon_pkg']
[0.347s] Level 1:colcon.colcon_core.package_identification:_identify(/home/hassen/turtlebot3_ws/src/turtlebot3/turtlebot3/turtlebot3_bringup) by extension 'colcon_pkg'
[0.347s] Level 1:colcon.colcon_core.package_identification:_identify(/home/hassen/turtlebot3_ws/src/turtlebot3/turtlebot3/turtlebot3_bringup) by extensions ['colcon_meta']
[0.347s] Level 1:colcon.colcon_core.package_identification:_identify(/home/hassen/turtlebot3_ws/src/turtlebot3/turtlebot3/turtlebot3_bringup) by extension 'colcon_meta'
[0.347s] Level 1:colcon.colcon_core.package_identification:_identify(/home/hassen/turtlebot3_ws/src/turtlebot3/turtlebot3/turtlebot3_bringup) by extensions ['ros']
[0.347s] Level 1:colcon.colcon_core.package_identification:_identify(/home/hassen/turtlebot3_ws/src/turtlebot3/turtlebot3/turtlebot3_bringup) by extension 'ros'
[0.348s] DEBUG:colcon.colcon_core.package_identification:Package '/home/hassen/turtlebot3_ws/src/turtlebot3/turtlebot3/turtlebot3_bringup' with type 'ros.ament_cmake' and name 'turtlebot3_bringup'
[0.348s] Level 1:colcon.colcon_core.package_identification:_identify(/home/hassen/turtlebot3_ws/src/turtlebot3/turtlebot3/turtlebot3_cartographer) by extensions ['ignore', 'ignore_ament_install']
[0.348s] Level 1:colcon.colcon_core.package_identification:_identify(/home/hassen/turtlebot3_ws/src/turtlebot3/turtlebot3/turtlebot3_cartographer) by extension 'ignore'
[0.348s] Level 1:colcon.colcon_core.package_identification:_identify(/home/hassen/turtlebot3_ws/src/turtlebot3/turtlebot3/turtlebot3_cartographer) by extension 'ignore_ament_install'
[0.348s] Level 1:colcon.colcon_core.package_identification:_identify(/home/hassen/turtlebot3_ws/src/turtlebot3/turtlebot3/turtlebot3_cartographer) by extensions ['colcon_pkg']
[0.348s] Level 1:colcon.colcon_core.package_identification:_identify(/home/hassen/turtlebot3_ws/src/turtlebot3/turtlebot3/turtlebot3_cartographer) by extension 'colcon_pkg'
[0.348s] Level 1:colcon.colcon_core.package_identification:_identify(/home/hassen/turtlebot3_ws/src/turtlebot3/turtlebot3/turtlebot3_cartographer) by extensions ['colcon_meta']
[0.348s] Level 1:colcon.colcon_core.package_identification:_identify(/home/hassen/turtlebot3_ws/src/turtlebot3/turtlebot3/turtlebot3_cartographer) by extension 'colcon_meta'
[0.348s] Level 1:colcon.colcon_core.package_identification:_identify(/home/hassen/turtlebot3_ws/src/turtlebot3/turtlebot3/turtlebot3_cartographer) by extensions ['ros']
[0.348s] Level 1:colcon.colcon_core.package_identification:_identify(/home/hassen/turtlebot3_ws/src/turtlebot3/turtlebot3/turtlebot3_cartographer) by extension 'ros'
[0.349s] DEBUG:colcon.colcon_core.package_identification:Package '/home/hassen/turtlebot3_ws/src/turtlebot3/turtlebot3/turtlebot3_cartographer' with type 'ros.ament_cmake' and name 'turtlebot3_cartographer'
[0.349s] Level 1:colcon.colcon_core.package_identification:_identify(/home/hassen/turtlebot3_ws/src/turtlebot3/turtlebot3/turtlebot3_description) by extensions ['ignore', 'ignore_ament_install']
[0.349s] Level 1:colcon.colcon_core.package_identification:_identify(/home/hassen/turtlebot3_ws/src/turtlebot3/turtlebot3/turtlebot3_description) by extension 'ignore'
[0.349s] Level 1:colcon.colcon_core.package_identification:_identify(/home/hassen/turtlebot3_ws/src/turtlebot3/turtlebot3/turtlebot3_description) by extension 'ignore_ament_install'
[0.349s] Level 1:colcon.colcon_core.package_identification:_identify(/home/hassen/turtlebot3_ws/src/turtlebot3/turtlebot3/turtlebot3_description) by extensions ['colcon_pkg']
[0.349s] Level 1:colcon.colcon_core.package_identification:_identify(/home/hassen/turtlebot3_ws/src/turtlebot3/turtlebot3/turtlebot3_description) by extension 'colcon_pkg'
[0.349s] Level 1:colcon.colcon_core.package_identification:_identify(/home/hassen/turtlebot3_ws/src/turtlebot3/turtlebot3/turtlebot3_description) by extensions ['colcon_meta']
[0.349s] Level 1:colcon.colcon_core.package_identification:_identify(/home/hassen/turtlebot3_ws/src/turtlebot3/turtlebot3/turtlebot3_description) by extension 'colcon_meta'
[0.350s] Level 1:colcon.colcon_core.package_identification:_identify(/home/hassen/turtlebot3_ws/src/turtlebot3/turtlebot3/turtlebot3_description) by extensions ['ros']
[0.350s] Level 1:colcon.colcon_core.package_identification:_identify(/home/hassen/turtlebot3_ws/src/turtlebot3/turtlebot3/turtlebot3_description) by extension 'ros'
[0.350s] DEBUG:colcon.colcon_core.package_identification:Package '/home/hassen/turtlebot3_ws/src/turtlebot3/turtlebot3/turtlebot3_description' with type 'ros.ament_cmake' and name 'turtlebot3_description'
[0.350s] Level 1:colcon.colcon_core.package_identification:_identify(/home/hassen/turtlebot3_ws/src/turtlebot3/turtlebot3/turtlebot3_example) by extensions ['ignore', 'ignore_ament_install']
[0.350s] Level 1:colcon.colcon_core.package_identification:_identify(/home/hassen/turtlebot3_ws/src/turtlebot3/turtlebot3/turtlebot3_example) by extension 'ignore'
[0.350s] Level 1:colcon.colcon_core.package_identification:_identify(/home/hassen/turtlebot3_ws/src/turtlebot3/turtlebot3/turtlebot3_example) by extension 'ignore_ament_install'
[0.350s] Level 1:colcon.colcon_core.package_identification:_identify(/home/hassen/turtlebot3_ws/src/turtlebot3/turtlebot3/turtlebot3_example) by extensions ['colcon_pkg']
[0.350s] Level 1:colcon.colcon_core.package_identification:_identify(/home/hassen/turtlebot3_ws/src/turtlebot3/turtlebot3/turtlebot3_example) by extension 'colcon_pkg'
[0.350s] Level 1:colcon.colcon_core.package_identification:_identify(/home/hassen/turtlebot3_ws/src/turtlebot3/turtlebot3/turtlebot3_example) by extensions ['colcon_meta']
[0.350s] Level 1:colcon.colcon_core.package_identification:_identify(/home/hassen/turtlebot3_ws/src/turtlebot3/turtlebot3/turtlebot3_example) by extension 'colcon_meta'
[0.351s] Level 1:colcon.colcon_core.package_identification:_identify(/home/hassen/turtlebot3_ws/src/turtlebot3/turtlebot3/turtlebot3_example) by extensions ['ros']
[0.351s] Level 1:colcon.colcon_core.package_identification:_identify(/home/hassen/turtlebot3_ws/src/turtlebot3/turtlebot3/turtlebot3_example) by extension 'ros'
[0.352s] DEBUG:colcon.colcon_core.package_identification:Package '/home/hassen/turtlebot3_ws/src/turtlebot3/turtlebot3/turtlebot3_example' with type 'ros.ament_python' and name 'turtlebot3_example'
[0.352s] Level 1:colcon.colcon_core.package_identification:_identify(/home/hassen/turtlebot3_ws/src/turtlebot3/turtlebot3/turtlebot3_navigation2) by extensions ['ignore', 'ignore_ament_install']
[0.353s] Level 1:colcon.colcon_core.package_identification:_identify(/home/hassen/turtlebot3_ws/src/turtlebot3/turtlebot3/turtlebot3_navigation2) by extension 'ignore'
[0.353s] Level 1:colcon.colcon_core.package_identification:_identify(/home/hassen/turtlebot3_ws/src/turtlebot3/turtlebot3/turtlebot3_navigation2) by extension 'ignore_ament_install'
[0.353s] Level 1:colcon.colcon_core.package_identification:_identify(/home/hassen/turtlebot3_ws/src/turtlebot3/turtlebot3/turtlebot3_navigation2) by extensions ['colcon_pkg']
[0.353s] Level 1:colcon.colcon_core.package_identification:_identify(/home/hassen/turtlebot3_ws/src/turtlebot3/turtlebot3/turtlebot3_navigation2) by extension 'colcon_pkg'
[0.353s] Level 1:colcon.colcon_core.package_identification:_identify(/home/hassen/turtlebot3_ws/src/turtlebot3/turtlebot3/turtlebot3_navigation2) by extensions ['colcon_meta']
[0.353s] Level 1:colcon.colcon_core.package_identification:_identify(/home/hassen/turtlebot3_ws/src/turtlebot3/turtlebot3/turtlebot3_navigation2) by extension 'colcon_meta'
[0.353s] Level 1:colcon.colcon_core.package_identification:_identify(/home/hassen/turtlebot3_ws/src/turtlebot3/turtlebot3/turtlebot3_navigation2) by extensions ['ros']
[0.353s] Level 1:colcon.colcon_core.package_identification:_identify(/home/hassen/turtlebot3_ws/src/turtlebot3/turtlebot3/turtlebot3_navigation2) by extension 'ros'
[0.353s] DEBUG:colcon.colcon_core.package_identification:Package '/home/hassen/turtlebot3_ws/src/turtlebot3/turtlebot3/turtlebot3_navigation2' with type 'ros.ament_cmake' and name 'turtlebot3_navigation2'
[0.353s] Level 1:colcon.colcon_core.package_identification:_identify(/home/hassen/turtlebot3_ws/src/turtlebot3/turtlebot3/turtlebot3_node) by extensions ['ignore', 'ignore_ament_install']
[0.353s] Level 1:colcon.colcon_core.package_identification:_identify(/home/hassen/turtlebot3_ws/src/turtlebot3/turtlebot3/turtlebot3_node) by extension 'ignore'
[0.354s] Level 1:colcon.colcon_core.package_identification:_identify(/home/hassen/turtlebot3_ws/src/turtlebot3/turtlebot3/turtlebot3_node) by extension 'ignore_ament_install'
[0.354s] Level 1:colcon.colcon_core.package_identification:_identify(/home/hassen/turtlebot3_ws/src/turtlebot3/turtlebot3/turtlebot3_node) by extensions ['colcon_pkg']
[0.354s] Level 1:colcon.colcon_core.package_identification:_identify(/home/hassen/turtlebot3_ws/src/turtlebot3/turtlebot3/turtlebot3_node) by extension 'colcon_pkg'
[0.354s] Level 1:colcon.colcon_core.package_identification:_identify(/home/hassen/turtlebot3_ws/src/turtlebot3/turtlebot3/turtlebot3_node) by extensions ['colcon_meta']
[0.354s] Level 1:colcon.colcon_core.package_identification:_identify(/home/hassen/turtlebot3_ws/src/turtlebot3/turtlebot3/turtlebot3_node) by extension 'colcon_meta'
[0.354s] Level 1:colcon.colcon_core.package_identification:_identify(/home/hassen/turtlebot3_ws/src/turtlebot3/turtlebot3/turtlebot3_node) by extensions ['ros']
[0.354s] Level 1:colcon.colcon_core.package_identification:_identify(/home/hassen/turtlebot3_ws/src/turtlebot3/turtlebot3/turtlebot3_node) by extension 'ros'
[0.355s] DEBUG:colcon.colcon_core.package_identification:Package '/home/hassen/turtlebot3_ws/src/turtlebot3/turtlebot3/turtlebot3_node' with type 'ros.ament_cmake' and name 'turtlebot3_node'
[0.355s] Level 1:colcon.colcon_core.package_identification:_identify(/home/hassen/turtlebot3_ws/src/turtlebot3/turtlebot3/turtlebot3_teleop) by extensions ['ignore', 'ignore_ament_install']
[0.355s] Level 1:colcon.colcon_core.package_identification:_identify(/home/hassen/turtlebot3_ws/src/turtlebot3/turtlebot3/turtlebot3_teleop) by extension 'ignore'
[0.355s] Level 1:colcon.colcon_core.package_identification:_identify(/home/hassen/turtlebot3_ws/src/turtlebot3/turtlebot3/turtlebot3_teleop) by extension 'ignore_ament_install'
[0.355s] Level 1:colcon.colcon_core.package_identification:_identify(/home/hassen/turtlebot3_ws/src/turtlebot3/turtlebot3/turtlebot3_teleop) by extensions ['colcon_pkg']
[0.355s] Level 1:colcon.colcon_core.package_identification:_identify(/home/hassen/turtlebot3_ws/src/turtlebot3/turtlebot3/turtlebot3_teleop) by extension 'colcon_pkg'
[0.355s] Level 1:colcon.colcon_core.package_identification:_identify(/home/hassen/turtlebot3_ws/src/turtlebot3/turtlebot3/turtlebot3_teleop) by extensions ['colcon_meta']
[0.355s] Level 1:colcon.colcon_core.package_identification:_identify(/home/hassen/turtlebot3_ws/src/turtlebot3/turtlebot3/turtlebot3_teleop) by extension 'colcon_meta'
[0.356s] Level 1:colcon.colcon_core.package_identification:_identify(/home/hassen/turtlebot3_ws/src/turtlebot3/turtlebot3/turtlebot3_teleop) by extensions ['ros']
[0.356s] Level 1:colcon.colcon_core.package_identification:_identify(/home/hassen/turtlebot3_ws/src/turtlebot3/turtlebot3/turtlebot3_teleop) by extension 'ros'
[0.356s] DEBUG:colcon.colcon_core.package_identification:Package '/home/hassen/turtlebot3_ws/src/turtlebot3/turtlebot3/turtlebot3_teleop' with type 'ros.ament_python' and name 'turtlebot3_teleop'
[0.356s] Level 1:colcon.colcon_core.package_identification:_identify(/home/hassen/turtlebot3_ws/src/turtlebot3/turtlebot3_msgs) by extensions ['ignore', 'ignore_ament_install']
[0.356s] Level 1:colcon.colcon_core.package_identification:_identify(/home/hassen/turtlebot3_ws/src/turtlebot3/turtlebot3_msgs) by extension 'ignore'
[0.356s] Level 1:colcon.colcon_core.package_identification:_identify(/home/hassen/turtlebot3_ws/src/turtlebot3/turtlebot3_msgs) by extension 'ignore_ament_install'
[0.356s] Level 1:colcon.colcon_core.package_identification:_identify(/home/hassen/turtlebot3_ws/src/turtlebot3/turtlebot3_msgs) by extensions ['colcon_pkg']
[0.356s] Level 1:colcon.colcon_core.package_identification:_identify(/home/hassen/turtlebot3_ws/src/turtlebot3/turtlebot3_msgs) by extension 'colcon_pkg'
[0.356s] Level 1:colcon.colcon_core.package_identification:_identify(/home/hassen/turtlebot3_ws/src/turtlebot3/turtlebot3_msgs) by extensions ['colcon_meta']
[0.356s] Level 1:colcon.colcon_core.package_identification:_identify(/home/hassen/turtlebot3_ws/src/turtlebot3/turtlebot3_msgs) by extension 'colcon_meta'
[0.356s] Level 1:colcon.colcon_core.package_identification:_identify(/home/hassen/turtlebot3_ws/src/turtlebot3/turtlebot3_msgs) by extensions ['ros']
[0.356s] Level 1:colcon.colcon_core.package_identification:_identify(/home/hassen/turtlebot3_ws/src/turtlebot3/turtlebot3_msgs) by extension 'ros'
[0.357s] DEBUG:colcon.colcon_core.package_identification:Package '/home/hassen/turtlebot3_ws/src/turtlebot3/turtlebot3_msgs' with type 'ros.ament_cmake' and name 'turtlebot3_msgs'
[0.357s] Level 1:colcon.colcon_core.package_identification:_identify(/home/hassen/turtlebot3_ws/src/turtlebot3/turtlebot3_simulations) by extensions ['ignore', 'ignore_ament_install']
[0.358s] Level 1:colcon.colcon_core.package_identification:_identify(/home/hassen/turtlebot3_ws/src/turtlebot3/turtlebot3_simulations) by extension 'ignore'
[0.358s] Level 1:colcon.colcon_core.package_identification:_identify(/home/hassen/turtlebot3_ws/src/turtlebot3/turtlebot3_simulations) by extension 'ignore_ament_install'
[0.358s] Level 1:colcon.colcon_core.package_identification:_identify(/home/hassen/turtlebot3_ws/src/turtlebot3/turtlebot3_simulations) by extensions ['colcon_pkg']
[0.358s] Level 1:colcon.colcon_core.package_identification:_identify(/home/hassen/turtlebot3_ws/src/turtlebot3/turtlebot3_simulations) by extension 'colcon_pkg'
[0.358s] Level 1:colcon.colcon_core.package_identification:_identify(/home/hassen/turtlebot3_ws/src/turtlebot3/turtlebot3_simulations) by extensions ['colcon_meta']
[0.358s] Level 1:colcon.colcon_core.package_identification:_identify(/home/hassen/turtlebot3_ws/src/turtlebot3/turtlebot3_simulations) by extension 'colcon_meta'
[0.358s] Level 1:colcon.colcon_core.package_identification:_identify(/home/hassen/turtlebot3_ws/src/turtlebot3/turtlebot3_simulations) by extensions ['ros']
[0.358s] Level 1:colcon.colcon_core.package_identification:_identify(/home/hassen/turtlebot3_ws/src/turtlebot3/turtlebot3_simulations) by extension 'ros'
[0.358s] Level 1:colcon.colcon_core.package_identification:_identify(/home/hassen/turtlebot3_ws/src/turtlebot3/turtlebot3_simulations) by extensions ['cmake', 'python']
[0.358s] Level 1:colcon.colcon_core.package_identification:_identify(/home/hassen/turtlebot3_ws/src/turtlebot3/turtlebot3_simulations) by extension 'cmake'
[0.358s] Level 1:colcon.colcon_core.package_identification:_identify(/home/hassen/turtlebot3_ws/src/turtlebot3/turtlebot3_simulations) by extension 'python'
[0.358s] Level 1:colcon.colcon_core.package_identification:_identify(/home/hassen/turtlebot3_ws/src/turtlebot3/turtlebot3_simulations) by extensions ['python_setup_py']
[0.358s] Level 1:colcon.colcon_core.package_identification:_identify(/home/hassen/turtlebot3_ws/src/turtlebot3/turtlebot3_simulations) by extension 'python_setup_py'
[0.358s] Level 1:colcon.colcon_core.package_identification:_identify(/home/hassen/turtlebot3_ws/src/turtlebot3/turtlebot3_simulations/turtlebot3_fake_node) by extensions ['ignore', 'ignore_ament_install']
[0.358s] Level 1:colcon.colcon_core.package_identification:_identify(/home/hassen/turtlebot3_ws/src/turtlebot3/turtlebot3_simulations/turtlebot3_fake_node) by extension 'ignore'
[0.358s] Level 1:colcon.colcon_core.package_identification:_identify(/home/hassen/turtlebot3_ws/src/turtlebot3/turtlebot3_simulations/turtlebot3_fake_node) by extension 'ignore_ament_install'
[0.359s] Level 1:colcon.colcon_core.package_identification:_identify(/home/hassen/turtlebot3_ws/src/turtlebot3/turtlebot3_simulations/turtlebot3_fake_node) by extensions ['colcon_pkg']
[0.359s] Level 1:colcon.colcon_core.package_identification:_identify(/home/hassen/turtlebot3_ws/src/turtlebot3/turtlebot3_simulations/turtlebot3_fake_node) by extension 'colcon_pkg'
[0.359s] Level 1:colcon.colcon_core.package_identification:_identify(/home/hassen/turtlebot3_ws/src/turtlebot3/turtlebot3_simulations/turtlebot3_fake_node) by extensions ['colcon_meta']
[0.359s] Level 1:colcon.colcon_core.package_identification:_identify(/home/hassen/turtlebot3_ws/src/turtlebot3/turtlebot3_simulations/turtlebot3_fake_node) by extension 'colcon_meta'
[0.359s] Level 1:colcon.colcon_core.package_identification:_identify(/home/hassen/turtlebot3_ws/src/turtlebot3/turtlebot3_simulations/turtlebot3_fake_node) by extensions ['ros']
[0.359s] Level 1:colcon.colcon_core.package_identification:_identify(/home/hassen/turtlebot3_ws/src/turtlebot3/turtlebot3_simulations/turtlebot3_fake_node) by extension 'ros'
[0.360s] DEBUG:colcon.colcon_core.package_identification:Package '/home/hassen/turtlebot3_ws/src/turtlebot3/turtlebot3_simulations/turtlebot3_fake_node' with type 'ros.ament_cmake' and name 'turtlebot3_fake_node'
[0.360s] Level 1:colcon.colcon_core.package_identification:_identify(/home/hassen/turtlebot3_ws/src/turtlebot3/turtlebot3_simulations/turtlebot3_gazebo) by extensions ['ignore', 'ignore_ament_install']
[0.360s] Level 1:colcon.colcon_core.package_identification:_identify(/home/hassen/turtlebot3_ws/src/turtlebot3/turtlebot3_simulations/turtlebot3_gazebo) by extension 'ignore'
[0.360s] Level 1:colcon.colcon_core.package_identification:_identify(/home/hassen/turtlebot3_ws/src/turtlebot3/turtlebot3_simulations/turtlebot3_gazebo) by extension 'ignore_ament_install'
[0.360s] Level 1:colcon.colcon_core.package_identification:_identify(/home/hassen/turtlebot3_ws/src/turtlebot3/turtlebot3_simulations/turtlebot3_gazebo) by extensions ['colcon_pkg']
[0.360s] Level 1:colcon.colcon_core.package_identification:_identify(/home/hassen/turtlebot3_ws/src/turtlebot3/turtlebot3_simulations/turtlebot3_gazebo) by extension 'colcon_pkg'
[0.360s] Level 1:colcon.colcon_core.package_identification:_identify(/home/hassen/turtlebot3_ws/src/turtlebot3/turtlebot3_simulations/turtlebot3_gazebo) by extensions ['colcon_meta']
[0.360s] Level 1:colcon.colcon_core.package_identification:_identify(/home/hassen/turtlebot3_ws/src/turtlebot3/turtlebot3_simulations/turtlebot3_gazebo) by extension 'colcon_meta'
[0.360s] Level 1:colcon.colcon_core.package_identification:_identify(/home/hassen/turtlebot3_ws/src/turtlebot3/turtlebot3_simulations/turtlebot3_gazebo) by extensions ['ros']
[0.360s] Level 1:colcon.colcon_core.package_identification:_identify(/home/hassen/turtlebot3_ws/src/turtlebot3/turtlebot3_simulations/turtlebot3_gazebo) by extension 'ros'
[0.361s] DEBUG:colcon.colcon_core.package_identification:Package '/home/hassen/turtlebot3_ws/src/turtlebot3/turtlebot3_simulations/turtlebot3_gazebo' with type 'ros.ament_cmake' and name 'turtlebot3_gazebo'
[0.361s] Level 1:colcon.colcon_core.package_identification:_identify(/home/hassen/turtlebot3_ws/src/turtlebot3/turtlebot3_simulations/turtlebot3_simulations) by extensions ['ignore', 'ignore_ament_install']
[0.361s] Level 1:colcon.colcon_core.package_identification:_identify(/home/hassen/turtlebot3_ws/src/turtlebot3/turtlebot3_simulations/turtlebot3_simulations) by extension 'ignore'
[0.361s] Level 1:colcon.colcon_core.package_identification:_identify(/home/hassen/turtlebot3_ws/src/turtlebot3/turtlebot3_simulations/turtlebot3_simulations) by extension 'ignore_ament_install'
[0.361s] Level 1:colcon.colcon_core.package_identification:_identify(/home/hassen/turtlebot3_ws/src/turtlebot3/turtlebot3_simulations/turtlebot3_simulations) by extensions ['colcon_pkg']
[0.361s] Level 1:colcon.colcon_core.package_identification:_identify(/home/hassen/turtlebot3_ws/src/turtlebot3/turtlebot3_simulations/turtlebot3_simulations) by extension 'colcon_pkg'
[0.362s] Level 1:colcon.colcon_core.package_identification:_identify(/home/hassen/turtlebot3_ws/src/turtlebot3/turtlebot3_simulations/turtlebot3_simulations) by extensions ['colcon_meta']
[0.362s] Level 1:colcon.colcon_core.package_identification:_identify(/home/hassen/turtlebot3_ws/src/turtlebot3/turtlebot3_simulations/turtlebot3_simulations) by extension 'colcon_meta'
[0.362s] Level 1:colcon.colcon_core.package_identification:_identify(/home/hassen/turtlebot3_ws/src/turtlebot3/turtlebot3_simulations/turtlebot3_simulations) by extensions ['ros']
[0.362s] Level 1:colcon.colcon_core.package_identification:_identify(/home/hassen/turtlebot3_ws/src/turtlebot3/turtlebot3_simulations/turtlebot3_simulations) by extension 'ros'
[0.362s] DEBUG:colcon.colcon_core.package_identification:Package '/home/hassen/turtlebot3_ws/src/turtlebot3/turtlebot3_simulations/turtlebot3_simulations' with type 'ros.ament_cmake' and name 'turtlebot3_simulations'
[0.362s] Level 1:colcon.colcon_core.package_identification:_identify(/home/hassen/turtlebot3_ws/src/utils) by extensions ['ignore', 'ignore_ament_install']
[0.362s] Level 1:colcon.colcon_core.package_identification:_identify(/home/hassen/turtlebot3_ws/src/utils) by extension 'ignore'
[0.362s] Level 1:colcon.colcon_core.package_identification:_identify(/home/hassen/turtlebot3_ws/src/utils) by extension 'ignore_ament_install'
[0.362s] Level 1:colcon.colcon_core.package_identification:_identify(/home/hassen/turtlebot3_ws/src/utils) by extensions ['colcon_pkg']
[0.362s] Level 1:colcon.colcon_core.package_identification:_identify(/home/hassen/turtlebot3_ws/src/utils) by extension 'colcon_pkg'
[0.362s] Level 1:colcon.colcon_core.package_identification:_identify(/home/hassen/turtlebot3_ws/src/utils) by extensions ['colcon_meta']
[0.362s] Level 1:colcon.colcon_core.package_identification:_identify(/home/hassen/turtlebot3_ws/src/utils) by extension 'colcon_meta'
[0.363s] Level 1:colcon.colcon_core.package_identification:_identify(/home/hassen/turtlebot3_ws/src/utils) by extensions ['ros']
[0.363s] Level 1:colcon.colcon_core.package_identification:_identify(/home/hassen/turtlebot3_ws/src/utils) by extension 'ros'
[0.363s] Level 1:colcon.colcon_core.package_identification:_identify(/home/hassen/turtlebot3_ws/src/utils) by extensions ['cmake', 'python']
[0.363s] Level 1:colcon.colcon_core.package_identification:_identify(/home/hassen/turtlebot3_ws/src/utils) by extension 'cmake'
[0.363s] Level 1:colcon.colcon_core.package_identification:_identify(/home/hassen/turtlebot3_ws/src/utils) by extension 'python'
[0.363s] Level 1:colcon.colcon_core.package_identification:_identify(/home/hassen/turtlebot3_ws/src/utils) by extensions ['python_setup_py']
[0.363s] Level 1:colcon.colcon_core.package_identification:_identify(/home/hassen/turtlebot3_ws/src/utils) by extension 'python_setup_py'
[0.363s] Level 1:colcon.colcon_core.package_identification:_identify(/home/hassen/turtlebot3_ws/src/utils/DynamixelSDK) by extensions ['ignore', 'ignore_ament_install']
[0.363s] Level 1:colcon.colcon_core.package_identification:_identify(/home/hassen/turtlebot3_ws/src/utils/DynamixelSDK) by extension 'ignore'
[0.363s] Level 1:colcon.colcon_core.package_identification:_identify(/home/hassen/turtlebot3_ws/src/utils/DynamixelSDK) by extension 'ignore_ament_install'
[0.363s] Level 1:colcon.colcon_core.package_identification:_identify(/home/hassen/turtlebot3_ws/src/utils/DynamixelSDK) by extensions ['colcon_pkg']
[0.363s] Level 1:colcon.colcon_core.package_identification:_identify(/home/hassen/turtlebot3_ws/src/utils/DynamixelSDK) by extension 'colcon_pkg'
[0.363s] Level 1:colcon.colcon_core.package_identification:_identify(/home/hassen/turtlebot3_ws/src/utils/DynamixelSDK) by extensions ['colcon_meta']
[0.363s] Level 1:colcon.colcon_core.package_identification:_identify(/home/hassen/turtlebot3_ws/src/utils/DynamixelSDK) by extension 'colcon_meta'
[0.363s] Level 1:colcon.colcon_core.package_identification:_identify(/home/hassen/turtlebot3_ws/src/utils/DynamixelSDK) by extensions ['ros']
[0.363s] Level 1:colcon.colcon_core.package_identification:_identify(/home/hassen/turtlebot3_ws/src/utils/DynamixelSDK) by extension 'ros'
[0.363s] Level 1:colcon.colcon_core.package_identification:_identify(/home/hassen/turtlebot3_ws/src/utils/DynamixelSDK) by extensions ['cmake', 'python']
[0.363s] Level 1:colcon.colcon_core.package_identification:_identify(/home/hassen/turtlebot3_ws/src/utils/DynamixelSDK) by extension 'cmake'
[0.364s] Level 1:colcon.colcon_core.package_identification:_identify(/home/hassen/turtlebot3_ws/src/utils/DynamixelSDK) by extension 'python'
[0.364s] Level 1:colcon.colcon_core.package_identification:_identify(/home/hassen/turtlebot3_ws/src/utils/DynamixelSDK) by extensions ['python_setup_py']
[0.364s] Level 1:colcon.colcon_core.package_identification:_identify(/home/hassen/turtlebot3_ws/src/utils/DynamixelSDK) by extension 'python_setup_py'
[0.364s] Level 1:colcon.colcon_core.package_identification:_identify(/home/hassen/turtlebot3_ws/src/utils/DynamixelSDK/dynamixel_sdk) by extensions ['ignore', 'ignore_ament_install']
[0.364s] Level 1:colcon.colcon_core.package_identification:_identify(/home/hassen/turtlebot3_ws/src/utils/DynamixelSDK/dynamixel_sdk) by extension 'ignore'
[0.364s] Level 1:colcon.colcon_core.package_identification:_identify(/home/hassen/turtlebot3_ws/src/utils/DynamixelSDK/dynamixel_sdk) by extension 'ignore_ament_install'
[0.364s] Level 1:colcon.colcon_core.package_identification:_identify(/home/hassen/turtlebot3_ws/src/utils/DynamixelSDK/dynamixel_sdk) by extensions ['colcon_pkg']
[0.364s] Level 1:colcon.colcon_core.package_identification:_identify(/home/hassen/turtlebot3_ws/src/utils/DynamixelSDK/dynamixel_sdk) by extension 'colcon_pkg'
[0.364s] Level 1:colcon.colcon_core.package_identification:_identify(/home/hassen/turtlebot3_ws/src/utils/DynamixelSDK/dynamixel_sdk) by extensions ['colcon_meta']
[0.364s] Level 1:colcon.colcon_core.package_identification:_identify(/home/hassen/turtlebot3_ws/src/utils/DynamixelSDK/dynamixel_sdk) by extension 'colcon_meta'
[0.364s] Level 1:colcon.colcon_core.package_identification:_identify(/home/hassen/turtlebot3_ws/src/utils/DynamixelSDK/dynamixel_sdk) by extensions ['ros']
[0.364s] Level 1:colcon.colcon_core.package_identification:_identify(/home/hassen/turtlebot3_ws/src/utils/DynamixelSDK/dynamixel_sdk) by extension 'ros'
[0.365s] DEBUG:colcon.colcon_core.package_identification:Package '/home/hassen/turtlebot3_ws/src/utils/DynamixelSDK/dynamixel_sdk' with type 'ros.ament_cmake' and name 'dynamixel_sdk'
[0.365s] Level 1:colcon.colcon_core.package_identification:_identify(/home/hassen/turtlebot3_ws/src/utils/DynamixelSDK/dynamixel_sdk_custom_interfaces) by extensions ['ignore', 'ignore_ament_install']
[0.365s] Level 1:colcon.colcon_core.package_identification:_identify(/home/hassen/turtlebot3_ws/src/utils/DynamixelSDK/dynamixel_sdk_custom_interfaces) by extension 'ignore'
[0.365s] Level 1:colcon.colcon_core.package_identification:_identify(/home/hassen/turtlebot3_ws/src/utils/DynamixelSDK/dynamixel_sdk_custom_interfaces) by extension 'ignore_ament_install'
[0.365s] Level 1:colcon.colcon_core.package_identification:_identify(/home/hassen/turtlebot3_ws/src/utils/DynamixelSDK/dynamixel_sdk_custom_interfaces) by extensions ['colcon_pkg']
[0.365s] Level 1:colcon.colcon_core.package_identification:_identify(/home/hassen/turtlebot3_ws/src/utils/DynamixelSDK/dynamixel_sdk_custom_interfaces) by extension 'colcon_pkg'
[0.365s] Level 1:colcon.colcon_core.package_identification:_identify(/home/hassen/turtlebot3_ws/src/utils/DynamixelSDK/dynamixel_sdk_custom_interfaces) by extensions ['colcon_meta']
[0.365s] Level 1:colcon.colcon_core.package_identification:_identify(/home/hassen/turtlebot3_ws/src/utils/DynamixelSDK/dynamixel_sdk_custom_interfaces) by extension 'colcon_meta'
[0.365s] Level 1:colcon.colcon_core.package_identification:_identify(/home/hassen/turtlebot3_ws/src/utils/DynamixelSDK/dynamixel_sdk_custom_interfaces) by extensions ['ros']
[0.365s] Level 1:colcon.colcon_core.package_identification:_identify(/home/hassen/turtlebot3_ws/src/utils/DynamixelSDK/dynamixel_sdk_custom_interfaces) by extension 'ros'
[0.366s] DEBUG:colcon.colcon_core.package_identification:Package '/home/hassen/turtlebot3_ws/src/utils/DynamixelSDK/dynamixel_sdk_custom_interfaces' with type 'ros.ament_cmake' and name 'dynamixel_sdk_custom_interfaces'
[0.366s] Level 1:colcon.colcon_core.package_identification:_identify(/home/hassen/turtlebot3_ws/src/utils/DynamixelSDK/dynamixel_sdk_examples) by extensions ['ignore', 'ignore_ament_install']
[0.366s] Level 1:colcon.colcon_core.package_identification:_identify(/home/hassen/turtlebot3_ws/src/utils/DynamixelSDK/dynamixel_sdk_examples) by extension 'ignore'
[0.366s] Level 1:colcon.colcon_core.package_identification:_identify(/home/hassen/turtlebot3_ws/src/utils/DynamixelSDK/dynamixel_sdk_examples) by extension 'ignore_ament_install'
[0.366s] Level 1:colcon.colcon_core.package_identification:_identify(/home/hassen/turtlebot3_ws/src/utils/DynamixelSDK/dynamixel_sdk_examples) by extensions ['colcon_pkg']
[0.366s] Level 1:colcon.colcon_core.package_identification:_identify(/home/hassen/turtlebot3_ws/src/utils/DynamixelSDK/dynamixel_sdk_examples) by extension 'colcon_pkg'
[0.366s] Level 1:colcon.colcon_core.package_identification:_identify(/home/hassen/turtlebot3_ws/src/utils/DynamixelSDK/dynamixel_sdk_examples) by extensions ['colcon_meta']
[0.366s] Level 1:colcon.colcon_core.package_identification:_identify(/home/hassen/turtlebot3_ws/src/utils/DynamixelSDK/dynamixel_sdk_examples) by extension 'colcon_meta'
[0.366s] Level 1:colcon.colcon_core.package_identification:_identify(/home/hassen/turtlebot3_ws/src/utils/DynamixelSDK/dynamixel_sdk_examples) by extensions ['ros']
[0.366s] Level 1:colcon.colcon_core.package_identification:_identify(/home/hassen/turtlebot3_ws/src/utils/DynamixelSDK/dynamixel_sdk_examples) by extension 'ros'
[0.367s] DEBUG:colcon.colcon_core.package_identification:Package '/home/hassen/turtlebot3_ws/src/utils/DynamixelSDK/dynamixel_sdk_examples' with type 'ros.ament_cmake' and name 'dynamixel_sdk_examples'
[0.367s] Level 1:colcon.colcon_core.package_identification:_identify(/home/hassen/turtlebot3_ws/src/utils/hls_lfcd_lds_driver) by extensions ['ignore', 'ignore_ament_install']
[0.367s] Level 1:colcon.colcon_core.package_identification:_identify(/home/hassen/turtlebot3_ws/src/utils/hls_lfcd_lds_driver) by extension 'ignore'
[0.367s] Level 1:colcon.colcon_core.package_identification:_identify(/home/hassen/turtlebot3_ws/src/utils/hls_lfcd_lds_driver) by extension 'ignore_ament_install'
[0.367s] Level 1:colcon.colcon_core.package_identification:_identify(/home/hassen/turtlebot3_ws/src/utils/hls_lfcd_lds_driver) by extensions ['colcon_pkg']
[0.367s] Level 1:colcon.colcon_core.package_identification:_identify(/home/hassen/turtlebot3_ws/src/utils/hls_lfcd_lds_driver) by extension 'colcon_pkg'
[0.367s] Level 1:colcon.colcon_core.package_identification:_identify(/home/hassen/turtlebot3_ws/src/utils/hls_lfcd_lds_driver) by extensions ['colcon_meta']
[0.367s] Level 1:colcon.colcon_core.package_identification:_identify(/home/hassen/turtlebot3_ws/src/utils/hls_lfcd_lds_driver) by extension 'colcon_meta'
[0.367s] Level 1:colcon.colcon_core.package_identification:_identify(/home/hassen/turtlebot3_ws/src/utils/hls_lfcd_lds_driver) by extensions ['ros']
[0.367s] Level 1:colcon.colcon_core.package_identification:_identify(/home/hassen/turtlebot3_ws/src/utils/hls_lfcd_lds_driver) by extension 'ros'
[0.368s] DEBUG:colcon.colcon_core.package_identification:Package '/home/hassen/turtlebot3_ws/src/utils/hls_lfcd_lds_driver' with type 'ros.ament_cmake' and name 'hls_lfcd_lds_driver'
[0.368s] Level 1:colcon.colcon_core.package_discovery:discover_packages(recursive) using defaults
