[0.621s] Invoking command in '/home/hassen/turtlebot3_ws/build/yolobot_description': CMAKE_PREFIX_PATH=${CMAKE_PREFIX_PATH}:/home/hassen/turtlebot3_ws/install/turtlebot3_teleop:/home/hassen/turtlebot3_ws/install/turtlebot3_example:/home/hassen/turtlebot3_ws/install/tb3_sim:/opt/ros/humble /usr/bin/cmake /home/hassen/turtlebot3_ws/src/yolobot_description -DCMAKE_INSTALL_PREFIX=/home/hassen/turtlebot3_ws/install/yolobot_description
[1.007s] -- The C compiler identification is GNU 11.4.0
[1.337s] -- The CXX compiler identification is GNU 11.4.0
[1.352s] -- Detecting C compiler ABI info
[1.467s] -- Detecting C compiler ABI info - done
[1.474s] -- Check for working C compiler: /usr/bin/cc - skipped
[1.475s] -- Detecting C compile features
[1.476s] -- Detecting C compile features - done
[1.484s] -- Detecting CXX compiler ABI info
[1.583s] -- Detecting CXX compiler ABI info - done
[1.589s] -- Check for working CXX compiler: /usr/bin/c++ - skipped
[1.589s] -- Detecting CXX compile features
[1.589s] -- Detecting CXX compile features - done
[1.600s] -- Found ament_cmake: 1.3.8 (/opt/ros/humble/share/ament_cmake/cmake)
[1.788s] -- Found Python3: /usr/bin/python3 (found version "3.10.12") found components: Interpreter 
[2.051s] -- Found urdf: 2.6.0 (/opt/ros/humble/share/urdf/cmake)
[2.226s] -- Found ament_lint_auto: 0.12.10 (/opt/ros/humble/share/ament_lint_auto/cmake)
[2.338s] -- Added test 'copyright' to check source files copyright and LICENSE
[2.341s] -- Added test 'flake8' to check Python code syntax and style conventions
[2.342s] -- Added test 'lint_cmake' to check CMake code style
[2.344s] -- Added test 'pep257' to check Python code against some of the docstring style conventions in PEP 257
[2.345s] -- Added test 'xmllint' to check XML markup files
[2.347s] -- Configuring done
[2.351s] -- Generating done
[2.352s] -- Build files have been written to: /home/hassen/turtlebot3_ws/build/yolobot_description
[2.364s] Invoked command in '/home/hassen/turtlebot3_ws/build/yolobot_description' returned '0': CMAKE_PREFIX_PATH=${CMAKE_PREFIX_PATH}:/home/hassen/turtlebot3_ws/install/turtlebot3_teleop:/home/hassen/turtlebot3_ws/install/turtlebot3_example:/home/hassen/turtlebot3_ws/install/tb3_sim:/opt/ros/humble /usr/bin/cmake /home/hassen/turtlebot3_ws/src/yolobot_description -DCMAKE_INSTALL_PREFIX=/home/hassen/turtlebot3_ws/install/yolobot_description
[2.366s] Invoking command in '/home/hassen/turtlebot3_ws/build/yolobot_description': CMAKE_PREFIX_PATH=${CMAKE_PREFIX_PATH}:/home/hassen/turtlebot3_ws/install/turtlebot3_teleop:/home/hassen/turtlebot3_ws/install/turtlebot3_example:/home/hassen/turtlebot3_ws/install/tb3_sim:/opt/ros/humble /usr/bin/cmake --build /home/hassen/turtlebot3_ws/build/yolobot_description -- -j12 -l12
[2.408s] Invoked command in '/home/hassen/turtlebot3_ws/build/yolobot_description' returned '0': CMAKE_PREFIX_PATH=${CMAKE_PREFIX_PATH}:/home/hassen/turtlebot3_ws/install/turtlebot3_teleop:/home/hassen/turtlebot3_ws/install/turtlebot3_example:/home/hassen/turtlebot3_ws/install/tb3_sim:/opt/ros/humble /usr/bin/cmake --build /home/hassen/turtlebot3_ws/build/yolobot_description -- -j12 -l12
[2.433s] Invoking command in '/home/hassen/turtlebot3_ws/build/yolobot_description': CMAKE_PREFIX_PATH=${CMAKE_PREFIX_PATH}:/home/hassen/turtlebot3_ws/install/turtlebot3_teleop:/home/hassen/turtlebot3_ws/install/turtlebot3_example:/home/hassen/turtlebot3_ws/install/tb3_sim:/opt/ros/humble /usr/bin/cmake --install /home/hassen/turtlebot3_ws/build/yolobot_description
[2.441s] -- Install configuration: ""
[2.442s] -- Installing: /home/hassen/turtlebot3_ws/install/yolobot_description/share/yolobot_description//launch
[2.442s] -- Installing: /home/hassen/turtlebot3_ws/install/yolobot_description/share/yolobot_description//launch/spawn_yolobot.py
[2.442s] -- Installing: /home/hassen/turtlebot3_ws/install/yolobot_description/share/yolobot_description//launch/spawn_yolobot_launch.launch.py
[2.442s] -- Installing: /home/hassen/turtlebot3_ws/install/yolobot_description/share/yolobot_description//robot
[2.442s] -- Installing: /home/hassen/turtlebot3_ws/install/yolobot_description/share/yolobot_description//robot/yolobot.urdf
[2.442s] -- Installing: /home/hassen/turtlebot3_ws/install/yolobot_description/lib/yolobot_description/spawn_yolobot.py
[2.442s] -- Installing: /home/hassen/turtlebot3_ws/install/yolobot_description/share/ament_index/resource_index/package_run_dependencies/yolobot_description
[2.443s] -- Installing: /home/hassen/turtlebot3_ws/install/yolobot_description/share/ament_index/resource_index/parent_prefix_path/yolobot_description
[2.443s] -- Installing: /home/hassen/turtlebot3_ws/install/yolobot_description/share/yolobot_description/environment/ament_prefix_path.sh
[2.443s] -- Installing: /home/hassen/turtlebot3_ws/install/yolobot_description/share/yolobot_description/environment/ament_prefix_path.dsv
[2.444s] -- Installing: /home/hassen/turtlebot3_ws/install/yolobot_description/share/yolobot_description/environment/path.sh
[2.444s] -- Installing: /home/hassen/turtlebot3_ws/install/yolobot_description/share/yolobot_description/environment/path.dsv
[2.444s] -- Installing: /home/hassen/turtlebot3_ws/install/yolobot_description/share/yolobot_description/local_setup.bash
[2.444s] -- Installing: /home/hassen/turtlebot3_ws/install/yolobot_description/share/yolobot_description/local_setup.sh
[2.444s] -- Installing: /home/hassen/turtlebot3_ws/install/yolobot_description/share/yolobot_description/local_setup.zsh
[2.444s] -- Installing: /home/hassen/turtlebot3_ws/install/yolobot_description/share/yolobot_description/local_setup.dsv
[2.444s] -- Installing: /home/hassen/turtlebot3_ws/install/yolobot_description/share/yolobot_description/package.dsv
[2.445s] -- Installing: /home/hassen/turtlebot3_ws/install/yolobot_description/share/ament_index/resource_index/packages/yolobot_description
[2.445s] -- Installing: /home/hassen/turtlebot3_ws/install/yolobot_description/share/yolobot_description/cmake/yolobot_descriptionConfig.cmake
[2.445s] -- Installing: /home/hassen/turtlebot3_ws/install/yolobot_description/share/yolobot_description/cmake/yolobot_descriptionConfig-version.cmake
[2.445s] -- Installing: /home/hassen/turtlebot3_ws/install/yolobot_description/share/yolobot_description/package.xml
[2.447s] Invoked command in '/home/hassen/turtlebot3_ws/build/yolobot_description' returned '0': CMAKE_PREFIX_PATH=${CMAKE_PREFIX_PATH}:/home/hassen/turtlebot3_ws/install/turtlebot3_teleop:/home/hassen/turtlebot3_ws/install/turtlebot3_example:/home/hassen/turtlebot3_ws/install/tb3_sim:/opt/ros/humble /usr/bin/cmake --install /home/hassen/turtlebot3_ws/build/yolobot_description
