[0.032s] Invoking command in '/home/hassen/turtlebot3_ws/build/turtlebot3_cartographer': CMAKE_PREFIX_PATH=/opt/ros/humble /usr/bin/cmake --build /home/hassen/turtlebot3_ws/build/turtlebot3_cartographer -- -j12 -l12
[0.566s] Invoked command in '/home/hassen/turtlebot3_ws/build/turtlebot3_cartographer' returned '0': CMAKE_PREFIX_PATH=/opt/ros/humble /usr/bin/cmake --build /home/hassen/turtlebot3_ws/build/turtlebot3_cartographer -- -j12 -l12
[0.607s] Invoking command in '/home/hassen/turtlebot3_ws/build/turtlebot3_cartographer': CMAKE_PREFIX_PATH=/opt/ros/humble /usr/bin/cmake --install /home/hassen/turtlebot3_ws/build/turtlebot3_cartographer
[0.617s] -- Install configuration: ""
[0.617s] -- Execute custom install script
[0.618s] -- Up-to-date symlink: /home/hassen/turtlebot3_ws/install/turtlebot3_cartographer/share/turtlebot3_cartographer/config/turtlebot3_lds_2d.lua
[0.618s] -- Up-to-date symlink: /home/hassen/turtlebot3_ws/install/turtlebot3_cartographer/share/turtlebot3_cartographer/launch/cartographer.launch.py
[0.618s] -- Up-to-date symlink: /home/hassen/turtlebot3_ws/install/turtlebot3_cartographer/share/turtlebot3_cartographer/launch/occupancy_grid.launch.py
[0.619s] -- Up-to-date symlink: /home/hassen/turtlebot3_ws/install/turtlebot3_cartographer/share/turtlebot3_cartographer/rviz/tb3_cartographer.rviz
[0.620s] -- Up-to-date symlink: /home/hassen/turtlebot3_ws/install/turtlebot3_cartographer/share/ament_index/resource_index/package_run_dependencies/turtlebot3_cartographer
[0.620s] -- Up-to-date symlink: /home/hassen/turtlebot3_ws/install/turtlebot3_cartographer/share/ament_index/resource_index/parent_prefix_path/turtlebot3_cartographer
[0.620s] -- Up-to-date symlink: /home/hassen/turtlebot3_ws/install/turtlebot3_cartographer/share/turtlebot3_cartographer/environment/ament_prefix_path.sh
[0.620s] -- Up-to-date symlink: /home/hassen/turtlebot3_ws/install/turtlebot3_cartographer/share/turtlebot3_cartographer/environment/ament_prefix_path.dsv
[0.621s] -- Up-to-date symlink: /home/hassen/turtlebot3_ws/install/turtlebot3_cartographer/share/turtlebot3_cartographer/environment/path.sh
[0.621s] -- Up-to-date symlink: /home/hassen/turtlebot3_ws/install/turtlebot3_cartographer/share/turtlebot3_cartographer/environment/path.dsv
[0.622s] -- Up-to-date symlink: /home/hassen/turtlebot3_ws/install/turtlebot3_cartographer/share/turtlebot3_cartographer/local_setup.bash
[0.622s] -- Up-to-date symlink: /home/hassen/turtlebot3_ws/install/turtlebot3_cartographer/share/turtlebot3_cartographer/local_setup.sh
[0.622s] -- Up-to-date symlink: /home/hassen/turtlebot3_ws/install/turtlebot3_cartographer/share/turtlebot3_cartographer/local_setup.zsh
[0.622s] -- Up-to-date symlink: /home/hassen/turtlebot3_ws/install/turtlebot3_cartographer/share/turtlebot3_cartographer/local_setup.dsv
[0.622s] -- Symlinking: /home/hassen/turtlebot3_ws/install/turtlebot3_cartographer/share/turtlebot3_cartographer/package.dsv
[0.633s] -- Up-to-date symlink: /home/hassen/turtlebot3_ws/install/turtlebot3_cartographer/share/ament_index/resource_index/packages/turtlebot3_cartographer
[0.633s] -- Up-to-date symlink: /home/hassen/turtlebot3_ws/install/turtlebot3_cartographer/share/turtlebot3_cartographer/cmake/turtlebot3_cartographerConfig.cmake
[0.633s] -- Up-to-date symlink: /home/hassen/turtlebot3_ws/install/turtlebot3_cartographer/share/turtlebot3_cartographer/cmake/turtlebot3_cartographerConfig-version.cmake
[0.633s] -- Up-to-date symlink: /home/hassen/turtlebot3_ws/install/turtlebot3_cartographer/share/turtlebot3_cartographer/package.xml
[0.651s] Invoked command in '/home/hassen/turtlebot3_ws/build/turtlebot3_cartographer' returned '0': CMAKE_PREFIX_PATH=/opt/ros/humble /usr/bin/cmake --install /home/hassen/turtlebot3_ws/build/turtlebot3_cartographer
