[0.015s] Invoking command in '/home/hassen/turtlebot3_ws/build/dynamixel_sdk_examples': AMENT_PREFIX_PATH=/home/hassen/turtlebot3_ws/install/dynamixel_sdk_custom_interfaces:/home/hassen/turtlebot3_ws/install/dynamixel_sdk:${AMENT_PREFIX_PATH} CMAKE_PREFIX_PATH=/home/hassen/turtlebot3_ws/install/dynamixel_sdk_custom_interfaces:/home/hassen/turtlebot3_ws/install/dynamixel_sdk:/opt/ros/humble LD_LIBRARY_PATH=/home/hassen/turtlebot3_ws/install/dynamixel_sdk_custom_interfaces/lib:/home/hassen/turtlebot3_ws/install/dynamixel_sdk/lib:${LD_LIBRARY_PATH} PYTHONPATH=/home/hassen/turtlebot3_ws/install/dynamixel_sdk_custom_interfaces/local/lib/python3.10/dist-packages:${PYTHONPATH} /usr/bin/cmake /home/hassen/turtlebot3_ws/src/utils/DynamixelSDK/dynamixel_sdk_examples -DAMENT_CMAKE_SYMLINK_INSTALL=1 -DCMAKE_INSTALL_PREFIX=/home/hassen/turtlebot3_ws/install/dynamixel_sdk_examples
[0.074s] -- The C compiler identification is GNU 11.4.0
[0.128s] -- The CXX compiler identification is GNU 11.4.0
[0.136s] -- Detecting C compiler ABI info
[0.218s] -- Detecting C compiler ABI info - done
[0.229s] -- Check for working C compiler: /usr/bin/cc - skipped
[0.229s] -- Detecting C compile features
[0.230s] -- Detecting C compile features - done
[0.234s] -- Detecting CXX compiler ABI info
[0.317s] -- Detecting CXX compiler ABI info - done
[0.327s] -- Check for working CXX compiler: /usr/bin/c++ - skipped
[0.328s] -- Detecting CXX compile features
[0.328s] -- Detecting CXX compile features - done
[0.332s] -- Found ament_cmake: 1.3.8 (/opt/ros/humble/share/ament_cmake/cmake)
[0.475s] -- Found Python3: /usr/bin/python3 (found version "3.10.12") found components: Interpreter 
[0.522s] -- Override CMake install command with custom implementation using symlinks instead of copying resources
[0.553s] -- Found dynamixel_sdk: 3.7.60 (/home/hassen/turtlebot3_ws/install/dynamixel_sdk/share/dynamixel_sdk/cmake)
[0.555s] -- Found dynamixel_sdk_custom_interfaces: 3.7.60 (/home/hassen/turtlebot3_ws/install/dynamixel_sdk_custom_interfaces/share/dynamixel_sdk_custom_interfaces/cmake)
[0.593s] -- Found rosidl_generator_c: 3.1.5 (/opt/ros/humble/share/rosidl_generator_c/cmake)
[0.598s] -- Found rosidl_adapter: 3.1.5 (/opt/ros/humble/share/rosidl_adapter/cmake)
[0.607s] -- Found rosidl_generator_cpp: 3.1.5 (/opt/ros/humble/share/rosidl_generator_cpp/cmake)
[0.620s] -- Using all available rosidl_typesupport_c: rosidl_typesupport_fastrtps_c;rosidl_typesupport_introspection_c
[0.639s] -- Using all available rosidl_typesupport_cpp: rosidl_typesupport_fastrtps_cpp;rosidl_typesupport_introspection_cpp
[0.693s] -- Found rclcpp: 16.0.8 (/opt/ros/humble/share/rclcpp/cmake)
[0.765s] -- Found rmw_implementation_cmake: 6.1.1 (/opt/ros/humble/share/rmw_implementation_cmake/cmake)
[0.768s] -- Found rmw_fastrtps_cpp: 6.2.6 (/opt/ros/humble/share/rmw_fastrtps_cpp/cmake)
[0.901s] -- Found OpenSSL: /usr/lib/x86_64-linux-gnu/libcrypto.so (found version "3.0.2")  
[0.937s] -- Found FastRTPS: /opt/ros/humble/include  
[0.999s] -- Using RMW implementation 'rmw_fastrtps_cpp' as default
[1.010s] -- Looking for pthread.h
[1.086s] -- Looking for pthread.h - found
[1.086s] -- Performing Test CMAKE_HAVE_LIBC_PTHREAD
[1.170s] -- Performing Test CMAKE_HAVE_LIBC_PTHREAD - Success
[1.171s] -- Found Threads: TRUE  
[1.361s] -- Found ament_lint_auto: 0.12.10 (/opt/ros/humble/share/ament_lint_auto/cmake)
[1.466s] -- Added test 'copyright' to check source files copyright and LICENSE
[1.467s] -- Added test 'cppcheck' to perform static code analysis on C / C++ code
[1.467s] -- Configured cppcheck include dirs: /home/hassen/turtlebot3_ws/src/utils/DynamixelSDK/dynamixel_sdk_examples/include
[1.468s] -- Configured cppcheck exclude dirs and/or files: 
[1.469s] -- Added test 'cpplint' to check C / C++ code against the Google style
[1.469s] -- Configured cpplint exclude dirs and/or files: 
[1.469s] -- Added test 'lint_cmake' to check CMake code style
[1.471s] -- Added test 'uncrustify' to check C / C++ code style
[1.471s] -- Configured uncrustify additional arguments: 
[1.471s] -- Added test 'xmllint' to check XML markup files
[1.473s] -- Configuring done
[1.486s] -- Generating done
[1.488s] -- Build files have been written to: /home/hassen/turtlebot3_ws/build/dynamixel_sdk_examples
[1.503s] Invoked command in '/home/hassen/turtlebot3_ws/build/dynamixel_sdk_examples' returned '0': AMENT_PREFIX_PATH=/home/hassen/turtlebot3_ws/install/dynamixel_sdk_custom_interfaces:/home/hassen/turtlebot3_ws/install/dynamixel_sdk:${AMENT_PREFIX_PATH} CMAKE_PREFIX_PATH=/home/hassen/turtlebot3_ws/install/dynamixel_sdk_custom_interfaces:/home/hassen/turtlebot3_ws/install/dynamixel_sdk:/opt/ros/humble LD_LIBRARY_PATH=/home/hassen/turtlebot3_ws/install/dynamixel_sdk_custom_interfaces/lib:/home/hassen/turtlebot3_ws/install/dynamixel_sdk/lib:${LD_LIBRARY_PATH} PYTHONPATH=/home/hassen/turtlebot3_ws/install/dynamixel_sdk_custom_interfaces/local/lib/python3.10/dist-packages:${PYTHONPATH} /usr/bin/cmake /home/hassen/turtlebot3_ws/src/utils/DynamixelSDK/dynamixel_sdk_examples -DAMENT_CMAKE_SYMLINK_INSTALL=1 -DCMAKE_INSTALL_PREFIX=/home/hassen/turtlebot3_ws/install/dynamixel_sdk_examples
[1.504s] Invoking command in '/home/hassen/turtlebot3_ws/build/dynamixel_sdk_examples': AMENT_PREFIX_PATH=/home/hassen/turtlebot3_ws/install/dynamixel_sdk_custom_interfaces:/home/hassen/turtlebot3_ws/install/dynamixel_sdk:${AMENT_PREFIX_PATH} CMAKE_PREFIX_PATH=/home/hassen/turtlebot3_ws/install/dynamixel_sdk_custom_interfaces:/home/hassen/turtlebot3_ws/install/dynamixel_sdk:/opt/ros/humble LD_LIBRARY_PATH=/home/hassen/turtlebot3_ws/install/dynamixel_sdk_custom_interfaces/lib:/home/hassen/turtlebot3_ws/install/dynamixel_sdk/lib:${LD_LIBRARY_PATH} PYTHONPATH=/home/hassen/turtlebot3_ws/install/dynamixel_sdk_custom_interfaces/local/lib/python3.10/dist-packages:${PYTHONPATH} /usr/bin/cmake --build /home/hassen/turtlebot3_ws/build/dynamixel_sdk_examples -- -j12 -l12
[1.575s] [ 50%] [32mBuilding CXX object CMakeFiles/read_write_node.dir/src/read_write_node.cpp.o[0m
[32.738s] [100%] [32m[1mLinking CXX executable read_write_node[0m
[33.190s] [100%] Built target read_write_node
[33.202s] Invoked command in '/home/hassen/turtlebot3_ws/build/dynamixel_sdk_examples' returned '0': AMENT_PREFIX_PATH=/home/hassen/turtlebot3_ws/install/dynamixel_sdk_custom_interfaces:/home/hassen/turtlebot3_ws/install/dynamixel_sdk:${AMENT_PREFIX_PATH} CMAKE_PREFIX_PATH=/home/hassen/turtlebot3_ws/install/dynamixel_sdk_custom_interfaces:/home/hassen/turtlebot3_ws/install/dynamixel_sdk:/opt/ros/humble LD_LIBRARY_PATH=/home/hassen/turtlebot3_ws/install/dynamixel_sdk_custom_interfaces/lib:/home/hassen/turtlebot3_ws/install/dynamixel_sdk/lib:${LD_LIBRARY_PATH} PYTHONPATH=/home/hassen/turtlebot3_ws/install/dynamixel_sdk_custom_interfaces/local/lib/python3.10/dist-packages:${PYTHONPATH} /usr/bin/cmake --build /home/hassen/turtlebot3_ws/build/dynamixel_sdk_examples -- -j12 -l12
[33.230s] Invoking command in '/home/hassen/turtlebot3_ws/build/dynamixel_sdk_examples': AMENT_PREFIX_PATH=/home/hassen/turtlebot3_ws/install/dynamixel_sdk_custom_interfaces:/home/hassen/turtlebot3_ws/install/dynamixel_sdk:${AMENT_PREFIX_PATH} CMAKE_PREFIX_PATH=/home/hassen/turtlebot3_ws/install/dynamixel_sdk_custom_interfaces:/home/hassen/turtlebot3_ws/install/dynamixel_sdk:/opt/ros/humble LD_LIBRARY_PATH=/home/hassen/turtlebot3_ws/install/dynamixel_sdk_custom_interfaces/lib:/home/hassen/turtlebot3_ws/install/dynamixel_sdk/lib:${LD_LIBRARY_PATH} PYTHONPATH=/home/hassen/turtlebot3_ws/install/dynamixel_sdk_custom_interfaces/local/lib/python3.10/dist-packages:${PYTHONPATH} /usr/bin/cmake --install /home/hassen/turtlebot3_ws/build/dynamixel_sdk_examples
[33.238s] -- Install configuration: ""
[33.238s] -- Execute custom install script
[33.239s] -- Symlinking: /home/hassen/turtlebot3_ws/install/dynamixel_sdk_examples/lib/dynamixel_sdk_examples/read_write_node
[33.249s] -- Symlinking: /home/hassen/turtlebot3_ws/install/dynamixel_sdk_examples/share/ament_index/resource_index/package_run_dependencies/dynamixel_sdk_examples
[33.259s] -- Symlinking: /home/hassen/turtlebot3_ws/install/dynamixel_sdk_examples/share/ament_index/resource_index/parent_prefix_path/dynamixel_sdk_examples
[33.269s] -- Symlinking: /home/hassen/turtlebot3_ws/install/dynamixel_sdk_examples/share/dynamixel_sdk_examples/environment/ament_prefix_path.sh
[33.279s] -- Symlinking: /home/hassen/turtlebot3_ws/install/dynamixel_sdk_examples/share/dynamixel_sdk_examples/environment/ament_prefix_path.dsv
[33.289s] -- Symlinking: /home/hassen/turtlebot3_ws/install/dynamixel_sdk_examples/share/dynamixel_sdk_examples/environment/path.sh
[33.298s] -- Symlinking: /home/hassen/turtlebot3_ws/install/dynamixel_sdk_examples/share/dynamixel_sdk_examples/environment/path.dsv
[33.309s] -- Symlinking: /home/hassen/turtlebot3_ws/install/dynamixel_sdk_examples/share/dynamixel_sdk_examples/local_setup.bash
[33.319s] -- Symlinking: /home/hassen/turtlebot3_ws/install/dynamixel_sdk_examples/share/dynamixel_sdk_examples/local_setup.sh
[33.329s] -- Symlinking: /home/hassen/turtlebot3_ws/install/dynamixel_sdk_examples/share/dynamixel_sdk_examples/local_setup.zsh
[33.340s] -- Symlinking: /home/hassen/turtlebot3_ws/install/dynamixel_sdk_examples/share/dynamixel_sdk_examples/local_setup.dsv
[33.350s] -- Symlinking: /home/hassen/turtlebot3_ws/install/dynamixel_sdk_examples/share/dynamixel_sdk_examples/package.dsv
[33.361s] -- Symlinking: /home/hassen/turtlebot3_ws/install/dynamixel_sdk_examples/share/ament_index/resource_index/packages/dynamixel_sdk_examples
[33.370s] -- Symlinking: /home/hassen/turtlebot3_ws/install/dynamixel_sdk_examples/share/dynamixel_sdk_examples/cmake/dynamixel_sdk_examplesConfig.cmake
[33.381s] -- Symlinking: /home/hassen/turtlebot3_ws/install/dynamixel_sdk_examples/share/dynamixel_sdk_examples/cmake/dynamixel_sdk_examplesConfig-version.cmake
[33.390s] -- Symlinking: /home/hassen/turtlebot3_ws/install/dynamixel_sdk_examples/share/dynamixel_sdk_examples/package.xml
[33.402s] Invoked command in '/home/hassen/turtlebot3_ws/build/dynamixel_sdk_examples' returned '0': AMENT_PREFIX_PATH=/home/hassen/turtlebot3_ws/install/dynamixel_sdk_custom_interfaces:/home/hassen/turtlebot3_ws/install/dynamixel_sdk:${AMENT_PREFIX_PATH} CMAKE_PREFIX_PATH=/home/hassen/turtlebot3_ws/install/dynamixel_sdk_custom_interfaces:/home/hassen/turtlebot3_ws/install/dynamixel_sdk:/opt/ros/humble LD_LIBRARY_PATH=/home/hassen/turtlebot3_ws/install/dynamixel_sdk_custom_interfaces/lib:/home/hassen/turtlebot3_ws/install/dynamixel_sdk/lib:${LD_LIBRARY_PATH} PYTHONPATH=/home/hassen/turtlebot3_ws/install/dynamixel_sdk_custom_interfaces/local/lib/python3.10/dist-packages:${PYTHONPATH} /usr/bin/cmake --install /home/hassen/turtlebot3_ws/build/dynamixel_sdk_examples
