[0.563s] Invoking command in '/home/hassen/turtlebot3_ws/build/yolobot_control': CMAKE_PREFIX_PATH=${CMAKE_PREFIX_PATH}:/home/hassen/turtlebot3_ws/install/turtlebot3_teleop:/home/hassen/turtlebot3_ws/install/turtlebot3_example:/home/hassen/turtlebot3_ws/install/tb3_sim:/opt/ros/humble /usr/bin/cmake --build /home/hassen/turtlebot3_ws/build/yolobot_control -- -j12 -l12
[0.634s] Invoked command in '/home/hassen/turtlebot3_ws/build/yolobot_control' returned '0': CMAKE_PREFIX_PATH=${CMAKE_PREFIX_PATH}:/home/hassen/turtlebot3_ws/install/turtlebot3_teleop:/home/hassen/turtlebot3_ws/install/turtlebot3_example:/home/hassen/turtlebot3_ws/install/tb3_sim:/opt/ros/humble /usr/bin/cmake --build /home/hassen/turtlebot3_ws/build/yolobot_control -- -j12 -l12
[1.368s] Invoking command in '/home/hassen/turtlebot3_ws/build/yolobot_control': CMAKE_PREFIX_PATH=${CMAKE_PREFIX_PATH}:/home/hassen/turtlebot3_ws/install/turtlebot3_teleop:/home/hassen/turtlebot3_ws/install/turtlebot3_example:/home/hassen/turtlebot3_ws/install/tb3_sim:/opt/ros/humble /usr/bin/cmake --install /home/hassen/turtlebot3_ws/build/yolobot_control
[1.385s] -- Install configuration: ""
[1.386s] -- Up-to-date: /home/hassen/turtlebot3_ws/install/yolobot_control/share/yolobot_control//scripts
[1.386s] -- Up-to-date: /home/hassen/turtlebot3_ws/install/yolobot_control/share/yolobot_control//scripts/robot_control.py
[1.386s] -- Up-to-date: /home/hassen/turtlebot3_ws/install/yolobot_control/share/yolobot_control//launch
[1.386s] -- Up-to-date: /home/hassen/turtlebot3_ws/install/yolobot_control/share/yolobot_control//launch/yolobot_control.launch.py
[1.386s] -- Up-to-date: /home/hassen/turtlebot3_ws/install/yolobot_control/lib/yolobot_control/robot_control.py
[1.386s] -- Up-to-date: /home/hassen/turtlebot3_ws/install/yolobot_control/lib/yolobot_control/yolobot_control.launch.py
[1.386s] -- Up-to-date: /home/hassen/turtlebot3_ws/install/yolobot_control/share/ament_index/resource_index/package_run_dependencies/yolobot_control
[1.386s] -- Up-to-date: /home/hassen/turtlebot3_ws/install/yolobot_control/share/ament_index/resource_index/parent_prefix_path/yolobot_control
[1.387s] -- Up-to-date: /home/hassen/turtlebot3_ws/install/yolobot_control/share/yolobot_control/environment/ament_prefix_path.sh
[1.387s] -- Up-to-date: /home/hassen/turtlebot3_ws/install/yolobot_control/share/yolobot_control/environment/ament_prefix_path.dsv
[1.387s] -- Up-to-date: /home/hassen/turtlebot3_ws/install/yolobot_control/share/yolobot_control/environment/path.sh
[1.387s] -- Up-to-date: /home/hassen/turtlebot3_ws/install/yolobot_control/share/yolobot_control/environment/path.dsv
[1.387s] -- Up-to-date: /home/hassen/turtlebot3_ws/install/yolobot_control/share/yolobot_control/local_setup.bash
[1.387s] -- Up-to-date: /home/hassen/turtlebot3_ws/install/yolobot_control/share/yolobot_control/local_setup.sh
[1.387s] -- Up-to-date: /home/hassen/turtlebot3_ws/install/yolobot_control/share/yolobot_control/local_setup.zsh
[1.387s] -- Up-to-date: /home/hassen/turtlebot3_ws/install/yolobot_control/share/yolobot_control/local_setup.dsv
[1.387s] -- Installing: /home/hassen/turtlebot3_ws/install/yolobot_control/share/yolobot_control/package.dsv
[1.387s] -- Up-to-date: /home/hassen/turtlebot3_ws/install/yolobot_control/share/ament_index/resource_index/packages/yolobot_control
[1.387s] -- Up-to-date: /home/hassen/turtlebot3_ws/install/yolobot_control/share/yolobot_control/cmake/yolobot_controlConfig.cmake
[1.388s] -- Up-to-date: /home/hassen/turtlebot3_ws/install/yolobot_control/share/yolobot_control/cmake/yolobot_controlConfig-version.cmake
[1.388s] -- Up-to-date: /home/hassen/turtlebot3_ws/install/yolobot_control/share/yolobot_control/package.xml
[1.435s] Invoked command in '/home/hassen/turtlebot3_ws/build/yolobot_control' returned '0': CMAKE_PREFIX_PATH=${CMAKE_PREFIX_PATH}:/home/hassen/turtlebot3_ws/install/turtlebot3_teleop:/home/hassen/turtlebot3_ws/install/turtlebot3_example:/home/hassen/turtlebot3_ws/install/tb3_sim:/opt/ros/humble /usr/bin/cmake --install /home/hassen/turtlebot3_ws/build/yolobot_control
